[2026-03-01 20:31:19] 🚨 开始 Gateway 内存泄漏紧急修复...
[2026-03-01 20:31:19] 📊 Phase 1: 检测当前状态...
[2026-03-01 20:31:19] Gateway PID: 2219105
[2026-03-01 20:31:19] Gateway 内存: 1389 MB
[2026-03-01 20:31:19] 系统可用内存: 827 MB
[2026-03-01 20:31:19] 
[2026-03-01 20:31:19] 🔍 Phase 2: 判断是否需要重启...
[2026-03-01 20:31:19] \033[0;32m✅ Gateway 内存正常 (1389 MB)\033[0m
[2026-03-01 20:31:19] 
[2026-03-01 20:31:19] ========================================
[2026-03-01 20:31:19] \033[0;32m✅ 无需重启 Gateway\033[0m
[2026-03-01 20:31:19] 
[2026-03-01 20:31:19] 📊 Phase 4: 设置自动监控...
[2026-03-01 20:31:19] ✅ 添加每小时监控到 crontab
[2026-03-01 20:31:19] 
[2026-03-01 20:31:19] ========================================
[2026-03-01 20:31:19] 🎉 Gateway 内存泄漏修复完成
[2026-03-01 20:31:19] ========================================
[2026-03-01 20:31:19] 
[2026-03-01 20:31:19] 修复前状态:
[2026-03-01 20:31:19]   Gateway 内存: 1389 MB
[2026-03-01 20:31:19]   可用内存: 827 MB
[2026-03-01 20:31:19] 
[2026-03-01 20:31:19] 监控设置:
[2026-03-01 20:31:19]   监控脚本: /root/.openclaw/workspace/evolver/fixes/gateway-memory-monitor.sh
[2026-03-01 20:31:19]   监控频率: 每小时
[2026-03-01 20:31:19]   告警阈值: 1500 MB
[2026-03-01 20:31:19] 
[2026-03-01 20:31:19] 日志文件: /root/.openclaw/workspace/memory/gateway-memory-fix-20260301-203119.log
[2026-03-01 20:31:19] 
[2026-03-01 20:31:19] \033[0;32m✅ Gateway 状态正常\033[0m
