=== 429 错误趋势监控 ===
时间: 2026-03-11 04:33:05

最近 30 分钟: 43 次
最近 1 小时: 49 次
最近 2 小时: 68 次 🟡
最近 4 小时: 143 次
最近 6 小时: 240 次

2小时趋势: 0 (相比上次检查)
状态: moderate 

=== 429 错误趋势监控 ===
时间: 2026-03-11 08:30:39

最近 30 分钟: 77 次
最近 1 小时: 77 次
最近 2 小时: 77 次 🟡
最近 4 小时: 80 次
最近 6 小时: 105 次

2小时趋势: 77 (相比上次检查)
状态: moderate 

=== 429 错误趋势监控 ===
时间: 2026-03-11 12:30:32

最近 30 分钟: 108 次
最近 1 小时: 108 次
最近 2 小时: 109 次 🔴
最近 4 小时: 109 次
最近 6 小时: 109 次

2小时趋势: 109 (相比上次检查)
状态: critical ⚠️ 需要关注

[2026-03-12 16:32:13] ================================
[2026-03-12 16:32:13] 429 错误监控更新
[2026-03-12 16:32:13] ================================
[2026-03-12 16:32:13] 统计 429 错误...
[2026-03-12 16:32:13]   30分钟: 609
[2026-03-12 16:32:13]   1小时: 609
[2026-03-12 16:32:13]   2小时: 612
[2026-03-12 16:32:13]   4小时: 612
[2026-03-12 16:32:13]   6小时: 739
