[2026-03-12 16:34:17] ================================
[2026-03-12 16:34:17] 429 错误激增紧急处理
[2026-03-12 16:34:17] ================================
[2026-03-12 16:34:17] 
[2026-03-12 16:34:17] 当前 429 错误状态:
[2026-03-12 16:34:17]   2 小时内:  次
[2026-03-12 16:34:17]   6 小时内:  次
[2026-03-12 16:34:17] 
[2026-03-12 16:34:17] \033[0;32m✅ 429 错误在正常范围内（ < 100）\033[0m
[2026-03-12 16:34:17] 
[2026-03-12 16:34:17] ================================
[2026-03-12 16:34:17] 处理完成
[2026-03-12 16:34:17] ================================
[2026-03-12 16:34:34] ================================
[2026-03-12 16:34:34] 429 错误激增紧急处理
[2026-03-12 16:34:34] ================================
[2026-03-12 16:34:34] 
[2026-03-12 16:34:34] 当前 429 错误状态:
[2026-03-12 16:34:34]   2 小时内: 2
109 次
[2026-03-12 16:34:34]   6 小时内: 6
109 次
[2026-03-12 16:34:34] 
[2026-03-12 16:34:34] \033[0;32m✅ 429 错误在正常范围内（2
109 < 100）\033[0m
[2026-03-12 16:34:34] 
[2026-03-12 16:34:34] ================================
[2026-03-12 16:34:34] 处理完成
[2026-03-12 16:34:34] ================================
[2026-03-12 16:36:12] ================================
[2026-03-12 16:36:12] 429 错误激增紧急处理
[2026-03-12 16:36:12] ================================
[2026-03-12 16:36:12] 
[2026-03-12 16:36:12] 当前 429 错误状态:
[2026-03-12 16:36:12]   2 小时内: 109 次
[2026-03-12 16:36:12]   6 小时内: 109 次
[2026-03-12 16:36:12] 
[2026-03-12 16:36:12] \033[0;31m❌ 429 错误超过阈值（100），开始紧急处理\033[0m
[2026-03-12 16:36:12] 
[2026-03-12 16:36:12] \033[0;34mℹ️  检查长时间会话...\033[0m
[2026-03-12 16:36:12] 
[2026-03-12 16:36:12] \033[1;33m⚠️  建议操作:\033[0m
[2026-03-12 16:36:12]   1. 终止长时间会话（>12h）
[2026-03-12 16:36:12]   2. 暂停非关键 cron 任务
[2026-03-12 16:36:12]   3. 检查 API 调用频率
[2026-03-12 16:36:12] 
[2026-03-12 16:36:12] 
[2026-03-12 16:36:12] \033[0;34mℹ️  其他建议操作:\033[0m
[2026-03-12 16:36:12]   - 手动检查: bash /root/.openclaw/workspace/evolver/fixes/check-long-sessions.sh
[2026-03-12 16:36:12]   - 强制终止: bash /root/.openclaw/workspace/evolver/fixes/terminate-long-sessions.sh --force
[2026-03-12 16:36:12]   - 查看任务: openclaw cron list
[2026-03-12 16:36:12] 
[2026-03-12 16:36:12] ================================
[2026-03-12 16:36:12] 处理完成
[2026-03-12 16:36:12] ================================
