[2026-02-22T06:10:44.415Z] === 开始自适应调度检查 ===
[2026-02-22T06:10:44.438Z] 系统指标 - CPU: 0.34, 内存: 39.7%, 磁盘: 72.3%
[2026-02-22T06:10:44.438Z] 负载级别: low, 频率倍数: 0.7
[2026-02-22T06:10:46.939Z] ✗ evolver-log-analysis: 调整失败 - Command failed: openclaw cron edit evolver-log-analysis --cron "*/10 * * * *"
Error: Error: unknown cron job id: evolver-log-analysis

[2026-02-22T06:10:49.021Z] ✗ evolver-self-evolution: 调整失败 - Command failed: openclaw cron edit evolver-self-evolution --cron "0 */2 * * *"
Error: Error: unknown cron job id: evolver-self-evolution

[2026-02-22T06:10:51.160Z] ✗ evomap-auto-bounty: 调整失败 - Command failed: openclaw cron edit evomap-auto-bounty --cron "*/5 * * * *"
Error: Error: unknown cron job id: evomap-auto-bounty

[2026-02-22T06:10:53.197Z] ✗ novel-marketing-research: 调整失败 - Command failed: openclaw cron edit novel-marketing-research --cron "0 10 */2 * *"
Error: Error: unknown cron job id: novel-marketing-research

[2026-02-22T06:10:55.123Z] ✗ novel-marketing-execute: 调整失败 - Command failed: openclaw cron edit novel-marketing-execute --cron "0 10 */1 * *"
Error: Error: unknown cron job id: novel-marketing-execute

[2026-02-22T06:10:55.125Z] 配置已更新
[2026-02-22T06:10:55.125Z] === 调整完成: 0/5 个任务成功调整 ===
[2026-02-22T06:13:19.789Z] === 开始自适应调度检查 ===
[2026-02-22T06:13:19.808Z] 系统指标 - CPU: 0.16, 内存: 45.1%, 磁盘: 72.3%
[2026-02-22T06:13:19.809Z] 负载级别: low, 频率倍数: 0.7
[2026-02-22T06:13:19.810Z] 负载级别未变化，且距离上次调整仅 2.4 分钟，跳过调整
[2026-02-22T06:18:26.938Z] === 开始自适应调度检查 ===
[2026-02-22T06:18:26.957Z] 系统指标 - CPU: 0.34, 内存: 47.2%, 磁盘: 72.3%
[2026-02-22T06:18:26.957Z] 负载级别: low, 频率倍数: 0.7
[2026-02-22T06:18:26.958Z] 负载级别未变化，且距离上次调整仅 7.5 分钟，跳过调整
[2026-02-22T06:20:35.043Z] === 开始自适应调度检查 ===
[2026-02-22T06:20:35.062Z] 系统指标 - CPU: 0.10, 内存: 45.4%, 磁盘: 72.3%
[2026-02-22T06:20:35.062Z] 负载级别: low, 频率倍数: 0.7
[2026-02-22T06:20:35.063Z] 负载级别未变化，且距离上次调整仅 9.7 分钟，跳过调整
[2026-02-22T06:25:33.983Z] === 开始自适应调度检查 ===
[2026-02-22T06:25:34.006Z] 系统指标 - CPU: 0.06, 内存: 43.9%, 磁盘: 72.3%
[2026-02-22T06:25:34.007Z] 负载级别: low, 频率倍数: 0.7
[2026-02-22T06:25:34.008Z] 负载级别未变化，且距离上次调整仅 14.6 分钟，跳过调整
[2026-02-22T06:34:54.353Z] === 开始自适应调度检查 ===
[2026-02-22T06:34:54.373Z] 系统指标 - CPU: 0.19, 内存: 47.0%, 磁盘: 72.3%
[2026-02-22T06:34:54.373Z] 负载级别: low, 频率倍数: 0.7
[2026-02-22T06:34:54.374Z] 负载级别未变化，且距离上次调整仅 24.0 分钟，跳过调整
[2026-02-22T06:40:35.770Z] === 开始自适应调度检查 ===
[2026-02-22T06:40:35.789Z] 系统指标 - CPU: 0.02, 内存: 43.8%, 磁盘: 72.3%
[2026-02-22T06:40:35.790Z] 负载级别: low, 频率倍数: 0.7
[2026-02-22T06:40:35.790Z] 负载级别未变化，且距离上次调整仅 29.7 分钟，跳过调整
[2026-02-22T06:49:33.526Z] === 开始自适应调度检查 ===
[2026-02-22T06:49:33.546Z] 系统指标 - CPU: 0.00, 内存: 45.0%, 磁盘: 72.3%
[2026-02-22T06:49:33.546Z] 负载级别: low, 频率倍数: 0.5
[2026-02-22T06:49:35.925Z] ✓ evolver-log-analysis: 新间隔 10 minutes (*/10 * * * *)
[2026-02-22T06:49:37.797Z] ✓ evolver-self-evolution: 新间隔 2 hours (0 */2 * * *)
[2026-02-22T06:49:39.778Z] ✓ evomap-auto-bounty: 新间隔 5 minutes (*/5 * * * *)
[2026-02-22T06:49:41.737Z] ✓ novel-marketing-research: 新间隔 2 days (0 10 */2 * *)
[2026-02-22T06:49:43.590Z] ✓ novel-marketing-execute: 新间隔 1 days (0 10 */1 * *)
[2026-02-22T06:49:43.591Z] 配置已更新
[2026-02-22T06:49:43.592Z] === 调整完成: 5/5 个任务成功调整 ===
[2026-02-22T06:52:58.848Z] === 开始自适应调度检查 ===
[2026-02-22T06:52:58.867Z] 系统指标 - CPU: 0.07, 内存: 46.3%, 磁盘: 72.3%
[2026-02-22T06:52:58.868Z] 负载级别: low, 频率倍数: 0.5
[2026-02-22T06:52:58.869Z] 负载级别未变化，且距离上次调整仅 3.3 分钟，跳过调整
[2026-02-22T06:55:33.904Z] === 开始自适应调度检查 ===
[2026-02-22T06:55:33.925Z] 系统指标 - CPU: 0.26, 内存: 45.3%, 磁盘: 72.3%
[2026-02-22T06:55:33.925Z] 负载级别: low, 频率倍数: 0.5
[2026-02-22T06:55:33.926Z] 负载级别未变化，且距离上次调整仅 5.8 分钟，跳过调整
[2026-02-22T07:02:54.910Z] === 开始自适应调度检查 ===
[2026-02-22T07:02:54.931Z] 系统指标 - CPU: 0.25, 内存: 45.1%, 磁盘: 72.3%
[2026-02-22T07:02:54.931Z] 负载级别: low, 频率倍数: 0.5
[2026-02-22T07:02:54.932Z] 负载级别未变化，且距离上次调整仅 13.2 分钟，跳过调整
[2026-02-22T07:05:56.903Z] === 开始自适应调度检查 ===
[2026-02-22T07:05:56.923Z] 系统指标 - CPU: 0.12, 内存: 45.4%, 磁盘: 72.3%
[2026-02-22T07:05:56.923Z] 负载级别: low, 频率倍数: 0.5
[2026-02-22T07:05:56.924Z] 负载级别未变化，且距离上次调整仅 16.2 分钟，跳过调整
[2026-02-22T07:18:23.801Z] === 开始自适应调度检查 ===
[2026-02-22T07:18:23.823Z] 系统指标 - CPU: 0.00, 内存: 45.8%, 磁盘: 72.3%
[2026-02-22T07:18:23.823Z] 负载级别: low, 频率倍数: 0.5
[2026-02-22T07:18:23.827Z] 负载级别未变化，且距离上次调整仅 28.7 分钟，跳过调整
[2026-02-22T07:26:01.303Z] === 开始自适应调度检查 ===
[2026-02-22T07:26:01.329Z] 系统指标 - CPU: 0.00, 内存: 45.1%, 磁盘: 72.3%
[2026-02-22T07:26:01.329Z] 负载级别: low, 频率倍数: 0.5
[2026-02-22T07:26:01.331Z] ✓ evolver-log-analysis: 新间隔 12 minutes (*/12 * * * *)
[2026-02-22T07:26:01.332Z] ✓ evolver-self-evolution: 新间隔 2 hours (0 */2 * * *)
[2026-02-22T07:26:01.333Z] ✓ evomap-auto-bounty: 新间隔 10 minutes (*/10 * * * *)
[2026-02-22T07:26:01.334Z] ✓ novel-marketing-research: 新间隔 2 days (0 10 */2 * *)
[2026-02-22T07:26:01.335Z] ✓ novel-marketing-execute: 新间隔 1 days (0 10 */1 * *)
[2026-02-22T07:26:01.337Z] 配置已更新
[2026-02-22T07:26:01.338Z] === 调整完成: 5/5 个任务成功调整 ===
[2026-02-22T07:33:38.355Z] === 开始自适应调度检查 ===
[2026-02-22T07:33:38.374Z] 系统指标 - CPU: 0.36, 内存: 45.3%, 磁盘: 72.3%
[2026-02-22T07:33:38.374Z] 负载级别: low, 频率倍数: 0.5
[2026-02-22T07:33:38.375Z] 负载级别未变化，且距离上次调整仅 7.6 分钟，跳过调整
[2026-02-22T07:40:16.813Z] === 开始自适应调度检查 ===
[2026-02-22T07:40:16.833Z] 系统指标 - CPU: 0.50, 内存: 45.9%, 磁盘: 72.3%
[2026-02-22T07:40:16.833Z] 负载级别: low, 频率倍数: 0.5
[2026-02-22T07:40:16.834Z] 负载级别未变化，且距离上次调整仅 14.3 分钟，跳过调整
[2026-02-22T07:55:58.078Z] === 开始自适应调度检查 ===
[2026-02-22T07:55:58.098Z] 系统指标 - CPU: 0.33, 内存: 46.6%, 磁盘: 72.3%
[2026-02-22T07:55:58.099Z] 负载级别: low, 频率倍数: 0.5
[2026-02-22T07:55:58.100Z] 负载级别未变化，且距离上次调整仅 29.9 分钟，跳过调整
[2026-02-22T09:57:58.079Z] === 开始自适应调度检查 ===
[2026-02-22T09:57:58.099Z] 系统指标 - CPU: 0.27, 内存: 49.6%, 磁盘: 72.3%
[2026-02-22T09:57:58.099Z] 负载级别: low, 频率倍数: 0.5
[2026-02-22T09:57:58.101Z] ✓ evolver-log-analysis: 新间隔 12 minutes (*/12 * * * *)
[2026-02-22T09:57:58.102Z] ✓ evolver-self-evolution: 新间隔 2 hours (0 */2 * * *)
[2026-02-22T09:57:58.103Z] ✓ evomap-auto-bounty: 新间隔 10 minutes (*/10 * * * *)
[2026-02-22T09:57:58.104Z] ✓ novel-marketing-research: 新间隔 2 days (0 10 */2 * *)
[2026-02-22T09:57:58.105Z] ✓ novel-marketing-execute: 新间隔 1 days (0 10 */1 * *)
[2026-02-22T09:57:58.107Z] 配置已更新
[2026-02-22T09:57:58.111Z] === 调整完成: 5/5 个任务成功调整 ===
[2026-02-22T10:21:49.642Z] === 开始自适应调度检查 ===
[2026-02-22T10:21:49.665Z] 系统指标 - CPU: 0.33, 内存: 38.4%, 磁盘: 72.3%
[2026-02-22T10:21:49.666Z] 负载级别: low, 频率倍数: 0.5
[2026-02-22T10:21:49.667Z] ✓ evolver-log-analysis: 新间隔 12 minutes (*/12 * * * *)
[2026-02-22T10:21:49.669Z] ✓ evolver-self-evolution: 新间隔 2 hours (0 */2 * * *)
[2026-02-22T10:21:49.670Z] ✓ evomap-auto-bounty: 新间隔 10 minutes (*/10 * * * *)
[2026-02-22T10:21:49.671Z] ✓ novel-marketing-research: 新间隔 3 days (0 10 */3 * *)
[2026-02-22T10:21:49.671Z] ✓ novel-marketing-execute: 新间隔 1 days (0 10 */1 * *)
[2026-02-22T10:21:49.674Z] 配置已更新
[2026-02-22T10:21:49.675Z] === 调整完成: 5/5 个任务成功调整 ===
[2026-02-22T10:58:34.968Z] === 开始自适应调度检查 ===
[2026-02-22T10:58:34.998Z] 系统指标 - CPU: 0.29, 内存: 41.2%, 磁盘: 72.3%
[2026-02-22T10:58:34.999Z] 负载级别: low, 频率倍数: 0.5
[2026-02-22T10:58:35.010Z] ✓ evolver-log-analysis: 新间隔 12 minutes (*/12 * * * *)
[2026-02-22T10:58:35.012Z] ✓ evolver-self-evolution: 新间隔 2 hours (0 */2 * * *)
[2026-02-22T10:58:35.013Z] ✓ evomap-auto-bounty: 新间隔 10 minutes (*/10 * * * *)
[2026-02-22T10:58:35.014Z] ✓ novel-marketing-research: 新间隔 3 days (0 10 */3 * *)
[2026-02-22T10:58:35.015Z] ✓ novel-marketing-execute: 新间隔 1 days (0 10 */1 * *)
[2026-02-22T10:58:35.016Z] 配置已更新
[2026-02-22T10:58:35.017Z] === 调整完成: 5/5 个任务成功调整 ===
[2026-02-22T13:03:36.142Z] === 开始自适应调度检查 ===
[2026-02-22T13:03:36.167Z] 系统指标 - CPU: 0.98, 内存: 43.6%, 磁盘: 72.5%
[2026-02-22T13:03:36.167Z] 负载级别: low, 频率倍数: 0.5
[2026-02-22T13:03:36.169Z] ✓ evolver-log-analysis: 新间隔 12 minutes (*/12 * * * *)
[2026-02-22T13:03:36.171Z] ✓ evolver-self-evolution: 新间隔 2 hours (0 */2 * * *)
[2026-02-22T13:03:36.172Z] ✓ evomap-auto-bounty: 新间隔 10 minutes (*/10 * * * *)
[2026-02-22T13:03:36.173Z] ✓ novel-marketing-research: 新间隔 3 hours (0 */3 * * *)
[2026-02-22T13:03:36.174Z] ✓ novel-marketing-execute: 新间隔 34 minutes (*/34 * * * *)
[2026-02-22T13:03:36.182Z] 配置已更新
[2026-02-22T13:03:36.184Z] === 调整完成: 5/5 个任务成功调整 ===
[2026-02-22T14:03:48.218Z] === 开始自适应调度检查 ===
[2026-02-22T14:03:48.242Z] 系统指标 - CPU: 0.38, 内存: 42.0%, 磁盘: 72.5%
[2026-02-22T14:03:48.243Z] 负载级别: low, 频率倍数: 0.5
[2026-02-22T14:03:48.245Z] ✓ evolver-log-analysis: 新间隔 12 minutes (*/12 * * * *)
[2026-02-22T14:03:48.247Z] ✓ evolver-self-evolution: 新间隔 2 hours (0 */2 * * *)
[2026-02-22T14:03:48.248Z] ✓ evomap-auto-bounty: 新间隔 10 minutes (*/10 * * * *)
[2026-02-22T14:03:48.249Z] ✓ novel-marketing-research: 新间隔 3 hours (0 */3 * * *)
[2026-02-22T14:03:48.250Z] ✓ novel-marketing-execute: 新间隔 34 minutes (*/34 * * * *)
[2026-02-22T14:03:48.251Z] 配置已更新
[2026-02-22T14:03:48.251Z] === 调整完成: 5/5 个任务成功调整 ===
[2026-02-22T15:16:49.212Z] === 开始自适应调度检查 ===
[2026-02-22T15:16:49.237Z] 系统指标 - CPU: 0.81, 内存: 48.6%, 磁盘: 72.6%
[2026-02-22T15:16:49.237Z] 负载级别: low, 频率倍数: 0.5
[2026-02-22T15:16:49.239Z] ✓ evolver-log-analysis: 新间隔 12 minutes (*/12 * * * *)
[2026-02-22T15:16:49.240Z] ✓ evolver-self-evolution: 新间隔 2 hours (0 */2 * * *)
[2026-02-22T15:16:49.241Z] ✓ evomap-auto-bounty: 新间隔 10 minutes (*/10 * * * *)
[2026-02-22T15:16:49.242Z] ✓ novel-marketing-research: 新间隔 3 hours (0 */3 * * *)
[2026-02-22T15:16:49.243Z] ✓ novel-marketing-execute: 新间隔 34 minutes (*/34 * * * *)
[2026-02-22T15:16:49.245Z] 配置已更新
[2026-02-22T15:16:49.247Z] === 调整完成: 5/5 个任务成功调整 ===
[2026-02-22T15:32:49.055Z] === 开始自适应调度检查 ===
[2026-02-22T15:32:49.079Z] 系统指标 - CPU: 0.41, 内存: 44.8%, 磁盘: 72.6%
[2026-02-22T15:32:49.080Z] 负载级别: low, 频率倍数: 0.5
[2026-02-22T15:32:49.081Z] 负载级别未变化，且距离上次调整仅 16.0 分钟，跳过调整
[2026-02-22T16:04:42.143Z] === 开始自适应调度检查 ===
[2026-02-22T16:04:42.163Z] 系统指标 - CPU: 0.04, 内存: 40.2%, 磁盘: 72.7%
[2026-02-22T16:04:42.163Z] 负载级别: low, 频率倍数: 0.5
[2026-02-22T16:04:42.165Z] ✓ evolver-log-analysis: 新间隔 12 minutes (*/12 * * * *)
[2026-02-22T16:04:42.166Z] ✓ evolver-self-evolution: 新间隔 2 hours (0 */2 * * *)
[2026-02-22T16:04:42.167Z] ✓ evomap-auto-bounty: 新间隔 10 minutes (*/10 * * * *)
[2026-02-22T16:04:42.169Z] ✓ novel-marketing-research: 新间隔 3 hours (0 */3 * * *)
[2026-02-22T16:04:42.169Z] ✓ novel-marketing-execute: 新间隔 34 minutes (*/34 * * * *)
[2026-02-22T16:04:42.176Z] 配置已更新
[2026-02-22T16:04:42.178Z] === 调整完成: 5/5 个任务成功调整 ===
