[2026-03-10 08:34:48] === 上下文监控检查 ===
[2026-03-10 08:34:48] 当前状态: normal
[2026-03-10 08:34:48] Token 使用: 45000
[2026-03-10 08:34:48] 建议行动: none
[2026-03-10 08:34:48] ✅ 上下文状态正常（Token: 45000）
[2026-03-10 08:34:48] === 检查完成 ===
[2026-03-10 12:30:42] === 上下文监控检查 ===
[2026-03-10 12:30:42] 当前状态: normal
[2026-03-10 12:30:42] Token 使用: 53000
[2026-03-10 12:30:42] 建议行动: none
[2026-03-10 12:30:42] ✅ 上下文状态正常（Token: 53000）
[2026-03-10 12:30:42] === 检查完成 ===
[2026-03-10 16:30:46] === 上下文监控检查 ===
[2026-03-10 16:30:46] 当前状态: warning
[2026-03-10 16:30:46] Token 使用: 81500
[2026-03-10 16:30:46] 建议行动: prepare_compress
[2026-03-10 16:30:46] ⚠️ 检测到警告状态（Token: 81500），建议压缩
[2026-03-10 16:30:46] === 检查完成 ===
[2026-03-10 20:30:30] === 上下文监控检查 ===
[2026-03-10 20:30:30] 当前状态: warning
[2026-03-10 20:30:30] Token 使用: 90000
[2026-03-10 20:30:30] 建议行动: prepare_compress
[2026-03-10 20:30:30] ⚠️ 检测到警告状态（Token: 90000），建议压缩
[2026-03-10 20:30:30] === 检查完成 ===
[2026-03-11 00:30:23] === 上下文监控检查 ===
[2026-03-11 00:30:23] 当前状态: warning
[2026-03-11 00:30:23] Token 使用: 96500
[2026-03-11 00:30:23] 建议行动: prepare_compress
[2026-03-11 00:30:23] ⚠️ 检测到警告状态（Token: 96500），建议压缩
[2026-03-11 00:30:23] === 检查完成 ===
