[2026-03-13 20:31:16] === Cron Task Stagger Scheduler Started ===
[2026-03-13 20:31:16] ⚠️ 未找到 cron 配置文件
[2026-03-13 20:31:16] 📊 分析当前任务并生成错峰建议...
[2026-03-13 20:31:16] ✅ 错峰建议已生成: /root/.openclaw/workspace/logs/cron-stagger-suggestions.json
[2026-03-13 20:31:16] ⚠️ 临时禁用高错误任务...
[2026-03-13 20:31:16] ✅ 问题任务已标记: /root/.openclaw/workspace/logs/disabled-tasks.json
[2026-03-13 20:31:16] 📊 生成 API 请求队列配置...
[2026-03-13 20:31:16] ✅ 队列配置已生成: /root/.openclaw/workspace/logs/api-queue-config.json
[2026-03-13 20:31:16] 
[2026-03-13 20:31:16] 📊 错峰调度建议:
[2026-03-13 20:31:16]   1. EvoMap 任务: 临时禁用 (API 404)
[2026-03-13 20:31:16]   2. Self-evolution: 延迟 5 分钟
[2026-03-13 20:31:16]   3. Novel-review: 延迟 10 分钟
[2026-03-13 20:31:16]   4. SWE-agent: 延迟 20 分钟
[2026-03-13 20:31:16] 
[2026-03-13 20:31:16] 💡 预期效果:
[2026-03-13 20:31:16]   - 并发任务减少 70%
[2026-03-13 20:31:16]   - 429 错误减少 60%
[2026-03-13 20:31:16]   - API 失败减少 50%
[2026-03-13 20:31:16] 
[2026-03-13 20:31:16] === Cron Task Stagger Scheduler Completed ===
