[2026-03-12 16:32:00] ================================
[2026-03-12 16:32:00] Cron 任务路径修复
[2026-03-12 16:32:00] ================================
[2026-03-12 16:32:00] 
[2026-03-12 16:32:00] 验证库文件...
[2026-03-12 16:32:00] \033[0;32m✅ 库文件验证通过\033[0m
[2026-03-12 16:32:00] 修复 nginx-security-daily...
[2026-03-12 16:32:00] \033[0;34mℹ️  发现错误的库路径配置\033[0m
[2026-03-12 16:32:00] \033[0;34mℹ️  已创建备份\033[0m
[2026-03-12 16:32:00] \033[0;32m✅ 路径已修复: ../lib/ → lib/\033[0m
[2026-03-12 16:32:00] \033[0;32m✅ 验证成功: 库路径配置正确\033[0m
[2026-03-12 16:32:00] 测试 nginx-security-daily...
[2026-03-12 16:32:00] \033[0;32m✅ 脚本语法检查通过\033[0m
[2026-03-12 16:32:00] \033[0;32m✅ 库文件加载成功\033[0m
[2026-03-12 16:32:00] 
[2026-03-12 16:32:00] ================================
[2026-03-12 16:32:00] 修复完成
[2026-03-12 16:32:00] ================================
[2026-03-12 16:32:00] 
[2026-03-12 16:32:00] 建议操作：
[2026-03-12 16:32:00] 1. 手动运行测试：
[2026-03-12 16:32:00]    bash /root/.openclaw/workspace/evolver/nginx-security-daily.sh
[2026-03-12 16:32:00] 
[2026-03-12 16:32:00] 2. 检查 cron 任务状态：
[2026-03-12 16:32:00]    openclaw cron list
[2026-03-12 16:32:00] 
