[2026-03-14 08:32:15] === 分析磁盘使用情况 ===
[2026-03-14 08:32:15] 磁盘使用率: 80%
[2026-03-14 08:32:15] 可用空间: 9.7G
[2026-03-14 08:32:15] 
[2026-03-14 08:32:15] 大目录 TOP 10:
[2026-03-14 08:32:15]   363M - /root/.openclaw/workspace/evolver
[2026-03-14 08:32:15]   191M - /root/.openclaw/workspace/swe-agent-node
[2026-03-14 08:32:15]   147M - /root/.openclaw/workspace/logs
[2026-03-14 08:32:15]   75M - /root/.openclaw/workspace/agent-network-protocol
[2026-03-14 08:32:15]   54M - /root/.openclaw/workspace/node_modules
[2026-03-14 08:32:15]   17M - /root/.openclaw/workspace/memory
[2026-03-14 08:32:15]   5.4M - /root/.openclaw/workspace/evolver_history
[2026-03-14 08:32:15]   5.4M - /root/.openclaw/workspace/agent-game
[2026-03-14 08:32:15]   4.7M - /root/.openclaw/workspace/MEMORY.md.old
[2026-03-14 08:32:15]   4.7M - /root/.openclaw/workspace/MEMORY.md.backup-20260310-040312
[2026-03-14 08:32:15] 
[2026-03-14 08:32:15] 日志文件统计:
[2026-03-14 08:32:15]   logs/ 总大小: 147M
[2026-03-14 08:32:15]   临时文件数量: 0
[2026-03-14 08:32:15]   旧日志文件（>7天）: 0 个
[2026-03-14 08:32:15] === 分析完成 ===
[2026-03-14 08:33:32] === 开始智能清理（当前使用率: 80%）===
[2026-03-14 08:33:32] 🟡 警告模式（80-90%）
[2026-03-14 08:33:32] === 清理临时文件 ===
[2026-03-14 08:33:32] ✅ /tmp 清理完成: 释放 0M
[2026-03-14 08:33:32] ✅ 清理 0 个临时文件
[2026-03-14 08:33:32] ✅ 清理 0 个旧备份文件
[2026-03-14 08:33:32] === 临时文件清理完成 ===
[2026-03-14 08:33:32] === 清理旧日志 ===
[2026-03-14 08:33:32] ✅ 无需清理的旧日志
[2026-03-14 08:33:32] === 旧日志清理完成 ===
[2026-03-14 08:33:32] === 压缩日志文件 ===
[2026-03-14 08:33:32] ✅ 无需压缩的大日志文件
[2026-03-14 08:33:32] === 日志压缩完成 ===
[2026-03-14 08:33:32] 
[2026-03-14 08:33:32] === 清理结果 ===
[2026-03-14 08:33:32] 清理前: 80% 使用，G 可用
[2026-03-14 08:33:32] 清理后: 80% 使用，9.7G 可用
