[2026-03-14 00:31:21] === 🚨 Emergency System Recovery Started ===
[2026-03-14 00:31:21] 健康评分: 3.0/10 (危急)
[2026-03-14 00:31:21] API 失败: 162 次 (+103%)
[2026-03-14 00:31:21] 
[2026-03-14 00:31:21] 📋 Step 1: 清理长时间会话...
[2026-03-14 00:31:21]   清理前: 28 个会话
[2026-03-14 00:31:21]   清理后: 28 个会话
[2026-03-14 00:31:21]   清理数量: 0
[2026-03-14 00:31:21] 
[2026-03-14 00:31:21] 📋 Step 2: 检查系统资源...
[2026-03-14 00:31:21]   内存: 2.2Gi/3.6Gi
[2026-03-14 00:31:21]   负载: 0.09
[2026-03-14 00:31:21]   磁盘: 38G/50G (79%)
[2026-03-14 00:31:21] 
[2026-03-14 00:31:21] 📋 Step 3: 生成 API 降级配置...
[2026-03-14 00:31:21]   配置已生成: logs/api-emergency-config.json
[2026-03-14 00:31:21] 
[2026-03-14 00:31:21] 📋 Step 4: 生成任务禁用建议...
[2026-03-14 00:31:21]   建议已生成: logs/task-disable-recommendations.json
[2026-03-14 00:31:21] 
[2026-03-14 00:31:21] 📋 Step 5: 生成恢复报告...
[2026-03-14 00:31:21]   报告已生成: /root/.openclaw/workspace/memory/emergency-recovery-report-20260314-003121.md
[2026-03-14 00:31:21] 
[2026-03-14 00:31:21] === 📊 恢复措施汇总 ===
[2026-03-14 00:31:21] 
[2026-03-14 00:31:21] ✅ 已执行:
[2026-03-14 00:31:21]   - 清理长时间会话: 0 个
[2026-03-14 00:31:21]   - 生成 API 降级配置
[2026-03-14 00:31:21]   - 生成任务禁用建议
[2026-03-14 00:31:21]   - 生成恢复报告
[2026-03-14 00:31:21] 
[2026-03-14 00:31:21] ⚠️ 需要手动执行:
[2026-03-14 00:31:21]   - 禁用 EvoMap 任务 (API 404)
[2026-03-14 00:31:21]   - 禁用 Novel-review 任务 (429 错误)
[2026-03-14 00:31:21]   - 降低 SWE-agent 频率
[2026-03-14 00:31:21] 
[2026-03-14 00:31:21] 💡 预期效果:
[2026-03-14 00:31:21]   - API 请求减少 60%
[2026-03-14 00:31:21]   - 429 错误减少 50%
[2026-03-14 00:31:21]   - 健康评分恢复至 5.0+
[2026-03-14 00:31:21] 
[2026-03-14 00:31:21] === 🚨 Emergency System Recovery Completed ===
