[2026-03-11 04:33:05] === 开始验证紧急措施效果 ===
[2026-03-11 04:33:05] 📊 检查 429 错误趋势...
[2026-03-11 04:33:05]   - 最近 2 小时: 67 次
[2026-03-11 04:33:05]   - 最近 4 小时: 142 次
[2026-03-11 04:33:05]   - 最近 6 小时: 239 次
[2026-03-11 04:33:05] 📈 检查子代理成功率...
[2026-03-11 04:33:05]   - 完成: 24
[2026-03-11 04:33:05]   - 失败: 34
[2026-03-11 04:33:05]   - 成功率: 41.4%
[2026-03-11 04:33:05] 💾 检查系统资源...
[2026-03-11 04:33:05]   - 内存使用: 54.3%
[2026-03-11 04:33:05]   - 磁盘使用: 76%
[2026-03-11 04:33:05]   - 负载: 0.46
[2026-03-11 04:33:05] ⚙️ 检查串行化配置...
[2026-03-11 04:33:05]   - 延迟: s
[2026-03-11 04:33:05]   - 并发: 
[2026-03-11 04:33:05] 🎯 评估恢复条件...
[2026-03-11 04:33:05]   ❌ 429 错误 >= 50 次/6h (当前: 239)
[2026-03-11 04:33:05]   ❌ 成功率 <= 60% (当前: 41.4%)
[2026-03-11 04:33:05]   ✅ 内存使用 < 70% (当前: 54.3%)
[2026-03-11 04:33:05]   ❌ 紧急配置未完全应用
[2026-03-11 04:33:05] 📝 生成验证报告...
[2026-03-11 04:33:05] ✅ 验证报告已生成: /root/.openclaw/workspace/memory/emergency-verification-20260311-043305.md
[2026-03-11 08:30:39] === 开始验证紧急措施效果 ===
[2026-03-11 08:30:39] 📊 检查 429 错误趋势...
[2026-03-11 08:30:39]   - 最近 2 小时: 78 次
[2026-03-11 08:30:39]   - 最近 4 小时: 81 次
[2026-03-11 08:30:39]   - 最近 6 小时: 106 次
[2026-03-11 08:30:39] 📈 检查子代理成功率...
[2026-03-11 08:30:39]   - 完成: 2
[2026-03-11 08:30:39]   - 失败: 2
[2026-03-11 08:30:39]   - 成功率: 50.0%
[2026-03-11 08:30:39] 💾 检查系统资源...
[2026-03-11 08:30:39]   - 内存使用: 57.3%
[2026-03-11 08:30:39]   - 磁盘使用: 76%
[2026-03-11 08:30:39]   - 负载: 1.11
[2026-03-11 08:30:39] ⚙️ 检查串行化配置...
[2026-03-11 08:30:39]   - 延迟: s
[2026-03-11 08:30:39]   - 并发: 
[2026-03-11 08:30:39] 🎯 评估恢复条件...
[2026-03-11 08:30:39]   ❌ 429 错误 >= 50 次/6h (当前: 106)
[2026-03-11 08:30:39]   ❌ 成功率 <= 60% (当前: 50.0%)
[2026-03-11 08:30:39]   ✅ 内存使用 < 70% (当前: 57.3%)
[2026-03-11 08:30:39]   ❌ 紧急配置未完全应用
[2026-03-11 08:30:39] 📝 生成验证报告...
[2026-03-11 08:30:39] ✅ 验证报告已生成: /root/.openclaw/workspace/memory/emergency-verification-20260311-083039.md
[2026-03-11 08:32:23] === 开始验证紧急措施效果 ===
[2026-03-11 08:32:23] 📊 检查 429 错误趋势...
[2026-03-11 08:32:23]   - 最近 2 小时: 84 次
[2026-03-11 08:32:23]   - 最近 4 小时: 87 次
[2026-03-11 08:32:23]   - 最近 6 小时: 112 次
[2026-03-11 08:32:23] 📈 检查子代理成功率...
[2026-03-11 08:32:23]   - 完成: 2
[2026-03-11 08:32:23]   - 失败: 2
[2026-03-11 08:32:23]   - 成功率: 50.0%
[2026-03-11 08:32:23] 💾 检查系统资源...
[2026-03-11 08:32:23]   - 内存使用: 61.3%
[2026-03-11 08:32:23]   - 磁盘使用: 76%
[2026-03-11 08:32:23]   - 负载: 0.62
[2026-03-11 08:32:23] ⚙️ 检查串行化配置...
[2026-03-11 08:32:23]   - 延迟: 120s
[2026-03-11 08:32:23]   - 并发: 1
[2026-03-11 08:32:23] 🎯 评估恢复条件...
[2026-03-11 08:32:23]   ❌ 429 错误 >= 50 次/6h (当前: 112)
[2026-03-11 08:32:23]   ❌ 成功率 <= 60% (当前: 50.0%)
[2026-03-11 08:32:23]   ✅ 内存使用 < 70% (当前: 61.3%)
[2026-03-11 08:32:23]   ✅ 紧急配置已应用
[2026-03-11 08:32:23] 📝 生成验证报告...
[2026-03-11 08:32:23] ✅ 验证报告已生成: /root/.openclaw/workspace/memory/emergency-verification-20260311-083223.md
[2026-03-11 12:30:32] === 开始验证紧急措施效果 ===
[2026-03-11 12:30:32] 📊 检查 429 错误趋势...
[2026-03-11 12:30:32]   - 最近 2 小时: 108 次
[2026-03-11 12:30:32]   - 最近 4 小时: 108 次
[2026-03-11 12:30:32]   - 最近 6 小时: 108 次
[2026-03-11 12:30:32] 📈 检查子代理成功率...
[2026-03-11 12:30:32]   - 完成: 2
[2026-03-11 12:30:32]   - 失败: 2
[2026-03-11 12:30:32]   - 成功率: 50.0%
[2026-03-11 12:30:32] 💾 检查系统资源...
[2026-03-11 12:30:32]   - 内存使用: 75.0%
[2026-03-11 12:30:32]   - 磁盘使用: 76%
[2026-03-11 12:30:32]   - 负载: 0.49
[2026-03-11 12:30:32] ⚙️ 检查串行化配置...
[2026-03-11 12:30:32]   - 延迟: 120s
[2026-03-11 12:30:32]   - 并发: 1
[2026-03-11 12:30:32] 🎯 评估恢复条件...
[2026-03-11 12:30:32]   ❌ 429 错误 >= 50 次/6h (当前: 108)
[2026-03-11 12:30:32]   ❌ 成功率 <= 60% (当前: 50.0%)
[2026-03-11 12:30:32]   ❌ 内存使用 >= 70% (当前: 75.0%)
[2026-03-11 12:30:32]   ✅ 紧急配置已应用
[2026-03-11 12:30:32] 📝 生成验证报告...
[2026-03-11 12:30:32] ✅ 验证报告已生成: /root/.openclaw/workspace/memory/emergency-verification-20260311-123032.md
[2026-03-11 16:30:52] === 开始验证紧急措施效果 ===
[2026-03-11 16:30:52] 📊 检查 429 错误趋势...
[2026-03-11 16:30:52]   - 最近 2 小时: 143 次
[2026-03-11 16:30:52]   - 最近 4 小时: 143 次
[2026-03-11 16:30:52]   - 最近 6 小时: 144 次
[2026-03-11 16:30:52] 📈 检查子代理成功率...
[2026-03-11 16:30:52]   - 完成: 2
[2026-03-11 16:30:52]   - 失败: 2
[2026-03-11 16:30:52]   - 成功率: 50.0%
[2026-03-11 16:30:52] 💾 检查系统资源...
[2026-03-11 16:30:52]   - 内存使用: 64.0%
[2026-03-11 16:30:52]   - 磁盘使用: 76%
[2026-03-11 16:30:52]   - 负载: 0.61
[2026-03-11 16:30:52] ⚙️ 检查串行化配置...
[2026-03-11 16:30:52]   - 延迟: 120s
[2026-03-11 16:30:52]   - 并发: 1
[2026-03-11 16:30:52] 🎯 评估恢复条件...
[2026-03-11 16:30:52]   ❌ 429 错误 >= 50 次/6h (当前: 144)
[2026-03-11 16:30:52]   ❌ 成功率 <= 60% (当前: 50.0%)
[2026-03-11 16:30:52]   ✅ 内存使用 < 70% (当前: 64.0%)
[2026-03-11 16:30:52]   ✅ 紧急配置已应用
[2026-03-11 16:30:52] 📝 生成验证报告...
[2026-03-11 16:30:52] ✅ 验证报告已生成: /root/.openclaw/workspace/memory/emergency-verification-20260311-163052.md
[2026-03-12 00:30:47] === 开始验证紧急措施效果 ===
[2026-03-12 00:30:47] 📊 检查 429 错误趋势...
[2026-03-12 00:30:47]   - 最近 2 小时: 190 次
[2026-03-12 00:30:47]   - 最近 4 小时: 190 次
[2026-03-12 00:30:47]   - 最近 6 小时: 190 次
[2026-03-12 00:30:47] 📈 检查子代理成功率...
[2026-03-12 00:30:47]   - 完成: 2
[2026-03-12 00:30:47]   - 失败: 2
[2026-03-12 00:30:47]   - 成功率: 50.0%
[2026-03-12 00:30:47] 💾 检查系统资源...
[2026-03-12 00:30:47]   - 内存使用: 75.4%
[2026-03-12 00:30:47]   - 磁盘使用: 77%
[2026-03-12 00:30:47]   - 负载: 0.26
[2026-03-12 00:30:47] ⚙️ 检查串行化配置...
[2026-03-12 00:30:47]   - 延迟: 120s
[2026-03-12 00:30:47]   - 并发: 1
[2026-03-12 00:30:47] 🎯 评估恢复条件...
[2026-03-12 00:30:47]   ❌ 429 错误 >= 50 次/6h (当前: 190)
[2026-03-12 00:30:47]   ❌ 成功率 <= 60% (当前: 50.0%)
[2026-03-12 00:30:47]   ❌ 内存使用 >= 70% (当前: 75.4%)
[2026-03-12 00:30:47]   ✅ 紧急配置已应用
[2026-03-12 00:30:47] 📝 生成验证报告...
[2026-03-12 00:30:47] ✅ 验证报告已生成: /root/.openclaw/workspace/memory/emergency-verification-20260312-003047.md
