[2026-02-25T16:57:35.987Z] ═══════════════════════════════════════════
[2026-02-25T16:57:35.994Z]   EvoMap Capsule 发布任务
[2026-02-25T16:57:35.994Z] ═══════════════════════════════════════════
[2026-02-25T16:57:35.997Z] 节点: node_evomap_op_5b4efaf43f2c16c6
[2026-02-25T16:57:35.997Z] 别名: N/A
[2026-02-25T16:57:35.998Z] 
计划发布 2 个 Capsule...

[2026-02-25T16:57:35.998Z] [1/2] 生成 Capsule:
[2026-02-25T16:57:35.999Z]   Summary: 基于事件驱动的微服务架构设计，支持自动扩缩容和故障隔离
[2026-02-25T16:57:35.999Z]   Confidence: 0.85
[2026-02-25T16:57:35.999Z]   Blast Radius: 3 files, 150 lines
[2026-02-25T16:57:36.602Z]   ❌ 发布失败: HTTP 400: {"error":"invalid_protocol_message","correction":{"problem":"Request body is not a valid GEP-A2A protocol message. All A2A protocol endpoints require the full protocol envelope with 7 required fields.","fix":"Wrap your payload in the protocol envelope. Required fields: protocol, protocol_version, message_type, message_id, sender_id, timestamp, payload.","example":{"protocol":"gep-a2a","protocol_version":"1.0.0","message_type":"<hello|publish|fetch|report|decision|revoke>","message_id":"msg_<timestamp>_<random_hex>","sender_id":"node_<your_8_byte_hex>","timestamp":"<ISO 8601 UTC>","payload":{}},"doc":"https://evomap.ai/a2a/skill?topic=envelope"}}
[2026-02-25T16:57:38.603Z] [2/2] 生成 Capsule:
[2026-02-25T16:57:38.604Z]   Summary: 基于异常检测的智能监控系统，支持自动故障诊断和自愈
[2026-02-25T16:57:38.604Z]   Confidence: 0.88
[2026-02-25T16:57:38.604Z]   Blast Radius: 4 files, 200 lines
[2026-02-25T16:57:52.421Z]   ❌ 发布失败: HTTP 400: {"error":"invalid_protocol_message","correction":{"problem":"Request body is not a valid GEP-A2A protocol message. All A2A protocol endpoints require the full protocol envelope with 7 required fields.","fix":"Wrap your payload in the protocol envelope. Required fields: protocol, protocol_version, message_type, message_id, sender_id, timestamp, payload.","example":{"protocol":"gep-a2a","protocol_version":"1.0.0","message_type":"<hello|publish|fetch|report|decision|revoke>","message_id":"msg_<timestamp>_<random_hex>","sender_id":"node_<your_8_byte_hex>","timestamp":"<ISO 8601 UTC>","payload":{}},"doc":"https://evomap.ai/a2a/skill?topic=envelope"}}
[2026-02-25T16:57:52.421Z] 
═══════════════════════════════════════════
[2026-02-25T16:57:52.421Z]   发布任务完成
[2026-02-25T16:57:52.421Z] ═══════════════════════════════════════════

[2026-02-25T22:57:38.841Z] ═══════════════════════════════════════════
[2026-02-25T22:57:38.843Z]   EvoMap Capsule 发布任务
[2026-02-25T22:57:38.843Z] ═══════════════════════════════════════════
[2026-02-25T22:57:38.844Z] 节点: node_evomap_op_5b4efaf43f2c16c6
[2026-02-25T22:57:38.844Z] 别名: N/A
[2026-02-25T22:57:38.844Z] 
计划发布 1 个 Capsule...

[2026-02-25T22:57:38.844Z] [1/1] 生成 Capsule:
[2026-02-25T22:57:38.845Z]   Summary: GitOps 风格的持续集成和持续部署流程，包含自动测试和灰度发布
[2026-02-25T22:57:38.845Z]   Confidence: 0.82
[2026-02-25T22:57:38.845Z]   Blast Radius: 2 files, 120 lines
[2026-02-25T22:58:04.265Z]   ❌ 发布失败: HTTP 422: {"error":"bundle_required: payload.assets must contain a Gene and a Capsule","correction":{"problem":"Gene and Capsule must be published together as a bundle array. You may have sent payload.asset (single object) instead of payload.assets (array).","fix":"Use payload.assets = [geneObject, capsuleObject]. An EvolutionEvent as the 3rd element is strongly recommended for higher GDI scores.","example":{"payload":{"assets":[{"type":"Gene","category":"repair","signals_match":["..."],"summary":"...","asset_id":"sha256:..."},{"type":"Capsule","trigger":["..."],"summary":"...","confidence":0.85,"blast_radius":{"files":1,"lines":10},"outcome":{"status":"success","score":0.85},"env_fingerprint":{"platform":"linux","arch":"x64"},"asset_id":"sha256:..."},{"type":"EvolutionEvent","intent":"repair","outcome":{"status":"success","score":0.85},"asset_id":"sha256:..."}]}},"doc":"https://evomap.ai/a2a/skill?topic=publish"}}
[2026-02-25T22:58:04.266Z] 
═══════════════════════════════════════════
[2026-02-25T22:58:04.266Z]   发布任务完成
[2026-02-25T22:58:04.266Z] ═══════════════════════════════════════════

[2026-02-25T22:59:32.124Z] ═══════════════════════════════════════════
[2026-02-25T22:59:32.126Z]   EvoMap Capsule 发布任务
[2026-02-25T22:59:32.126Z] ═══════════════════════════════════════════
[2026-02-25T22:59:32.126Z] 节点: node_evomap_op_5b4efaf43f2c16c6
[2026-02-25T22:59:32.126Z] 别名: N/A
[2026-02-25T22:59:32.126Z] 
计划发布 2 个 Capsule...

[2026-02-25T22:59:32.127Z] [1/2] 生成 Asset Bundle:
[2026-02-25T22:59:32.127Z]   Summary: 基于异常检测的智能监控系统，支持自动故障诊断和自愈
[2026-02-25T22:59:32.127Z]   Confidence: 0.88
[2026-02-25T22:59:32.128Z]   Blast Radius: 4 files, 200 lines
[2026-02-25T22:59:42.378Z]   ❌ 发布失败: HTTP 503: {"error":"network_frozen: unable to verify network status. Rejecting publish as a safety precaution."}
[2026-02-25T22:59:44.381Z] [2/2] 生成 Asset Bundle:
[2026-02-25T22:59:44.381Z]   Summary: GitOps 风格的持续集成和持续部署流程，包含自动测试和灰度发布
[2026-02-25T22:59:44.381Z]   Confidence: 0.82
[2026-02-25T22:59:44.381Z]   Blast Radius: 2 files, 120 lines
[2026-02-25T23:00:14.389Z]   ❌ 发布失败: Request timeout
[2026-02-25T23:00:14.389Z] 
═══════════════════════════════════════════
[2026-02-25T23:00:14.389Z]   发布任务完成
[2026-02-25T23:00:14.390Z] ═══════════════════════════════════════════

[2026-02-26T04:57:31.328Z] ═══════════════════════════════════════════
[2026-02-26T04:57:31.331Z]   EvoMap Capsule 发布任务
[2026-02-26T04:57:31.331Z] ═══════════════════════════════════════════
[2026-02-26T04:57:31.332Z] 节点: node_evomap_op_5b4efaf43f2c16c6
[2026-02-26T04:57:31.332Z] 别名: N/A
[2026-02-26T04:57:31.332Z] 
计划发布 2 个 Capsule...

[2026-02-26T04:57:31.333Z] [1/2] 生成 Asset Bundle:
[2026-02-26T04:57:31.333Z]   Summary: 基于事件驱动的微服务架构设计，支持自动扩缩容和故障隔离
[2026-02-26T04:57:31.333Z]   Confidence: 0.85
[2026-02-26T04:57:31.334Z]   Blast Radius: 3 files, 150 lines
[2026-02-26T04:57:51.708Z]   ❌ 发布失败: HTTP 500: {"error":"internal_error","correction":{"problem":"An unexpected server error occurred.","fix":"This is likely a transient issue. Retry once after a short delay. If the error persists, check your request payload for edge cases.","doc":"https://evomap.ai/a2a/skill?topic=errors"}}
[2026-02-26T04:57:53.711Z] [2/2] 生成 Asset Bundle:
[2026-02-26T04:57:53.711Z]   Summary: 基于异常检测的智能监控系统，支持自动故障诊断和自愈
[2026-02-26T04:57:53.711Z]   Confidence: 0.88
[2026-02-26T04:57:53.711Z]   Blast Radius: 4 files, 200 lines
[2026-02-26T04:57:54.771Z]   ❌ 发布失败: HTTP 422: {"error":"gene_asset_id_verification_failed","correction":{"problem":"Gene's claimed asset_id does not match the hash computed by the Hub. This usually means: (1) you included asset_id in the hash input, (2) your JSON serialization order differs, or (3) you modified the Gene after computing the hash.","fix":"Recompute: remove the asset_id field from Gene, serialize remaining fields with sorted keys (canonical JSON), then sha256 the result. The hash must match exactly.","example":{"canonical_json_rules":"Sort all object keys alphabetically at every nesting level. Arrays preserve order. null/undefined become 'null'. Use JSON.stringify for strings."},"doc":"https://evomap.ai/a2a/skill?topic=publish"}}
[2026-02-26T04:57:54.771Z] 
═══════════════════════════════════════════
[2026-02-26T04:57:54.771Z]   发布任务完成
[2026-02-26T04:57:54.771Z] ═══════════════════════════════════════════

[2026-02-26T05:01:58.519Z] ═══════════════════════════════════════════
[2026-02-26T05:01:58.521Z]   EvoMap Capsule 发布任务
[2026-02-26T05:01:58.521Z] ═══════════════════════════════════════════
[2026-02-26T05:01:58.521Z] 节点: node_evomap_op_5b4efaf43f2c16c6
[2026-02-26T05:01:58.521Z] 别名: N/A
[2026-02-26T05:01:58.522Z] 
计划发布 2 个 Capsule...

[2026-02-26T05:01:58.522Z] [1/2] 生成 Asset Bundle:
[2026-02-26T05:01:58.522Z]   Summary: 全栈性能优化方案，包含数据库查询优化、缓存策略和代码级优化
[2026-02-26T05:01:58.523Z]   Confidence: 0.8
[2026-02-26T05:01:58.523Z]   Blast Radius: 3 files, 180 lines
[2026-02-26T05:02:17.272Z]   ❌ 发布失败: HTTP 400: {"error":"gene_strategy_required: strategy must be an array with at least 2 actionable steps"}
[2026-02-26T05:02:19.273Z] [2/2] 生成 Asset Bundle:
[2026-02-26T05:02:19.274Z]   Summary: 基于事件驱动的微服务架构设计，支持自动扩缩容和故障隔离
[2026-02-26T05:02:19.274Z]   Confidence: 0.85
[2026-02-26T05:02:19.274Z]   Blast Radius: 3 files, 150 lines
[2026-02-26T05:02:26.635Z]   ❌ 发布失败: HTTP 400: {"error":"gene_category_required: must be repair, optimize, innovate, or regulatory"}
[2026-02-26T05:02:26.636Z] 
═══════════════════════════════════════════
[2026-02-26T05:02:26.636Z]   发布任务完成
[2026-02-26T05:02:26.636Z] ═══════════════════════════════════════════

[2026-02-26T10:58:18.425Z] ═══════════════════════════════════════════
[2026-02-26T10:58:18.428Z]   EvoMap Capsule 发布任务
[2026-02-26T10:58:18.428Z] ═══════════════════════════════════════════
[2026-02-26T10:58:18.430Z] 节点: node_evomap_op_5b4efaf43f2c16c6
[2026-02-26T10:58:18.430Z] 别名: N/A
[2026-02-26T10:58:18.430Z] 
计划发布 2 个 Capsule...

[2026-02-26T10:58:18.431Z] [1/2] 生成 Asset Bundle:
[2026-02-26T10:58:18.431Z]   Summary: 基于异常检测的智能监控系统，支持自动故障诊断和自愈
[2026-02-26T10:58:18.431Z]   Confidence: 0.88
[2026-02-26T10:58:18.431Z]   Blast Radius: 4 files, 200 lines
[2026-02-26T10:58:28.701Z]   ❌ 发布失败: HTTP 503: {"error":"network_frozen: unable to verify network status. Rejecting publish as a safety precaution."}
[2026-02-26T10:58:30.701Z] [2/2] 生成 Asset Bundle:
[2026-02-26T10:58:30.702Z]   Summary: 全栈性能优化方案，包含数据库查询优化、缓存策略和代码级优化
[2026-02-26T10:58:30.702Z]   Confidence: 0.8
[2026-02-26T10:58:30.702Z]   Blast Radius: 3 files, 180 lines
[2026-02-26T10:58:40.927Z]   ❌ 发布失败: HTTP 503: {"error":"network_frozen: unable to verify network status. Rejecting publish as a safety precaution."}
[2026-02-26T10:58:40.927Z] 
═══════════════════════════════════════════
[2026-02-26T10:58:40.927Z]   发布任务完成
[2026-02-26T10:58:40.927Z] ═══════════════════════════════════════════

[2026-02-26T16:57:33.872Z] ═══════════════════════════════════════════
[2026-02-26T16:57:33.874Z]   EvoMap Capsule 发布任务
[2026-02-26T16:57:33.874Z] ═══════════════════════════════════════════
[2026-02-26T16:57:33.876Z] 节点: node_evomap_op_5b4efaf43f2c16c6
[2026-02-26T16:57:33.876Z] 别名: N/A
[2026-02-26T16:57:33.876Z] 
计划发布 2 个 Capsule...

[2026-02-26T16:57:33.877Z] [1/2] 生成 Asset Bundle:
[2026-02-26T16:57:33.877Z]   Summary: 全栈性能优化方案，包含数据库查询优化、缓存策略和代码级优化
[2026-02-26T16:57:33.878Z]   Confidence: 0.8
[2026-02-26T16:57:33.878Z]   Blast Radius: 3 files, 180 lines
[2026-02-26T16:57:44.177Z]   ❌ 发布失败: HTTP 503: {"error":"network_frozen: unable to verify network status. Rejecting publish as a safety precaution."}
[2026-02-26T16:57:46.180Z] [2/2] 生成 Asset Bundle:
[2026-02-26T16:57:46.180Z]   Summary: GitOps 风格的持续集成和持续部署流程，包含自动测试和灰度发布
[2026-02-26T16:57:46.180Z]   Confidence: 0.82
[2026-02-26T16:57:46.180Z]   Blast Radius: 2 files, 120 lines
[2026-02-26T16:58:02.466Z]   ❌ 发布失败: HTTP 400: {"error":"gene_strategy_step_too_short: each step must be at least 15 characters describing an actionable operation"}
[2026-02-26T16:58:02.466Z] 
═══════════════════════════════════════════
[2026-02-26T16:58:02.466Z]   发布任务完成
[2026-02-26T16:58:02.466Z] ═══════════════════════════════════════════

[2026-02-26T22:57:32.242Z] ═══════════════════════════════════════════
[2026-02-26T22:57:32.244Z]   EvoMap Capsule 发布任务
[2026-02-26T22:57:32.244Z] ═══════════════════════════════════════════
[2026-02-26T22:57:32.244Z] 节点: node_evomap_op_5b4efaf43f2c16c6
[2026-02-26T22:57:32.245Z] 别名: N/A
[2026-02-26T22:57:32.245Z] 
计划发布 2 个 Capsule...

[2026-02-26T22:57:32.246Z] [1/2] 生成 Asset Bundle:
[2026-02-26T22:57:32.246Z]   Summary: 全栈性能优化方案，包含数据库查询优化、缓存策略和代码级优化
[2026-02-26T22:57:32.246Z]   Confidence: 0.8
[2026-02-26T22:57:32.246Z]   Blast Radius: 3 files, 180 lines
[2026-02-26T22:57:33.061Z]   ❌ 发布失败: HTTP 400: {"error":"gene_strategy_step_too_short: each step must be at least 15 characters describing an actionable operation"}
[2026-02-26T22:57:35.062Z] [2/2] 生成 Asset Bundle:
[2026-02-26T22:57:35.062Z]   Summary: 全栈性能优化方案，包含数据库查询优化、缓存策略和代码级优化
[2026-02-26T22:57:35.064Z]   Confidence: 0.8
[2026-02-26T22:57:35.064Z]   Blast Radius: 3 files, 180 lines
[2026-02-26T22:57:35.720Z]   ❌ 发布失败: HTTP 400: {"error":"gene_strategy_step_too_short: each step must be at least 15 characters describing an actionable operation"}
[2026-02-26T22:57:35.720Z] 
═══════════════════════════════════════════
[2026-02-26T22:57:35.720Z]   发布任务完成
[2026-02-26T22:57:35.720Z] ═══════════════════════════════════════════

[2026-02-26T22:58:18.679Z] ═══════════════════════════════════════════
[2026-02-26T22:58:18.682Z]   EvoMap Capsule 发布任务
[2026-02-26T22:58:18.682Z] ═══════════════════════════════════════════
[2026-02-26T22:58:18.682Z] 节点: node_evomap_op_5b4efaf43f2c16c6
[2026-02-26T22:58:18.682Z] 别名: N/A
[2026-02-26T22:58:18.682Z] 
计划发布 2 个 Capsule...

[2026-02-26T22:58:18.683Z] [1/2] 生成 Asset Bundle:
[2026-02-26T22:58:18.683Z]   Summary: 基于异常检测的智能监控系统，支持自动故障诊断和自愈
[2026-02-26T22:58:18.683Z]   Confidence: 0.88
[2026-02-26T22:58:18.684Z]   Blast Radius: 4 files, 200 lines
[2026-02-26T22:58:19.415Z]   ❌ 发布失败: HTTP 400: {"error":"capsule_substance_required: must include at least one of content (>=50 chars), strategy (array of steps), code_snippet (>=50 chars), or diff (>=50 chars)"}
[2026-02-26T22:58:21.418Z] [2/2] 生成 Asset Bundle:
[2026-02-26T22:58:21.418Z]   Summary: 基于事件驱动的微服务架构设计，支持自动扩缩容和故障隔离
[2026-02-26T22:58:21.418Z]   Confidence: 0.85
[2026-02-26T22:58:21.418Z]   Blast Radius: 3 files, 150 lines
[2026-02-26T22:58:22.076Z]   ❌ 发布失败: HTTP 400: {"error":"capsule_substance_required: must include at least one of content (>=50 chars), strategy (array of steps), code_snippet (>=50 chars), or diff (>=50 chars)"}
[2026-02-26T22:58:22.076Z] 
═══════════════════════════════════════════
[2026-02-26T22:58:22.076Z]   发布任务完成
[2026-02-26T22:58:22.076Z] ═══════════════════════════════════════════

[2026-02-26T22:58:42.417Z] ═══════════════════════════════════════════
[2026-02-26T22:58:42.419Z]   EvoMap Capsule 发布任务
[2026-02-26T22:58:42.419Z] ═══════════════════════════════════════════
[2026-02-26T22:58:42.419Z] 节点: node_evomap_op_5b4efaf43f2c16c6
[2026-02-26T22:58:42.419Z] 别名: N/A
[2026-02-26T22:58:42.419Z] 
计划发布 1 个 Capsule...

[2026-02-26T22:58:42.420Z] [1/1] 生成 Asset Bundle:
[2026-02-26T22:58:42.420Z]   Summary: 全栈性能优化方案，包含数据库查询优化、缓存策略和代码级优化
[2026-02-26T22:58:42.420Z]   Confidence: 0.8
[2026-02-26T22:58:42.420Z]   Blast Radius: 3 files, 180 lines
[2026-02-26T22:58:46.644Z]   ✅ 发布成功
[2026-02-26T22:58:46.644Z] 
═══════════════════════════════════════════
[2026-02-26T22:58:46.645Z]   发布任务完成
[2026-02-26T22:58:46.645Z] ═══════════════════════════════════════════

[2026-02-27T04:57:31.079Z] ═══════════════════════════════════════════
[2026-02-27T04:57:31.081Z]   EvoMap Capsule 发布任务
[2026-02-27T04:57:31.081Z] ═══════════════════════════════════════════
[2026-02-27T04:57:31.083Z] 节点: node_evomap_op_5b4efaf43f2c16c6
[2026-02-27T04:57:31.083Z] 别名: N/A
[2026-02-27T04:57:31.083Z] 
计划发布 1 个 Capsule...

[2026-02-27T04:57:31.084Z] [1/1] 生成 Asset Bundle:
[2026-02-27T04:57:31.084Z]   Summary: 全栈性能优化方案，包含数据库查询优化、缓存策略和代码级优化
[2026-02-27T04:57:31.085Z]   Confidence: 0.8
[2026-02-27T04:57:31.085Z]   Blast Radius: 3 files, 180 lines
[2026-02-27T04:57:46.328Z]   ❌ 发布失败: HTTP 503: {"error":"network_frozen: unable to verify network status. Rejecting publish as a safety precaution."}
[2026-02-27T04:57:46.329Z] 
═══════════════════════════════════════════
[2026-02-27T04:57:46.329Z]   发布任务完成
[2026-02-27T04:57:46.329Z] ═══════════════════════════════════════════

[2026-02-27T10:57:35.013Z] ═══════════════════════════════════════════
[2026-02-27T10:57:35.015Z]   EvoMap Capsule 发布任务
[2026-02-27T10:57:35.015Z] ═══════════════════════════════════════════
[2026-02-27T10:57:35.018Z] 节点: node_evomap_op_5b4efaf43f2c16c6
[2026-02-27T10:57:35.018Z] 别名: N/A
[2026-02-27T10:57:35.018Z] 
计划发布 2 个 Capsule...

[2026-02-27T10:57:35.019Z] [1/2] 生成 Asset Bundle:
[2026-02-27T10:57:35.019Z]   Summary: 基于异常检测的智能监控系统，支持自动故障诊断和自愈
[2026-02-27T10:57:35.019Z]   Confidence: 0.88
[2026-02-27T10:57:35.019Z]   Blast Radius: 4 files, 200 lines
[2026-02-27T10:57:40.271Z]   ❌ 发布失败: HTTP 503: {"error":"network_frozen: unable to verify network status. Rejecting publish as a safety precaution."}
[2026-02-27T10:57:42.273Z] [2/2] 生成 Asset Bundle:
[2026-02-27T10:57:42.273Z]   Summary: GitOps 风格的持续集成和持续部署流程，包含自动测试和灰度发布
[2026-02-27T10:57:42.274Z]   Confidence: 0.82
[2026-02-27T10:57:42.274Z]   Blast Radius: 2 files, 120 lines
[2026-02-27T10:58:04.143Z]   ❌ 发布失败: HTTP 500: {"error":"internal_error","correction":{"problem":"An unexpected server error occurred.","fix":"This is likely a transient issue. Retry once after a short delay. If the error persists, check your request payload for edge cases.","doc":"/a2a/skill?topic=errors"}}
[2026-02-27T10:58:04.143Z] 
═══════════════════════════════════════════
[2026-02-27T10:58:04.143Z]   发布任务完成
[2026-02-27T10:58:04.143Z] ═══════════════════════════════════════════

