[2026-03-04 08:37:25] 🔍 检查 Gateway 内存使用...
[2026-03-04 08:37:25] 📊 Gateway 内存: 1422MB (阈值: 1024MB)
[2026-03-04 08:37:25] 🟡 警告：Gateway 内存使用偏高 (1422MB > 1024MB)
[2026-03-04 08:37:25] 📊 系统内存: 2667MB / 3670MB (可用: 748MB, 20%)
[2026-03-04 08:37:25] 🟡 系统内存偏低（可用 < 30%）
[2026-03-04 08:37:25] ✅ 检查完成
[2026-03-04 12:31:13] 🔍 检查 Gateway 内存使用...
[2026-03-04 12:31:13] 📊 Gateway 内存: 1576MB (阈值: 1024MB)
[2026-03-04 12:31:13] 🔴 严重告警：Gateway 内存使用过高 (1576MB > 1500MB)
[2026-03-04 12:31:13] 📊 系统内存: 2810MB / 3670MB (可用: 605MB, 16%)
[2026-03-04 12:31:13] 🔴 系统内存紧张（可用 < 20%）
[2026-03-04 12:31:13] ✅ 检查完成
[2026-03-04 13:00:02] 🔍 检查 Gateway 内存使用...
[2026-03-04 13:00:02] 🔍 检查 Gateway 内存使用...
[2026-03-04 13:00:02] 📊 Gateway 内存: 1641MB (阈值: 1024MB)
[2026-03-04 13:00:02] 📊 Gateway 内存: 1641MB (阈值: 1024MB)
[2026-03-04 13:00:02] 🔴 严重告警：Gateway 内存使用过高 (1641MB > 1500MB)
[2026-03-04 13:00:02] 🔴 严重告警：Gateway 内存使用过高 (1641MB > 1500MB)
[2026-03-04 13:00:02] 📊 系统内存: 2901MB / 3670MB (可用: 522MB, 14%)
[2026-03-04 13:00:02] 📊 系统内存: 2901MB / 3670MB (可用: 522MB, 14%)
[2026-03-04 13:00:02] 🔴 系统内存紧张（可用 < 20%）
[2026-03-04 13:00:02] 🔴 系统内存紧张（可用 < 20%）
[2026-03-04 13:00:02] ✅ 检查完成
[2026-03-04 13:00:02] ✅ 检查完成
[2026-03-04 13:00:38] 🔍 检查 Gateway 内存使用...
[2026-03-04 13:00:38] 📊 Gateway 内存: 1183MB (阈值: 1024MB)
[2026-03-04 13:00:38] 🟡 警告：Gateway 内存使用偏高 (1183MB > 1024MB)
[2026-03-04 13:00:38] 📊 系统内存: 2387MB / 3670MB (可用: 1038MB, 28%)
[2026-03-04 13:00:38] 🟡 系统内存偏低（可用 < 30%）
[2026-03-04 13:00:38] ✅ 检查完成
[2026-03-04 13:30:02] 🔍 检查 Gateway 内存使用...
[2026-03-04 13:30:02] 🔍 检查 Gateway 内存使用...
[2026-03-04 13:30:02] 📊 Gateway 内存: 694MB (阈值: 1024MB)
[2026-03-04 13:30:02] 📊 Gateway 内存: 694MB (阈值: 1024MB)
[2026-03-04 13:30:02] ✅ Gateway 内存正常 (694MB)
[2026-03-04 13:30:02] ✅ Gateway 内存正常 (694MB)
[2026-03-04 13:30:02] 📊 系统内存: 1875MB / 3670MB (可用: 1542MB, 42%)
[2026-03-04 13:30:02] 📊 系统内存: 1875MB / 3670MB (可用: 1542MB, 42%)
[2026-03-04 13:30:02] ✅ 检查完成
[2026-03-04 13:30:02] ✅ 检查完成
[2026-03-04 14:00:01] 🔍 检查 Gateway 内存使用...
[2026-03-04 14:00:01] 🔍 检查 Gateway 内存使用...
[2026-03-04 14:00:01] 📊 Gateway 内存: 721MB (阈值: 1024MB)
[2026-03-04 14:00:01] 📊 Gateway 内存: 721MB (阈值: 1024MB)
[2026-03-04 14:00:01] ✅ Gateway 内存正常 (721MB)
[2026-03-04 14:00:01] ✅ Gateway 内存正常 (721MB)
[2026-03-04 14:00:01] 📊 系统内存: 1913MB / 3670MB (可用: 1501MB, 40%)
[2026-03-04 14:00:01] 📊 系统内存: 1913MB / 3670MB (可用: 1501MB, 40%)
[2026-03-04 14:00:01] ✅ 检查完成
[2026-03-04 14:00:01] ✅ 检查完成
[2026-03-04 14:30:01] 🔍 检查 Gateway 内存使用...
[2026-03-04 14:30:01] 🔍 检查 Gateway 内存使用...
[2026-03-04 14:30:01] 📊 Gateway 内存: 704MB (阈值: 1024MB)
[2026-03-04 14:30:01] 📊 Gateway 内存: 704MB (阈值: 1024MB)
[2026-03-04 14:30:01] ✅ Gateway 内存正常 (704MB)
[2026-03-04 14:30:01] ✅ Gateway 内存正常 (704MB)
[2026-03-04 14:30:01] 📊 系统内存: 1889MB / 3670MB (可用: 1524MB, 41%)
[2026-03-04 14:30:01] 📊 系统内存: 1889MB / 3670MB (可用: 1524MB, 41%)
[2026-03-04 14:30:01] ✅ 检查完成
[2026-03-04 14:30:01] ✅ 检查完成
[2026-03-04 15:00:01] 🔍 检查 Gateway 内存使用...
[2026-03-04 15:00:01] 🔍 检查 Gateway 内存使用...
[2026-03-04 15:00:01] 📊 Gateway 内存: 698MB (阈值: 1024MB)
[2026-03-04 15:00:01] 📊 Gateway 内存: 698MB (阈值: 1024MB)
[2026-03-04 15:00:01] ✅ Gateway 内存正常 (698MB)
[2026-03-04 15:00:01] ✅ Gateway 内存正常 (698MB)
[2026-03-04 15:00:01] 📊 系统内存: 1892MB / 3670MB (可用: 1514MB, 41%)
[2026-03-04 15:00:01] 📊 系统内存: 1892MB / 3670MB (可用: 1514MB, 41%)
[2026-03-04 15:00:01] ✅ 检查完成
[2026-03-04 15:00:01] ✅ 检查完成
[2026-03-04 15:30:01] 🔍 检查 Gateway 内存使用...
[2026-03-04 15:30:01] 🔍 检查 Gateway 内存使用...
[2026-03-04 15:30:01] 📊 Gateway 内存: 712MB (阈值: 1024MB)
[2026-03-04 15:30:01] 📊 Gateway 内存: 712MB (阈值: 1024MB)
[2026-03-04 15:30:01] ✅ Gateway 内存正常 (712MB)
[2026-03-04 15:30:01] ✅ Gateway 内存正常 (712MB)
[2026-03-04 15:30:01] 📊 系统内存: 1895MB / 3670MB (可用: 1509MB, 41%)
[2026-03-04 15:30:01] 📊 系统内存: 1895MB / 3670MB (可用: 1509MB, 41%)
[2026-03-04 15:30:01] ✅ 检查完成
[2026-03-04 15:30:01] ✅ 检查完成
[2026-03-04 16:00:01] 🔍 检查 Gateway 内存使用...
[2026-03-04 16:00:01] 🔍 检查 Gateway 内存使用...
[2026-03-04 16:00:01] 📊 Gateway 内存: 867MB (阈值: 1024MB)
[2026-03-04 16:00:01] 📊 Gateway 内存: 867MB (阈值: 1024MB)
[2026-03-04 16:00:01] ✅ Gateway 内存正常 (867MB)
[2026-03-04 16:00:01] ✅ Gateway 内存正常 (867MB)
[2026-03-04 16:00:01] 📊 系统内存: 2073MB / 3670MB (可用: 1329MB, 36%)
[2026-03-04 16:00:01] 📊 系统内存: 2073MB / 3670MB (可用: 1329MB, 36%)
[2026-03-04 16:00:01] ✅ 检查完成
[2026-03-04 16:00:01] ✅ 检查完成
[2026-03-04 16:30:01] 🔍 检查 Gateway 内存使用...
[2026-03-04 16:30:01] 🔍 检查 Gateway 内存使用...
[2026-03-04 16:30:01] 📊 Gateway 内存: 943MB (阈值: 1024MB)
[2026-03-04 16:30:01] 📊 Gateway 内存: 943MB (阈值: 1024MB)
[2026-03-04 16:30:01] ✅ Gateway 内存正常 (943MB)
[2026-03-04 16:30:01] ✅ Gateway 内存正常 (943MB)
[2026-03-04 16:30:01] 📊 系统内存: 2135MB / 3670MB (可用: 1275MB, 34%)
[2026-03-04 16:30:01] 📊 系统内存: 2135MB / 3670MB (可用: 1275MB, 34%)
[2026-03-04 16:30:01] ✅ 检查完成
[2026-03-04 16:30:01] ✅ 检查完成
[2026-03-04 16:30:54] 🔍 检查 Gateway 内存使用...
[2026-03-04 16:30:54] 📊 Gateway 内存: 827MB (阈值: 1024MB)
[2026-03-04 16:30:54] ✅ Gateway 内存正常 (827MB)
[2026-03-04 16:30:54] 📊 系统内存: 2004MB / 3670MB (可用: 1398MB, 38%)
[2026-03-04 16:30:54] ✅ 检查完成
[2026-03-04 17:00:01] 🔍 检查 Gateway 内存使用...
[2026-03-04 17:00:01] 🔍 检查 Gateway 内存使用...
[2026-03-04 17:00:02] 📊 Gateway 内存: 774MB (阈值: 1024MB)
[2026-03-04 17:00:02] 📊 Gateway 内存: 774MB (阈值: 1024MB)
[2026-03-04 17:00:02] ✅ Gateway 内存正常 (774MB)
[2026-03-04 17:00:02] ✅ Gateway 内存正常 (774MB)
[2026-03-04 17:00:02] 📊 系统内存: 1956MB / 3670MB (可用: 1441MB, 39%)
[2026-03-04 17:00:02] 📊 系统内存: 1956MB / 3670MB (可用: 1441MB, 39%)
[2026-03-04 17:00:02] ✅ 检查完成
[2026-03-04 17:00:02] ✅ 检查完成
[2026-03-04 17:30:01] 🔍 检查 Gateway 内存使用...
[2026-03-04 17:30:01] 🔍 检查 Gateway 内存使用...
[2026-03-04 17:30:01] 📊 Gateway 内存: 828MB (阈值: 1024MB)
[2026-03-04 17:30:01] 📊 Gateway 内存: 828MB (阈值: 1024MB)
[2026-03-04 17:30:01] ✅ Gateway 内存正常 (828MB)
[2026-03-04 17:30:01] ✅ Gateway 内存正常 (828MB)
[2026-03-04 17:30:01] 📊 系统内存: 2015MB / 3670MB (可用: 1382MB, 37%)
[2026-03-04 17:30:01] 📊 系统内存: 2015MB / 3670MB (可用: 1382MB, 37%)
[2026-03-04 17:30:01] ✅ 检查完成
[2026-03-04 17:30:01] ✅ 检查完成
[2026-03-04 18:00:02] 🔍 检查 Gateway 内存使用...
[2026-03-04 18:00:02] 🔍 检查 Gateway 内存使用...
[2026-03-04 18:00:02] 📊 Gateway 内存: 890MB (阈值: 1024MB)
[2026-03-04 18:00:02] 📊 Gateway 内存: 890MB (阈值: 1024MB)
[2026-03-04 18:00:02] ✅ Gateway 内存正常 (890MB)
[2026-03-04 18:00:02] ✅ Gateway 内存正常 (890MB)
[2026-03-04 18:00:02] 📊 系统内存: 2074MB / 3670MB (可用: 1323MB, 36%)
[2026-03-04 18:00:02] 📊 系统内存: 2074MB / 3670MB (可用: 1323MB, 36%)
[2026-03-04 18:00:02] ✅ 检查完成
[2026-03-04 18:00:02] ✅ 检查完成
[2026-03-04 18:30:01] 🔍 检查 Gateway 内存使用...
[2026-03-04 18:30:01] 🔍 检查 Gateway 内存使用...
[2026-03-04 18:30:01] 📊 Gateway 内存: 976MB (阈值: 1024MB)
[2026-03-04 18:30:01] 📊 Gateway 内存: 976MB (阈值: 1024MB)
[2026-03-04 18:30:01] ✅ Gateway 内存正常 (976MB)
[2026-03-04 18:30:01] ✅ Gateway 内存正常 (976MB)
[2026-03-04 18:30:01] 📊 系统内存: 2159MB / 3670MB (可用: 1238MB, 33%)
[2026-03-04 18:30:01] 📊 系统内存: 2159MB / 3670MB (可用: 1238MB, 33%)
[2026-03-04 18:30:01] ✅ 检查完成
[2026-03-04 18:30:01] ✅ 检查完成
[2026-03-04 19:00:02] 🔍 检查 Gateway 内存使用...
[2026-03-04 19:00:02] 🔍 检查 Gateway 内存使用...
[2026-03-04 19:00:02] 📊 Gateway 内存: 877MB (阈值: 1024MB)
[2026-03-04 19:00:02] 📊 Gateway 内存: 877MB (阈值: 1024MB)
[2026-03-04 19:00:02] ✅ Gateway 内存正常 (877MB)
[2026-03-04 19:00:02] ✅ Gateway 内存正常 (877MB)
[2026-03-04 19:00:02] 📊 系统内存: 2059MB / 3670MB (可用: 1338MB, 36%)
[2026-03-04 19:00:02] 📊 系统内存: 2059MB / 3670MB (可用: 1338MB, 36%)
[2026-03-04 19:00:02] ✅ 检查完成
[2026-03-04 19:00:02] ✅ 检查完成
[2026-03-04 19:30:01] 🔍 检查 Gateway 内存使用...
[2026-03-04 19:30:01] 🔍 检查 Gateway 内存使用...
[2026-03-04 19:30:01] 📊 Gateway 内存: 1006MB (阈值: 1024MB)
[2026-03-04 19:30:01] 📊 Gateway 内存: 1006MB (阈值: 1024MB)
[2026-03-04 19:30:01] ✅ Gateway 内存正常 (1006MB)
[2026-03-04 19:30:01] ✅ Gateway 内存正常 (1006MB)
[2026-03-04 19:30:01] 📊 系统内存: 2203MB / 3670MB (可用: 1194MB, 32%)
[2026-03-04 19:30:01] 📊 系统内存: 2203MB / 3670MB (可用: 1194MB, 32%)
[2026-03-04 19:30:01] ✅ 检查完成
[2026-03-04 19:30:01] ✅ 检查完成
[2026-03-04 20:00:01] 🔍 检查 Gateway 内存使用...
[2026-03-04 20:00:01] 🔍 检查 Gateway 内存使用...
[2026-03-04 20:00:01] 📊 Gateway 内存: 1015MB (阈值: 1024MB)
[2026-03-04 20:00:01] 📊 Gateway 内存: 1015MB (阈值: 1024MB)
[2026-03-04 20:00:01] ✅ Gateway 内存正常 (1015MB)
[2026-03-04 20:00:01] ✅ Gateway 内存正常 (1015MB)
[2026-03-04 20:00:01] 📊 系统内存: 2268MB / 3670MB (可用: 1143MB, 31%)
[2026-03-04 20:00:01] 📊 系统内存: 2268MB / 3670MB (可用: 1143MB, 31%)
[2026-03-04 20:00:01] ✅ 检查完成
[2026-03-04 20:00:01] ✅ 检查完成
[2026-03-04 20:30:01] 🔍 检查 Gateway 内存使用...
[2026-03-04 20:30:01] 🔍 检查 Gateway 内存使用...
[2026-03-04 20:30:01] 📊 Gateway 内存: 1136MB (阈值: 1024MB)
[2026-03-04 20:30:01] 📊 Gateway 内存: 1136MB (阈值: 1024MB)
[2026-03-04 20:30:01] 🟡 警告：Gateway 内存使用偏高 (1136MB > 1024MB)
[2026-03-04 20:30:01] 🟡 警告：Gateway 内存使用偏高 (1136MB > 1024MB)
[2026-03-04 20:30:01] 📊 系统内存: 2380MB / 3670MB (可用: 1036MB, 28%)
[2026-03-04 20:30:01] 📊 系统内存: 2380MB / 3670MB (可用: 1036MB, 28%)
[2026-03-04 20:30:01] 🟡 系统内存偏低（可用 < 30%）
[2026-03-04 20:30:01] 🟡 系统内存偏低（可用 < 30%）
[2026-03-04 20:30:01] ✅ 检查完成
[2026-03-04 20:30:01] ✅ 检查完成
[2026-03-04 21:00:02] 🔍 检查 Gateway 内存使用...
[2026-03-04 21:00:02] 🔍 检查 Gateway 内存使用...
[2026-03-04 21:00:02] 📊 Gateway 内存: 1138MB (阈值: 1024MB)
[2026-03-04 21:00:02] 📊 Gateway 内存: 1138MB (阈值: 1024MB)
[2026-03-04 21:00:02] 🟡 警告：Gateway 内存使用偏高 (1138MB > 1024MB)
[2026-03-04 21:00:02] 🟡 警告：Gateway 内存使用偏高 (1138MB > 1024MB)
[2026-03-04 21:00:02] 📊 系统内存: 2361MB / 3670MB (可用: 1049MB, 28%)
[2026-03-04 21:00:02] 📊 系统内存: 2361MB / 3670MB (可用: 1049MB, 28%)
[2026-03-04 21:00:02] 🟡 系统内存偏低（可用 < 30%）
[2026-03-04 21:00:02] 🟡 系统内存偏低（可用 < 30%）
[2026-03-04 21:00:02] ✅ 检查完成
[2026-03-04 21:00:02] ✅ 检查完成
[2026-03-04 21:30:01] 🔍 检查 Gateway 内存使用...
[2026-03-04 21:30:01] 🔍 检查 Gateway 内存使用...
[2026-03-04 21:30:01] 📊 Gateway 内存: 981MB (阈值: 1024MB)
[2026-03-04 21:30:01] 📊 Gateway 内存: 981MB (阈值: 1024MB)
[2026-03-04 21:30:01] ✅ Gateway 内存正常 (981MB)
[2026-03-04 21:30:01] ✅ Gateway 内存正常 (981MB)
[2026-03-04 21:30:01] 📊 系统内存: 2210MB / 3670MB (可用: 1198MB, 32%)
[2026-03-04 21:30:01] 📊 系统内存: 2210MB / 3670MB (可用: 1198MB, 32%)
[2026-03-04 21:30:01] ✅ 检查完成
[2026-03-04 21:30:01] ✅ 检查完成
[2026-03-04 22:00:01] 🔍 检查 Gateway 内存使用...
[2026-03-04 22:00:01] 🔍 检查 Gateway 内存使用...
[2026-03-04 22:00:01] 📊 Gateway 内存: 1068MB (阈值: 1024MB)
[2026-03-04 22:00:01] 📊 Gateway 内存: 1068MB (阈值: 1024MB)
[2026-03-04 22:00:01] 🟡 警告：Gateway 内存使用偏高 (1068MB > 1024MB)
[2026-03-04 22:00:01] 🟡 警告：Gateway 内存使用偏高 (1068MB > 1024MB)
[2026-03-04 22:00:01] 📊 系统内存: 2296MB / 3670MB (可用: 1111MB, 30%)
[2026-03-04 22:00:01] 📊 系统内存: 2296MB / 3670MB (可用: 1111MB, 30%)
[2026-03-04 22:00:01] ✅ 检查完成
[2026-03-04 22:00:01] ✅ 检查完成
[2026-03-04 22:30:01] 🔍 检查 Gateway 内存使用...
[2026-03-04 22:30:01] 🔍 检查 Gateway 内存使用...
[2026-03-04 22:30:01] 📊 Gateway 内存: 1168MB (阈值: 1024MB)
[2026-03-04 22:30:01] 📊 Gateway 内存: 1168MB (阈值: 1024MB)
[2026-03-04 22:30:01] 🟡 警告：Gateway 内存使用偏高 (1168MB > 1024MB)
[2026-03-04 22:30:01] 🟡 警告：Gateway 内存使用偏高 (1168MB > 1024MB)
[2026-03-04 22:30:01] 📊 系统内存: 2397MB / 3670MB (可用: 1007MB, 27%)
[2026-03-04 22:30:01] 📊 系统内存: 2397MB / 3670MB (可用: 1007MB, 27%)
[2026-03-04 22:30:01] 🟡 系统内存偏低（可用 < 30%）
[2026-03-04 22:30:01] 🟡 系统内存偏低（可用 < 30%）
[2026-03-04 22:30:01] ✅ 检查完成
[2026-03-04 22:30:01] ✅ 检查完成
[2026-03-04 23:00:02] 🔍 检查 Gateway 内存使用...
[2026-03-04 23:00:02] 🔍 检查 Gateway 内存使用...
[2026-03-04 23:00:02] 📊 Gateway 内存: 1048MB (阈值: 1024MB)
[2026-03-04 23:00:02] 📊 Gateway 内存: 1048MB (阈值: 1024MB)
[2026-03-04 23:00:02] 🟡 警告：Gateway 内存使用偏高 (1048MB > 1024MB)
[2026-03-04 23:00:02] 🟡 警告：Gateway 内存使用偏高 (1048MB > 1024MB)
[2026-03-04 23:00:02] 📊 系统内存: 2282MB / 3670MB (可用: 1121MB, 30%)
[2026-03-04 23:00:02] 📊 系统内存: 2282MB / 3670MB (可用: 1121MB, 30%)
[2026-03-04 23:00:02] ✅ 检查完成
[2026-03-04 23:00:02] ✅ 检查完成
[2026-03-04 23:30:01] 🔍 检查 Gateway 内存使用...
[2026-03-04 23:30:01] 🔍 检查 Gateway 内存使用...
[2026-03-04 23:30:01] 📊 Gateway 内存: 1065MB (阈值: 1024MB)
[2026-03-04 23:30:01] 📊 Gateway 内存: 1065MB (阈值: 1024MB)
[2026-03-04 23:30:01] 🟡 警告：Gateway 内存使用偏高 (1065MB > 1024MB)
[2026-03-04 23:30:01] 🟡 警告：Gateway 内存使用偏高 (1065MB > 1024MB)
[2026-03-04 23:30:01] 📊 系统内存: 2293MB / 3670MB (可用: 1109MB, 30%)
[2026-03-04 23:30:01] 📊 系统内存: 2293MB / 3670MB (可用: 1109MB, 30%)
[2026-03-04 23:30:01] ✅ 检查完成
[2026-03-04 23:30:01] ✅ 检查完成
[2026-03-05 00:00:01] 🔍 检查 Gateway 内存使用...
[2026-03-05 00:00:01] 🔍 检查 Gateway 内存使用...
[2026-03-05 00:00:01] 📊 Gateway 内存: 1100MB (阈值: 1024MB)
[2026-03-05 00:00:01] 📊 Gateway 内存: 1100MB (阈值: 1024MB)
[2026-03-05 00:00:01] 🟡 警告：Gateway 内存使用偏高 (1100MB > 1024MB)
[2026-03-05 00:00:01] 🟡 警告：Gateway 内存使用偏高 (1100MB > 1024MB)
[2026-03-05 00:00:01] 📊 系统内存: 2339MB / 3670MB (可用: 1074MB, 29%)
[2026-03-05 00:00:01] 📊 系统内存: 2339MB / 3670MB (可用: 1074MB, 29%)
[2026-03-05 00:00:01] 🟡 系统内存偏低（可用 < 30%）
[2026-03-05 00:00:01] 🟡 系统内存偏低（可用 < 30%）
[2026-03-05 00:00:01] ✅ 检查完成
[2026-03-05 00:00:01] ✅ 检查完成
[2026-03-05 00:30:01] 🔍 检查 Gateway 内存使用...
[2026-03-05 00:30:01] 🔍 检查 Gateway 内存使用...
[2026-03-05 00:30:01] 📊 Gateway 内存: 1400MB (阈值: 1024MB)
[2026-03-05 00:30:01] 📊 Gateway 内存: 1400MB (阈值: 1024MB)
[2026-03-05 00:30:01] 🟡 警告：Gateway 内存使用偏高 (1400MB > 1024MB)
[2026-03-05 00:30:01] 🟡 警告：Gateway 内存使用偏高 (1400MB > 1024MB)
[2026-03-05 00:30:01] 📊 系统内存: 2659MB / 3670MB (可用: 763MB, 20%)
[2026-03-05 00:30:01] 📊 系统内存: 2659MB / 3670MB (可用: 763MB, 20%)
[2026-03-05 00:30:01] 🟡 系统内存偏低（可用 < 30%）
[2026-03-05 00:30:01] 🟡 系统内存偏低（可用 < 30%）
[2026-03-05 00:30:01] ✅ 检查完成
[2026-03-05 00:30:01] ✅ 检查完成
[2026-03-05 01:00:01] 🔍 检查 Gateway 内存使用...
[2026-03-05 01:00:01] 🔍 检查 Gateway 内存使用...
[2026-03-05 01:00:01] 📊 Gateway 内存: 1390MB (阈值: 1024MB)
[2026-03-05 01:00:01] 📊 Gateway 内存: 1390MB (阈值: 1024MB)
[2026-03-05 01:00:01] 🟡 警告：Gateway 内存使用偏高 (1390MB > 1024MB)
[2026-03-05 01:00:01] 🟡 警告：Gateway 内存使用偏高 (1390MB > 1024MB)
[2026-03-05 01:00:01] 📊 系统内存: 2639MB / 3670MB (可用: 778MB, 21%)
[2026-03-05 01:00:01] 📊 系统内存: 2639MB / 3670MB (可用: 778MB, 21%)
[2026-03-05 01:00:01] 🟡 系统内存偏低（可用 < 30%）
[2026-03-05 01:00:01] 🟡 系统内存偏低（可用 < 30%）
[2026-03-05 01:00:01] ✅ 检查完成
[2026-03-05 01:00:01] ✅ 检查完成
[2026-03-05 01:30:02] 🔍 检查 Gateway 内存使用...
[2026-03-05 01:30:02] 🔍 检查 Gateway 内存使用...
[2026-03-05 01:30:02] 📊 Gateway 内存: 1391MB (阈值: 1024MB)
[2026-03-05 01:30:02] 📊 Gateway 内存: 1391MB (阈值: 1024MB)
[2026-03-05 01:30:02] 🟡 警告：Gateway 内存使用偏高 (1391MB > 1024MB)
[2026-03-05 01:30:02] 🟡 警告：Gateway 内存使用偏高 (1391MB > 1024MB)
[2026-03-05 01:30:02] 📊 系统内存: 2640MB / 3670MB (可用: 774MB, 21%)
[2026-03-05 01:30:02] 📊 系统内存: 2640MB / 3670MB (可用: 774MB, 21%)
[2026-03-05 01:30:02] 🟡 系统内存偏低（可用 < 30%）
[2026-03-05 01:30:02] 🟡 系统内存偏低（可用 < 30%）
[2026-03-05 01:30:02] ✅ 检查完成
[2026-03-05 01:30:02] ✅ 检查完成
[2026-03-05 02:00:01] 🔍 检查 Gateway 内存使用...
[2026-03-05 02:00:01] 🔍 检查 Gateway 内存使用...
[2026-03-05 02:00:01] 📊 Gateway 内存: 1392MB (阈值: 1024MB)
[2026-03-05 02:00:01] 📊 Gateway 内存: 1392MB (阈值: 1024MB)
[2026-03-05 02:00:01] 🟡 警告：Gateway 内存使用偏高 (1392MB > 1024MB)
[2026-03-05 02:00:01] 🟡 警告：Gateway 内存使用偏高 (1392MB > 1024MB)
[2026-03-05 02:00:01] 📊 系统内存: 2648MB / 3670MB (可用: 765MB, 20%)
[2026-03-05 02:00:01] 📊 系统内存: 2648MB / 3670MB (可用: 765MB, 20%)
[2026-03-05 02:00:01] 🟡 系统内存偏低（可用 < 30%）
[2026-03-05 02:00:01] 🟡 系统内存偏低（可用 < 30%）
[2026-03-05 02:00:01] ✅ 检查完成
[2026-03-05 02:00:01] ✅ 检查完成
[2026-03-05 02:30:01] 🔍 检查 Gateway 内存使用...
[2026-03-05 02:30:01] 🔍 检查 Gateway 内存使用...
[2026-03-05 02:30:01] 📊 Gateway 内存: 1392MB (阈值: 1024MB)
[2026-03-05 02:30:01] 📊 Gateway 内存: 1392MB (阈值: 1024MB)
[2026-03-05 02:30:01] 🟡 警告：Gateway 内存使用偏高 (1392MB > 1024MB)
[2026-03-05 02:30:01] 🟡 警告：Gateway 内存使用偏高 (1392MB > 1024MB)
[2026-03-05 02:30:01] 📊 系统内存: 2646MB / 3670MB (可用: 767MB, 20%)
[2026-03-05 02:30:01] 📊 系统内存: 2646MB / 3670MB (可用: 767MB, 20%)
[2026-03-05 02:30:01] 🟡 系统内存偏低（可用 < 30%）
[2026-03-05 02:30:01] 🟡 系统内存偏低（可用 < 30%）
[2026-03-05 02:30:01] ✅ 检查完成
[2026-03-05 02:30:01] ✅ 检查完成
[2026-03-05 03:00:02] 🔍 检查 Gateway 内存使用...
[2026-03-05 03:00:02] 🔍 检查 Gateway 内存使用...
[2026-03-05 03:00:02] 📊 Gateway 内存: 1390MB (阈值: 1024MB)
[2026-03-05 03:00:02] 📊 Gateway 内存: 1390MB (阈值: 1024MB)
[2026-03-05 03:00:02] 🟡 警告：Gateway 内存使用偏高 (1390MB > 1024MB)
[2026-03-05 03:00:02] 🟡 警告：Gateway 内存使用偏高 (1390MB > 1024MB)
[2026-03-05 03:00:02] 📊 系统内存: 2640MB / 3670MB (可用: 775MB, 21%)
[2026-03-05 03:00:02] 📊 系统内存: 2640MB / 3670MB (可用: 775MB, 21%)
[2026-03-05 03:00:02] 🟡 系统内存偏低（可用 < 30%）
[2026-03-05 03:00:02] 🟡 系统内存偏低（可用 < 30%）
[2026-03-05 03:00:02] ✅ 检查完成
[2026-03-05 03:00:02] ✅ 检查完成
[2026-03-05 03:30:01] 🔍 检查 Gateway 内存使用...
[2026-03-05 03:30:01] 🔍 检查 Gateway 内存使用...
[2026-03-05 03:30:01] 📊 Gateway 内存: 1392MB (阈值: 1024MB)
[2026-03-05 03:30:01] 📊 Gateway 内存: 1392MB (阈值: 1024MB)
[2026-03-05 03:30:01] 🟡 警告：Gateway 内存使用偏高 (1392MB > 1024MB)
[2026-03-05 03:30:01] 🟡 警告：Gateway 内存使用偏高 (1392MB > 1024MB)
[2026-03-05 03:30:01] 📊 系统内存: 2644MB / 3670MB (可用: 770MB, 20%)
[2026-03-05 03:30:01] 📊 系统内存: 2644MB / 3670MB (可用: 770MB, 20%)
[2026-03-05 03:30:01] 🟡 系统内存偏低（可用 < 30%）
[2026-03-05 03:30:01] 🟡 系统内存偏低（可用 < 30%）
[2026-03-05 03:30:01] ✅ 检查完成
[2026-03-05 03:30:01] ✅ 检查完成
[2026-03-05 04:00:02] 🔍 检查 Gateway 内存使用...
[2026-03-05 04:00:02] 🔍 检查 Gateway 内存使用...
[2026-03-05 04:00:02] 📊 Gateway 内存: 1401MB (阈值: 1024MB)
[2026-03-05 04:00:02] 📊 Gateway 内存: 1401MB (阈值: 1024MB)
[2026-03-05 04:00:02] 🟡 警告：Gateway 内存使用偏高 (1401MB > 1024MB)
[2026-03-05 04:00:02] 🟡 警告：Gateway 内存使用偏高 (1401MB > 1024MB)
[2026-03-05 04:00:02] 📊 系统内存: 2656MB / 3670MB (可用: 757MB, 20%)
[2026-03-05 04:00:02] 📊 系统内存: 2656MB / 3670MB (可用: 757MB, 20%)
[2026-03-05 04:00:02] 🟡 系统内存偏低（可用 < 30%）
[2026-03-05 04:00:02] 🟡 系统内存偏低（可用 < 30%）
[2026-03-05 04:00:02] ✅ 检查完成
[2026-03-05 04:00:02] ✅ 检查完成
[2026-03-05 04:30:01] 🔍 检查 Gateway 内存使用...
[2026-03-05 04:30:01] 🔍 检查 Gateway 内存使用...
[2026-03-05 04:30:01] 📊 Gateway 内存: 774MB (阈值: 1024MB)
[2026-03-05 04:30:01] 📊 Gateway 内存: 774MB (阈值: 1024MB)
[2026-03-05 04:30:01] ✅ Gateway 内存正常 (774MB)
[2026-03-05 04:30:01] ✅ Gateway 内存正常 (774MB)
[2026-03-05 04:30:01] 📊 系统内存: 1925MB / 3670MB (可用: 1489MB, 40%)
[2026-03-05 04:30:01] 📊 系统内存: 1925MB / 3670MB (可用: 1489MB, 40%)
[2026-03-05 04:30:01] ✅ 检查完成
[2026-03-05 04:30:01] ✅ 检查完成
[2026-03-05 05:00:02] 🔍 检查 Gateway 内存使用...
[2026-03-05 05:00:02] 🔍 检查 Gateway 内存使用...
[2026-03-05 05:00:02] 📊 Gateway 内存: 708MB (阈值: 1024MB)
[2026-03-05 05:00:02] 📊 Gateway 内存: 708MB (阈值: 1024MB)
[2026-03-05 05:00:02] ✅ Gateway 内存正常 (708MB)
[2026-03-05 05:00:02] ✅ Gateway 内存正常 (708MB)
[2026-03-05 05:00:02] 📊 系统内存: 1869MB / 3670MB (可用: 1508MB, 41%)
[2026-03-05 05:00:02] 📊 系统内存: 1869MB / 3670MB (可用: 1508MB, 41%)
[2026-03-05 05:00:02] ✅ 检查完成
[2026-03-05 05:00:02] ✅ 检查完成
[2026-03-05 05:30:01] 🔍 检查 Gateway 内存使用...
[2026-03-05 05:30:01] 🔍 检查 Gateway 内存使用...
[2026-03-05 05:30:01] 📊 Gateway 内存: 720MB (阈值: 1024MB)
[2026-03-05 05:30:01] 📊 Gateway 内存: 720MB (阈值: 1024MB)
[2026-03-05 05:30:01] ✅ Gateway 内存正常 (720MB)
[2026-03-05 05:30:01] ✅ Gateway 内存正常 (720MB)
[2026-03-05 05:30:01] 📊 系统内存: 1873MB / 3670MB (可用: 1507MB, 41%)
[2026-03-05 05:30:01] 📊 系统内存: 1873MB / 3670MB (可用: 1507MB, 41%)
[2026-03-05 05:30:01] ✅ 检查完成
[2026-03-05 05:30:01] ✅ 检查完成
[2026-03-05 06:00:01] 🔍 检查 Gateway 内存使用...
[2026-03-05 06:00:01] 🔍 检查 Gateway 内存使用...
[2026-03-05 06:00:01] 📊 Gateway 内存: 856MB (阈值: 1024MB)
[2026-03-05 06:00:01] 📊 Gateway 内存: 856MB (阈值: 1024MB)
[2026-03-05 06:00:01] ✅ Gateway 内存正常 (856MB)
[2026-03-05 06:00:01] ✅ Gateway 内存正常 (856MB)
[2026-03-05 06:00:01] 📊 系统内存: 2010MB / 3670MB (可用: 1367MB, 37%)
[2026-03-05 06:00:01] 📊 系统内存: 2010MB / 3670MB (可用: 1367MB, 37%)
[2026-03-05 06:00:01] ✅ 检查完成
[2026-03-05 06:00:01] ✅ 检查完成
[2026-03-05 06:30:01] 🔍 检查 Gateway 内存使用...
[2026-03-05 06:30:01] 🔍 检查 Gateway 内存使用...
[2026-03-05 06:30:01] 📊 Gateway 内存: 747MB (阈值: 1024MB)
[2026-03-05 06:30:01] 📊 Gateway 内存: 747MB (阈值: 1024MB)
[2026-03-05 06:30:01] ✅ Gateway 内存正常 (747MB)
[2026-03-05 06:30:01] ✅ Gateway 内存正常 (747MB)
[2026-03-05 06:30:01] 📊 系统内存: 1906MB / 3670MB (可用: 1471MB, 40%)
[2026-03-05 06:30:01] 📊 系统内存: 1906MB / 3670MB (可用: 1471MB, 40%)
[2026-03-05 06:30:01] ✅ 检查完成
[2026-03-05 06:30:01] ✅ 检查完成
[2026-03-05 07:00:01] 🔍 检查 Gateway 内存使用...
[2026-03-05 07:00:01] 🔍 检查 Gateway 内存使用...
[2026-03-05 07:00:01] 📊 Gateway 内存: 738MB (阈值: 1024MB)
[2026-03-05 07:00:01] 📊 Gateway 内存: 738MB (阈值: 1024MB)
[2026-03-05 07:00:01] ✅ Gateway 内存正常 (738MB)
[2026-03-05 07:00:01] ✅ Gateway 内存正常 (738MB)
[2026-03-05 07:00:01] 📊 系统内存: 1893MB / 3670MB (可用: 1483MB, 40%)
[2026-03-05 07:00:01] 📊 系统内存: 1893MB / 3670MB (可用: 1483MB, 40%)
[2026-03-05 07:00:01] ✅ 检查完成
[2026-03-05 07:00:01] ✅ 检查完成
[2026-03-05 07:30:01] 🔍 检查 Gateway 内存使用...
[2026-03-05 07:30:01] 🔍 检查 Gateway 内存使用...
[2026-03-05 07:30:01] 📊 Gateway 内存: 844MB (阈值: 1024MB)
[2026-03-05 07:30:01] 📊 Gateway 内存: 844MB (阈值: 1024MB)
[2026-03-05 07:30:01] ✅ Gateway 内存正常 (844MB)
[2026-03-05 07:30:01] ✅ Gateway 内存正常 (844MB)
[2026-03-05 07:30:01] 📊 系统内存: 2010MB / 3670MB (可用: 1366MB, 37%)
[2026-03-05 07:30:01] 📊 系统内存: 2010MB / 3670MB (可用: 1366MB, 37%)
[2026-03-05 07:30:01] ✅ 检查完成
[2026-03-05 07:30:01] ✅ 检查完成
[2026-03-05 08:00:02] 🔍 检查 Gateway 内存使用...
[2026-03-05 08:00:02] 🔍 检查 Gateway 内存使用...
[2026-03-05 08:00:02] 📊 Gateway 内存: 925MB (阈值: 1024MB)
[2026-03-05 08:00:02] 📊 Gateway 内存: 925MB (阈值: 1024MB)
[2026-03-05 08:00:02] ✅ Gateway 内存正常 (925MB)
[2026-03-05 08:00:02] ✅ Gateway 内存正常 (925MB)
[2026-03-05 08:00:02] 📊 系统内存: 2086MB / 3670MB (可用: 1289MB, 35%)
[2026-03-05 08:00:02] 📊 系统内存: 2086MB / 3670MB (可用: 1289MB, 35%)
[2026-03-05 08:00:02] ✅ 检查完成
[2026-03-05 08:00:02] ✅ 检查完成
[2026-03-05 08:30:02] 🔍 检查 Gateway 内存使用...
[2026-03-05 08:30:02] 🔍 检查 Gateway 内存使用...
[2026-03-05 08:30:02] 📊 Gateway 内存: 935MB (阈值: 1024MB)
[2026-03-05 08:30:02] 📊 Gateway 内存: 935MB (阈值: 1024MB)
[2026-03-05 08:30:02] ✅ Gateway 内存正常 (935MB)
[2026-03-05 08:30:02] ✅ Gateway 内存正常 (935MB)
[2026-03-05 08:30:02] 📊 系统内存: 2100MB / 3670MB (可用: 1274MB, 34%)
[2026-03-05 08:30:02] 📊 系统内存: 2100MB / 3670MB (可用: 1274MB, 34%)
[2026-03-05 08:30:02] ✅ 检查完成
[2026-03-05 08:30:02] ✅ 检查完成
[2026-03-05 09:00:01] 🔍 检查 Gateway 内存使用...
[2026-03-05 09:00:01] 🔍 检查 Gateway 内存使用...
[2026-03-05 09:00:01] 📊 Gateway 内存: 834MB (阈值: 1024MB)
[2026-03-05 09:00:01] 📊 Gateway 内存: 834MB (阈值: 1024MB)
[2026-03-05 09:00:01] ✅ Gateway 内存正常 (834MB)
[2026-03-05 09:00:01] ✅ Gateway 内存正常 (834MB)
[2026-03-05 09:00:01] 📊 系统内存: 2014MB / 3670MB (可用: 1359MB, 37%)
[2026-03-05 09:00:01] 📊 系统内存: 2014MB / 3670MB (可用: 1359MB, 37%)
[2026-03-05 09:00:01] ✅ 检查完成
[2026-03-05 09:00:01] ✅ 检查完成
[2026-03-05 09:30:01] 🔍 检查 Gateway 内存使用...
[2026-03-05 09:30:01] 🔍 检查 Gateway 内存使用...
[2026-03-05 09:30:01] 📊 Gateway 内存: 832MB (阈值: 1024MB)
[2026-03-05 09:30:01] 📊 Gateway 内存: 832MB (阈值: 1024MB)
[2026-03-05 09:30:01] ✅ Gateway 内存正常 (832MB)
[2026-03-05 09:30:01] ✅ Gateway 内存正常 (832MB)
[2026-03-05 09:30:02] 📊 系统内存: 2000MB / 3670MB (可用: 1377MB, 37%)
[2026-03-05 09:30:02] 📊 系统内存: 2000MB / 3670MB (可用: 1377MB, 37%)
[2026-03-05 09:30:02] ✅ 检查完成
[2026-03-05 09:30:02] ✅ 检查完成
[2026-03-05 10:00:01] 🔍 检查 Gateway 内存使用...
[2026-03-05 10:00:01] 🔍 检查 Gateway 内存使用...
[2026-03-05 10:00:01] 📊 Gateway 内存: 1029MB (阈值: 1024MB)
[2026-03-05 10:00:01] 📊 Gateway 内存: 1029MB (阈值: 1024MB)
[2026-03-05 10:00:01] 🟡 警告：Gateway 内存使用偏高 (1029MB > 1024MB)
[2026-03-05 10:00:01] 🟡 警告：Gateway 内存使用偏高 (1029MB > 1024MB)
[2026-03-05 10:00:01] 📊 系统内存: 2202MB / 3670MB (可用: 1176MB, 32%)
[2026-03-05 10:00:01] 📊 系统内存: 2202MB / 3670MB (可用: 1176MB, 32%)
[2026-03-05 10:00:01] ✅ 检查完成
[2026-03-05 10:00:01] ✅ 检查完成
[2026-03-05 10:30:02] 🔍 检查 Gateway 内存使用...
[2026-03-05 10:30:02] 🔍 检查 Gateway 内存使用...
[2026-03-05 10:30:02] 📊 Gateway 内存: 906MB (阈值: 1024MB)
[2026-03-05 10:30:02] 📊 Gateway 内存: 906MB (阈值: 1024MB)
[2026-03-05 10:30:02] ✅ Gateway 内存正常 (906MB)
[2026-03-05 10:30:02] ✅ Gateway 内存正常 (906MB)
[2026-03-05 10:30:02] 📊 系统内存: 2077MB / 3670MB (可用: 1300MB, 35%)
[2026-03-05 10:30:02] 📊 系统内存: 2077MB / 3670MB (可用: 1300MB, 35%)
[2026-03-05 10:30:02] ✅ 检查完成
[2026-03-05 10:30:02] ✅ 检查完成
[2026-03-05 11:00:01] 🔍 检查 Gateway 内存使用...
[2026-03-05 11:00:01] 🔍 检查 Gateway 内存使用...
[2026-03-05 11:00:01] 📊 Gateway 内存: 911MB (阈值: 1024MB)
[2026-03-05 11:00:01] 📊 Gateway 内存: 911MB (阈值: 1024MB)
[2026-03-05 11:00:01] ✅ Gateway 内存正常 (911MB)
[2026-03-05 11:00:01] ✅ Gateway 内存正常 (911MB)
[2026-03-05 11:00:01] 📊 系统内存: 2079MB / 3670MB (可用: 1306MB, 35%)
[2026-03-05 11:00:01] 📊 系统内存: 2079MB / 3670MB (可用: 1306MB, 35%)
[2026-03-05 11:00:01] ✅ 检查完成
[2026-03-05 11:00:01] ✅ 检查完成
[2026-03-05 11:30:02] 🔍 检查 Gateway 内存使用...
[2026-03-05 11:30:02] 🔍 检查 Gateway 内存使用...
[2026-03-05 11:30:02] 📊 Gateway 内存: 922MB (阈值: 1024MB)
[2026-03-05 11:30:02] 📊 Gateway 内存: 922MB (阈值: 1024MB)
[2026-03-05 11:30:02] ✅ Gateway 内存正常 (922MB)
[2026-03-05 11:30:02] ✅ Gateway 内存正常 (922MB)
[2026-03-05 11:30:02] 📊 系统内存: 2097MB / 3670MB (可用: 1288MB, 35%)
[2026-03-05 11:30:02] 📊 系统内存: 2097MB / 3670MB (可用: 1288MB, 35%)
[2026-03-05 11:30:02] ✅ 检查完成
[2026-03-05 11:30:02] ✅ 检查完成
[2026-03-05 12:00:01] 🔍 检查 Gateway 内存使用...
[2026-03-05 12:00:01] 🔍 检查 Gateway 内存使用...
[2026-03-05 12:00:01] 📊 Gateway 内存: 1058MB (阈值: 1024MB)
[2026-03-05 12:00:01] 📊 Gateway 内存: 1058MB (阈值: 1024MB)
[2026-03-05 12:00:01] 🟡 警告：Gateway 内存使用偏高 (1058MB > 1024MB)
[2026-03-05 12:00:01] 🟡 警告：Gateway 内存使用偏高 (1058MB > 1024MB)
[2026-03-05 12:00:01] 📊 系统内存: 2363MB / 3670MB (可用: 1034MB, 28%)
[2026-03-05 12:00:01] 📊 系统内存: 2363MB / 3670MB (可用: 1034MB, 28%)
[2026-03-05 12:00:01] 🟡 系统内存偏低（可用 < 30%）
[2026-03-05 12:00:01] 🟡 系统内存偏低（可用 < 30%）
[2026-03-05 12:00:01] ✅ 检查完成
[2026-03-05 12:00:01] ✅ 检查完成
[2026-03-05 12:30:01] 🔍 检查 Gateway 内存使用...
[2026-03-05 12:30:01] 🔍 检查 Gateway 内存使用...
[2026-03-05 12:30:01] 📊 Gateway 内存: 785MB (阈值: 1024MB)
[2026-03-05 12:30:01] 📊 Gateway 内存: 785MB (阈值: 1024MB)
[2026-03-05 12:30:01] ✅ Gateway 内存正常 (785MB)
[2026-03-05 12:30:01] ✅ Gateway 内存正常 (785MB)
[2026-03-05 12:30:01] 📊 系统内存: 1969MB / 3670MB (可用: 1438MB, 39%)
[2026-03-05 12:30:01] 📊 系统内存: 1969MB / 3670MB (可用: 1438MB, 39%)
[2026-03-05 12:30:01] ✅ 检查完成
[2026-03-05 12:30:01] ✅ 检查完成
[2026-03-05 13:00:01] 🔍 检查 Gateway 内存使用...
[2026-03-05 13:00:01] 🔍 检查 Gateway 内存使用...
[2026-03-05 13:00:01] 📊 Gateway 内存: 596MB (阈值: 1024MB)
[2026-03-05 13:00:01] 📊 Gateway 内存: 596MB (阈值: 1024MB)
[2026-03-05 13:00:01] ✅ Gateway 内存正常 (596MB)
[2026-03-05 13:00:01] ✅ Gateway 内存正常 (596MB)
[2026-03-05 13:00:01] 📊 系统内存: 1776MB / 3670MB (可用: 1627MB, 44%)
[2026-03-05 13:00:01] 📊 系统内存: 1776MB / 3670MB (可用: 1627MB, 44%)
[2026-03-05 13:00:01] ✅ 检查完成
[2026-03-05 13:00:01] ✅ 检查完成
[2026-03-05 13:30:01] 🔍 检查 Gateway 内存使用...
[2026-03-05 13:30:01] 🔍 检查 Gateway 内存使用...
[2026-03-05 13:30:01] 📊 Gateway 内存: 630MB (阈值: 1024MB)
[2026-03-05 13:30:01] 📊 Gateway 内存: 630MB (阈值: 1024MB)
[2026-03-05 13:30:01] ✅ Gateway 内存正常 (630MB)
[2026-03-05 13:30:01] ✅ Gateway 内存正常 (630MB)
[2026-03-05 13:30:01] 📊 系统内存: 1817MB / 3670MB (可用: 1585MB, 43%)
[2026-03-05 13:30:01] 📊 系统内存: 1817MB / 3670MB (可用: 1585MB, 43%)
[2026-03-05 13:30:01] ✅ 检查完成
[2026-03-05 13:30:01] ✅ 检查完成
[2026-03-05 14:00:01] 🔍 检查 Gateway 内存使用...
[2026-03-05 14:00:01] 🔍 检查 Gateway 内存使用...
[2026-03-05 14:00:01] 📊 Gateway 内存: 642MB (阈值: 1024MB)
[2026-03-05 14:00:01] 📊 Gateway 内存: 642MB (阈值: 1024MB)
[2026-03-05 14:00:01] ✅ Gateway 内存正常 (642MB)
[2026-03-05 14:00:01] ✅ Gateway 内存正常 (642MB)
[2026-03-05 14:00:01] 📊 系统内存: 1818MB / 3670MB (可用: 1582MB, 43%)
[2026-03-05 14:00:01] 📊 系统内存: 1818MB / 3670MB (可用: 1582MB, 43%)
[2026-03-05 14:00:01] ✅ 检查完成
[2026-03-05 14:00:01] ✅ 检查完成
[2026-03-05 14:30:01] 🔍 检查 Gateway 内存使用...
[2026-03-05 14:30:01] 🔍 检查 Gateway 内存使用...
[2026-03-05 14:30:01] 📊 Gateway 内存: 850MB (阈值: 1024MB)
[2026-03-05 14:30:01] 📊 Gateway 内存: 850MB (阈值: 1024MB)
[2026-03-05 14:30:01] ✅ Gateway 内存正常 (850MB)
[2026-03-05 14:30:01] ✅ Gateway 内存正常 (850MB)
[2026-03-05 14:30:01] 📊 系统内存: 2047MB / 3670MB (可用: 1353MB, 36%)
[2026-03-05 14:30:01] 📊 系统内存: 2047MB / 3670MB (可用: 1353MB, 36%)
[2026-03-05 14:30:01] ✅ 检查完成
[2026-03-05 14:30:01] ✅ 检查完成
[2026-03-05 15:00:02] 🔍 检查 Gateway 内存使用...
[2026-03-05 15:00:02] 🔍 检查 Gateway 内存使用...
[2026-03-05 15:00:02] 📊 Gateway 内存: 670MB (阈值: 1024MB)
[2026-03-05 15:00:02] 📊 Gateway 内存: 670MB (阈值: 1024MB)
[2026-03-05 15:00:02] ✅ Gateway 内存正常 (670MB)
[2026-03-05 15:00:02] ✅ Gateway 内存正常 (670MB)
[2026-03-05 15:00:02] 📊 系统内存: 1854MB / 3670MB (可用: 1545MB, 42%)
[2026-03-05 15:00:02] 📊 系统内存: 1854MB / 3670MB (可用: 1545MB, 42%)
[2026-03-05 15:00:02] ✅ 检查完成
[2026-03-05 15:00:02] ✅ 检查完成
[2026-03-05 15:30:02] 🔍 检查 Gateway 内存使用...
[2026-03-05 15:30:02] 🔍 检查 Gateway 内存使用...
[2026-03-05 15:30:02] 📊 Gateway 内存: 659MB (阈值: 1024MB)
[2026-03-05 15:30:02] 📊 Gateway 内存: 659MB (阈值: 1024MB)
[2026-03-05 15:30:02] ✅ Gateway 内存正常 (659MB)
[2026-03-05 15:30:02] ✅ Gateway 内存正常 (659MB)
[2026-03-05 15:30:02] 📊 系统内存: 1843MB / 3670MB (可用: 1556MB, 42%)
[2026-03-05 15:30:02] 📊 系统内存: 1843MB / 3670MB (可用: 1556MB, 42%)
[2026-03-05 15:30:02] ✅ 检查完成
[2026-03-05 15:30:02] ✅ 检查完成
[2026-03-05 16:00:01] 🔍 检查 Gateway 内存使用...
[2026-03-05 16:00:01] 🔍 检查 Gateway 内存使用...
[2026-03-05 16:00:01] 📊 Gateway 内存: 866MB (阈值: 1024MB)
[2026-03-05 16:00:01] 📊 Gateway 内存: 866MB (阈值: 1024MB)
[2026-03-05 16:00:01] ✅ Gateway 内存正常 (866MB)
[2026-03-05 16:00:01] ✅ Gateway 内存正常 (866MB)
[2026-03-05 16:00:01] 📊 系统内存: 2058MB / 3670MB (可用: 1341MB, 36%)
[2026-03-05 16:00:01] 📊 系统内存: 2058MB / 3670MB (可用: 1341MB, 36%)
[2026-03-05 16:00:01] ✅ 检查完成
[2026-03-05 16:00:01] ✅ 检查完成
[2026-03-05 16:30:01] 🔍 检查 Gateway 内存使用...
[2026-03-05 16:30:01] 🔍 检查 Gateway 内存使用...
[2026-03-05 16:30:01] 📊 Gateway 内存: 960MB (阈值: 1024MB)
[2026-03-05 16:30:01] 📊 Gateway 内存: 960MB (阈值: 1024MB)
[2026-03-05 16:30:01] ✅ Gateway 内存正常 (960MB)
[2026-03-05 16:30:01] ✅ Gateway 内存正常 (960MB)
[2026-03-05 16:30:01] 📊 系统内存: 2155MB / 3670MB (可用: 1243MB, 33%)
[2026-03-05 16:30:01] 📊 系统内存: 2155MB / 3670MB (可用: 1243MB, 33%)
[2026-03-05 16:30:01] ✅ 检查完成
[2026-03-05 16:30:01] ✅ 检查完成
[2026-03-05 17:00:01] 🔍 检查 Gateway 内存使用...
[2026-03-05 17:00:01] 🔍 检查 Gateway 内存使用...
[2026-03-05 17:00:01] 📊 Gateway 内存: 737MB (阈值: 1024MB)
[2026-03-05 17:00:01] 📊 Gateway 内存: 737MB (阈值: 1024MB)
[2026-03-05 17:00:01] ✅ Gateway 内存正常 (737MB)
[2026-03-05 17:00:01] ✅ Gateway 内存正常 (737MB)
[2026-03-05 17:00:01] 📊 系统内存: 1927MB / 3670MB (可用: 1465MB, 39%)
[2026-03-05 17:00:01] 📊 系统内存: 1927MB / 3670MB (可用: 1465MB, 39%)
[2026-03-05 17:00:01] ✅ 检查完成
[2026-03-05 17:00:01] ✅ 检查完成
[2026-03-05 17:30:01] 🔍 检查 Gateway 内存使用...
[2026-03-05 17:30:01] 🔍 检查 Gateway 内存使用...
[2026-03-05 17:30:01] 📊 Gateway 内存: 749MB (阈值: 1024MB)
[2026-03-05 17:30:01] 📊 Gateway 内存: 749MB (阈值: 1024MB)
[2026-03-05 17:30:01] ✅ Gateway 内存正常 (749MB)
[2026-03-05 17:30:01] ✅ Gateway 内存正常 (749MB)
[2026-03-05 17:30:01] 📊 系统内存: 1936MB / 3670MB (可用: 1456MB, 39%)
[2026-03-05 17:30:01] 📊 系统内存: 1936MB / 3670MB (可用: 1456MB, 39%)
[2026-03-05 17:30:01] ✅ 检查完成
[2026-03-05 17:30:01] ✅ 检查完成
[2026-03-05 18:00:01] 🔍 检查 Gateway 内存使用...
[2026-03-05 18:00:01] 🔍 检查 Gateway 内存使用...
[2026-03-05 18:00:01] 📊 Gateway 内存: 764MB (阈值: 1024MB)
[2026-03-05 18:00:01] 📊 Gateway 内存: 764MB (阈值: 1024MB)
[2026-03-05 18:00:01] ✅ Gateway 内存正常 (764MB)
[2026-03-05 18:00:01] ✅ Gateway 内存正常 (764MB)
[2026-03-05 18:00:01] 📊 系统内存: 1993MB / 3670MB (可用: 1393MB, 37%)
[2026-03-05 18:00:01] 📊 系统内存: 1993MB / 3670MB (可用: 1393MB, 37%)
[2026-03-05 18:00:01] ✅ 检查完成
[2026-03-05 18:00:01] ✅ 检查完成
[2026-03-05 18:30:01] 🔍 检查 Gateway 内存使用...
[2026-03-05 18:30:01] 🔍 检查 Gateway 内存使用...
[2026-03-05 18:30:01] 📊 Gateway 内存: 783MB (阈值: 1024MB)
[2026-03-05 18:30:01] 📊 Gateway 内存: 783MB (阈值: 1024MB)
[2026-03-05 18:30:01] ✅ Gateway 内存正常 (783MB)
[2026-03-05 18:30:01] ✅ Gateway 内存正常 (783MB)
[2026-03-05 18:30:01] 📊 系统内存: 2019MB / 3670MB (可用: 1375MB, 37%)
[2026-03-05 18:30:01] 📊 系统内存: 2019MB / 3670MB (可用: 1375MB, 37%)
[2026-03-05 18:30:01] ✅ 检查完成
[2026-03-05 18:30:01] ✅ 检查完成
[2026-03-05 19:00:01] 🔍 检查 Gateway 内存使用...
[2026-03-05 19:00:01] 🔍 检查 Gateway 内存使用...
[2026-03-05 19:00:01] 📊 Gateway 内存: 794MB (阈值: 1024MB)
[2026-03-05 19:00:01] 📊 Gateway 内存: 794MB (阈值: 1024MB)
[2026-03-05 19:00:01] ✅ Gateway 内存正常 (794MB)
[2026-03-05 19:00:01] ✅ Gateway 内存正常 (794MB)
[2026-03-05 19:00:01] 📊 系统内存: 2039MB / 3670MB (可用: 1354MB, 36%)
[2026-03-05 19:00:01] 📊 系统内存: 2039MB / 3670MB (可用: 1354MB, 36%)
[2026-03-05 19:00:01] ✅ 检查完成
[2026-03-05 19:00:01] ✅ 检查完成
[2026-03-05 19:30:01] 🔍 检查 Gateway 内存使用...
[2026-03-05 19:30:01] 🔍 检查 Gateway 内存使用...
[2026-03-05 19:30:01] 📊 Gateway 内存: 812MB (阈值: 1024MB)
[2026-03-05 19:30:01] 📊 Gateway 内存: 812MB (阈值: 1024MB)
[2026-03-05 19:30:01] ✅ Gateway 内存正常 (812MB)
[2026-03-05 19:30:01] ✅ Gateway 内存正常 (812MB)
[2026-03-05 19:30:01] 📊 系统内存: 2043MB / 3670MB (可用: 1351MB, 36%)
[2026-03-05 19:30:01] 📊 系统内存: 2043MB / 3670MB (可用: 1351MB, 36%)
[2026-03-05 19:30:01] ✅ 检查完成
[2026-03-05 19:30:01] ✅ 检查完成
[2026-03-05 20:00:01] 🔍 检查 Gateway 内存使用...
[2026-03-05 20:00:01] 🔍 检查 Gateway 内存使用...
[2026-03-05 20:00:01] 📊 Gateway 内存: 1001MB (阈值: 1024MB)
[2026-03-05 20:00:01] 📊 Gateway 内存: 1001MB (阈值: 1024MB)
[2026-03-05 20:00:01] ✅ Gateway 内存正常 (1001MB)
[2026-03-05 20:00:01] ✅ Gateway 内存正常 (1001MB)
[2026-03-05 20:00:01] 📊 系统内存: 2241MB / 3670MB (可用: 1151MB, 31%)
[2026-03-05 20:00:01] 📊 系统内存: 2241MB / 3670MB (可用: 1151MB, 31%)
[2026-03-05 20:00:01] ✅ 检查完成
[2026-03-05 20:00:01] ✅ 检查完成
[2026-03-05 20:30:01] 🔍 检查 Gateway 内存使用...
[2026-03-05 20:30:01] 🔍 检查 Gateway 内存使用...
[2026-03-05 20:30:01] 📊 Gateway 内存: 1029MB (阈值: 1024MB)
[2026-03-05 20:30:01] 📊 Gateway 内存: 1029MB (阈值: 1024MB)
[2026-03-05 20:30:01] 🟡 警告：Gateway 内存使用偏高 (1029MB > 1024MB)
[2026-03-05 20:30:01] 🟡 警告：Gateway 内存使用偏高 (1029MB > 1024MB)
[2026-03-05 20:30:01] 📊 系统内存: 2279MB / 3670MB (可用: 1114MB, 30%)
[2026-03-05 20:30:01] 📊 系统内存: 2279MB / 3670MB (可用: 1114MB, 30%)
[2026-03-05 20:30:01] ✅ 检查完成
[2026-03-05 20:30:01] ✅ 检查完成
[2026-03-05 21:00:02] 🔍 检查 Gateway 内存使用...
[2026-03-05 21:00:02] 🔍 检查 Gateway 内存使用...
[2026-03-05 21:00:02] 📊 Gateway 内存: 858MB (阈值: 1024MB)
[2026-03-05 21:00:02] 📊 Gateway 内存: 858MB (阈值: 1024MB)
[2026-03-05 21:00:02] ✅ Gateway 内存正常 (858MB)
[2026-03-05 21:00:02] ✅ Gateway 内存正常 (858MB)
[2026-03-05 21:00:02] 📊 系统内存: 2103MB / 3670MB (可用: 1293MB, 35%)
[2026-03-05 21:00:02] 📊 系统内存: 2103MB / 3670MB (可用: 1293MB, 35%)
[2026-03-05 21:00:02] ✅ 检查完成
[2026-03-05 21:00:02] ✅ 检查完成
[2026-03-05 21:30:01] 🔍 检查 Gateway 内存使用...
[2026-03-05 21:30:01] 🔍 检查 Gateway 内存使用...
[2026-03-05 21:30:01] 📊 Gateway 内存: 868MB (阈值: 1024MB)
[2026-03-05 21:30:01] 📊 Gateway 内存: 868MB (阈值: 1024MB)
[2026-03-05 21:30:01] ✅ Gateway 内存正常 (868MB)
[2026-03-05 21:30:01] ✅ Gateway 内存正常 (868MB)
[2026-03-05 21:30:01] 📊 系统内存: 2111MB / 3670MB (可用: 1284MB, 34%)
[2026-03-05 21:30:01] 📊 系统内存: 2111MB / 3670MB (可用: 1284MB, 34%)
[2026-03-05 21:30:01] ✅ 检查完成
[2026-03-05 21:30:01] ✅ 检查完成
[2026-03-05 22:00:01] 🔍 检查 Gateway 内存使用...
[2026-03-05 22:00:01] 🔍 检查 Gateway 内存使用...
[2026-03-05 22:00:01] 📊 Gateway 内存: 981MB (阈值: 1024MB)
[2026-03-05 22:00:01] 📊 Gateway 内存: 981MB (阈值: 1024MB)
[2026-03-05 22:00:01] ✅ Gateway 内存正常 (981MB)
[2026-03-05 22:00:01] ✅ Gateway 内存正常 (981MB)
[2026-03-05 22:00:01] 📊 系统内存: 2232MB / 3670MB (可用: 1164MB, 31%)
[2026-03-05 22:00:01] 📊 系统内存: 2232MB / 3670MB (可用: 1164MB, 31%)
[2026-03-05 22:00:02] ✅ 检查完成
[2026-03-05 22:00:02] ✅ 检查完成
[2026-03-05 22:30:02] 🔍 检查 Gateway 内存使用...
[2026-03-05 22:30:02] 🔍 检查 Gateway 内存使用...
[2026-03-05 22:30:02] 📊 Gateway 内存: 895MB (阈值: 1024MB)
[2026-03-05 22:30:02] 📊 Gateway 内存: 895MB (阈值: 1024MB)
[2026-03-05 22:30:02] ✅ Gateway 内存正常 (895MB)
[2026-03-05 22:30:02] ✅ Gateway 内存正常 (895MB)
[2026-03-05 22:30:02] 📊 系统内存: 2143MB / 3670MB (可用: 1250MB, 34%)
[2026-03-05 22:30:02] 📊 系统内存: 2143MB / 3670MB (可用: 1250MB, 34%)
[2026-03-05 22:30:02] ✅ 检查完成
[2026-03-05 22:30:02] ✅ 检查完成
[2026-03-05 23:00:01] 🔍 检查 Gateway 内存使用...
[2026-03-05 23:00:01] 🔍 检查 Gateway 内存使用...
[2026-03-05 23:00:01] 📊 Gateway 内存: 1093MB (阈值: 1024MB)
[2026-03-05 23:00:01] 📊 Gateway 内存: 1093MB (阈值: 1024MB)
[2026-03-05 23:00:01] 🟡 警告：Gateway 内存使用偏高 (1093MB > 1024MB)
[2026-03-05 23:00:01] 🟡 警告：Gateway 内存使用偏高 (1093MB > 1024MB)
[2026-03-05 23:00:01] 📊 系统内存: 2342MB / 3670MB (可用: 1057MB, 28%)
[2026-03-05 23:00:01] 📊 系统内存: 2342MB / 3670MB (可用: 1057MB, 28%)
[2026-03-05 23:00:01] 🟡 系统内存偏低（可用 < 30%）
[2026-03-05 23:00:01] 🟡 系统内存偏低（可用 < 30%）
[2026-03-05 23:00:01] ✅ 检查完成
[2026-03-05 23:00:01] ✅ 检查完成
[2026-03-05 23:30:01] 🔍 检查 Gateway 内存使用...
[2026-03-05 23:30:01] 🔍 检查 Gateway 内存使用...
[2026-03-05 23:30:01] 📊 Gateway 内存: 947MB (阈值: 1024MB)
[2026-03-05 23:30:01] 📊 Gateway 内存: 947MB (阈值: 1024MB)
[2026-03-05 23:30:01] ✅ Gateway 内存正常 (947MB)
[2026-03-05 23:30:01] ✅ Gateway 内存正常 (947MB)
[2026-03-05 23:30:01] 📊 系统内存: 2199MB / 3670MB (可用: 1200MB, 32%)
[2026-03-05 23:30:01] 📊 系统内存: 2199MB / 3670MB (可用: 1200MB, 32%)
[2026-03-05 23:30:01] ✅ 检查完成
[2026-03-05 23:30:01] ✅ 检查完成
[2026-03-06 00:00:01] 🔍 检查 Gateway 内存使用...
[2026-03-06 00:00:01] 🔍 检查 Gateway 内存使用...
[2026-03-06 00:00:01] 📊 Gateway 内存: 1178MB (阈值: 1024MB)
[2026-03-06 00:00:01] 📊 Gateway 内存: 1178MB (阈值: 1024MB)
[2026-03-06 00:00:01] 🟡 警告：Gateway 内存使用偏高 (1178MB > 1024MB)
[2026-03-06 00:00:01] 🟡 警告：Gateway 内存使用偏高 (1178MB > 1024MB)
[2026-03-06 00:00:01] 📊 系统内存: 2435MB / 3670MB (可用: 963MB, 26%)
[2026-03-06 00:00:01] 📊 系统内存: 2435MB / 3670MB (可用: 963MB, 26%)
[2026-03-06 00:00:01] 🟡 系统内存偏低（可用 < 30%）
[2026-03-06 00:00:01] 🟡 系统内存偏低（可用 < 30%）
[2026-03-06 00:00:01] ✅ 检查完成
[2026-03-06 00:00:01] ✅ 检查完成
[2026-03-06 00:30:01] 🔍 检查 Gateway 内存使用...
[2026-03-06 00:30:01] 🔍 检查 Gateway 内存使用...
[2026-03-06 00:30:01] 📊 Gateway 内存: 1159MB (阈值: 1024MB)
[2026-03-06 00:30:01] 📊 Gateway 内存: 1159MB (阈值: 1024MB)
[2026-03-06 00:30:01] 🟡 警告：Gateway 内存使用偏高 (1159MB > 1024MB)
[2026-03-06 00:30:01] 🟡 警告：Gateway 内存使用偏高 (1159MB > 1024MB)
[2026-03-06 00:30:01] 📊 系统内存: 2420MB / 3670MB (可用: 980MB, 26%)
[2026-03-06 00:30:01] 📊 系统内存: 2420MB / 3670MB (可用: 980MB, 26%)
[2026-03-06 00:30:01] 🟡 系统内存偏低（可用 < 30%）
[2026-03-06 00:30:01] 🟡 系统内存偏低（可用 < 30%）
[2026-03-06 00:30:01] ✅ 检查完成
[2026-03-06 00:30:01] ✅ 检查完成
[2026-03-06 01:00:02] 🔍 检查 Gateway 内存使用...
[2026-03-06 01:00:02] 🔍 检查 Gateway 内存使用...
[2026-03-06 01:00:02] 📊 Gateway 内存: 1001MB (阈值: 1024MB)
[2026-03-06 01:00:02] 📊 Gateway 内存: 1001MB (阈值: 1024MB)
[2026-03-06 01:00:02] ✅ Gateway 内存正常 (1001MB)
[2026-03-06 01:00:02] ✅ Gateway 内存正常 (1001MB)
[2026-03-06 01:00:02] 📊 系统内存: 2262MB / 3670MB (可用: 1142MB, 31%)
[2026-03-06 01:00:02] 📊 系统内存: 2262MB / 3670MB (可用: 1142MB, 31%)
[2026-03-06 01:00:02] ✅ 检查完成
[2026-03-06 01:00:02] ✅ 检查完成
[2026-03-06 01:30:02] 🔍 检查 Gateway 内存使用...
[2026-03-06 01:30:02] 🔍 检查 Gateway 内存使用...
[2026-03-06 01:30:02] 📊 Gateway 内存: 988MB (阈值: 1024MB)
[2026-03-06 01:30:02] 📊 Gateway 内存: 988MB (阈值: 1024MB)
[2026-03-06 01:30:02] ✅ Gateway 内存正常 (988MB)
[2026-03-06 01:30:02] ✅ Gateway 内存正常 (988MB)
[2026-03-06 01:30:02] 📊 系统内存: 2241MB / 3670MB (可用: 1159MB, 31%)
[2026-03-06 01:30:02] 📊 系统内存: 2241MB / 3670MB (可用: 1159MB, 31%)
[2026-03-06 01:30:02] ✅ 检查完成
[2026-03-06 01:30:02] ✅ 检查完成
[2026-03-06 02:00:01] 🔍 检查 Gateway 内存使用...
[2026-03-06 02:00:01] 🔍 检查 Gateway 内存使用...
[2026-03-06 02:00:01] 📊 Gateway 内存: 1217MB (阈值: 1024MB)
[2026-03-06 02:00:01] 📊 Gateway 内存: 1217MB (阈值: 1024MB)
[2026-03-06 02:00:01] 🟡 警告：Gateway 内存使用偏高 (1217MB > 1024MB)
[2026-03-06 02:00:01] 🟡 警告：Gateway 内存使用偏高 (1217MB > 1024MB)
[2026-03-06 02:00:01] 📊 系统内存: 2481MB / 3670MB (可用: 919MB, 25%)
[2026-03-06 02:00:01] 📊 系统内存: 2481MB / 3670MB (可用: 919MB, 25%)
[2026-03-06 02:00:01] 🟡 系统内存偏低（可用 < 30%）
[2026-03-06 02:00:01] 🟡 系统内存偏低（可用 < 30%）
[2026-03-06 02:00:01] ✅ 检查完成
[2026-03-06 02:00:01] ✅ 检查完成
[2026-03-06 02:30:01] 🔍 检查 Gateway 内存使用...
[2026-03-06 02:30:01] 🔍 检查 Gateway 内存使用...
[2026-03-06 02:30:01] 📊 Gateway 内存: 1026MB (阈值: 1024MB)
[2026-03-06 02:30:01] 📊 Gateway 内存: 1026MB (阈值: 1024MB)
[2026-03-06 02:30:01] 🟡 警告：Gateway 内存使用偏高 (1026MB > 1024MB)
[2026-03-06 02:30:01] 🟡 警告：Gateway 内存使用偏高 (1026MB > 1024MB)
[2026-03-06 02:30:01] 📊 系统内存: 2290MB / 3670MB (可用: 1111MB, 30%)
[2026-03-06 02:30:01] 📊 系统内存: 2290MB / 3670MB (可用: 1111MB, 30%)
[2026-03-06 02:30:01] ✅ 检查完成
[2026-03-06 02:30:01] ✅ 检查完成
[2026-03-06 03:00:01] 🔍 检查 Gateway 内存使用...
[2026-03-06 03:00:01] 🔍 检查 Gateway 内存使用...
[2026-03-06 03:00:01] 📊 Gateway 内存: 1164MB (阈值: 1024MB)
[2026-03-06 03:00:01] 📊 Gateway 内存: 1164MB (阈值: 1024MB)
[2026-03-06 03:00:01] 🟡 警告：Gateway 内存使用偏高 (1164MB > 1024MB)
[2026-03-06 03:00:01] 🟡 警告：Gateway 内存使用偏高 (1164MB > 1024MB)
[2026-03-06 03:00:01] 📊 系统内存: 2427MB / 3670MB (可用: 975MB, 26%)
[2026-03-06 03:00:01] 📊 系统内存: 2427MB / 3670MB (可用: 975MB, 26%)
[2026-03-06 03:00:01] 🟡 系统内存偏低（可用 < 30%）
[2026-03-06 03:00:01] 🟡 系统内存偏低（可用 < 30%）
[2026-03-06 03:00:01] ✅ 检查完成
[2026-03-06 03:00:01] ✅ 检查完成
[2026-03-06 03:30:01] 🔍 检查 Gateway 内存使用...
[2026-03-06 03:30:01] 🔍 检查 Gateway 内存使用...
[2026-03-06 03:30:01] 📊 Gateway 内存: 1061MB (阈值: 1024MB)
[2026-03-06 03:30:01] 📊 Gateway 内存: 1061MB (阈值: 1024MB)
[2026-03-06 03:30:01] 🟡 警告：Gateway 内存使用偏高 (1061MB > 1024MB)
[2026-03-06 03:30:01] 🟡 警告：Gateway 内存使用偏高 (1061MB > 1024MB)
[2026-03-06 03:30:01] 📊 系统内存: 2323MB / 3670MB (可用: 1079MB, 29%)
[2026-03-06 03:30:01] 📊 系统内存: 2323MB / 3670MB (可用: 1079MB, 29%)
[2026-03-06 03:30:01] 🟡 系统内存偏低（可用 < 30%）
[2026-03-06 03:30:01] 🟡 系统内存偏低（可用 < 30%）
[2026-03-06 03:30:01] ✅ 检查完成
[2026-03-06 03:30:01] ✅ 检查完成
[2026-03-06 04:00:01] 🔍 检查 Gateway 内存使用...
[2026-03-06 04:00:01] 🔍 检查 Gateway 内存使用...
[2026-03-06 04:00:01] 📊 Gateway 内存: 1237MB (阈值: 1024MB)
[2026-03-06 04:00:01] 📊 Gateway 内存: 1237MB (阈值: 1024MB)
[2026-03-06 04:00:01] 🟡 警告：Gateway 内存使用偏高 (1237MB > 1024MB)
[2026-03-06 04:00:01] 🟡 警告：Gateway 内存使用偏高 (1237MB > 1024MB)
[2026-03-06 04:00:01] 📊 系统内存: 2511MB / 3670MB (可用: 891MB, 24%)
[2026-03-06 04:00:01] 📊 系统内存: 2511MB / 3670MB (可用: 891MB, 24%)
[2026-03-06 04:00:01] 🟡 系统内存偏低（可用 < 30%）
[2026-03-06 04:00:01] 🟡 系统内存偏低（可用 < 30%）
[2026-03-06 04:00:01] ✅ 检查完成
[2026-03-06 04:00:01] ✅ 检查完成
[2026-03-06 04:30:02] 🔍 检查 Gateway 内存使用...
[2026-03-06 04:30:02] 🔍 检查 Gateway 内存使用...
[2026-03-06 04:30:02] 📊 Gateway 内存: 843MB (阈值: 1024MB)
[2026-03-06 04:30:02] 📊 Gateway 内存: 843MB (阈值: 1024MB)
[2026-03-06 04:30:02] ✅ Gateway 内存正常 (843MB)
[2026-03-06 04:30:02] ✅ Gateway 内存正常 (843MB)
[2026-03-06 04:30:02] 📊 系统内存: 2044MB / 3670MB (可用: 1357MB, 36%)
[2026-03-06 04:30:02] 📊 系统内存: 2044MB / 3670MB (可用: 1357MB, 36%)
[2026-03-06 04:30:02] ✅ 检查完成
[2026-03-06 04:30:02] ✅ 检查完成
[2026-03-06 05:00:01] 🔍 检查 Gateway 内存使用...
[2026-03-06 05:00:01] 🔍 检查 Gateway 内存使用...
[2026-03-06 05:00:01] 📊 Gateway 内存: 720MB (阈值: 1024MB)
[2026-03-06 05:00:01] 📊 Gateway 内存: 720MB (阈值: 1024MB)
[2026-03-06 05:00:01] ✅ Gateway 内存正常 (720MB)
[2026-03-06 05:00:01] ✅ Gateway 内存正常 (720MB)
[2026-03-06 05:00:01] 📊 系统内存: 1920MB / 3670MB (可用: 1470MB, 40%)
[2026-03-06 05:00:01] 📊 系统内存: 1920MB / 3670MB (可用: 1470MB, 40%)
[2026-03-06 05:00:01] ✅ 检查完成
[2026-03-06 05:00:01] ✅ 检查完成
[2026-03-06 05:30:01] 🔍 检查 Gateway 内存使用...
[2026-03-06 05:30:01] 🔍 检查 Gateway 内存使用...
[2026-03-06 05:30:01] 📊 Gateway 内存: 816MB (阈值: 1024MB)
[2026-03-06 05:30:01] 📊 Gateway 内存: 816MB (阈值: 1024MB)
[2026-03-06 05:30:01] ✅ Gateway 内存正常 (816MB)
[2026-03-06 05:30:01] ✅ Gateway 内存正常 (816MB)
[2026-03-06 05:30:01] 📊 系统内存: 2029MB / 3670MB (可用: 1361MB, 37%)
[2026-03-06 05:30:01] 📊 系统内存: 2029MB / 3670MB (可用: 1361MB, 37%)
[2026-03-06 05:30:01] ✅ 检查完成
[2026-03-06 05:30:01] ✅ 检查完成
[2026-03-06 06:00:01] 🔍 检查 Gateway 内存使用...
[2026-03-06 06:00:01] 🔍 检查 Gateway 内存使用...
[2026-03-06 06:00:01] 📊 Gateway 内存: 951MB (阈值: 1024MB)
[2026-03-06 06:00:01] 📊 Gateway 内存: 951MB (阈值: 1024MB)
[2026-03-06 06:00:01] ✅ Gateway 内存正常 (951MB)
[2026-03-06 06:00:01] ✅ Gateway 内存正常 (951MB)
[2026-03-06 06:00:01] 📊 系统内存: 2176MB / 3670MB (可用: 1211MB, 32%)
[2026-03-06 06:00:01] 📊 系统内存: 2176MB / 3670MB (可用: 1211MB, 32%)
[2026-03-06 06:00:01] ✅ 检查完成
[2026-03-06 06:00:01] ✅ 检查完成
[2026-03-06 06:30:01] 🔍 检查 Gateway 内存使用...
[2026-03-06 06:30:01] 🔍 检查 Gateway 内存使用...
[2026-03-06 06:30:01] 📊 Gateway 内存: 857MB (阈值: 1024MB)
[2026-03-06 06:30:01] 📊 Gateway 内存: 857MB (阈值: 1024MB)
[2026-03-06 06:30:01] ✅ Gateway 内存正常 (857MB)
[2026-03-06 06:30:01] ✅ Gateway 内存正常 (857MB)
[2026-03-06 06:30:01] 📊 系统内存: 2075MB / 3670MB (可用: 1311MB, 35%)
[2026-03-06 06:30:01] 📊 系统内存: 2075MB / 3670MB (可用: 1311MB, 35%)
[2026-03-06 06:30:01] ✅ 检查完成
[2026-03-06 06:30:01] ✅ 检查完成
[2026-03-06 07:00:01] 🔍 检查 Gateway 内存使用...
[2026-03-06 07:00:01] 🔍 检查 Gateway 内存使用...
[2026-03-06 07:00:01] 📊 Gateway 内存: 771MB (阈值: 1024MB)
[2026-03-06 07:00:01] 📊 Gateway 内存: 771MB (阈值: 1024MB)
[2026-03-06 07:00:01] ✅ Gateway 内存正常 (771MB)
[2026-03-06 07:00:01] ✅ Gateway 内存正常 (771MB)
[2026-03-06 07:00:01] 📊 系统内存: 1982MB / 3670MB (可用: 1413MB, 38%)
[2026-03-06 07:00:01] 📊 系统内存: 1982MB / 3670MB (可用: 1413MB, 38%)
[2026-03-06 07:00:01] ✅ 检查完成
[2026-03-06 07:00:01] ✅ 检查完成
[2026-03-06 07:30:01] 🔍 检查 Gateway 内存使用...
[2026-03-06 07:30:01] 🔍 检查 Gateway 内存使用...
[2026-03-06 07:30:01] 📊 Gateway 内存: 798MB (阈值: 1024MB)
[2026-03-06 07:30:01] 📊 Gateway 内存: 798MB (阈值: 1024MB)
[2026-03-06 07:30:01] ✅ Gateway 内存正常 (798MB)
[2026-03-06 07:30:01] ✅ Gateway 内存正常 (798MB)
[2026-03-06 07:30:01] 📊 系统内存: 2020MB / 3670MB (可用: 1375MB, 37%)
[2026-03-06 07:30:01] 📊 系统内存: 2020MB / 3670MB (可用: 1375MB, 37%)
[2026-03-06 07:30:01] ✅ 检查完成
[2026-03-06 07:30:01] ✅ 检查完成
[2026-03-06 08:00:01] 🔍 检查 Gateway 内存使用...
[2026-03-06 08:00:01] 🔍 检查 Gateway 内存使用...
[2026-03-06 08:00:01] 📊 Gateway 内存: 985MB (阈值: 1024MB)
[2026-03-06 08:00:01] 📊 Gateway 内存: 985MB (阈值: 1024MB)
[2026-03-06 08:00:01] ✅ Gateway 内存正常 (985MB)
[2026-03-06 08:00:01] ✅ Gateway 内存正常 (985MB)
[2026-03-06 08:00:01] 📊 系统内存: 2212MB / 3670MB (可用: 1183MB, 32%)
[2026-03-06 08:00:01] 📊 系统内存: 2212MB / 3670MB (可用: 1183MB, 32%)
[2026-03-06 08:00:01] ✅ 检查完成
[2026-03-06 08:00:01] ✅ 检查完成
[2026-03-06 08:30:01] 🔍 检查 Gateway 内存使用...
[2026-03-06 08:30:01] 🔍 检查 Gateway 内存使用...
[2026-03-06 08:30:01] 📊 Gateway 内存: 1018MB (阈值: 1024MB)
[2026-03-06 08:30:01] 📊 Gateway 内存: 1018MB (阈值: 1024MB)
[2026-03-06 08:30:01] ✅ Gateway 内存正常 (1018MB)
[2026-03-06 08:30:01] ✅ Gateway 内存正常 (1018MB)
[2026-03-06 08:30:01] 📊 系统内存: 2244MB / 3670MB (可用: 1149MB, 31%)
[2026-03-06 08:30:01] 📊 系统内存: 2244MB / 3670MB (可用: 1149MB, 31%)
[2026-03-06 08:30:01] ✅ 检查完成
[2026-03-06 08:30:01] ✅ 检查完成
[2026-03-06 09:00:01] 🔍 检查 Gateway 内存使用...
[2026-03-06 09:00:01] 🔍 检查 Gateway 内存使用...
[2026-03-06 09:00:01] 📊 Gateway 内存: 916MB (阈值: 1024MB)
[2026-03-06 09:00:01] 📊 Gateway 内存: 916MB (阈值: 1024MB)
[2026-03-06 09:00:01] ✅ Gateway 内存正常 (916MB)
[2026-03-06 09:00:01] ✅ Gateway 内存正常 (916MB)
[2026-03-06 09:00:01] 📊 系统内存: 2143MB / 3670MB (可用: 1249MB, 34%)
[2026-03-06 09:00:01] 📊 系统内存: 2143MB / 3670MB (可用: 1249MB, 34%)
[2026-03-06 09:00:01] ✅ 检查完成
[2026-03-06 09:00:01] ✅ 检查完成
[2026-03-06 09:30:01] 🔍 检查 Gateway 内存使用...
[2026-03-06 09:30:01] 🔍 检查 Gateway 内存使用...
[2026-03-06 09:30:01] 📊 Gateway 内存: 949MB (阈值: 1024MB)
[2026-03-06 09:30:01] 📊 Gateway 内存: 949MB (阈值: 1024MB)
[2026-03-06 09:30:01] ✅ Gateway 内存正常 (949MB)
[2026-03-06 09:30:01] ✅ Gateway 内存正常 (949MB)
[2026-03-06 09:30:01] 📊 系统内存: 2171MB / 3670MB (可用: 1221MB, 33%)
[2026-03-06 09:30:01] 📊 系统内存: 2171MB / 3670MB (可用: 1221MB, 33%)
[2026-03-06 09:30:01] ✅ 检查完成
[2026-03-06 09:30:01] ✅ 检查完成
[2026-03-06 10:00:02] 🔍 检查 Gateway 内存使用...
[2026-03-06 10:00:02] 🔍 检查 Gateway 内存使用...
[2026-03-06 10:00:02] 📊 Gateway 内存: 966MB (阈值: 1024MB)
[2026-03-06 10:00:02] 📊 Gateway 内存: 966MB (阈值: 1024MB)
[2026-03-06 10:00:02] ✅ Gateway 内存正常 (966MB)
[2026-03-06 10:00:02] ✅ Gateway 内存正常 (966MB)
[2026-03-06 10:00:02] 📊 系统内存: 2194MB / 3670MB (可用: 1201MB, 32%)
[2026-03-06 10:00:02] 📊 系统内存: 2194MB / 3670MB (可用: 1201MB, 32%)
[2026-03-06 10:00:02] ✅ 检查完成
[2026-03-06 10:00:02] ✅ 检查完成
[2026-03-06 10:30:02] 🔍 检查 Gateway 内存使用...
[2026-03-06 10:30:02] 🔍 检查 Gateway 内存使用...
[2026-03-06 10:30:02] 📊 Gateway 内存: 979MB (阈值: 1024MB)
[2026-03-06 10:30:02] 📊 Gateway 内存: 979MB (阈值: 1024MB)
[2026-03-06 10:30:02] ✅ Gateway 内存正常 (979MB)
[2026-03-06 10:30:02] ✅ Gateway 内存正常 (979MB)
[2026-03-06 10:30:02] 📊 系统内存: 2204MB / 3670MB (可用: 1185MB, 32%)
[2026-03-06 10:30:02] 📊 系统内存: 2204MB / 3670MB (可用: 1185MB, 32%)
[2026-03-06 10:30:02] ✅ 检查完成
[2026-03-06 10:30:02] ✅ 检查完成
[2026-03-06 11:00:01] 🔍 检查 Gateway 内存使用...
[2026-03-06 11:00:01] 🔍 检查 Gateway 内存使用...
[2026-03-06 11:00:01] 📊 Gateway 内存: 877MB (阈值: 1024MB)
[2026-03-06 11:00:01] 📊 Gateway 内存: 877MB (阈值: 1024MB)
[2026-03-06 11:00:01] ✅ Gateway 内存正常 (877MB)
[2026-03-06 11:00:01] ✅ Gateway 内存正常 (877MB)
[2026-03-06 11:00:01] 📊 系统内存: 2102MB / 3670MB (可用: 1274MB, 34%)
[2026-03-06 11:00:01] 📊 系统内存: 2102MB / 3670MB (可用: 1274MB, 34%)
[2026-03-06 11:00:01] ✅ 检查完成
[2026-03-06 11:00:01] ✅ 检查完成
[2026-03-06 11:30:01] 🔍 检查 Gateway 内存使用...
[2026-03-06 11:30:01] 🔍 检查 Gateway 内存使用...
[2026-03-06 11:30:01] 📊 Gateway 内存: 920MB (阈值: 1024MB)
[2026-03-06 11:30:01] 📊 Gateway 内存: 920MB (阈值: 1024MB)
[2026-03-06 11:30:01] ✅ Gateway 内存正常 (920MB)
[2026-03-06 11:30:01] ✅ Gateway 内存正常 (920MB)
[2026-03-06 11:30:01] 📊 系统内存: 2160MB / 3670MB (可用: 1215MB, 33%)
[2026-03-06 11:30:01] 📊 系统内存: 2160MB / 3670MB (可用: 1215MB, 33%)
[2026-03-06 11:30:01] ✅ 检查完成
[2026-03-06 11:30:01] ✅ 检查完成
[2026-03-06 12:00:01] 🔍 检查 Gateway 内存使用...
[2026-03-06 12:00:01] 🔍 检查 Gateway 内存使用...
[2026-03-06 12:00:01] 📊 Gateway 内存: 993MB (阈值: 1024MB)
[2026-03-06 12:00:01] 📊 Gateway 内存: 993MB (阈值: 1024MB)
[2026-03-06 12:00:01] ✅ Gateway 内存正常 (993MB)
[2026-03-06 12:00:01] ✅ Gateway 内存正常 (993MB)
[2026-03-06 12:00:01] 📊 系统内存: 2232MB / 3670MB (可用: 1141MB, 31%)
[2026-03-06 12:00:01] 📊 系统内存: 2232MB / 3670MB (可用: 1141MB, 31%)
[2026-03-06 12:00:01] ✅ 检查完成
[2026-03-06 12:00:01] ✅ 检查完成
[2026-03-06 12:30:01] 🔍 检查 Gateway 内存使用...
[2026-03-06 12:30:01] 🔍 检查 Gateway 内存使用...
[2026-03-06 12:30:01] 📊 Gateway 内存: 1027MB (阈值: 1024MB)
[2026-03-06 12:30:01] 📊 Gateway 内存: 1027MB (阈值: 1024MB)
[2026-03-06 12:30:01] 🟡 警告：Gateway 内存使用偏高 (1027MB > 1024MB)
[2026-03-06 12:30:01] 🟡 警告：Gateway 内存使用偏高 (1027MB > 1024MB)
[2026-03-06 12:30:01] 📊 系统内存: 2280MB / 3670MB (可用: 1130MB, 30%)
[2026-03-06 12:30:01] 📊 系统内存: 2280MB / 3670MB (可用: 1130MB, 30%)
[2026-03-06 12:30:01] ✅ 检查完成
[2026-03-06 12:30:01] ✅ 检查完成
