[2026-03-04 13:00:02] 🔍 检查 Gateway 状态...
[2026-03-04 13:00:02] 🔍 检查 Gateway 状态...
[2026-03-04 13:00:02] 📊 当前状态: critical, Gateway: 1576MB, 可用: 16%
[2026-03-04 13:00:02] 📊 当前状态: critical, Gateway: 1576MB, 可用: 16%
[2026-03-04 13:00:02] 🔴 检测到严重状态
[2026-03-04 13:00:02] 🔴 检测到严重状态
[2026-03-04 13:00:02] 🔄 启动自动恢复...
[2026-03-04 13:00:02] 🔄 启动自动恢复...
[2026-03-04 13:00:02] 📊 恢复前状态:
[2026-03-04 13:00:02] 📊 恢复前状态:
[2026-03-04 13:00:02]   - Gateway 内存: 1576MB
[2026-03-04 13:00:02]   - Gateway 内存: 1576MB
[2026-03-04 13:00:02]   - 系统可用: 16%
[2026-03-04 13:00:02]   - 系统可用: 16%
[2026-03-04 13:00:02]   - 状态: critical
[2026-03-04 13:00:02]   - 状态: critical
[2026-03-04 13:00:02] 🔄 开始重启 Gateway...
[2026-03-04 13:00:02] 📊 重启前内存: 1641MB
[2026-03-04 13:00:02] 🛑 停止 Gateway (PID: 4012637)...
[2026-03-04 13:00:07] ✅ Gateway 已停止
[2026-03-04 13:00:07] 🧹 清理系统缓存...
[2026-03-04 13:00:07] 🚀 启动 Gateway...
[2026-03-04 13:00:13] ✅ 通过 systemctl 启动
[2026-03-04 13:00:23] ✅ Gateway 启动成功 (PID: 529889)
[2026-03-04 13:00:23] 📊 重启后内存: 421MB
[2026-03-04 13:00:23] 💾 释放内存: 1220MB
[2026-03-04 13:00:23] ✅ Gateway 重启成功
[2026-03-04 13:00:23] ✅ Gateway 重启成功
[2026-03-04 13:00:38] 🔍 检查 Gateway 内存使用...
[2026-03-04 13:00:38] 📊 Gateway 内存: 1183MB (阈值: 1024MB)
[2026-03-04 13:00:38] 🟡 警告：Gateway 内存使用偏高 (1183MB > 1024MB)
[2026-03-04 13:00:38] 📊 系统内存: 2387MB / 3670MB (可用: 1038MB, 28%)
[2026-03-04 13:00:38] 🟡 系统内存偏低（可用 < 30%）
[2026-03-04 13:00:38] ✅ 检查完成
[2026-03-04 13:00:38] 📊 恢复后状态:
[2026-03-04 13:00:38] 📊 恢复后状态:
[2026-03-04 13:00:38]   - Gateway 内存: 1183MB
[2026-03-04 13:00:38]   - Gateway 内存: 1183MB
[2026-03-04 13:00:38]   - 系统可用: 28%
[2026-03-04 13:00:38]   - 系统可用: 28%
[2026-03-04 13:00:38]   - 状态: warning
[2026-03-04 13:00:38]   - 状态: warning
[2026-03-04 13:00:38] ✅ 恢复效果:
[2026-03-04 13:00:38] ✅ 恢复效果:
[2026-03-04 13:00:38]   - 释放内存: 393MB
[2026-03-04 13:00:38]   - 释放内存: 393MB
[2026-03-04 13:00:38]   - 可用提升: +12%
[2026-03-04 13:00:38]   - 可用提升: +12%
[2026-03-04 13:30:02] 🔍 检查 Gateway 状态...
[2026-03-04 13:30:02] 🔍 检查 Gateway 状态...
[2026-03-04 13:30:02] 📊 当前状态: warning, Gateway: 1183MB, 可用: 28%
[2026-03-04 13:30:02] 📊 当前状态: warning, Gateway: 1183MB, 可用: 28%
[2026-03-04 13:30:02] ✅ 系统状态正常，无需恢复
[2026-03-04 13:30:02] ✅ 系统状态正常，无需恢复
[2026-03-04 14:00:01] 🔍 检查 Gateway 状态...
[2026-03-04 14:00:01] 🔍 检查 Gateway 状态...
[2026-03-04 14:00:01] 📊 当前状态: normal, Gateway: 694MB, 可用: 42%
[2026-03-04 14:00:01] 📊 当前状态: normal, Gateway: 694MB, 可用: 42%
[2026-03-04 14:00:01] ✅ 系统状态正常，无需恢复
[2026-03-04 14:00:01] ✅ 系统状态正常，无需恢复
[2026-03-04 14:30:01] 🔍 检查 Gateway 状态...
[2026-03-04 14:30:01] 🔍 检查 Gateway 状态...
[2026-03-04 14:30:01] 📊 当前状态: normal, Gateway: 721MB, 可用: 40%
[2026-03-04 14:30:01] 📊 当前状态: normal, Gateway: 721MB, 可用: 40%
[2026-03-04 14:30:01] ✅ 系统状态正常，无需恢复
[2026-03-04 14:30:01] ✅ 系统状态正常，无需恢复
[2026-03-04 15:00:01] 🔍 检查 Gateway 状态...
[2026-03-04 15:00:01] 🔍 检查 Gateway 状态...
[2026-03-04 15:00:01] 📊 当前状态: normal, Gateway: 704MB, 可用: 41%
[2026-03-04 15:00:01] 📊 当前状态: normal, Gateway: 704MB, 可用: 41%
[2026-03-04 15:00:01] ✅ 系统状态正常，无需恢复
[2026-03-04 15:00:01] ✅ 系统状态正常，无需恢复
[2026-03-04 15:30:01] 🔍 检查 Gateway 状态...
[2026-03-04 15:30:01] 🔍 检查 Gateway 状态...
[2026-03-04 15:30:01] 📊 当前状态: normal, Gateway: 698MB, 可用: 41%
[2026-03-04 15:30:01] 📊 当前状态: normal, Gateway: 698MB, 可用: 41%
[2026-03-04 15:30:01] ✅ 系统状态正常，无需恢复
[2026-03-04 15:30:01] ✅ 系统状态正常，无需恢复
[2026-03-04 16:00:01] 🔍 检查 Gateway 状态...
[2026-03-04 16:00:01] 🔍 检查 Gateway 状态...
[2026-03-04 16:00:01] 📊 当前状态: normal, Gateway: 712MB, 可用: 41%
[2026-03-04 16:00:01] 📊 当前状态: normal, Gateway: 712MB, 可用: 41%
[2026-03-04 16:00:01] ✅ 系统状态正常，无需恢复
[2026-03-04 16:00:01] ✅ 系统状态正常，无需恢复
[2026-03-04 16:30:01] 🔍 检查 Gateway 状态...
[2026-03-04 16:30:01] 🔍 检查 Gateway 状态...
[2026-03-04 16:30:01] 📊 当前状态: normal, Gateway: 867MB, 可用: 36%
[2026-03-04 16:30:01] 📊 当前状态: normal, Gateway: 867MB, 可用: 36%
[2026-03-04 16:30:01] ✅ 系统状态正常，无需恢复
[2026-03-04 16:30:01] ✅ 系统状态正常，无需恢复
[2026-03-04 16:45:01] 🔍 检查 Gateway 状态...
[2026-03-04 16:45:01] 🔍 检查 Gateway 状态...
[2026-03-04 16:45:01] 📊 当前状态: normal, Gateway: 827MB, 可用: 38%
[2026-03-04 16:45:01] 📊 当前状态: normal, Gateway: 827MB, 可用: 38%
[2026-03-04 16:45:01] ✅ 系统状态正常，无需恢复
[2026-03-04 16:45:01] ✅ 系统状态正常，无需恢复
[2026-03-04 17:15:01] 🔍 检查 Gateway 状态...
[2026-03-04 17:15:01] 🔍 检查 Gateway 状态...
[2026-03-04 17:15:01] 📊 当前状态: normal, Gateway: 774MB, 可用: 39%
[2026-03-04 17:15:01] 📊 当前状态: normal, Gateway: 774MB, 可用: 39%
[2026-03-04 17:15:01] ✅ 系统状态正常，无需恢复
[2026-03-04 17:15:01] ✅ 系统状态正常，无需恢复
[2026-03-04 17:45:01] 🔍 检查 Gateway 状态...
[2026-03-04 17:45:01] 🔍 检查 Gateway 状态...
[2026-03-04 17:45:01] 📊 当前状态: normal, Gateway: 828MB, 可用: 37%
[2026-03-04 17:45:01] 📊 当前状态: normal, Gateway: 828MB, 可用: 37%
[2026-03-04 17:45:01] ✅ 系统状态正常，无需恢复
[2026-03-04 17:45:01] ✅ 系统状态正常，无需恢复
[2026-03-04 18:15:01] 🔍 检查 Gateway 状态...
[2026-03-04 18:15:01] 🔍 检查 Gateway 状态...
[2026-03-04 18:15:01] 📊 当前状态: normal, Gateway: 890MB, 可用: 36%
[2026-03-04 18:15:01] 📊 当前状态: normal, Gateway: 890MB, 可用: 36%
[2026-03-04 18:15:01] ✅ 系统状态正常，无需恢复
[2026-03-04 18:15:01] ✅ 系统状态正常，无需恢复
[2026-03-04 18:45:01] 🔍 检查 Gateway 状态...
[2026-03-04 18:45:01] 🔍 检查 Gateway 状态...
[2026-03-04 18:45:01] 📊 当前状态: normal, Gateway: 976MB, 可用: 33%
[2026-03-04 18:45:01] 📊 当前状态: normal, Gateway: 976MB, 可用: 33%
[2026-03-04 18:45:01] ✅ 系统状态正常，无需恢复
[2026-03-04 18:45:01] ✅ 系统状态正常，无需恢复
[2026-03-04 19:15:01] 🔍 检查 Gateway 状态...
[2026-03-04 19:15:01] 🔍 检查 Gateway 状态...
[2026-03-04 19:15:01] 📊 当前状态: normal, Gateway: 877MB, 可用: 36%
[2026-03-04 19:15:01] 📊 当前状态: normal, Gateway: 877MB, 可用: 36%
[2026-03-04 19:15:01] ✅ 系统状态正常，无需恢复
[2026-03-04 19:15:01] ✅ 系统状态正常，无需恢复
[2026-03-04 19:45:01] 🔍 检查 Gateway 状态...
[2026-03-04 19:45:01] 🔍 检查 Gateway 状态...
[2026-03-04 19:45:01] 📊 当前状态: normal, Gateway: 1006MB, 可用: 32%
[2026-03-04 19:45:01] 📊 当前状态: normal, Gateway: 1006MB, 可用: 32%
[2026-03-04 19:45:01] ✅ 系统状态正常，无需恢复
[2026-03-04 19:45:01] ✅ 系统状态正常，无需恢复
[2026-03-04 20:15:01] 🔍 检查 Gateway 状态...
[2026-03-04 20:15:01] 🔍 检查 Gateway 状态...
[2026-03-04 20:15:01] 📊 当前状态: normal, Gateway: 1015MB, 可用: 31%
[2026-03-04 20:15:01] 📊 当前状态: normal, Gateway: 1015MB, 可用: 31%
[2026-03-04 20:15:01] ✅ 系统状态正常，无需恢复
[2026-03-04 20:15:01] ✅ 系统状态正常，无需恢复
[2026-03-04 20:45:01] 🔍 检查 Gateway 状态...
[2026-03-04 20:45:01] 🔍 检查 Gateway 状态...
[2026-03-04 20:45:01] 📊 当前状态: warning, Gateway: 1136MB, 可用: 28%
[2026-03-04 20:45:01] 📊 当前状态: warning, Gateway: 1136MB, 可用: 28%
[2026-03-04 20:45:01] ✅ 系统状态正常，无需恢复
[2026-03-04 20:45:01] ✅ 系统状态正常，无需恢复
[2026-03-04 21:15:01] 🔍 检查 Gateway 状态...
[2026-03-04 21:15:01] 🔍 检查 Gateway 状态...
[2026-03-04 21:15:01] 📊 当前状态: warning, Gateway: 1138MB, 可用: 28%
[2026-03-04 21:15:01] 📊 当前状态: warning, Gateway: 1138MB, 可用: 28%
[2026-03-04 21:15:01] ✅ 系统状态正常，无需恢复
[2026-03-04 21:15:01] ✅ 系统状态正常，无需恢复
[2026-03-04 21:45:01] 🔍 检查 Gateway 状态...
[2026-03-04 21:45:01] 🔍 检查 Gateway 状态...
[2026-03-04 21:45:01] 📊 当前状态: normal, Gateway: 981MB, 可用: 32%
[2026-03-04 21:45:01] 📊 当前状态: normal, Gateway: 981MB, 可用: 32%
[2026-03-04 21:45:01] ✅ 系统状态正常，无需恢复
[2026-03-04 21:45:01] ✅ 系统状态正常，无需恢复
[2026-03-04 22:15:02] 🔍 检查 Gateway 状态...
[2026-03-04 22:15:02] 🔍 检查 Gateway 状态...
[2026-03-04 22:15:02] 📊 当前状态: warning, Gateway: 1068MB, 可用: 30%
[2026-03-04 22:15:02] 📊 当前状态: warning, Gateway: 1068MB, 可用: 30%
[2026-03-04 22:15:02] ✅ 系统状态正常，无需恢复
[2026-03-04 22:15:02] ✅ 系统状态正常，无需恢复
[2026-03-04 22:45:01] 🔍 检查 Gateway 状态...
[2026-03-04 22:45:01] 🔍 检查 Gateway 状态...
[2026-03-04 22:45:01] 📊 当前状态: warning, Gateway: 1168MB, 可用: 27%
[2026-03-04 22:45:01] 📊 当前状态: warning, Gateway: 1168MB, 可用: 27%
[2026-03-04 22:45:01] ✅ 系统状态正常，无需恢复
[2026-03-04 22:45:01] ✅ 系统状态正常，无需恢复
[2026-03-04 23:15:01] 🔍 检查 Gateway 状态...
[2026-03-04 23:15:01] 🔍 检查 Gateway 状态...
[2026-03-04 23:15:01] 📊 当前状态: warning, Gateway: 1048MB, 可用: 30%
[2026-03-04 23:15:01] 📊 当前状态: warning, Gateway: 1048MB, 可用: 30%
[2026-03-04 23:15:01] ✅ 系统状态正常，无需恢复
[2026-03-04 23:15:01] ✅ 系统状态正常，无需恢复
[2026-03-04 23:45:02] 🔍 检查 Gateway 状态...
[2026-03-04 23:45:02] 🔍 检查 Gateway 状态...
[2026-03-04 23:45:02] 📊 当前状态: warning, Gateway: 1065MB, 可用: 30%
[2026-03-04 23:45:02] 📊 当前状态: warning, Gateway: 1065MB, 可用: 30%
[2026-03-04 23:45:02] ✅ 系统状态正常，无需恢复
[2026-03-04 23:45:02] ✅ 系统状态正常，无需恢复
[2026-03-05 00:15:01] 🔍 检查 Gateway 状态...
[2026-03-05 00:15:01] 🔍 检查 Gateway 状态...
[2026-03-05 00:15:01] 📊 当前状态: warning, Gateway: 1100MB, 可用: 29%
[2026-03-05 00:15:01] 📊 当前状态: warning, Gateway: 1100MB, 可用: 29%
[2026-03-05 00:15:01] ✅ 系统状态正常，无需恢复
[2026-03-05 00:15:01] ✅ 系统状态正常，无需恢复
[2026-03-05 00:45:01] 🔍 检查 Gateway 状态...
[2026-03-05 00:45:01] 🔍 检查 Gateway 状态...
[2026-03-05 00:45:01] 📊 当前状态: warning, Gateway: 1400MB, 可用: 20%
[2026-03-05 00:45:01] 📊 当前状态: warning, Gateway: 1400MB, 可用: 20%
[2026-03-05 00:45:01] ✅ 系统状态正常，无需恢复
[2026-03-05 00:45:01] ✅ 系统状态正常，无需恢复
[2026-03-05 01:15:01] 🔍 检查 Gateway 状态...
[2026-03-05 01:15:01] 🔍 检查 Gateway 状态...
[2026-03-05 01:15:01] 📊 当前状态: warning, Gateway: 1390MB, 可用: 21%
[2026-03-05 01:15:01] 📊 当前状态: warning, Gateway: 1390MB, 可用: 21%
[2026-03-05 01:15:01] ✅ 系统状态正常，无需恢复
[2026-03-05 01:15:01] ✅ 系统状态正常，无需恢复
[2026-03-05 01:45:01] 🔍 检查 Gateway 状态...
[2026-03-05 01:45:01] 🔍 检查 Gateway 状态...
[2026-03-05 01:45:01] 📊 当前状态: warning, Gateway: 1391MB, 可用: 21%
[2026-03-05 01:45:01] 📊 当前状态: warning, Gateway: 1391MB, 可用: 21%
[2026-03-05 01:45:01] ✅ 系统状态正常，无需恢复
[2026-03-05 01:45:01] ✅ 系统状态正常，无需恢复
[2026-03-05 02:15:01] 🔍 检查 Gateway 状态...
[2026-03-05 02:15:01] 🔍 检查 Gateway 状态...
[2026-03-05 02:15:01] 📊 当前状态: warning, Gateway: 1392MB, 可用: 20%
[2026-03-05 02:15:01] 📊 当前状态: warning, Gateway: 1392MB, 可用: 20%
[2026-03-05 02:15:01] ✅ 系统状态正常，无需恢复
[2026-03-05 02:15:01] ✅ 系统状态正常，无需恢复
[2026-03-05 02:45:01] 🔍 检查 Gateway 状态...
[2026-03-05 02:45:01] 🔍 检查 Gateway 状态...
[2026-03-05 02:45:01] 📊 当前状态: warning, Gateway: 1392MB, 可用: 20%
[2026-03-05 02:45:01] 📊 当前状态: warning, Gateway: 1392MB, 可用: 20%
[2026-03-05 02:45:01] ✅ 系统状态正常，无需恢复
[2026-03-05 02:45:01] ✅ 系统状态正常，无需恢复
[2026-03-05 03:15:02] 🔍 检查 Gateway 状态...
[2026-03-05 03:15:02] 🔍 检查 Gateway 状态...
[2026-03-05 03:15:02] 📊 当前状态: warning, Gateway: 1390MB, 可用: 21%
[2026-03-05 03:15:02] 📊 当前状态: warning, Gateway: 1390MB, 可用: 21%
[2026-03-05 03:15:02] ✅ 系统状态正常，无需恢复
[2026-03-05 03:15:02] ✅ 系统状态正常，无需恢复
[2026-03-05 03:45:01] 🔍 检查 Gateway 状态...
[2026-03-05 03:45:01] 🔍 检查 Gateway 状态...
[2026-03-05 03:45:01] 📊 当前状态: warning, Gateway: 1392MB, 可用: 20%
[2026-03-05 03:45:01] 📊 当前状态: warning, Gateway: 1392MB, 可用: 20%
[2026-03-05 03:45:01] ✅ 系统状态正常，无需恢复
[2026-03-05 03:45:01] ✅ 系统状态正常，无需恢复
[2026-03-05 04:15:01] 🔍 检查 Gateway 状态...
[2026-03-05 04:15:01] 🔍 检查 Gateway 状态...
[2026-03-05 04:15:01] 📊 当前状态: warning, Gateway: 1401MB, 可用: 20%
[2026-03-05 04:15:01] 📊 当前状态: warning, Gateway: 1401MB, 可用: 20%
[2026-03-05 04:15:01] ✅ 系统状态正常，无需恢复
[2026-03-05 04:15:01] ✅ 系统状态正常，无需恢复
[2026-03-05 04:45:01] 🔍 检查 Gateway 状态...
[2026-03-05 04:45:01] 🔍 检查 Gateway 状态...
[2026-03-05 04:45:01] 📊 当前状态: normal, Gateway: 774MB, 可用: 40%
[2026-03-05 04:45:01] 📊 当前状态: normal, Gateway: 774MB, 可用: 40%
[2026-03-05 04:45:01] ✅ 系统状态正常，无需恢复
[2026-03-05 04:45:01] ✅ 系统状态正常，无需恢复
[2026-03-05 05:15:01] 🔍 检查 Gateway 状态...
[2026-03-05 05:15:01] 🔍 检查 Gateway 状态...
[2026-03-05 05:15:02] 📊 当前状态: normal, Gateway: 708MB, 可用: 41%
[2026-03-05 05:15:02] 📊 当前状态: normal, Gateway: 708MB, 可用: 41%
[2026-03-05 05:15:02] ✅ 系统状态正常，无需恢复
[2026-03-05 05:15:02] ✅ 系统状态正常，无需恢复
[2026-03-05 05:45:01] 🔍 检查 Gateway 状态...
[2026-03-05 05:45:01] 🔍 检查 Gateway 状态...
[2026-03-05 05:45:01] 📊 当前状态: normal, Gateway: 720MB, 可用: 41%
[2026-03-05 05:45:01] 📊 当前状态: normal, Gateway: 720MB, 可用: 41%
[2026-03-05 05:45:01] ✅ 系统状态正常，无需恢复
[2026-03-05 05:45:01] ✅ 系统状态正常，无需恢复
[2026-03-05 06:15:01] 🔍 检查 Gateway 状态...
[2026-03-05 06:15:01] 🔍 检查 Gateway 状态...
[2026-03-05 06:15:01] 📊 当前状态: normal, Gateway: 856MB, 可用: 37%
[2026-03-05 06:15:01] 📊 当前状态: normal, Gateway: 856MB, 可用: 37%
[2026-03-05 06:15:01] ✅ 系统状态正常，无需恢复
[2026-03-05 06:15:01] ✅ 系统状态正常，无需恢复
[2026-03-05 06:45:02] 🔍 检查 Gateway 状态...
[2026-03-05 06:45:02] 🔍 检查 Gateway 状态...
[2026-03-05 06:45:02] 📊 当前状态: normal, Gateway: 747MB, 可用: 40%
[2026-03-05 06:45:02] 📊 当前状态: normal, Gateway: 747MB, 可用: 40%
[2026-03-05 06:45:02] ✅ 系统状态正常，无需恢复
[2026-03-05 06:45:02] ✅ 系统状态正常，无需恢复
[2026-03-05 07:15:02] 🔍 检查 Gateway 状态...
[2026-03-05 07:15:02] 🔍 检查 Gateway 状态...
[2026-03-05 07:15:02] 📊 当前状态: normal, Gateway: 738MB, 可用: 40%
[2026-03-05 07:15:02] 📊 当前状态: normal, Gateway: 738MB, 可用: 40%
[2026-03-05 07:15:02] ✅ 系统状态正常，无需恢复
[2026-03-05 07:15:02] ✅ 系统状态正常，无需恢复
[2026-03-05 07:45:01] 🔍 检查 Gateway 状态...
[2026-03-05 07:45:01] 🔍 检查 Gateway 状态...
[2026-03-05 07:45:01] 📊 当前状态: normal, Gateway: 844MB, 可用: 37%
[2026-03-05 07:45:01] 📊 当前状态: normal, Gateway: 844MB, 可用: 37%
[2026-03-05 07:45:01] ✅ 系统状态正常，无需恢复
[2026-03-05 07:45:01] ✅ 系统状态正常，无需恢复
[2026-03-05 08:15:01] 🔍 检查 Gateway 状态...
[2026-03-05 08:15:01] 🔍 检查 Gateway 状态...
[2026-03-05 08:15:01] 📊 当前状态: normal, Gateway: 925MB, 可用: 35%
[2026-03-05 08:15:01] 📊 当前状态: normal, Gateway: 925MB, 可用: 35%
[2026-03-05 08:15:01] ✅ 系统状态正常，无需恢复
[2026-03-05 08:15:01] ✅ 系统状态正常，无需恢复
[2026-03-05 08:45:01] 🔍 检查 Gateway 状态...
[2026-03-05 08:45:01] 🔍 检查 Gateway 状态...
[2026-03-05 08:45:01] 📊 当前状态: normal, Gateway: 935MB, 可用: 34%
[2026-03-05 08:45:01] 📊 当前状态: normal, Gateway: 935MB, 可用: 34%
[2026-03-05 08:45:01] ✅ 系统状态正常，无需恢复
[2026-03-05 08:45:01] ✅ 系统状态正常，无需恢复
[2026-03-05 09:15:01] 🔍 检查 Gateway 状态...
[2026-03-05 09:15:01] 🔍 检查 Gateway 状态...
[2026-03-05 09:15:01] 📊 当前状态: normal, Gateway: 834MB, 可用: 37%
[2026-03-05 09:15:01] 📊 当前状态: normal, Gateway: 834MB, 可用: 37%
[2026-03-05 09:15:01] ✅ 系统状态正常，无需恢复
[2026-03-05 09:15:01] ✅ 系统状态正常，无需恢复
[2026-03-05 09:45:01] 🔍 检查 Gateway 状态...
[2026-03-05 09:45:01] 🔍 检查 Gateway 状态...
[2026-03-05 09:45:01] 📊 当前状态: normal, Gateway: 832MB, 可用: 37%
[2026-03-05 09:45:01] 📊 当前状态: normal, Gateway: 832MB, 可用: 37%
[2026-03-05 09:45:01] ✅ 系统状态正常，无需恢复
[2026-03-05 09:45:01] ✅ 系统状态正常，无需恢复
[2026-03-05 10:15:01] 🔍 检查 Gateway 状态...
[2026-03-05 10:15:01] 🔍 检查 Gateway 状态...
[2026-03-05 10:15:01] 📊 当前状态: warning, Gateway: 1029MB, 可用: 32%
[2026-03-05 10:15:01] 📊 当前状态: warning, Gateway: 1029MB, 可用: 32%
[2026-03-05 10:15:01] ✅ 系统状态正常，无需恢复
[2026-03-05 10:15:01] ✅ 系统状态正常，无需恢复
[2026-03-05 10:45:01] 🔍 检查 Gateway 状态...
[2026-03-05 10:45:01] 🔍 检查 Gateway 状态...
[2026-03-05 10:45:01] 📊 当前状态: normal, Gateway: 906MB, 可用: 35%
[2026-03-05 10:45:01] 📊 当前状态: normal, Gateway: 906MB, 可用: 35%
[2026-03-05 10:45:01] ✅ 系统状态正常，无需恢复
[2026-03-05 10:45:01] ✅ 系统状态正常，无需恢复
[2026-03-05 11:15:01] 🔍 检查 Gateway 状态...
[2026-03-05 11:15:01] 🔍 检查 Gateway 状态...
[2026-03-05 11:15:01] 📊 当前状态: normal, Gateway: 911MB, 可用: 35%
[2026-03-05 11:15:01] 📊 当前状态: normal, Gateway: 911MB, 可用: 35%
[2026-03-05 11:15:01] ✅ 系统状态正常，无需恢复
[2026-03-05 11:15:01] ✅ 系统状态正常，无需恢复
[2026-03-05 11:45:01] 🔍 检查 Gateway 状态...
[2026-03-05 11:45:01] 🔍 检查 Gateway 状态...
[2026-03-05 11:45:01] 📊 当前状态: normal, Gateway: 922MB, 可用: 35%
[2026-03-05 11:45:01] 📊 当前状态: normal, Gateway: 922MB, 可用: 35%
[2026-03-05 11:45:01] ✅ 系统状态正常，无需恢复
[2026-03-05 11:45:01] ✅ 系统状态正常，无需恢复
[2026-03-05 12:15:01] 🔍 检查 Gateway 状态...
[2026-03-05 12:15:01] 🔍 检查 Gateway 状态...
[2026-03-05 12:15:01] 📊 当前状态: warning, Gateway: 1058MB, 可用: 28%
[2026-03-05 12:15:01] 📊 当前状态: warning, Gateway: 1058MB, 可用: 28%
[2026-03-05 12:15:01] ✅ 系统状态正常，无需恢复
[2026-03-05 12:15:01] ✅ 系统状态正常，无需恢复
[2026-03-05 12:45:01] 🔍 检查 Gateway 状态...
[2026-03-05 12:45:01] 🔍 检查 Gateway 状态...
[2026-03-05 12:45:01] 📊 当前状态: normal, Gateway: 785MB, 可用: 39%
[2026-03-05 12:45:01] 📊 当前状态: normal, Gateway: 785MB, 可用: 39%
[2026-03-05 12:45:01] ✅ 系统状态正常，无需恢复
[2026-03-05 12:45:01] ✅ 系统状态正常，无需恢复
[2026-03-05 13:15:01] 🔍 检查 Gateway 状态...
[2026-03-05 13:15:01] 🔍 检查 Gateway 状态...
[2026-03-05 13:15:01] 📊 当前状态: normal, Gateway: 596MB, 可用: 44%
[2026-03-05 13:15:01] 📊 当前状态: normal, Gateway: 596MB, 可用: 44%
[2026-03-05 13:15:01] ✅ 系统状态正常，无需恢复
[2026-03-05 13:15:01] ✅ 系统状态正常，无需恢复
[2026-03-05 13:45:01] 🔍 检查 Gateway 状态...
[2026-03-05 13:45:01] 🔍 检查 Gateway 状态...
[2026-03-05 13:45:01] 📊 当前状态: normal, Gateway: 630MB, 可用: 43%
[2026-03-05 13:45:01] 📊 当前状态: normal, Gateway: 630MB, 可用: 43%
[2026-03-05 13:45:01] ✅ 系统状态正常，无需恢复
[2026-03-05 13:45:01] ✅ 系统状态正常，无需恢复
[2026-03-05 14:15:01] 🔍 检查 Gateway 状态...
[2026-03-05 14:15:01] 🔍 检查 Gateway 状态...
[2026-03-05 14:15:01] 📊 当前状态: normal, Gateway: 642MB, 可用: 43%
[2026-03-05 14:15:01] 📊 当前状态: normal, Gateway: 642MB, 可用: 43%
[2026-03-05 14:15:01] ✅ 系统状态正常，无需恢复
[2026-03-05 14:15:01] ✅ 系统状态正常，无需恢复
[2026-03-05 14:45:01] 🔍 检查 Gateway 状态...
[2026-03-05 14:45:01] 🔍 检查 Gateway 状态...
[2026-03-05 14:45:01] 📊 当前状态: normal, Gateway: 850MB, 可用: 36%
[2026-03-05 14:45:01] 📊 当前状态: normal, Gateway: 850MB, 可用: 36%
[2026-03-05 14:45:01] ✅ 系统状态正常，无需恢复
[2026-03-05 14:45:01] ✅ 系统状态正常，无需恢复
[2026-03-05 15:15:01] 🔍 检查 Gateway 状态...
[2026-03-05 15:15:01] 🔍 检查 Gateway 状态...
[2026-03-05 15:15:01] 📊 当前状态: normal, Gateway: 670MB, 可用: 42%
[2026-03-05 15:15:01] 📊 当前状态: normal, Gateway: 670MB, 可用: 42%
[2026-03-05 15:15:01] ✅ 系统状态正常，无需恢复
[2026-03-05 15:15:01] ✅ 系统状态正常，无需恢复
[2026-03-05 15:45:01] 🔍 检查 Gateway 状态...
[2026-03-05 15:45:01] 🔍 检查 Gateway 状态...
[2026-03-05 15:45:01] 📊 当前状态: normal, Gateway: 659MB, 可用: 42%
[2026-03-05 15:45:01] 📊 当前状态: normal, Gateway: 659MB, 可用: 42%
[2026-03-05 15:45:01] ✅ 系统状态正常，无需恢复
[2026-03-05 15:45:01] ✅ 系统状态正常，无需恢复
[2026-03-05 16:15:01] 🔍 检查 Gateway 状态...
[2026-03-05 16:15:01] 🔍 检查 Gateway 状态...
[2026-03-05 16:15:01] 📊 当前状态: normal, Gateway: 866MB, 可用: 36%
[2026-03-05 16:15:01] 📊 当前状态: normal, Gateway: 866MB, 可用: 36%
[2026-03-05 16:15:01] ✅ 系统状态正常，无需恢复
[2026-03-05 16:15:01] ✅ 系统状态正常，无需恢复
[2026-03-05 16:45:01] 🔍 检查 Gateway 状态...
[2026-03-05 16:45:01] 🔍 检查 Gateway 状态...
[2026-03-05 16:45:01] 📊 当前状态: normal, Gateway: 960MB, 可用: 33%
[2026-03-05 16:45:01] 📊 当前状态: normal, Gateway: 960MB, 可用: 33%
[2026-03-05 16:45:01] ✅ 系统状态正常，无需恢复
[2026-03-05 16:45:01] ✅ 系统状态正常，无需恢复
[2026-03-05 17:15:01] 🔍 检查 Gateway 状态...
[2026-03-05 17:15:01] 🔍 检查 Gateway 状态...
[2026-03-05 17:15:02] 📊 当前状态: normal, Gateway: 737MB, 可用: 39%
[2026-03-05 17:15:02] 📊 当前状态: normal, Gateway: 737MB, 可用: 39%
[2026-03-05 17:15:02] ✅ 系统状态正常，无需恢复
[2026-03-05 17:15:02] ✅ 系统状态正常，无需恢复
[2026-03-05 17:45:01] 🔍 检查 Gateway 状态...
[2026-03-05 17:45:01] 🔍 检查 Gateway 状态...
[2026-03-05 17:45:01] 📊 当前状态: normal, Gateway: 749MB, 可用: 39%
[2026-03-05 17:45:01] 📊 当前状态: normal, Gateway: 749MB, 可用: 39%
[2026-03-05 17:45:01] ✅ 系统状态正常，无需恢复
[2026-03-05 17:45:01] ✅ 系统状态正常，无需恢复
[2026-03-05 18:15:01] 🔍 检查 Gateway 状态...
[2026-03-05 18:15:01] 🔍 检查 Gateway 状态...
[2026-03-05 18:15:01] 📊 当前状态: normal, Gateway: 764MB, 可用: 37%
[2026-03-05 18:15:01] 📊 当前状态: normal, Gateway: 764MB, 可用: 37%
[2026-03-05 18:15:01] ✅ 系统状态正常，无需恢复
[2026-03-05 18:15:01] ✅ 系统状态正常，无需恢复
[2026-03-05 18:45:01] 🔍 检查 Gateway 状态...
[2026-03-05 18:45:01] 🔍 检查 Gateway 状态...
[2026-03-05 18:45:01] 📊 当前状态: normal, Gateway: 783MB, 可用: 37%
[2026-03-05 18:45:01] 📊 当前状态: normal, Gateway: 783MB, 可用: 37%
[2026-03-05 18:45:01] ✅ 系统状态正常，无需恢复
[2026-03-05 18:45:01] ✅ 系统状态正常，无需恢复
[2026-03-05 19:15:01] 🔍 检查 Gateway 状态...
[2026-03-05 19:15:01] 🔍 检查 Gateway 状态...
[2026-03-05 19:15:01] 📊 当前状态: normal, Gateway: 794MB, 可用: 36%
[2026-03-05 19:15:01] 📊 当前状态: normal, Gateway: 794MB, 可用: 36%
[2026-03-05 19:15:01] ✅ 系统状态正常，无需恢复
[2026-03-05 19:15:01] ✅ 系统状态正常，无需恢复
[2026-03-05 19:45:01] 🔍 检查 Gateway 状态...
[2026-03-05 19:45:01] 🔍 检查 Gateway 状态...
[2026-03-05 19:45:01] 📊 当前状态: normal, Gateway: 812MB, 可用: 36%
[2026-03-05 19:45:01] 📊 当前状态: normal, Gateway: 812MB, 可用: 36%
[2026-03-05 19:45:01] ✅ 系统状态正常，无需恢复
[2026-03-05 19:45:01] ✅ 系统状态正常，无需恢复
[2026-03-05 20:15:01] 🔍 检查 Gateway 状态...
[2026-03-05 20:15:01] 🔍 检查 Gateway 状态...
[2026-03-05 20:15:01] 📊 当前状态: normal, Gateway: 1001MB, 可用: 31%
[2026-03-05 20:15:01] 📊 当前状态: normal, Gateway: 1001MB, 可用: 31%
[2026-03-05 20:15:01] ✅ 系统状态正常，无需恢复
[2026-03-05 20:15:01] ✅ 系统状态正常，无需恢复
[2026-03-05 20:45:01] 🔍 检查 Gateway 状态...
[2026-03-05 20:45:01] 🔍 检查 Gateway 状态...
[2026-03-05 20:45:01] 📊 当前状态: warning, Gateway: 1029MB, 可用: 30%
[2026-03-05 20:45:01] 📊 当前状态: warning, Gateway: 1029MB, 可用: 30%
[2026-03-05 20:45:01] ✅ 系统状态正常，无需恢复
[2026-03-05 20:45:01] ✅ 系统状态正常，无需恢复
[2026-03-05 21:15:02] 🔍 检查 Gateway 状态...
[2026-03-05 21:15:02] 🔍 检查 Gateway 状态...
[2026-03-05 21:15:02] 📊 当前状态: normal, Gateway: 858MB, 可用: 35%
[2026-03-05 21:15:02] 📊 当前状态: normal, Gateway: 858MB, 可用: 35%
[2026-03-05 21:15:02] ✅ 系统状态正常，无需恢复
[2026-03-05 21:15:02] ✅ 系统状态正常，无需恢复
[2026-03-05 21:45:01] 🔍 检查 Gateway 状态...
[2026-03-05 21:45:01] 🔍 检查 Gateway 状态...
[2026-03-05 21:45:01] 📊 当前状态: normal, Gateway: 868MB, 可用: 34%
[2026-03-05 21:45:01] 📊 当前状态: normal, Gateway: 868MB, 可用: 34%
[2026-03-05 21:45:01] ✅ 系统状态正常，无需恢复
[2026-03-05 21:45:01] ✅ 系统状态正常，无需恢复
[2026-03-05 22:15:01] 🔍 检查 Gateway 状态...
[2026-03-05 22:15:01] 🔍 检查 Gateway 状态...
[2026-03-05 22:15:01] 📊 当前状态: normal, Gateway: 981MB, 可用: 31%
[2026-03-05 22:15:01] 📊 当前状态: normal, Gateway: 981MB, 可用: 31%
[2026-03-05 22:15:01] ✅ 系统状态正常，无需恢复
[2026-03-05 22:15:01] ✅ 系统状态正常，无需恢复
[2026-03-05 22:45:01] 🔍 检查 Gateway 状态...
[2026-03-05 22:45:01] 🔍 检查 Gateway 状态...
[2026-03-05 22:45:01] 📊 当前状态: normal, Gateway: 895MB, 可用: 34%
[2026-03-05 22:45:01] 📊 当前状态: normal, Gateway: 895MB, 可用: 34%
[2026-03-05 22:45:01] ✅ 系统状态正常，无需恢复
[2026-03-05 22:45:01] ✅ 系统状态正常，无需恢复
[2026-03-05 23:15:01] 🔍 检查 Gateway 状态...
[2026-03-05 23:15:01] 🔍 检查 Gateway 状态...
[2026-03-05 23:15:01] 📊 当前状态: warning, Gateway: 1093MB, 可用: 28%
[2026-03-05 23:15:01] 📊 当前状态: warning, Gateway: 1093MB, 可用: 28%
[2026-03-05 23:15:01] ✅ 系统状态正常，无需恢复
[2026-03-05 23:15:01] ✅ 系统状态正常，无需恢复
[2026-03-05 23:45:01] 🔍 检查 Gateway 状态...
[2026-03-05 23:45:01] 🔍 检查 Gateway 状态...
[2026-03-05 23:45:01] 📊 当前状态: normal, Gateway: 947MB, 可用: 32%
[2026-03-05 23:45:01] 📊 当前状态: normal, Gateway: 947MB, 可用: 32%
[2026-03-05 23:45:01] ✅ 系统状态正常，无需恢复
[2026-03-05 23:45:01] ✅ 系统状态正常，无需恢复
[2026-03-06 00:15:01] 🔍 检查 Gateway 状态...
[2026-03-06 00:15:01] 🔍 检查 Gateway 状态...
[2026-03-06 00:15:01] 📊 当前状态: warning, Gateway: 1178MB, 可用: 26%
[2026-03-06 00:15:01] 📊 当前状态: warning, Gateway: 1178MB, 可用: 26%
[2026-03-06 00:15:01] ✅ 系统状态正常，无需恢复
[2026-03-06 00:15:01] ✅ 系统状态正常，无需恢复
[2026-03-06 00:45:01] 🔍 检查 Gateway 状态...
[2026-03-06 00:45:01] 🔍 检查 Gateway 状态...
[2026-03-06 00:45:01] 📊 当前状态: warning, Gateway: 1159MB, 可用: 26%
[2026-03-06 00:45:01] 📊 当前状态: warning, Gateway: 1159MB, 可用: 26%
[2026-03-06 00:45:01] ✅ 系统状态正常，无需恢复
[2026-03-06 00:45:01] ✅ 系统状态正常，无需恢复
[2026-03-06 01:15:01] 🔍 检查 Gateway 状态...
[2026-03-06 01:15:01] 🔍 检查 Gateway 状态...
[2026-03-06 01:15:01] 📊 当前状态: normal, Gateway: 1001MB, 可用: 31%
[2026-03-06 01:15:01] 📊 当前状态: normal, Gateway: 1001MB, 可用: 31%
[2026-03-06 01:15:01] ✅ 系统状态正常，无需恢复
[2026-03-06 01:15:01] ✅ 系统状态正常，无需恢复
[2026-03-06 01:45:01] 🔍 检查 Gateway 状态...
[2026-03-06 01:45:01] 🔍 检查 Gateway 状态...
[2026-03-06 01:45:01] 📊 当前状态: normal, Gateway: 988MB, 可用: 31%
[2026-03-06 01:45:01] 📊 当前状态: normal, Gateway: 988MB, 可用: 31%
[2026-03-06 01:45:01] ✅ 系统状态正常，无需恢复
[2026-03-06 01:45:01] ✅ 系统状态正常，无需恢复
[2026-03-06 02:15:01] 🔍 检查 Gateway 状态...
[2026-03-06 02:15:01] 🔍 检查 Gateway 状态...
[2026-03-06 02:15:01] 📊 当前状态: warning, Gateway: 1217MB, 可用: 25%
[2026-03-06 02:15:01] 📊 当前状态: warning, Gateway: 1217MB, 可用: 25%
[2026-03-06 02:15:01] ✅ 系统状态正常，无需恢复
[2026-03-06 02:15:01] ✅ 系统状态正常，无需恢复
[2026-03-06 02:45:02] 🔍 检查 Gateway 状态...
[2026-03-06 02:45:02] 🔍 检查 Gateway 状态...
[2026-03-06 02:45:02] 📊 当前状态: warning, Gateway: 1026MB, 可用: 30%
[2026-03-06 02:45:02] 📊 当前状态: warning, Gateway: 1026MB, 可用: 30%
[2026-03-06 02:45:02] ✅ 系统状态正常，无需恢复
[2026-03-06 02:45:02] ✅ 系统状态正常，无需恢复
[2026-03-06 03:15:01] 🔍 检查 Gateway 状态...
[2026-03-06 03:15:01] 🔍 检查 Gateway 状态...
[2026-03-06 03:15:01] 📊 当前状态: warning, Gateway: 1164MB, 可用: 26%
[2026-03-06 03:15:01] 📊 当前状态: warning, Gateway: 1164MB, 可用: 26%
[2026-03-06 03:15:01] ✅ 系统状态正常，无需恢复
[2026-03-06 03:15:01] ✅ 系统状态正常，无需恢复
[2026-03-06 03:45:01] 🔍 检查 Gateway 状态...
[2026-03-06 03:45:01] 🔍 检查 Gateway 状态...
[2026-03-06 03:45:01] 📊 当前状态: warning, Gateway: 1061MB, 可用: 29%
[2026-03-06 03:45:01] 📊 当前状态: warning, Gateway: 1061MB, 可用: 29%
[2026-03-06 03:45:01] ✅ 系统状态正常，无需恢复
[2026-03-06 03:45:01] ✅ 系统状态正常，无需恢复
[2026-03-06 04:15:01] 🔍 检查 Gateway 状态...
[2026-03-06 04:15:01] 🔍 检查 Gateway 状态...
[2026-03-06 04:15:01] 📊 当前状态: warning, Gateway: 1237MB, 可用: 24%
[2026-03-06 04:15:01] 📊 当前状态: warning, Gateway: 1237MB, 可用: 24%
[2026-03-06 04:15:01] ✅ 系统状态正常，无需恢复
[2026-03-06 04:15:01] ✅ 系统状态正常，无需恢复
[2026-03-06 04:45:01] 🔍 检查 Gateway 状态...
[2026-03-06 04:45:01] 🔍 检查 Gateway 状态...
[2026-03-06 04:45:01] 📊 当前状态: normal, Gateway: 843MB, 可用: 36%
[2026-03-06 04:45:01] 📊 当前状态: normal, Gateway: 843MB, 可用: 36%
[2026-03-06 04:45:01] ✅ 系统状态正常，无需恢复
[2026-03-06 04:45:01] ✅ 系统状态正常，无需恢复
[2026-03-06 05:15:01] 🔍 检查 Gateway 状态...
[2026-03-06 05:15:01] 🔍 检查 Gateway 状态...
[2026-03-06 05:15:01] 📊 当前状态: normal, Gateway: 720MB, 可用: 40%
[2026-03-06 05:15:01] 📊 当前状态: normal, Gateway: 720MB, 可用: 40%
[2026-03-06 05:15:01] ✅ 系统状态正常，无需恢复
[2026-03-06 05:15:01] ✅ 系统状态正常，无需恢复
[2026-03-06 05:45:02] 🔍 检查 Gateway 状态...
[2026-03-06 05:45:02] 🔍 检查 Gateway 状态...
[2026-03-06 05:45:02] 📊 当前状态: normal, Gateway: 816MB, 可用: 37%
[2026-03-06 05:45:02] 📊 当前状态: normal, Gateway: 816MB, 可用: 37%
[2026-03-06 05:45:02] ✅ 系统状态正常，无需恢复
[2026-03-06 05:45:02] ✅ 系统状态正常，无需恢复
[2026-03-06 06:15:02] 🔍 检查 Gateway 状态...
[2026-03-06 06:15:02] 🔍 检查 Gateway 状态...
[2026-03-06 06:15:02] 📊 当前状态: normal, Gateway: 951MB, 可用: 32%
[2026-03-06 06:15:02] 📊 当前状态: normal, Gateway: 951MB, 可用: 32%
[2026-03-06 06:15:02] ✅ 系统状态正常，无需恢复
[2026-03-06 06:15:02] ✅ 系统状态正常，无需恢复
[2026-03-06 06:45:01] 🔍 检查 Gateway 状态...
[2026-03-06 06:45:01] 🔍 检查 Gateway 状态...
[2026-03-06 06:45:01] 📊 当前状态: normal, Gateway: 857MB, 可用: 35%
[2026-03-06 06:45:01] 📊 当前状态: normal, Gateway: 857MB, 可用: 35%
[2026-03-06 06:45:01] ✅ 系统状态正常，无需恢复
[2026-03-06 06:45:01] ✅ 系统状态正常，无需恢复
[2026-03-06 07:15:01] 🔍 检查 Gateway 状态...
[2026-03-06 07:15:01] 🔍 检查 Gateway 状态...
[2026-03-06 07:15:02] 📊 当前状态: normal, Gateway: 771MB, 可用: 38%
[2026-03-06 07:15:02] 📊 当前状态: normal, Gateway: 771MB, 可用: 38%
[2026-03-06 07:15:02] ✅ 系统状态正常，无需恢复
[2026-03-06 07:15:02] ✅ 系统状态正常，无需恢复
[2026-03-06 07:45:01] 🔍 检查 Gateway 状态...
[2026-03-06 07:45:01] 🔍 检查 Gateway 状态...
[2026-03-06 07:45:01] 📊 当前状态: normal, Gateway: 798MB, 可用: 37%
[2026-03-06 07:45:01] 📊 当前状态: normal, Gateway: 798MB, 可用: 37%
[2026-03-06 07:45:01] ✅ 系统状态正常，无需恢复
[2026-03-06 07:45:01] ✅ 系统状态正常，无需恢复
[2026-03-06 08:15:01] 🔍 检查 Gateway 状态...
[2026-03-06 08:15:01] 🔍 检查 Gateway 状态...
[2026-03-06 08:15:01] 📊 当前状态: normal, Gateway: 985MB, 可用: 32%
[2026-03-06 08:15:01] 📊 当前状态: normal, Gateway: 985MB, 可用: 32%
[2026-03-06 08:15:01] ✅ 系统状态正常，无需恢复
[2026-03-06 08:15:01] ✅ 系统状态正常，无需恢复
[2026-03-06 08:45:02] 🔍 检查 Gateway 状态...
[2026-03-06 08:45:02] 🔍 检查 Gateway 状态...
[2026-03-06 08:45:02] 📊 当前状态: normal, Gateway: 1018MB, 可用: 31%
[2026-03-06 08:45:02] 📊 当前状态: normal, Gateway: 1018MB, 可用: 31%
[2026-03-06 08:45:02] ✅ 系统状态正常，无需恢复
[2026-03-06 08:45:02] ✅ 系统状态正常，无需恢复
[2026-03-06 09:15:01] 🔍 检查 Gateway 状态...
[2026-03-06 09:15:01] 🔍 检查 Gateway 状态...
[2026-03-06 09:15:01] 📊 当前状态: normal, Gateway: 916MB, 可用: 34%
[2026-03-06 09:15:01] 📊 当前状态: normal, Gateway: 916MB, 可用: 34%
[2026-03-06 09:15:01] ✅ 系统状态正常，无需恢复
[2026-03-06 09:15:01] ✅ 系统状态正常，无需恢复
[2026-03-06 09:45:01] 🔍 检查 Gateway 状态...
[2026-03-06 09:45:01] 🔍 检查 Gateway 状态...
[2026-03-06 09:45:01] 📊 当前状态: normal, Gateway: 949MB, 可用: 33%
[2026-03-06 09:45:01] 📊 当前状态: normal, Gateway: 949MB, 可用: 33%
[2026-03-06 09:45:01] ✅ 系统状态正常，无需恢复
[2026-03-06 09:45:01] ✅ 系统状态正常，无需恢复
[2026-03-06 10:15:01] 🔍 检查 Gateway 状态...
[2026-03-06 10:15:01] 🔍 检查 Gateway 状态...
[2026-03-06 10:15:01] 📊 当前状态: normal, Gateway: 966MB, 可用: 32%
[2026-03-06 10:15:01] 📊 当前状态: normal, Gateway: 966MB, 可用: 32%
[2026-03-06 10:15:01] ✅ 系统状态正常，无需恢复
[2026-03-06 10:15:01] ✅ 系统状态正常，无需恢复
[2026-03-06 10:45:01] 🔍 检查 Gateway 状态...
[2026-03-06 10:45:01] 🔍 检查 Gateway 状态...
[2026-03-06 10:45:01] 📊 当前状态: normal, Gateway: 979MB, 可用: 32%
[2026-03-06 10:45:01] 📊 当前状态: normal, Gateway: 979MB, 可用: 32%
[2026-03-06 10:45:01] ✅ 系统状态正常，无需恢复
[2026-03-06 10:45:01] ✅ 系统状态正常，无需恢复
[2026-03-06 11:15:01] 🔍 检查 Gateway 状态...
[2026-03-06 11:15:01] 🔍 检查 Gateway 状态...
[2026-03-06 11:15:01] 📊 当前状态: normal, Gateway: 877MB, 可用: 34%
[2026-03-06 11:15:01] 📊 当前状态: normal, Gateway: 877MB, 可用: 34%
[2026-03-06 11:15:01] ✅ 系统状态正常，无需恢复
[2026-03-06 11:15:01] ✅ 系统状态正常，无需恢复
[2026-03-06 11:45:01] 🔍 检查 Gateway 状态...
[2026-03-06 11:45:01] 🔍 检查 Gateway 状态...
[2026-03-06 11:45:01] 📊 当前状态: normal, Gateway: 920MB, 可用: 33%
[2026-03-06 11:45:01] 📊 当前状态: normal, Gateway: 920MB, 可用: 33%
[2026-03-06 11:45:01] ✅ 系统状态正常，无需恢复
[2026-03-06 11:45:01] ✅ 系统状态正常，无需恢复
[2026-03-06 12:15:02] 🔍 检查 Gateway 状态...
[2026-03-06 12:15:02] 🔍 检查 Gateway 状态...
[2026-03-06 12:15:02] 📊 当前状态: normal, Gateway: 993MB, 可用: 31%
[2026-03-06 12:15:02] 📊 当前状态: normal, Gateway: 993MB, 可用: 31%
[2026-03-06 12:15:02] ✅ 系统状态正常，无需恢复
[2026-03-06 12:15:02] ✅ 系统状态正常，无需恢复
[2026-03-06 12:45:01] 🔍 检查 Gateway 状态...
[2026-03-06 12:45:01] 🔍 检查 Gateway 状态...
[2026-03-06 12:45:01] 📊 当前状态: warning, Gateway: 1027MB, 可用: 30%
[2026-03-06 12:45:01] 📊 当前状态: warning, Gateway: 1027MB, 可用: 30%
[2026-03-06 12:45:01] ✅ 系统状态正常，无需恢复
[2026-03-06 12:45:01] ✅ 系统状态正常，无需恢复
[2026-03-06 13:15:02] 🔍 检查 Gateway 状态...
[2026-03-06 13:15:02] 🔍 检查 Gateway 状态...
[2026-03-06 13:15:02] 📊 当前状态: normal, Gateway: 1007MB, 可用: 31%
[2026-03-06 13:15:02] 📊 当前状态: normal, Gateway: 1007MB, 可用: 31%
[2026-03-06 13:15:02] ✅ 系统状态正常，无需恢复
[2026-03-06 13:15:02] ✅ 系统状态正常，无需恢复
[2026-03-06 13:45:01] 🔍 检查 Gateway 状态...
[2026-03-06 13:45:01] 🔍 检查 Gateway 状态...
[2026-03-06 13:45:01] 📊 当前状态: normal, Gateway: 990MB, 可用: 31%
[2026-03-06 13:45:01] 📊 当前状态: normal, Gateway: 990MB, 可用: 31%
[2026-03-06 13:45:01] ✅ 系统状态正常，无需恢复
[2026-03-06 13:45:01] ✅ 系统状态正常，无需恢复
[2026-03-06 14:15:01] 🔍 检查 Gateway 状态...
[2026-03-06 14:15:01] 🔍 检查 Gateway 状态...
[2026-03-06 14:15:01] 📊 当前状态: normal, Gateway: 973MB, 可用: 32%
[2026-03-06 14:15:01] 📊 当前状态: normal, Gateway: 973MB, 可用: 32%
[2026-03-06 14:15:01] ✅ 系统状态正常，无需恢复
[2026-03-06 14:15:01] ✅ 系统状态正常，无需恢复
[2026-03-06 14:45:01] 🔍 检查 Gateway 状态...
[2026-03-06 14:45:01] 🔍 检查 Gateway 状态...
[2026-03-06 14:45:01] 📊 当前状态: normal, Gateway: 1014MB, 可用: 30%
[2026-03-06 14:45:01] 📊 当前状态: normal, Gateway: 1014MB, 可用: 30%
[2026-03-06 14:45:01] ✅ 系统状态正常，无需恢复
[2026-03-06 14:45:01] ✅ 系统状态正常，无需恢复
[2026-03-06 15:15:01] 🔍 检查 Gateway 状态...
[2026-03-06 15:15:01] 🔍 检查 Gateway 状态...
[2026-03-06 15:15:01] 📊 当前状态: warning, Gateway: 1028MB, 可用: 30%
[2026-03-06 15:15:01] 📊 当前状态: warning, Gateway: 1028MB, 可用: 30%
[2026-03-06 15:15:01] ✅ 系统状态正常，无需恢复
[2026-03-06 15:15:01] ✅ 系统状态正常，无需恢复
[2026-03-06 15:45:02] 🔍 检查 Gateway 状态...
[2026-03-06 15:45:02] 🔍 检查 Gateway 状态...
[2026-03-06 15:45:02] 📊 当前状态: warning, Gateway: 1040MB, 可用: 30%
[2026-03-06 15:45:02] 📊 当前状态: warning, Gateway: 1040MB, 可用: 30%
[2026-03-06 15:45:02] ✅ 系统状态正常，无需恢复
[2026-03-06 15:45:02] ✅ 系统状态正常，无需恢复
[2026-03-06 16:15:01] 🔍 检查 Gateway 状态...
[2026-03-06 16:15:01] 🔍 检查 Gateway 状态...
[2026-03-06 16:15:01] 📊 当前状态: warning, Gateway: 1117MB, 可用: 28%
[2026-03-06 16:15:01] 📊 当前状态: warning, Gateway: 1117MB, 可用: 28%
[2026-03-06 16:15:01] ✅ 系统状态正常，无需恢复
[2026-03-06 16:15:01] ✅ 系统状态正常，无需恢复
[2026-03-06 16:45:01] 🔍 检查 Gateway 状态...
[2026-03-06 16:45:01] 🔍 检查 Gateway 状态...
[2026-03-06 16:45:01] 📊 当前状态: warning, Gateway: 1125MB, 可用: 27%
[2026-03-06 16:45:01] 📊 当前状态: warning, Gateway: 1125MB, 可用: 27%
[2026-03-06 16:45:01] ✅ 系统状态正常，无需恢复
[2026-03-06 16:45:01] ✅ 系统状态正常，无需恢复
[2026-03-06 17:15:02] 🔍 检查 Gateway 状态...
[2026-03-06 17:15:02] 🔍 检查 Gateway 状态...
[2026-03-06 17:15:02] 📊 当前状态: warning, Gateway: 1053MB, 可用: 29%
[2026-03-06 17:15:02] 📊 当前状态: warning, Gateway: 1053MB, 可用: 29%
[2026-03-06 17:15:02] ✅ 系统状态正常，无需恢复
[2026-03-06 17:15:02] ✅ 系统状态正常，无需恢复
[2026-03-06 17:45:01] 🔍 检查 Gateway 状态...
[2026-03-06 17:45:01] 🔍 检查 Gateway 状态...
[2026-03-06 17:45:01] 📊 当前状态: warning, Gateway: 1065MB, 可用: 28%
[2026-03-06 17:45:01] 📊 当前状态: warning, Gateway: 1065MB, 可用: 28%
[2026-03-06 17:45:01] ✅ 系统状态正常，无需恢复
[2026-03-06 17:45:01] ✅ 系统状态正常，无需恢复
[2026-03-06 18:15:01] 🔍 检查 Gateway 状态...
[2026-03-06 18:15:01] 🔍 检查 Gateway 状态...
[2026-03-06 18:15:01] 📊 当前状态: warning, Gateway: 1080MB, 可用: 28%
[2026-03-06 18:15:01] 📊 当前状态: warning, Gateway: 1080MB, 可用: 28%
[2026-03-06 18:15:01] ✅ 系统状态正常，无需恢复
[2026-03-06 18:15:01] ✅ 系统状态正常，无需恢复
[2026-03-06 18:45:02] 🔍 检查 Gateway 状态...
[2026-03-06 18:45:02] 🔍 检查 Gateway 状态...
[2026-03-06 18:45:02] 📊 当前状态: warning, Gateway: 1094MB, 可用: 28%
[2026-03-06 18:45:02] 📊 当前状态: warning, Gateway: 1094MB, 可用: 28%
[2026-03-06 18:45:02] ✅ 系统状态正常，无需恢复
[2026-03-06 18:45:02] ✅ 系统状态正常，无需恢复
[2026-03-06 19:15:02] 🔍 检查 Gateway 状态...
[2026-03-06 19:15:02] 🔍 检查 Gateway 状态...
[2026-03-06 19:15:02] 📊 当前状态: warning, Gateway: 1122MB, 可用: 27%
[2026-03-06 19:15:02] 📊 当前状态: warning, Gateway: 1122MB, 可用: 27%
[2026-03-06 19:15:02] ✅ 系统状态正常，无需恢复
[2026-03-06 19:15:02] ✅ 系统状态正常，无需恢复
[2026-03-06 19:45:01] 🔍 检查 Gateway 状态...
[2026-03-06 19:45:01] 🔍 检查 Gateway 状态...
[2026-03-06 19:45:01] 📊 当前状态: warning, Gateway: 1246MB, 可用: 23%
[2026-03-06 19:45:01] 📊 当前状态: warning, Gateway: 1246MB, 可用: 23%
[2026-03-06 19:45:01] ✅ 系统状态正常，无需恢复
[2026-03-06 19:45:01] ✅ 系统状态正常，无需恢复
[2026-03-06 20:15:01] 🔍 检查 Gateway 状态...
[2026-03-06 20:15:01] 🔍 检查 Gateway 状态...
[2026-03-06 20:15:01] 📊 当前状态: warning, Gateway: 1262MB, 可用: 23%
[2026-03-06 20:15:01] 📊 当前状态: warning, Gateway: 1262MB, 可用: 23%
[2026-03-06 20:15:01] ✅ 系统状态正常，无需恢复
[2026-03-06 20:15:01] ✅ 系统状态正常，无需恢复
[2026-03-06 20:45:01] 🔍 检查 Gateway 状态...
[2026-03-06 20:45:01] 🔍 检查 Gateway 状态...
[2026-03-06 20:45:01] 📊 当前状态: warning, Gateway: 1183MB, 可用: 25%
[2026-03-06 20:45:01] 📊 当前状态: warning, Gateway: 1183MB, 可用: 25%
[2026-03-06 20:45:01] ✅ 系统状态正常，无需恢复
[2026-03-06 20:45:01] ✅ 系统状态正常，无需恢复
[2026-03-06 21:15:01] 🔍 检查 Gateway 状态...
[2026-03-06 21:15:01] 🔍 检查 Gateway 状态...
[2026-03-06 21:15:01] 📊 当前状态: normal, Gateway: 551MB, 可用: 44%
[2026-03-06 21:15:01] 📊 当前状态: normal, Gateway: 551MB, 可用: 44%
[2026-03-06 21:15:01] ✅ 系统状态正常，无需恢复
[2026-03-06 21:15:01] ✅ 系统状态正常，无需恢复
[2026-03-06 21:45:01] 🔍 检查 Gateway 状态...
[2026-03-06 21:45:01] 🔍 检查 Gateway 状态...
[2026-03-06 21:45:02] 📊 当前状态: normal, Gateway: 589MB, 可用: 43%
[2026-03-06 21:45:02] 📊 当前状态: normal, Gateway: 589MB, 可用: 43%
[2026-03-06 21:45:02] ✅ 系统状态正常，无需恢复
[2026-03-06 21:45:02] ✅ 系统状态正常，无需恢复
[2026-03-06 22:15:02] 🔍 检查 Gateway 状态...
[2026-03-06 22:15:02] 🔍 检查 Gateway 状态...
[2026-03-06 22:15:02] 📊 当前状态: normal, Gateway: 598MB, 可用: 43%
[2026-03-06 22:15:02] 📊 当前状态: normal, Gateway: 598MB, 可用: 43%
[2026-03-06 22:15:02] ✅ 系统状态正常，无需恢复
[2026-03-06 22:15:02] ✅ 系统状态正常，无需恢复
[2026-03-06 22:45:01] 🔍 检查 Gateway 状态...
[2026-03-06 22:45:01] 🔍 检查 Gateway 状态...
[2026-03-06 22:45:01] 📊 当前状态: normal, Gateway: 753MB, 可用: 38%
[2026-03-06 22:45:01] 📊 当前状态: normal, Gateway: 753MB, 可用: 38%
[2026-03-06 22:45:01] ✅ 系统状态正常，无需恢复
[2026-03-06 22:45:01] ✅ 系统状态正常，无需恢复
[2026-03-06 23:15:01] 🔍 检查 Gateway 状态...
[2026-03-06 23:15:01] 🔍 检查 Gateway 状态...
[2026-03-06 23:15:01] 📊 当前状态: normal, Gateway: 852MB, 可用: 35%
[2026-03-06 23:15:01] 📊 当前状态: normal, Gateway: 852MB, 可用: 35%
[2026-03-06 23:15:01] ✅ 系统状态正常，无需恢复
[2026-03-06 23:15:01] ✅ 系统状态正常，无需恢复
[2026-03-06 23:45:01] 🔍 检查 Gateway 状态...
[2026-03-06 23:45:01] 🔍 检查 Gateway 状态...
[2026-03-06 23:45:01] 📊 当前状态: normal, Gateway: 642MB, 可用: 41%
[2026-03-06 23:45:01] 📊 当前状态: normal, Gateway: 642MB, 可用: 41%
[2026-03-06 23:45:01] ✅ 系统状态正常，无需恢复
[2026-03-06 23:45:01] ✅ 系统状态正常，无需恢复
[2026-03-07 00:15:01] 🔍 检查 Gateway 状态...
[2026-03-07 00:15:01] 🔍 检查 Gateway 状态...
[2026-03-07 00:15:01] 📊 当前状态: normal, Gateway: 782MB, 可用: 37%
[2026-03-07 00:15:01] 📊 当前状态: normal, Gateway: 782MB, 可用: 37%
[2026-03-07 00:15:01] ✅ 系统状态正常，无需恢复
[2026-03-07 00:15:01] ✅ 系统状态正常，无需恢复
[2026-03-07 00:45:01] 🔍 检查 Gateway 状态...
[2026-03-07 00:45:01] 🔍 检查 Gateway 状态...
[2026-03-07 00:45:01] 📊 当前状态: normal, Gateway: 974MB, 可用: 32%
[2026-03-07 00:45:01] 📊 当前状态: normal, Gateway: 974MB, 可用: 32%
[2026-03-07 00:45:01] ✅ 系统状态正常，无需恢复
[2026-03-07 00:45:01] ✅ 系统状态正常，无需恢复
[2026-03-07 01:15:01] 🔍 检查 Gateway 状态...
[2026-03-07 01:15:01] 🔍 检查 Gateway 状态...
[2026-03-07 01:15:01] 📊 当前状态: normal, Gateway: 695MB, 可用: 40%
[2026-03-07 01:15:01] 📊 当前状态: normal, Gateway: 695MB, 可用: 40%
[2026-03-07 01:15:01] ✅ 系统状态正常，无需恢复
[2026-03-07 01:15:01] ✅ 系统状态正常，无需恢复
[2026-03-07 01:45:01] 🔍 检查 Gateway 状态...
[2026-03-07 01:45:01] 🔍 检查 Gateway 状态...
[2026-03-07 01:45:01] 📊 当前状态: normal, Gateway: 844MB, 可用: 35%
[2026-03-07 01:45:01] 📊 当前状态: normal, Gateway: 844MB, 可用: 35%
[2026-03-07 01:45:01] ✅ 系统状态正常，无需恢复
[2026-03-07 01:45:01] ✅ 系统状态正常，无需恢复
[2026-03-07 02:15:01] 🔍 检查 Gateway 状态...
[2026-03-07 02:15:01] 🔍 检查 Gateway 状态...
[2026-03-07 02:15:02] 📊 当前状态: normal, Gateway: 759MB, 可用: 38%
[2026-03-07 02:15:02] 📊 当前状态: normal, Gateway: 759MB, 可用: 38%
[2026-03-07 02:15:02] ✅ 系统状态正常，无需恢复
[2026-03-07 02:15:02] ✅ 系统状态正常，无需恢复
[2026-03-07 02:45:01] 🔍 检查 Gateway 状态...
[2026-03-07 02:45:01] 🔍 检查 Gateway 状态...
[2026-03-07 02:45:01] 📊 当前状态: normal, Gateway: 792MB, 可用: 37%
[2026-03-07 02:45:01] 📊 当前状态: normal, Gateway: 792MB, 可用: 37%
[2026-03-07 02:45:01] ✅ 系统状态正常，无需恢复
[2026-03-07 02:45:01] ✅ 系统状态正常，无需恢复
[2026-03-07 03:15:01] 🔍 检查 Gateway 状态...
[2026-03-07 03:15:01] 🔍 检查 Gateway 状态...
[2026-03-07 03:15:01] 📊 当前状态: normal, Gateway: 806MB, 可用: 36%
[2026-03-07 03:15:01] 📊 当前状态: normal, Gateway: 806MB, 可用: 36%
[2026-03-07 03:15:01] ✅ 系统状态正常，无需恢复
[2026-03-07 03:15:01] ✅ 系统状态正常，无需恢复
[2026-03-07 03:45:01] 🔍 检查 Gateway 状态...
[2026-03-07 03:45:01] 🔍 检查 Gateway 状态...
[2026-03-07 03:45:01] 📊 当前状态: normal, Gateway: 989MB, 可用: 31%
[2026-03-07 03:45:01] 📊 当前状态: normal, Gateway: 989MB, 可用: 31%
[2026-03-07 03:45:01] ✅ 系统状态正常，无需恢复
[2026-03-07 03:45:01] ✅ 系统状态正常，无需恢复
[2026-03-07 04:15:01] 🔍 检查 Gateway 状态...
[2026-03-07 04:15:01] 🔍 检查 Gateway 状态...
[2026-03-07 04:15:01] 📊 当前状态: normal, Gateway: 1010MB, 可用: 30%
[2026-03-07 04:15:01] 📊 当前状态: normal, Gateway: 1010MB, 可用: 30%
[2026-03-07 04:15:01] ✅ 系统状态正常，无需恢复
[2026-03-07 04:15:01] ✅ 系统状态正常，无需恢复
[2026-03-07 04:45:01] 🔍 检查 Gateway 状态...
[2026-03-07 04:45:01] 🔍 检查 Gateway 状态...
[2026-03-07 04:45:01] 📊 当前状态: normal, Gateway: 738MB, 可用: 39%
[2026-03-07 04:45:01] 📊 当前状态: normal, Gateway: 738MB, 可用: 39%
[2026-03-07 04:45:01] ✅ 系统状态正常，无需恢复
[2026-03-07 04:45:01] ✅ 系统状态正常，无需恢复
[2026-03-07 05:15:01] 🔍 检查 Gateway 状态...
[2026-03-07 05:15:01] 🔍 检查 Gateway 状态...
[2026-03-07 05:15:01] 📊 当前状态: normal, Gateway: 557MB, 可用: 44%
[2026-03-07 05:15:01] 📊 当前状态: normal, Gateway: 557MB, 可用: 44%
[2026-03-07 05:15:01] ✅ 系统状态正常，无需恢复
[2026-03-07 05:15:01] ✅ 系统状态正常，无需恢复
[2026-03-07 05:45:01] 🔍 检查 Gateway 状态...
[2026-03-07 05:45:01] 🔍 检查 Gateway 状态...
[2026-03-07 05:45:01] 📊 当前状态: normal, Gateway: 696MB, 可用: 40%
[2026-03-07 05:45:01] 📊 当前状态: normal, Gateway: 696MB, 可用: 40%
[2026-03-07 05:45:01] ✅ 系统状态正常，无需恢复
[2026-03-07 05:45:01] ✅ 系统状态正常，无需恢复
[2026-03-07 06:15:01] 🔍 检查 Gateway 状态...
[2026-03-07 06:15:01] 🔍 检查 Gateway 状态...
[2026-03-07 06:15:01] 📊 当前状态: normal, Gateway: 856MB, 可用: 36%
[2026-03-07 06:15:01] 📊 当前状态: normal, Gateway: 856MB, 可用: 36%
[2026-03-07 06:15:01] ✅ 系统状态正常，无需恢复
[2026-03-07 06:15:01] ✅ 系统状态正常，无需恢复
[2026-03-07 06:45:01] 🔍 检查 Gateway 状态...
[2026-03-07 06:45:01] 🔍 检查 Gateway 状态...
[2026-03-07 06:45:01] 📊 当前状态: normal, Gateway: 721MB, 可用: 39%
[2026-03-07 06:45:01] 📊 当前状态: normal, Gateway: 721MB, 可用: 39%
[2026-03-07 06:45:01] ✅ 系统状态正常，无需恢复
[2026-03-07 06:45:01] ✅ 系统状态正常，无需恢复
[2026-03-07 07:15:01] 🔍 检查 Gateway 状态...
[2026-03-07 07:15:01] 🔍 检查 Gateway 状态...
[2026-03-07 07:15:01] 📊 当前状态: normal, Gateway: 742MB, 可用: 39%
[2026-03-07 07:15:01] 📊 当前状态: normal, Gateway: 742MB, 可用: 39%
[2026-03-07 07:15:01] ✅ 系统状态正常，无需恢复
[2026-03-07 07:15:01] ✅ 系统状态正常，无需恢复
[2026-03-07 07:45:01] 🔍 检查 Gateway 状态...
[2026-03-07 07:45:01] 🔍 检查 Gateway 状态...
[2026-03-07 07:45:01] 📊 当前状态: normal, Gateway: 754MB, 可用: 38%
[2026-03-07 07:45:01] 📊 当前状态: normal, Gateway: 754MB, 可用: 38%
[2026-03-07 07:45:01] ✅ 系统状态正常，无需恢复
[2026-03-07 07:45:01] ✅ 系统状态正常，无需恢复
[2026-03-07 08:15:02] 🔍 检查 Gateway 状态...
[2026-03-07 08:15:02] 🔍 检查 Gateway 状态...
[2026-03-07 08:15:02] 📊 当前状态: normal, Gateway: 857MB, 可用: 35%
[2026-03-07 08:15:02] 📊 当前状态: normal, Gateway: 857MB, 可用: 35%
[2026-03-07 08:15:02] ✅ 系统状态正常，无需恢复
[2026-03-07 08:15:02] ✅ 系统状态正常，无需恢复
[2026-03-07 08:45:01] 🔍 检查 Gateway 状态...
[2026-03-07 08:45:01] 🔍 检查 Gateway 状态...
[2026-03-07 08:45:01] 📊 当前状态: normal, Gateway: 955MB, 可用: 32%
[2026-03-07 08:45:01] 📊 当前状态: normal, Gateway: 955MB, 可用: 32%
[2026-03-07 08:45:01] ✅ 系统状态正常，无需恢复
[2026-03-07 08:45:01] ✅ 系统状态正常，无需恢复
[2026-03-07 09:15:01] 🔍 检查 Gateway 状态...
[2026-03-07 09:15:01] 🔍 检查 Gateway 状态...
[2026-03-07 09:15:01] 📊 当前状态: normal, Gateway: 696MB, 可用: 40%
[2026-03-07 09:15:01] 📊 当前状态: normal, Gateway: 696MB, 可用: 40%
[2026-03-07 09:15:01] ✅ 系统状态正常，无需恢复
[2026-03-07 09:15:01] ✅ 系统状态正常，无需恢复
[2026-03-07 09:45:01] 🔍 检查 Gateway 状态...
[2026-03-07 09:45:01] 🔍 检查 Gateway 状态...
[2026-03-07 09:45:01] 📊 当前状态: normal, Gateway: 905MB, 可用: 34%
[2026-03-07 09:45:01] 📊 当前状态: normal, Gateway: 905MB, 可用: 34%
[2026-03-07 09:45:01] ✅ 系统状态正常，无需恢复
[2026-03-07 09:45:01] ✅ 系统状态正常，无需恢复
[2026-03-07 10:15:01] 🔍 检查 Gateway 状态...
[2026-03-07 10:15:01] 🔍 检查 Gateway 状态...
[2026-03-07 10:15:01] 📊 当前状态: normal, Gateway: 964MB, 可用: 32%
[2026-03-07 10:15:01] 📊 当前状态: normal, Gateway: 964MB, 可用: 32%
[2026-03-07 10:15:01] ✅ 系统状态正常，无需恢复
[2026-03-07 10:15:01] ✅ 系统状态正常，无需恢复
[2026-03-07 10:45:01] 🔍 检查 Gateway 状态...
[2026-03-07 10:45:01] 🔍 检查 Gateway 状态...
[2026-03-07 10:45:01] 📊 当前状态: normal, Gateway: 954MB, 可用: 32%
[2026-03-07 10:45:01] 📊 当前状态: normal, Gateway: 954MB, 可用: 32%
[2026-03-07 10:45:01] ✅ 系统状态正常，无需恢复
[2026-03-07 10:45:01] ✅ 系统状态正常，无需恢复
[2026-03-07 11:15:02] 🔍 检查 Gateway 状态...
[2026-03-07 11:15:02] 🔍 检查 Gateway 状态...
[2026-03-07 11:15:02] 📊 当前状态: normal, Gateway: 937MB, 可用: 33%
[2026-03-07 11:15:02] 📊 当前状态: normal, Gateway: 937MB, 可用: 33%
[2026-03-07 11:15:02] ✅ 系统状态正常，无需恢复
[2026-03-07 11:15:02] ✅ 系统状态正常，无需恢复
[2026-03-07 11:45:01] 🔍 检查 Gateway 状态...
[2026-03-07 11:45:01] 🔍 检查 Gateway 状态...
[2026-03-07 11:45:01] 📊 当前状态: normal, Gateway: 897MB, 可用: 34%
[2026-03-07 11:45:01] 📊 当前状态: normal, Gateway: 897MB, 可用: 34%
[2026-03-07 11:45:01] ✅ 系统状态正常，无需恢复
[2026-03-07 11:45:01] ✅ 系统状态正常，无需恢复
[2026-03-07 12:15:01] 🔍 检查 Gateway 状态...
[2026-03-07 12:15:01] 🔍 检查 Gateway 状态...
[2026-03-07 12:15:01] 📊 当前状态: normal, Gateway: 963MB, 可用: 32%
[2026-03-07 12:15:01] 📊 当前状态: normal, Gateway: 963MB, 可用: 32%
[2026-03-07 12:15:01] ✅ 系统状态正常，无需恢复
[2026-03-07 12:15:01] ✅ 系统状态正常，无需恢复
[2026-03-07 12:45:02] 🔍 检查 Gateway 状态...
[2026-03-07 12:45:02] 🔍 检查 Gateway 状态...
[2026-03-07 12:45:02] 📊 当前状态: normal, Gateway: 983MB, 可用: 32%
[2026-03-07 12:45:02] 📊 当前状态: normal, Gateway: 983MB, 可用: 32%
[2026-03-07 12:45:02] ✅ 系统状态正常，无需恢复
[2026-03-07 12:45:02] ✅ 系统状态正常，无需恢复
[2026-03-07 13:15:01] 🔍 检查 Gateway 状态...
[2026-03-07 13:15:01] 🔍 检查 Gateway 状态...
[2026-03-07 13:15:01] 📊 当前状态: normal, Gateway: 986MB, 可用: 32%
[2026-03-07 13:15:01] 📊 当前状态: normal, Gateway: 986MB, 可用: 32%
[2026-03-07 13:15:01] ✅ 系统状态正常，无需恢复
[2026-03-07 13:15:01] ✅ 系统状态正常，无需恢复
[2026-03-07 13:45:01] 🔍 检查 Gateway 状态...
[2026-03-07 13:45:01] 🔍 检查 Gateway 状态...
[2026-03-07 13:45:01] 📊 当前状态: normal, Gateway: 952MB, 可用: 33%
[2026-03-07 13:45:01] 📊 当前状态: normal, Gateway: 952MB, 可用: 33%
[2026-03-07 13:45:01] ✅ 系统状态正常，无需恢复
[2026-03-07 13:45:01] ✅ 系统状态正常，无需恢复
[2026-03-07 14:15:01] 🔍 检查 Gateway 状态...
[2026-03-07 14:15:01] 🔍 检查 Gateway 状态...
[2026-03-07 14:15:01] 📊 当前状态: normal, Gateway: 964MB, 可用: 32%
[2026-03-07 14:15:01] 📊 当前状态: normal, Gateway: 964MB, 可用: 32%
[2026-03-07 14:15:01] ✅ 系统状态正常，无需恢复
[2026-03-07 14:15:01] ✅ 系统状态正常，无需恢复
[2026-03-07 14:45:01] 🔍 检查 Gateway 状态...
[2026-03-07 14:45:01] 🔍 检查 Gateway 状态...
[2026-03-07 14:45:01] 📊 当前状态: normal, Gateway: 985MB, 可用: 32%
[2026-03-07 14:45:01] 📊 当前状态: normal, Gateway: 985MB, 可用: 32%
[2026-03-07 14:45:01] ✅ 系统状态正常，无需恢复
[2026-03-07 14:45:01] ✅ 系统状态正常，无需恢复
[2026-03-07 15:15:01] 🔍 检查 Gateway 状态...
[2026-03-07 15:15:01] 🔍 检查 Gateway 状态...
[2026-03-07 15:15:01] 📊 当前状态: normal, Gateway: 962MB, 可用: 32%
[2026-03-07 15:15:01] 📊 当前状态: normal, Gateway: 962MB, 可用: 32%
[2026-03-07 15:15:01] ✅ 系统状态正常，无需恢复
[2026-03-07 15:15:01] ✅ 系统状态正常，无需恢复
[2026-03-07 15:45:02] 🔍 检查 Gateway 状态...
[2026-03-07 15:45:02] 🔍 检查 Gateway 状态...
[2026-03-07 15:45:02] 📊 当前状态: warning, Gateway: 1036MB, 可用: 30%
[2026-03-07 15:45:02] 📊 当前状态: warning, Gateway: 1036MB, 可用: 30%
[2026-03-07 15:45:02] ✅ 系统状态正常，无需恢复
[2026-03-07 15:45:02] ✅ 系统状态正常，无需恢复
[2026-03-07 16:15:01] 🔍 检查 Gateway 状态...
[2026-03-07 16:15:01] 🔍 检查 Gateway 状态...
[2026-03-07 16:15:01] 📊 当前状态: warning, Gateway: 1108MB, 可用: 28%
[2026-03-07 16:15:01] 📊 当前状态: warning, Gateway: 1108MB, 可用: 28%
[2026-03-07 16:15:01] ✅ 系统状态正常，无需恢复
[2026-03-07 16:15:01] ✅ 系统状态正常，无需恢复
[2026-03-07 16:45:02] 🔍 检查 Gateway 状态...
[2026-03-07 16:45:02] 🔍 检查 Gateway 状态...
[2026-03-07 16:45:02] 📊 当前状态: warning, Gateway: 1115MB, 可用: 28%
[2026-03-07 16:45:02] 📊 当前状态: warning, Gateway: 1115MB, 可用: 28%
[2026-03-07 16:45:02] ✅ 系统状态正常，无需恢复
[2026-03-07 16:45:02] ✅ 系统状态正常，无需恢复
[2026-03-07 17:15:02] 🔍 检查 Gateway 状态...
[2026-03-07 17:15:02] 🔍 检查 Gateway 状态...
[2026-03-07 17:15:02] 📊 当前状态: warning, Gateway: 1097MB, 可用: 28%
[2026-03-07 17:15:02] 📊 当前状态: warning, Gateway: 1097MB, 可用: 28%
[2026-03-07 17:15:02] ✅ 系统状态正常，无需恢复
[2026-03-07 17:15:02] ✅ 系统状态正常，无需恢复
[2026-03-07 17:45:01] 🔍 检查 Gateway 状态...
[2026-03-07 17:45:01] 🔍 检查 Gateway 状态...
[2026-03-07 17:45:01] 📊 当前状态: warning, Gateway: 1066MB, 可用: 29%
[2026-03-07 17:45:01] 📊 当前状态: warning, Gateway: 1066MB, 可用: 29%
[2026-03-07 17:45:01] ✅ 系统状态正常，无需恢复
[2026-03-07 17:45:01] ✅ 系统状态正常，无需恢复
[2026-03-07 18:15:01] 🔍 检查 Gateway 状态...
[2026-03-07 18:15:01] 🔍 检查 Gateway 状态...
[2026-03-07 18:15:01] 📊 当前状态: warning, Gateway: 1076MB, 可用: 29%
[2026-03-07 18:15:01] 📊 当前状态: warning, Gateway: 1076MB, 可用: 29%
[2026-03-07 18:15:01] ✅ 系统状态正常，无需恢复
[2026-03-07 18:15:01] ✅ 系统状态正常，无需恢复
[2026-03-07 18:45:01] 🔍 检查 Gateway 状态...
[2026-03-07 18:45:01] 🔍 检查 Gateway 状态...
[2026-03-07 18:45:01] 📊 当前状态: warning, Gateway: 1072MB, 可用: 29%
[2026-03-07 18:45:01] 📊 当前状态: warning, Gateway: 1072MB, 可用: 29%
[2026-03-07 18:45:01] ✅ 系统状态正常，无需恢复
[2026-03-07 18:45:01] ✅ 系统状态正常，无需恢复
[2026-03-07 19:15:01] 🔍 检查 Gateway 状态...
[2026-03-07 19:15:01] 🔍 检查 Gateway 状态...
[2026-03-07 19:15:01] 📊 当前状态: warning, Gateway: 1103MB, 可用: 28%
[2026-03-07 19:15:01] 📊 当前状态: warning, Gateway: 1103MB, 可用: 28%
[2026-03-07 19:15:01] ✅ 系统状态正常，无需恢复
[2026-03-07 19:15:01] ✅ 系统状态正常，无需恢复
[2026-03-07 19:45:01] 🔍 检查 Gateway 状态...
[2026-03-07 19:45:01] 🔍 检查 Gateway 状态...
[2026-03-07 19:45:01] 📊 当前状态: warning, Gateway: 1194MB, 可用: 25%
[2026-03-07 19:45:01] 📊 当前状态: warning, Gateway: 1194MB, 可用: 25%
[2026-03-07 19:45:01] ✅ 系统状态正常，无需恢复
[2026-03-07 19:45:01] ✅ 系统状态正常，无需恢复
[2026-03-07 20:15:01] 🔍 检查 Gateway 状态...
[2026-03-07 20:15:01] 🔍 检查 Gateway 状态...
[2026-03-07 20:15:01] 📊 当前状态: warning, Gateway: 1197MB, 可用: 26%
[2026-03-07 20:15:01] 📊 当前状态: warning, Gateway: 1197MB, 可用: 26%
[2026-03-07 20:15:01] ✅ 系统状态正常，无需恢复
[2026-03-07 20:15:01] ✅ 系统状态正常，无需恢复
[2026-03-07 20:45:02] 🔍 检查 Gateway 状态...
[2026-03-07 20:45:02] 🔍 检查 Gateway 状态...
[2026-03-07 20:45:02] 📊 当前状态: warning, Gateway: 1200MB, 可用: 25%
[2026-03-07 20:45:02] 📊 当前状态: warning, Gateway: 1200MB, 可用: 25%
[2026-03-07 20:45:02] ✅ 系统状态正常，无需恢复
[2026-03-07 20:45:02] ✅ 系统状态正常，无需恢复
[2026-03-07 21:15:01] 🔍 检查 Gateway 状态...
[2026-03-07 21:15:01] 🔍 检查 Gateway 状态...
[2026-03-07 21:15:01] 📊 当前状态: warning, Gateway: 1267MB, 可用: 23%
[2026-03-07 21:15:01] 📊 当前状态: warning, Gateway: 1267MB, 可用: 23%
[2026-03-07 21:15:01] ✅ 系统状态正常，无需恢复
[2026-03-07 21:15:01] ✅ 系统状态正常，无需恢复
[2026-03-07 21:45:01] 🔍 检查 Gateway 状态...
[2026-03-07 21:45:01] 🔍 检查 Gateway 状态...
[2026-03-07 21:45:01] 📊 当前状态: warning, Gateway: 1164MB, 可用: 26%
[2026-03-07 21:45:01] 📊 当前状态: warning, Gateway: 1164MB, 可用: 26%
[2026-03-07 21:45:01] ✅ 系统状态正常，无需恢复
[2026-03-07 21:45:01] ✅ 系统状态正常，无需恢复
[2026-03-07 22:15:01] 🔍 检查 Gateway 状态...
[2026-03-07 22:15:01] 🔍 检查 Gateway 状态...
[2026-03-07 22:15:01] 📊 当前状态: warning, Gateway: 1176MB, 可用: 25%
[2026-03-07 22:15:01] 📊 当前状态: warning, Gateway: 1176MB, 可用: 25%
[2026-03-07 22:15:01] ✅ 系统状态正常，无需恢复
[2026-03-07 22:15:01] ✅ 系统状态正常，无需恢复
[2026-03-07 22:45:02] 🔍 检查 Gateway 状态...
[2026-03-07 22:45:02] 🔍 检查 Gateway 状态...
[2026-03-07 22:45:02] 📊 当前状态: warning, Gateway: 1189MB, 可用: 25%
[2026-03-07 22:45:02] 📊 当前状态: warning, Gateway: 1189MB, 可用: 25%
[2026-03-07 22:45:02] ✅ 系统状态正常，无需恢复
[2026-03-07 22:45:02] ✅ 系统状态正常，无需恢复
[2026-03-07 23:15:01] 🔍 检查 Gateway 状态...
[2026-03-07 23:15:01] 🔍 检查 Gateway 状态...
[2026-03-07 23:15:01] 📊 当前状态: warning, Gateway: 1230MB, 可用: 24%
[2026-03-07 23:15:01] 📊 当前状态: warning, Gateway: 1230MB, 可用: 24%
[2026-03-07 23:15:01] ✅ 系统状态正常，无需恢复
[2026-03-07 23:15:01] ✅ 系统状态正常，无需恢复
[2026-03-07 23:45:01] 🔍 检查 Gateway 状态...
[2026-03-07 23:45:01] 🔍 检查 Gateway 状态...
[2026-03-07 23:45:01] 📊 当前状态: warning, Gateway: 1219MB, 可用: 24%
[2026-03-07 23:45:01] 📊 当前状态: warning, Gateway: 1219MB, 可用: 24%
[2026-03-07 23:45:01] ✅ 系统状态正常，无需恢复
[2026-03-07 23:45:01] ✅ 系统状态正常，无需恢复
[2026-03-08 00:15:01] 🔍 检查 Gateway 状态...
[2026-03-08 00:15:01] 🔍 检查 Gateway 状态...
[2026-03-08 00:15:01] 📊 当前状态: warning, Gateway: 1290MB, 可用: 22%
[2026-03-08 00:15:01] 📊 当前状态: warning, Gateway: 1290MB, 可用: 22%
[2026-03-08 00:15:01] ✅ 系统状态正常，无需恢复
[2026-03-08 00:15:01] ✅ 系统状态正常，无需恢复
[2026-03-08 00:45:01] 🔍 检查 Gateway 状态...
[2026-03-08 00:45:01] 🔍 检查 Gateway 状态...
[2026-03-08 00:45:01] 📊 当前状态: warning, Gateway: 1382MB, 可用: 20%
[2026-03-08 00:45:01] 📊 当前状态: warning, Gateway: 1382MB, 可用: 20%
[2026-03-08 00:45:01] ✅ 系统状态正常，无需恢复
[2026-03-08 00:45:01] ✅ 系统状态正常，无需恢复
[2026-03-08 01:15:02] 🔍 检查 Gateway 状态...
[2026-03-08 01:15:02] 🔍 检查 Gateway 状态...
[2026-03-08 01:15:02] 📊 当前状态: warning, Gateway: 1297MB, 可用: 22%
[2026-03-08 01:15:02] 📊 当前状态: warning, Gateway: 1297MB, 可用: 22%
[2026-03-08 01:15:02] ✅ 系统状态正常，无需恢复
[2026-03-08 01:15:02] ✅ 系统状态正常，无需恢复
[2026-03-08 01:45:01] 🔍 检查 Gateway 状态...
[2026-03-08 01:45:01] 🔍 检查 Gateway 状态...
[2026-03-08 01:45:01] 📊 当前状态: warning, Gateway: 1309MB, 可用: 22%
[2026-03-08 01:45:01] 📊 当前状态: warning, Gateway: 1309MB, 可用: 22%
[2026-03-08 01:45:01] ✅ 系统状态正常，无需恢复
[2026-03-08 01:45:01] ✅ 系统状态正常，无需恢复
[2026-03-08 02:15:01] 🔍 检查 Gateway 状态...
[2026-03-08 02:15:01] 🔍 检查 Gateway 状态...
[2026-03-08 02:15:01] 📊 当前状态: warning, Gateway: 1279MB, 可用: 23%
[2026-03-08 02:15:01] 📊 当前状态: warning, Gateway: 1279MB, 可用: 23%
[2026-03-08 02:15:01] ✅ 系统状态正常，无需恢复
[2026-03-08 02:15:01] ✅ 系统状态正常，无需恢复
[2026-03-08 02:45:01] 🔍 检查 Gateway 状态...
[2026-03-08 02:45:01] 🔍 检查 Gateway 状态...
[2026-03-08 02:45:01] 📊 当前状态: warning, Gateway: 1335MB, 可用: 21%
[2026-03-08 02:45:01] 📊 当前状态: warning, Gateway: 1335MB, 可用: 21%
[2026-03-08 02:45:01] ✅ 系统状态正常，无需恢复
[2026-03-08 02:45:01] ✅ 系统状态正常，无需恢复
[2026-03-08 03:15:01] 🔍 检查 Gateway 状态...
[2026-03-08 03:15:01] 🔍 检查 Gateway 状态...
[2026-03-08 03:15:01] 📊 当前状态: warning, Gateway: 1344MB, 可用: 21%
[2026-03-08 03:15:01] 📊 当前状态: warning, Gateway: 1344MB, 可用: 21%
[2026-03-08 03:15:01] ✅ 系统状态正常，无需恢复
[2026-03-08 03:15:01] ✅ 系统状态正常，无需恢复
[2026-03-08 03:45:01] 🔍 检查 Gateway 状态...
[2026-03-08 03:45:01] 🔍 检查 Gateway 状态...
[2026-03-08 03:45:01] 📊 当前状态: warning, Gateway: 1310MB, 可用: 22%
[2026-03-08 03:45:01] 📊 当前状态: warning, Gateway: 1310MB, 可用: 22%
[2026-03-08 03:45:01] ✅ 系统状态正常，无需恢复
[2026-03-08 03:45:01] ✅ 系统状态正常，无需恢复
[2026-03-08 04:15:01] 🔍 检查 Gateway 状态...
[2026-03-08 04:15:01] 🔍 检查 Gateway 状态...
[2026-03-08 04:15:01] 📊 当前状态: warning, Gateway: 1461MB, 可用: 17%
[2026-03-08 04:15:01] 📊 当前状态: warning, Gateway: 1461MB, 可用: 17%
[2026-03-08 04:15:01] ✅ 系统状态正常，无需恢复
[2026-03-08 04:15:01] ✅ 系统状态正常，无需恢复
[2026-03-08 04:45:01] 🔍 检查 Gateway 状态...
[2026-03-08 04:45:01] 🔍 检查 Gateway 状态...
[2026-03-08 04:45:01] 📊 当前状态: normal, Gateway: 736MB, 可用: 39%
[2026-03-08 04:45:01] 📊 当前状态: normal, Gateway: 736MB, 可用: 39%
[2026-03-08 04:45:01] ✅ 系统状态正常，无需恢复
[2026-03-08 04:45:01] ✅ 系统状态正常，无需恢复
[2026-03-08 05:15:01] 🔍 检查 Gateway 状态...
[2026-03-08 05:15:01] 🔍 检查 Gateway 状态...
[2026-03-08 05:15:01] 📊 当前状态: normal, Gateway: 653MB, 可用: 41%
[2026-03-08 05:15:01] 📊 当前状态: normal, Gateway: 653MB, 可用: 41%
[2026-03-08 05:15:01] ✅ 系统状态正常，无需恢复
[2026-03-08 05:15:01] ✅ 系统状态正常，无需恢复
[2026-03-08 05:45:01] 🔍 检查 Gateway 状态...
[2026-03-08 05:45:01] 🔍 检查 Gateway 状态...
[2026-03-08 05:45:01] 📊 当前状态: normal, Gateway: 581MB, 可用: 43%
[2026-03-08 05:45:01] 📊 当前状态: normal, Gateway: 581MB, 可用: 43%
[2026-03-08 05:45:01] ✅ 系统状态正常，无需恢复
[2026-03-08 05:45:01] ✅ 系统状态正常，无需恢复
[2026-03-08 06:15:01] 🔍 检查 Gateway 状态...
[2026-03-08 06:15:01] 🔍 检查 Gateway 状态...
[2026-03-08 06:15:01] 📊 当前状态: normal, Gateway: 843MB, 可用: 36%
[2026-03-08 06:15:01] 📊 当前状态: normal, Gateway: 843MB, 可用: 36%
[2026-03-08 06:15:01] ✅ 系统状态正常，无需恢复
[2026-03-08 06:15:01] ✅ 系统状态正常，无需恢复
[2026-03-08 06:45:01] 🔍 检查 Gateway 状态...
[2026-03-08 06:45:01] 🔍 检查 Gateway 状态...
[2026-03-08 06:45:01] 📊 当前状态: normal, Gateway: 610MB, 可用: 42%
[2026-03-08 06:45:01] 📊 当前状态: normal, Gateway: 610MB, 可用: 42%
[2026-03-08 06:45:01] ✅ 系统状态正常，无需恢复
[2026-03-08 06:45:01] ✅ 系统状态正常，无需恢复
[2026-03-08 07:15:01] 🔍 检查 Gateway 状态...
[2026-03-08 07:15:01] 🔍 检查 Gateway 状态...
[2026-03-08 07:15:01] 📊 当前状态: normal, Gateway: 625MB, 可用: 42%
[2026-03-08 07:15:01] 📊 当前状态: normal, Gateway: 625MB, 可用: 42%
[2026-03-08 07:15:01] ✅ 系统状态正常，无需恢复
[2026-03-08 07:15:01] ✅ 系统状态正常，无需恢复
[2026-03-08 07:45:02] 🔍 检查 Gateway 状态...
[2026-03-08 07:45:02] 🔍 检查 Gateway 状态...
[2026-03-08 07:45:02] 📊 当前状态: normal, Gateway: 636MB, 可用: 42%
[2026-03-08 07:45:02] 📊 当前状态: normal, Gateway: 636MB, 可用: 42%
[2026-03-08 07:45:02] ✅ 系统状态正常，无需恢复
[2026-03-08 07:45:02] ✅ 系统状态正常，无需恢复
[2026-03-08 08:15:01] 🔍 检查 Gateway 状态...
[2026-03-08 08:15:01] 🔍 检查 Gateway 状态...
[2026-03-08 08:15:01] 📊 当前状态: normal, Gateway: 922MB, 可用: 34%
[2026-03-08 08:15:01] 📊 当前状态: normal, Gateway: 922MB, 可用: 34%
[2026-03-08 08:15:01] ✅ 系统状态正常，无需恢复
[2026-03-08 08:15:01] ✅ 系统状态正常，无需恢复
[2026-03-08 08:45:01] 🔍 检查 Gateway 状态...
[2026-03-08 08:45:01] 🔍 检查 Gateway 状态...
[2026-03-08 08:45:01] 📊 当前状态: normal, Gateway: 843MB, 可用: 36%
[2026-03-08 08:45:01] 📊 当前状态: normal, Gateway: 843MB, 可用: 36%
[2026-03-08 08:45:01] ✅ 系统状态正常，无需恢复
[2026-03-08 08:45:01] ✅ 系统状态正常，无需恢复
[2026-03-08 09:15:01] 🔍 检查 Gateway 状态...
[2026-03-08 09:15:01] 🔍 检查 Gateway 状态...
[2026-03-08 09:15:01] 📊 当前状态: normal, Gateway: 780MB, 可用: 37%
[2026-03-08 09:15:01] 📊 当前状态: normal, Gateway: 780MB, 可用: 37%
[2026-03-08 09:15:01] ✅ 系统状态正常，无需恢复
[2026-03-08 09:15:01] ✅ 系统状态正常，无需恢复
[2026-03-08 09:45:01] 🔍 检查 Gateway 状态...
[2026-03-08 09:45:01] 🔍 检查 Gateway 状态...
[2026-03-08 09:45:01] 📊 当前状态: normal, Gateway: 700MB, 可用: 40%
[2026-03-08 09:45:01] 📊 当前状态: normal, Gateway: 700MB, 可用: 40%
[2026-03-08 09:45:01] ✅ 系统状态正常，无需恢复
[2026-03-08 09:45:01] ✅ 系统状态正常，无需恢复
[2026-03-08 10:15:01] 🔍 检查 Gateway 状态...
[2026-03-08 10:15:01] 🔍 检查 Gateway 状态...
[2026-03-08 10:15:01] 📊 当前状态: normal, Gateway: 917MB, 可用: 33%
[2026-03-08 10:15:01] 📊 当前状态: normal, Gateway: 917MB, 可用: 33%
[2026-03-08 10:15:01] ✅ 系统状态正常，无需恢复
[2026-03-08 10:15:01] ✅ 系统状态正常，无需恢复
[2026-03-08 10:45:01] 🔍 检查 Gateway 状态...
[2026-03-08 10:45:01] 🔍 检查 Gateway 状态...
[2026-03-08 10:45:01] 📊 当前状态: normal, Gateway: 955MB, 可用: 32%
[2026-03-08 10:45:01] 📊 当前状态: normal, Gateway: 955MB, 可用: 32%
[2026-03-08 10:45:01] ✅ 系统状态正常，无需恢复
[2026-03-08 10:45:01] ✅ 系统状态正常，无需恢复
[2026-03-08 11:15:01] 🔍 检查 Gateway 状态...
[2026-03-08 11:15:01] 🔍 检查 Gateway 状态...
[2026-03-08 11:15:01] 📊 当前状态: normal, Gateway: 707MB, 可用: 39%
[2026-03-08 11:15:01] 📊 当前状态: normal, Gateway: 707MB, 可用: 39%
[2026-03-08 11:15:01] ✅ 系统状态正常，无需恢复
[2026-03-08 11:15:01] ✅ 系统状态正常，无需恢复
[2026-03-08 11:45:01] 🔍 检查 Gateway 状态...
[2026-03-08 11:45:01] 🔍 检查 Gateway 状态...
[2026-03-08 11:45:01] 📊 当前状态: normal, Gateway: 758MB, 可用: 37%
[2026-03-08 11:45:01] 📊 当前状态: normal, Gateway: 758MB, 可用: 37%
[2026-03-08 11:45:01] ✅ 系统状态正常，无需恢复
[2026-03-08 11:45:01] ✅ 系统状态正常，无需恢复
[2026-03-08 12:15:01] 🔍 检查 Gateway 状态...
[2026-03-08 12:15:01] 🔍 检查 Gateway 状态...
[2026-03-08 12:15:01] 📊 当前状态: normal, Gateway: 1005MB, 可用: 31%
[2026-03-08 12:15:01] 📊 当前状态: normal, Gateway: 1005MB, 可用: 31%
[2026-03-08 12:15:01] ✅ 系统状态正常，无需恢复
[2026-03-08 12:15:01] ✅ 系统状态正常，无需恢复
[2026-03-08 12:45:02] 🔍 检查 Gateway 状态...
[2026-03-08 12:45:02] 🔍 检查 Gateway 状态...
[2026-03-08 12:45:02] 📊 当前状态: normal, Gateway: 998MB, 可用: 31%
[2026-03-08 12:45:02] 📊 当前状态: normal, Gateway: 998MB, 可用: 31%
[2026-03-08 12:45:02] ✅ 系统状态正常，无需恢复
[2026-03-08 12:45:02] ✅ 系统状态正常，无需恢复
[2026-03-08 13:15:02] 🔍 检查 Gateway 状态...
[2026-03-08 13:15:02] 🔍 检查 Gateway 状态...
[2026-03-08 13:15:02] 📊 当前状态: normal, Gateway: 802MB, 可用: 37%
[2026-03-08 13:15:02] 📊 当前状态: normal, Gateway: 802MB, 可用: 37%
[2026-03-08 13:15:02] ✅ 系统状态正常，无需恢复
[2026-03-08 13:15:02] ✅ 系统状态正常，无需恢复
[2026-03-08 13:45:01] 🔍 检查 Gateway 状态...
[2026-03-08 13:45:01] 🔍 检查 Gateway 状态...
[2026-03-08 13:45:01] 📊 当前状态: normal, Gateway: 813MB, 可用: 37%
[2026-03-08 13:45:01] 📊 当前状态: normal, Gateway: 813MB, 可用: 37%
[2026-03-08 13:45:01] ✅ 系统状态正常，无需恢复
[2026-03-08 13:45:01] ✅ 系统状态正常，无需恢复
[2026-03-08 14:15:01] 🔍 检查 Gateway 状态...
[2026-03-08 14:15:01] 🔍 检查 Gateway 状态...
[2026-03-08 14:15:01] 📊 当前状态: normal, Gateway: 825MB, 可用: 36%
[2026-03-08 14:15:01] 📊 当前状态: normal, Gateway: 825MB, 可用: 36%
[2026-03-08 14:15:01] ✅ 系统状态正常，无需恢复
[2026-03-08 14:15:01] ✅ 系统状态正常，无需恢复
[2026-03-08 14:45:01] 🔍 检查 Gateway 状态...
[2026-03-08 14:45:01] 🔍 检查 Gateway 状态...
[2026-03-08 14:45:01] 📊 当前状态: normal, Gateway: 840MB, 可用: 36%
[2026-03-08 14:45:01] 📊 当前状态: normal, Gateway: 840MB, 可用: 36%
[2026-03-08 14:45:01] ✅ 系统状态正常，无需恢复
[2026-03-08 14:45:01] ✅ 系统状态正常，无需恢复
[2026-03-08 15:15:01] 🔍 检查 Gateway 状态...
[2026-03-08 15:15:01] 🔍 检查 Gateway 状态...
[2026-03-08 15:15:01] 📊 当前状态: normal, Gateway: 824MB, 可用: 37%
[2026-03-08 15:15:01] 📊 当前状态: normal, Gateway: 824MB, 可用: 37%
[2026-03-08 15:15:01] ✅ 系统状态正常，无需恢复
[2026-03-08 15:15:01] ✅ 系统状态正常，无需恢复
[2026-03-08 15:45:01] 🔍 检查 Gateway 状态...
[2026-03-08 15:45:01] 🔍 检查 Gateway 状态...
[2026-03-08 15:45:01] 📊 当前状态: warning, Gateway: 1040MB, 可用: 30%
[2026-03-08 15:45:01] 📊 当前状态: warning, Gateway: 1040MB, 可用: 30%
[2026-03-08 15:45:01] ✅ 系统状态正常，无需恢复
[2026-03-08 15:45:01] ✅ 系统状态正常，无需恢复
[2026-03-08 16:15:01] 🔍 检查 Gateway 状态...
[2026-03-08 16:15:01] 🔍 检查 Gateway 状态...
[2026-03-08 16:15:02] 📊 当前状态: warning, Gateway: 1059MB, 可用: 30%
[2026-03-08 16:15:02] 📊 当前状态: warning, Gateway: 1059MB, 可用: 30%
[2026-03-08 16:15:02] ✅ 系统状态正常，无需恢复
[2026-03-08 16:15:02] ✅ 系统状态正常，无需恢复
[2026-03-08 16:45:01] 🔍 检查 Gateway 状态...
[2026-03-08 16:45:01] 🔍 检查 Gateway 状态...
[2026-03-08 16:45:01] 📊 当前状态: warning, Gateway: 1088MB, 可用: 28%
[2026-03-08 16:45:01] 📊 当前状态: warning, Gateway: 1088MB, 可用: 28%
[2026-03-08 16:45:01] ✅ 系统状态正常，无需恢复
[2026-03-08 16:45:01] ✅ 系统状态正常，无需恢复
[2026-03-08 17:15:01] 🔍 检查 Gateway 状态...
[2026-03-08 17:15:01] 🔍 检查 Gateway 状态...
[2026-03-08 17:15:01] 📊 当前状态: warning, Gateway: 1062MB, 可用: 30%
[2026-03-08 17:15:01] 📊 当前状态: warning, Gateway: 1062MB, 可用: 30%
[2026-03-08 17:15:01] ✅ 系统状态正常，无需恢复
[2026-03-08 17:15:01] ✅ 系统状态正常，无需恢复
[2026-03-08 17:45:01] 🔍 检查 Gateway 状态...
[2026-03-08 17:45:01] 🔍 检查 Gateway 状态...
[2026-03-08 17:45:01] 📊 当前状态: normal, Gateway: 948MB, 可用: 33%
[2026-03-08 17:45:01] 📊 当前状态: normal, Gateway: 948MB, 可用: 33%
[2026-03-08 17:45:01] ✅ 系统状态正常，无需恢复
[2026-03-08 17:45:01] ✅ 系统状态正常，无需恢复
[2026-03-08 18:15:01] 🔍 检查 Gateway 状态...
[2026-03-08 18:15:01] 🔍 检查 Gateway 状态...
[2026-03-08 18:15:01] 📊 当前状态: normal, Gateway: 961MB, 可用: 32%
[2026-03-08 18:15:01] 📊 当前状态: normal, Gateway: 961MB, 可用: 32%
[2026-03-08 18:15:01] ✅ 系统状态正常，无需恢复
[2026-03-08 18:15:01] ✅ 系统状态正常，无需恢复
[2026-03-08 18:45:01] 🔍 检查 Gateway 状态...
[2026-03-08 18:45:01] 🔍 检查 Gateway 状态...
[2026-03-08 18:45:01] 📊 当前状态: warning, Gateway: 1064MB, 可用: 29%
[2026-03-08 18:45:01] 📊 当前状态: warning, Gateway: 1064MB, 可用: 29%
[2026-03-08 18:45:01] ✅ 系统状态正常，无需恢复
[2026-03-08 18:45:01] ✅ 系统状态正常，无需恢复
[2026-03-08 19:15:01] 🔍 检查 Gateway 状态...
[2026-03-08 19:15:01] 🔍 检查 Gateway 状态...
[2026-03-08 19:15:02] 📊 当前状态: warning, Gateway: 1234MB, 可用: 25%
[2026-03-08 19:15:02] 📊 当前状态: warning, Gateway: 1234MB, 可用: 25%
[2026-03-08 19:15:02] ✅ 系统状态正常，无需恢复
[2026-03-08 19:15:02] ✅ 系统状态正常，无需恢复
[2026-03-08 19:45:01] 🔍 检查 Gateway 状态...
[2026-03-08 19:45:01] 🔍 检查 Gateway 状态...
[2026-03-08 19:45:01] 📊 当前状态: warning, Gateway: 1151MB, 可用: 27%
[2026-03-08 19:45:01] 📊 当前状态: warning, Gateway: 1151MB, 可用: 27%
[2026-03-08 19:45:01] ✅ 系统状态正常，无需恢复
[2026-03-08 19:45:01] ✅ 系统状态正常，无需恢复
[2026-03-08 20:15:01] 🔍 检查 Gateway 状态...
[2026-03-08 20:15:01] 🔍 检查 Gateway 状态...
[2026-03-08 20:15:01] 📊 当前状态: warning, Gateway: 1200MB, 可用: 25%
[2026-03-08 20:15:01] 📊 当前状态: warning, Gateway: 1200MB, 可用: 25%
[2026-03-08 20:15:01] ✅ 系统状态正常，无需恢复
[2026-03-08 20:15:01] ✅ 系统状态正常，无需恢复
[2026-03-08 20:45:01] 🔍 检查 Gateway 状态...
[2026-03-08 20:45:01] 🔍 检查 Gateway 状态...
[2026-03-08 20:45:01] 📊 当前状态: warning, Gateway: 1190MB, 可用: 25%
[2026-03-08 20:45:01] 📊 当前状态: warning, Gateway: 1190MB, 可用: 25%
[2026-03-08 20:45:01] ✅ 系统状态正常，无需恢复
[2026-03-08 20:45:01] ✅ 系统状态正常，无需恢复
[2026-03-08 21:15:01] 🔍 检查 Gateway 状态...
[2026-03-08 21:15:01] 🔍 检查 Gateway 状态...
[2026-03-08 21:15:01] 📊 当前状态: warning, Gateway: 1161MB, 可用: 26%
[2026-03-08 21:15:01] 📊 当前状态: warning, Gateway: 1161MB, 可用: 26%
[2026-03-08 21:15:01] ✅ 系统状态正常，无需恢复
[2026-03-08 21:15:01] ✅ 系统状态正常，无需恢复
[2026-03-08 21:45:01] 🔍 检查 Gateway 状态...
[2026-03-08 21:45:01] 🔍 检查 Gateway 状态...
[2026-03-08 21:45:01] 📊 当前状态: warning, Gateway: 1213MB, 可用: 25%
[2026-03-08 21:45:01] 📊 当前状态: warning, Gateway: 1213MB, 可用: 25%
[2026-03-08 21:45:01] ✅ 系统状态正常，无需恢复
[2026-03-08 21:45:01] ✅ 系统状态正常，无需恢复
[2026-03-08 22:15:01] 🔍 检查 Gateway 状态...
[2026-03-08 22:15:01] 🔍 检查 Gateway 状态...
[2026-03-08 22:15:01] 📊 当前状态: warning, Gateway: 1203MB, 可用: 25%
[2026-03-08 22:15:01] 📊 当前状态: warning, Gateway: 1203MB, 可用: 25%
[2026-03-08 22:15:01] ✅ 系统状态正常，无需恢复
[2026-03-08 22:15:01] ✅ 系统状态正常，无需恢复
[2026-03-08 22:45:02] 🔍 检查 Gateway 状态...
[2026-03-08 22:45:02] 🔍 检查 Gateway 状态...
[2026-03-08 22:45:02] 📊 当前状态: warning, Gateway: 1232MB, 可用: 24%
[2026-03-08 22:45:02] 📊 当前状态: warning, Gateway: 1232MB, 可用: 24%
[2026-03-08 22:45:02] ✅ 系统状态正常，无需恢复
[2026-03-08 22:45:02] ✅ 系统状态正常，无需恢复
[2026-03-08 23:15:01] 🔍 检查 Gateway 状态...
[2026-03-08 23:15:01] 🔍 检查 Gateway 状态...
[2026-03-08 23:15:01] 📊 当前状态: warning, Gateway: 1283MB, 可用: 23%
[2026-03-08 23:15:01] 📊 当前状态: warning, Gateway: 1283MB, 可用: 23%
[2026-03-08 23:15:01] ✅ 系统状态正常，无需恢复
[2026-03-08 23:15:01] ✅ 系统状态正常，无需恢复
[2026-03-08 23:45:01] 🔍 检查 Gateway 状态...
[2026-03-08 23:45:01] 🔍 检查 Gateway 状态...
[2026-03-08 23:45:01] 📊 当前状态: warning, Gateway: 1221MB, 可用: 24%
[2026-03-08 23:45:01] 📊 当前状态: warning, Gateway: 1221MB, 可用: 24%
[2026-03-08 23:45:01] ✅ 系统状态正常，无需恢复
[2026-03-08 23:45:01] ✅ 系统状态正常，无需恢复
[2026-03-09 00:15:01] 🔍 检查 Gateway 状态...
[2026-03-09 00:15:01] 🔍 检查 Gateway 状态...
[2026-03-09 00:15:01] 📊 当前状态: warning, Gateway: 1279MB, 可用: 23%
[2026-03-09 00:15:01] 📊 当前状态: warning, Gateway: 1279MB, 可用: 23%
[2026-03-09 00:15:01] ✅ 系统状态正常，无需恢复
[2026-03-09 00:15:01] ✅ 系统状态正常，无需恢复
[2026-03-09 00:45:01] 🔍 检查 Gateway 状态...
[2026-03-09 00:45:01] 🔍 检查 Gateway 状态...
[2026-03-09 00:45:01] 📊 当前状态: warning, Gateway: 1303MB, 可用: 22%
[2026-03-09 00:45:01] 📊 当前状态: warning, Gateway: 1303MB, 可用: 22%
[2026-03-09 00:45:01] ✅ 系统状态正常，无需恢复
[2026-03-09 00:45:01] ✅ 系统状态正常，无需恢复
[2026-03-09 01:15:01] 🔍 检查 Gateway 状态...
[2026-03-09 01:15:01] 🔍 检查 Gateway 状态...
[2026-03-09 01:15:01] 📊 当前状态: warning, Gateway: 1231MB, 可用: 24%
[2026-03-09 01:15:01] 📊 当前状态: warning, Gateway: 1231MB, 可用: 24%
[2026-03-09 01:15:01] ✅ 系统状态正常，无需恢复
[2026-03-09 01:15:01] ✅ 系统状态正常，无需恢复
[2026-03-09 01:45:01] 🔍 检查 Gateway 状态...
[2026-03-09 01:45:01] 🔍 检查 Gateway 状态...
[2026-03-09 01:45:01] 📊 当前状态: warning, Gateway: 1265MB, 可用: 23%
[2026-03-09 01:45:01] 📊 当前状态: warning, Gateway: 1265MB, 可用: 23%
[2026-03-09 01:45:01] ✅ 系统状态正常，无需恢复
[2026-03-09 01:45:01] ✅ 系统状态正常，无需恢复
[2026-03-09 02:15:01] 🔍 检查 Gateway 状态...
[2026-03-09 02:15:01] 🔍 检查 Gateway 状态...
[2026-03-09 02:15:01] 📊 当前状态: warning, Gateway: 1449MB, 可用: 18%
[2026-03-09 02:15:01] 📊 当前状态: warning, Gateway: 1449MB, 可用: 18%
[2026-03-09 02:15:01] ✅ 系统状态正常，无需恢复
[2026-03-09 02:15:01] ✅ 系统状态正常，无需恢复
[2026-03-09 02:45:01] 🔍 检查 Gateway 状态...
[2026-03-09 02:45:01] 🔍 检查 Gateway 状态...
[2026-03-09 02:45:01] 📊 当前状态: warning, Gateway: 1294MB, 可用: 22%
[2026-03-09 02:45:01] 📊 当前状态: warning, Gateway: 1294MB, 可用: 22%
[2026-03-09 02:45:01] ✅ 系统状态正常，无需恢复
[2026-03-09 02:45:01] ✅ 系统状态正常，无需恢复
[2026-03-09 03:15:01] 🔍 检查 Gateway 状态...
[2026-03-09 03:15:01] 🔍 检查 Gateway 状态...
[2026-03-09 03:15:01] 📊 当前状态: warning, Gateway: 1309MB, 可用: 22%
[2026-03-09 03:15:01] 📊 当前状态: warning, Gateway: 1309MB, 可用: 22%
[2026-03-09 03:15:01] ✅ 系统状态正常，无需恢复
[2026-03-09 03:15:01] ✅ 系统状态正常，无需恢复
[2026-03-09 03:45:01] 🔍 检查 Gateway 状态...
[2026-03-09 03:45:01] 🔍 检查 Gateway 状态...
[2026-03-09 03:45:01] 📊 当前状态: warning, Gateway: 1339MB, 可用: 21%
[2026-03-09 03:45:01] 📊 当前状态: warning, Gateway: 1339MB, 可用: 21%
[2026-03-09 03:45:01] ✅ 系统状态正常，无需恢复
[2026-03-09 03:45:01] ✅ 系统状态正常，无需恢复
[2026-03-09 04:15:01] 🔍 检查 Gateway 状态...
[2026-03-09 04:15:01] 🔍 检查 Gateway 状态...
[2026-03-09 04:15:01] 📊 当前状态: warning, Gateway: 1401MB, 可用: 19%
[2026-03-09 04:15:01] 📊 当前状态: warning, Gateway: 1401MB, 可用: 19%
[2026-03-09 04:15:01] ✅ 系统状态正常，无需恢复
[2026-03-09 04:15:01] ✅ 系统状态正常，无需恢复
[2026-03-09 04:45:02] 🔍 检查 Gateway 状态...
[2026-03-09 04:45:02] 🔍 检查 Gateway 状态...
[2026-03-09 04:45:02] 📊 当前状态: normal, Gateway: 908MB, 可用: 34%
[2026-03-09 04:45:02] 📊 当前状态: normal, Gateway: 908MB, 可用: 34%
[2026-03-09 04:45:02] ✅ 系统状态正常，无需恢复
[2026-03-09 04:45:02] ✅ 系统状态正常，无需恢复
[2026-03-09 05:15:01] 🔍 检查 Gateway 状态...
[2026-03-09 05:15:01] 🔍 检查 Gateway 状态...
[2026-03-09 05:15:01] 📊 当前状态: normal, Gateway: 789MB, 可用: 37%
[2026-03-09 05:15:01] 📊 当前状态: normal, Gateway: 789MB, 可用: 37%
[2026-03-09 05:15:01] ✅ 系统状态正常，无需恢复
[2026-03-09 05:15:01] ✅ 系统状态正常，无需恢复
[2026-03-09 05:45:01] 🔍 检查 Gateway 状态...
[2026-03-09 05:45:01] 🔍 检查 Gateway 状态...
[2026-03-09 05:45:01] 📊 当前状态: normal, Gateway: 802MB, 可用: 37%
[2026-03-09 05:45:01] 📊 当前状态: normal, Gateway: 802MB, 可用: 37%
[2026-03-09 05:45:01] ✅ 系统状态正常，无需恢复
[2026-03-09 05:45:01] ✅ 系统状态正常，无需恢复
[2026-03-09 06:15:01] 🔍 检查 Gateway 状态...
[2026-03-09 06:15:01] 🔍 检查 Gateway 状态...
[2026-03-09 06:15:01] 📊 当前状态: normal, Gateway: 939MB, 可用: 33%
[2026-03-09 06:15:01] 📊 当前状态: normal, Gateway: 939MB, 可用: 33%
[2026-03-09 06:15:01] ✅ 系统状态正常，无需恢复
[2026-03-09 06:15:01] ✅ 系统状态正常，无需恢复
[2026-03-09 06:45:01] 🔍 检查 Gateway 状态...
[2026-03-09 06:45:01] 🔍 检查 Gateway 状态...
[2026-03-09 06:45:01] 📊 当前状态: normal, Gateway: 813MB, 可用: 36%
[2026-03-09 06:45:01] 📊 当前状态: normal, Gateway: 813MB, 可用: 36%
[2026-03-09 06:45:01] ✅ 系统状态正常，无需恢复
[2026-03-09 06:45:01] ✅ 系统状态正常，无需恢复
[2026-03-09 07:15:01] 🔍 检查 Gateway 状态...
[2026-03-09 07:15:01] 🔍 检查 Gateway 状态...
[2026-03-09 07:15:02] 📊 当前状态: normal, Gateway: 847MB, 可用: 35%
[2026-03-09 07:15:02] 📊 当前状态: normal, Gateway: 847MB, 可用: 35%
[2026-03-09 07:15:02] ✅ 系统状态正常，无需恢复
[2026-03-09 07:15:02] ✅ 系统状态正常，无需恢复
[2026-03-09 07:45:01] 🔍 检查 Gateway 状态...
[2026-03-09 07:45:01] 🔍 检查 Gateway 状态...
[2026-03-09 07:45:01] 📊 当前状态: normal, Gateway: 865MB, 可用: 35%
[2026-03-09 07:45:01] 📊 当前状态: normal, Gateway: 865MB, 可用: 35%
[2026-03-09 07:45:01] ✅ 系统状态正常，无需恢复
[2026-03-09 07:45:01] ✅ 系统状态正常，无需恢复
[2026-03-09 08:15:01] 🔍 检查 Gateway 状态...
[2026-03-09 08:15:01] 🔍 检查 Gateway 状态...
[2026-03-09 08:15:01] 📊 当前状态: warning, Gateway: 1071MB, 可用: 29%
[2026-03-09 08:15:01] 📊 当前状态: warning, Gateway: 1071MB, 可用: 29%
[2026-03-09 08:15:01] ✅ 系统状态正常，无需恢复
[2026-03-09 08:15:01] ✅ 系统状态正常，无需恢复
[2026-03-09 08:45:01] 🔍 检查 Gateway 状态...
[2026-03-09 08:45:01] 🔍 检查 Gateway 状态...
[2026-03-09 08:45:01] 📊 当前状态: normal, Gateway: 932MB, 可用: 33%
[2026-03-09 08:45:01] 📊 当前状态: normal, Gateway: 932MB, 可用: 33%
[2026-03-09 08:45:01] ✅ 系统状态正常，无需恢复
[2026-03-09 08:45:01] ✅ 系统状态正常，无需恢复
[2026-03-09 09:15:01] 🔍 检查 Gateway 状态...
[2026-03-09 09:15:01] 🔍 检查 Gateway 状态...
[2026-03-09 09:15:01] 📊 当前状态: normal, Gateway: 935MB, 可用: 33%
[2026-03-09 09:15:01] 📊 当前状态: normal, Gateway: 935MB, 可用: 33%
[2026-03-09 09:15:01] ✅ 系统状态正常，无需恢复
[2026-03-09 09:15:01] ✅ 系统状态正常，无需恢复
[2026-03-09 09:45:01] 🔍 检查 Gateway 状态...
[2026-03-09 09:45:01] 🔍 检查 Gateway 状态...
[2026-03-09 09:45:01] 📊 当前状态: normal, Gateway: 825MB, 可用: 36%
[2026-03-09 09:45:01] 📊 当前状态: normal, Gateway: 825MB, 可用: 36%
[2026-03-09 09:45:01] ✅ 系统状态正常，无需恢复
[2026-03-09 09:45:01] ✅ 系统状态正常，无需恢复
[2026-03-09 10:15:01] 🔍 检查 Gateway 状态...
[2026-03-09 10:15:01] 🔍 检查 Gateway 状态...
[2026-03-09 10:15:01] 📊 当前状态: normal, Gateway: 1015MB, 可用: 30%
[2026-03-09 10:15:01] 📊 当前状态: normal, Gateway: 1015MB, 可用: 30%
[2026-03-09 10:15:01] ✅ 系统状态正常，无需恢复
[2026-03-09 10:15:01] ✅ 系统状态正常，无需恢复
[2026-03-09 10:45:01] 🔍 检查 Gateway 状态...
[2026-03-09 10:45:01] 🔍 检查 Gateway 状态...
[2026-03-09 10:45:01] 📊 当前状态: warning, Gateway: 1027MB, 可用: 30%
[2026-03-09 10:45:01] 📊 当前状态: warning, Gateway: 1027MB, 可用: 30%
[2026-03-09 10:45:01] ✅ 系统状态正常，无需恢复
[2026-03-09 10:45:01] ✅ 系统状态正常，无需恢复
[2026-03-09 11:15:01] 🔍 检查 Gateway 状态...
[2026-03-09 11:15:01] 🔍 检查 Gateway 状态...
[2026-03-09 11:15:01] 📊 当前状态: normal, Gateway: 992MB, 可用: 31%
[2026-03-09 11:15:01] 📊 当前状态: normal, Gateway: 992MB, 可用: 31%
[2026-03-09 11:15:01] ✅ 系统状态正常，无需恢复
[2026-03-09 11:15:01] ✅ 系统状态正常，无需恢复
[2026-03-09 11:45:01] 🔍 检查 Gateway 状态...
[2026-03-09 11:45:01] 🔍 检查 Gateway 状态...
[2026-03-09 11:45:01] 📊 当前状态: normal, Gateway: 1006MB, 可用: 31%
[2026-03-09 11:45:01] 📊 当前状态: normal, Gateway: 1006MB, 可用: 31%
[2026-03-09 11:45:01] ✅ 系统状态正常，无需恢复
[2026-03-09 11:45:01] ✅ 系统状态正常，无需恢复
[2026-03-09 12:15:02] 🔍 检查 Gateway 状态...
[2026-03-09 12:15:02] 🔍 检查 Gateway 状态...
[2026-03-09 12:15:02] 📊 当前状态: warning, Gateway: 1040MB, 可用: 29%
[2026-03-09 12:15:02] 📊 当前状态: warning, Gateway: 1040MB, 可用: 29%
[2026-03-09 12:15:02] ✅ 系统状态正常，无需恢复
[2026-03-09 12:15:02] ✅ 系统状态正常，无需恢复
[2026-03-09 12:45:01] 🔍 检查 Gateway 状态...
[2026-03-09 12:45:01] 🔍 检查 Gateway 状态...
[2026-03-09 12:45:01] 📊 当前状态: warning, Gateway: 1437MB, 可用: 18%
[2026-03-09 12:45:01] 📊 当前状态: warning, Gateway: 1437MB, 可用: 18%
[2026-03-09 12:45:01] ✅ 系统状态正常，无需恢复
[2026-03-09 12:45:01] ✅ 系统状态正常，无需恢复
[2026-03-09 13:15:01] 🔍 检查 Gateway 状态...
[2026-03-09 13:15:01] 🔍 检查 Gateway 状态...
[2026-03-09 13:15:01] 📊 当前状态: warning, Gateway: 1339MB, 可用: 21%
[2026-03-09 13:15:01] 📊 当前状态: warning, Gateway: 1339MB, 可用: 21%
[2026-03-09 13:15:01] ✅ 系统状态正常，无需恢复
[2026-03-09 13:15:01] ✅ 系统状态正常，无需恢复
[2026-03-09 13:45:01] 🔍 检查 Gateway 状态...
[2026-03-09 13:45:01] 🔍 检查 Gateway 状态...
[2026-03-09 13:45:01] 📊 当前状态: warning, Gateway: 1276MB, 可用: 22%
[2026-03-09 13:45:01] 📊 当前状态: warning, Gateway: 1276MB, 可用: 22%
[2026-03-09 13:45:01] ✅ 系统状态正常，无需恢复
[2026-03-09 13:45:01] ✅ 系统状态正常，无需恢复
[2026-03-09 14:15:01] 🔍 检查 Gateway 状态...
[2026-03-09 14:15:01] 🔍 检查 Gateway 状态...
[2026-03-09 14:15:01] 📊 当前状态: warning, Gateway: 1276MB, 可用: 23%
[2026-03-09 14:15:01] 📊 当前状态: warning, Gateway: 1276MB, 可用: 23%
[2026-03-09 14:15:01] ✅ 系统状态正常，无需恢复
[2026-03-09 14:15:01] ✅ 系统状态正常，无需恢复
[2026-03-09 14:45:01] 🔍 检查 Gateway 状态...
[2026-03-09 14:45:01] 🔍 检查 Gateway 状态...
[2026-03-09 14:45:01] 📊 当前状态: warning, Gateway: 1278MB, 可用: 22%
[2026-03-09 14:45:01] 📊 当前状态: warning, Gateway: 1278MB, 可用: 22%
[2026-03-09 14:45:01] ✅ 系统状态正常，无需恢复
[2026-03-09 14:45:01] ✅ 系统状态正常，无需恢复
[2026-03-09 15:15:02] 🔍 检查 Gateway 状态...
[2026-03-09 15:15:02] 🔍 检查 Gateway 状态...
[2026-03-09 15:15:02] 📊 当前状态: warning, Gateway: 1285MB, 可用: 23%
[2026-03-09 15:15:02] 📊 当前状态: warning, Gateway: 1285MB, 可用: 23%
[2026-03-09 15:15:02] ✅ 系统状态正常，无需恢复
[2026-03-09 15:15:02] ✅ 系统状态正常，无需恢复
[2026-03-09 15:45:01] 🔍 检查 Gateway 状态...
[2026-03-09 15:45:01] 🔍 检查 Gateway 状态...
[2026-03-09 15:45:01] 📊 当前状态: warning, Gateway: 1285MB, 可用: 23%
[2026-03-09 15:45:01] 📊 当前状态: warning, Gateway: 1285MB, 可用: 23%
[2026-03-09 15:45:01] ✅ 系统状态正常，无需恢复
[2026-03-09 15:45:01] ✅ 系统状态正常，无需恢复
[2026-03-09 16:15:01] 🔍 检查 Gateway 状态...
[2026-03-09 16:15:01] 🔍 检查 Gateway 状态...
[2026-03-09 16:15:01] 📊 当前状态: warning, Gateway: 1296MB, 可用: 23%
[2026-03-09 16:15:01] 📊 当前状态: warning, Gateway: 1296MB, 可用: 23%
[2026-03-09 16:15:01] ✅ 系统状态正常，无需恢复
[2026-03-09 16:15:01] ✅ 系统状态正常，无需恢复
[2026-03-09 16:45:01] 🔍 检查 Gateway 状态...
[2026-03-09 16:45:01] 🔍 检查 Gateway 状态...
[2026-03-09 16:45:01] 📊 当前状态: warning, Gateway: 1220MB, 可用: 25%
[2026-03-09 16:45:01] 📊 当前状态: warning, Gateway: 1220MB, 可用: 25%
[2026-03-09 16:45:01] ✅ 系统状态正常，无需恢复
[2026-03-09 16:45:01] ✅ 系统状态正常，无需恢复
[2026-03-09 17:15:01] 🔍 检查 Gateway 状态...
[2026-03-09 17:15:01] 🔍 检查 Gateway 状态...
[2026-03-09 17:15:01] 📊 当前状态: warning, Gateway: 1146MB, 可用: 25%
[2026-03-09 17:15:01] 📊 当前状态: warning, Gateway: 1146MB, 可用: 25%
[2026-03-09 17:15:01] ✅ 系统状态正常，无需恢复
[2026-03-09 17:15:01] ✅ 系统状态正常，无需恢复
[2026-03-09 17:45:01] 🔍 检查 Gateway 状态...
[2026-03-09 17:45:01] 🔍 检查 Gateway 状态...
[2026-03-09 17:45:01] 📊 当前状态: warning, Gateway: 1155MB, 可用: 25%
[2026-03-09 17:45:01] 📊 当前状态: warning, Gateway: 1155MB, 可用: 25%
[2026-03-09 17:45:01] ✅ 系统状态正常，无需恢复
[2026-03-09 17:45:01] ✅ 系统状态正常，无需恢复
[2026-03-09 18:15:01] 🔍 检查 Gateway 状态...
[2026-03-09 18:15:01] 🔍 检查 Gateway 状态...
[2026-03-09 18:15:01] 📊 当前状态: warning, Gateway: 1219MB, 可用: 23%
[2026-03-09 18:15:01] 📊 当前状态: warning, Gateway: 1219MB, 可用: 23%
[2026-03-09 18:15:01] ✅ 系统状态正常，无需恢复
[2026-03-09 18:15:01] ✅ 系统状态正常，无需恢复
[2026-03-09 18:45:01] 🔍 检查 Gateway 状态...
[2026-03-09 18:45:01] 🔍 检查 Gateway 状态...
[2026-03-09 18:45:01] 📊 当前状态: warning, Gateway: 1232MB, 可用: 22%
[2026-03-09 18:45:01] 📊 当前状态: warning, Gateway: 1232MB, 可用: 22%
[2026-03-09 18:45:01] ✅ 系统状态正常，无需恢复
[2026-03-09 18:45:01] ✅ 系统状态正常，无需恢复
[2026-03-09 19:15:01] 🔍 检查 Gateway 状态...
[2026-03-09 19:15:01] 🔍 检查 Gateway 状态...
[2026-03-09 19:15:01] 📊 当前状态: warning, Gateway: 1170MB, 可用: 24%
[2026-03-09 19:15:01] 📊 当前状态: warning, Gateway: 1170MB, 可用: 24%
[2026-03-09 19:15:01] ✅ 系统状态正常，无需恢复
[2026-03-09 19:15:01] ✅ 系统状态正常，无需恢复
[2026-03-09 19:45:01] 🔍 检查 Gateway 状态...
[2026-03-09 19:45:01] 🔍 检查 Gateway 状态...
[2026-03-09 19:45:01] 📊 当前状态: warning, Gateway: 1220MB, 可用: 23%
[2026-03-09 19:45:01] 📊 当前状态: warning, Gateway: 1220MB, 可用: 23%
[2026-03-09 19:45:01] ✅ 系统状态正常，无需恢复
[2026-03-09 19:45:01] ✅ 系统状态正常，无需恢复
[2026-03-09 20:15:01] 🔍 检查 Gateway 状态...
[2026-03-09 20:15:01] 🔍 检查 Gateway 状态...
[2026-03-09 20:15:01] 📊 当前状态: warning, Gateway: 1309MB, 可用: 20%
[2026-03-09 20:15:01] 📊 当前状态: warning, Gateway: 1309MB, 可用: 20%
[2026-03-09 20:15:01] ✅ 系统状态正常，无需恢复
[2026-03-09 20:15:01] ✅ 系统状态正常，无需恢复
[2026-03-09 20:45:01] 🔍 检查 Gateway 状态...
[2026-03-09 20:45:01] 🔍 检查 Gateway 状态...
[2026-03-09 20:45:01] 📊 当前状态: critical, Gateway: 1573MB, 可用: 14%
[2026-03-09 20:45:01] 📊 当前状态: critical, Gateway: 1573MB, 可用: 14%
[2026-03-09 20:45:01] 🔴 检测到严重状态
[2026-03-09 20:45:01] 🔴 检测到严重状态
[2026-03-09 20:45:01] 🔄 启动自动恢复...
[2026-03-09 20:45:01] 🔄 启动自动恢复...
[2026-03-09 20:45:01] 📊 恢复前状态:
[2026-03-09 20:45:01] 📊 恢复前状态:
[2026-03-09 20:45:01]   - Gateway 内存: 1573MB
[2026-03-09 20:45:01]   - Gateway 内存: 1573MB
[2026-03-09 20:45:01]   - 系统可用: 14%
[2026-03-09 20:45:01]   - 系统可用: 14%
[2026-03-09 20:45:01]   - 状态: critical
[2026-03-09 20:45:01]   - 状态: critical
[2026-03-09 20:45:01] 🔄 开始重启 Gateway...
[2026-03-09 20:45:01] 📊 重启前内存: 1572MB
[2026-03-09 20:45:01] 🛑 停止 Gateway (PID: 3601082)...
[2026-03-09 20:45:06] ✅ Gateway 已停止
[2026-03-09 20:45:06] 🧹 清理系统缓存...
[2026-03-09 20:45:06] 🚀 启动 Gateway...
[2026-03-09 20:45:12] ✅ 通过 systemctl 启动
[2026-03-09 20:45:22] ✅ Gateway 启动成功 (PID: 4066048)
[2026-03-09 20:45:22] 📊 重启后内存: 370MB
[2026-03-09 20:45:22] 💾 释放内存: 1202MB
[2026-03-09 20:45:22] ✅ Gateway 重启成功
[2026-03-09 20:45:22] ✅ Gateway 重启成功
[2026-03-09 20:45:37] 🔍 检查 Gateway 内存使用...
[2026-03-09 20:45:37] 📊 Gateway 内存: 854MB (阈值: 1024MB)
[2026-03-09 20:45:37] ✅ Gateway 内存正常 (854MB)
[2026-03-09 20:45:37] 📊 系统内存: 2135MB / 3670MB (可用: 1288MB, 35%)
[2026-03-09 20:45:37] ✅ 检查完成
[2026-03-09 20:45:37] 📊 恢复后状态:
[2026-03-09 20:45:37] 📊 恢复后状态:
[2026-03-09 20:45:37]   - Gateway 内存: 854MB
[2026-03-09 20:45:37]   - Gateway 内存: 854MB
[2026-03-09 20:45:37]   - 系统可用: 35%
[2026-03-09 20:45:37]   - 系统可用: 35%
[2026-03-09 20:45:37]   - 状态: normal
[2026-03-09 20:45:37]   - 状态: normal
[2026-03-09 20:45:37] ✅ 恢复效果:
[2026-03-09 20:45:37] ✅ 恢复效果:
[2026-03-09 20:45:37]   - 释放内存: 719MB
[2026-03-09 20:45:37]   - 释放内存: 719MB
[2026-03-09 20:45:37]   - 可用提升: +21%
[2026-03-09 20:45:37]   - 可用提升: +21%
[2026-03-09 21:15:01] 🔍 检查 Gateway 状态...
[2026-03-09 21:15:01] 🔍 检查 Gateway 状态...
[2026-03-09 21:15:01] 📊 当前状态: normal, Gateway: 682MB, 可用: 40%
[2026-03-09 21:15:01] 📊 当前状态: normal, Gateway: 682MB, 可用: 40%
[2026-03-09 21:15:01] ✅ 系统状态正常，无需恢复
[2026-03-09 21:15:01] ✅ 系统状态正常，无需恢复
[2026-03-09 21:45:02] 🔍 检查 Gateway 状态...
[2026-03-09 21:45:02] 🔍 检查 Gateway 状态...
[2026-03-09 21:45:02] 📊 当前状态: normal, Gateway: 733MB, 可用: 38%
[2026-03-09 21:45:02] 📊 当前状态: normal, Gateway: 733MB, 可用: 38%
[2026-03-09 21:45:02] ✅ 系统状态正常，无需恢复
[2026-03-09 21:45:02] ✅ 系统状态正常，无需恢复
[2026-03-09 22:15:02] 🔍 检查 Gateway 状态...
[2026-03-09 22:15:02] 🔍 检查 Gateway 状态...
[2026-03-09 22:15:02] 📊 当前状态: normal, Gateway: 716MB, 可用: 39%
[2026-03-09 22:15:02] 📊 当前状态: normal, Gateway: 716MB, 可用: 39%
[2026-03-09 22:15:02] ✅ 系统状态正常，无需恢复
[2026-03-09 22:15:02] ✅ 系统状态正常，无需恢复
[2026-03-09 22:45:01] 🔍 检查 Gateway 状态...
[2026-03-09 22:45:01] 🔍 检查 Gateway 状态...
[2026-03-09 22:45:01] 📊 当前状态: normal, Gateway: 737MB, 可用: 38%
[2026-03-09 22:45:01] 📊 当前状态: normal, Gateway: 737MB, 可用: 38%
[2026-03-09 22:45:01] ✅ 系统状态正常，无需恢复
[2026-03-09 22:45:01] ✅ 系统状态正常，无需恢复
[2026-03-09 23:15:01] 🔍 检查 Gateway 状态...
[2026-03-09 23:15:01] 🔍 检查 Gateway 状态...
[2026-03-09 23:15:01] 📊 当前状态: normal, Gateway: 721MB, 可用: 38%
[2026-03-09 23:15:01] 📊 当前状态: normal, Gateway: 721MB, 可用: 38%
[2026-03-09 23:15:01] ✅ 系统状态正常，无需恢复
[2026-03-09 23:15:01] ✅ 系统状态正常，无需恢复
[2026-03-09 23:45:01] 🔍 检查 Gateway 状态...
[2026-03-09 23:45:01] 🔍 检查 Gateway 状态...
[2026-03-09 23:45:01] 📊 当前状态: normal, Gateway: 641MB, 可用: 41%
[2026-03-09 23:45:01] 📊 当前状态: normal, Gateway: 641MB, 可用: 41%
[2026-03-09 23:45:01] ✅ 系统状态正常，无需恢复
[2026-03-09 23:45:01] ✅ 系统状态正常，无需恢复
[2026-03-10 00:15:02] 🔍 检查 Gateway 状态...
[2026-03-10 00:15:02] 🔍 检查 Gateway 状态...
[2026-03-10 00:15:02] 📊 当前状态: normal, Gateway: 827MB, 可用: 35%
[2026-03-10 00:15:02] 📊 当前状态: normal, Gateway: 827MB, 可用: 35%
[2026-03-10 00:15:02] ✅ 系统状态正常，无需恢复
[2026-03-10 00:15:02] ✅ 系统状态正常，无需恢复
[2026-03-10 00:45:02] 🔍 检查 Gateway 状态...
[2026-03-10 00:45:02] 🔍 检查 Gateway 状态...
[2026-03-10 00:45:02] 📊 当前状态: normal, Gateway: 991MB, 可用: 31%
[2026-03-10 00:45:02] 📊 当前状态: normal, Gateway: 991MB, 可用: 31%
[2026-03-10 00:45:02] ✅ 系统状态正常，无需恢复
[2026-03-10 00:45:02] ✅ 系统状态正常，无需恢复
[2026-03-10 01:15:02] 🔍 检查 Gateway 状态...
[2026-03-10 01:15:02] 🔍 检查 Gateway 状态...
[2026-03-10 01:15:02] 📊 当前状态: normal, Gateway: 1007MB, 可用: 30%
[2026-03-10 01:15:02] 📊 当前状态: normal, Gateway: 1007MB, 可用: 30%
[2026-03-10 01:15:02] ✅ 系统状态正常，无需恢复
[2026-03-10 01:15:02] ✅ 系统状态正常，无需恢复
[2026-03-10 01:45:01] 🔍 检查 Gateway 状态...
[2026-03-10 01:45:01] 🔍 检查 Gateway 状态...
[2026-03-10 01:45:01] 📊 当前状态: normal, Gateway: 1007MB, 可用: 30%
[2026-03-10 01:45:01] 📊 当前状态: normal, Gateway: 1007MB, 可用: 30%
[2026-03-10 01:45:01] ✅ 系统状态正常，无需恢复
[2026-03-10 01:45:01] ✅ 系统状态正常，无需恢复
[2026-03-10 02:15:01] 🔍 检查 Gateway 状态...
[2026-03-10 02:15:01] 🔍 检查 Gateway 状态...
[2026-03-10 02:15:01] 📊 当前状态: normal, Gateway: 1007MB, 可用: 30%
[2026-03-10 02:15:01] 📊 当前状态: normal, Gateway: 1007MB, 可用: 30%
[2026-03-10 02:15:01] ✅ 系统状态正常，无需恢复
[2026-03-10 02:15:01] ✅ 系统状态正常，无需恢复
[2026-03-10 02:45:01] 🔍 检查 Gateway 状态...
[2026-03-10 02:45:01] 🔍 检查 Gateway 状态...
[2026-03-10 02:45:01] 📊 当前状态: normal, Gateway: 1000MB, 可用: 30%
[2026-03-10 02:45:01] 📊 当前状态: normal, Gateway: 1000MB, 可用: 30%
[2026-03-10 02:45:01] ✅ 系统状态正常，无需恢复
[2026-03-10 02:45:01] ✅ 系统状态正常，无需恢复
[2026-03-10 03:15:01] 🔍 检查 Gateway 状态...
[2026-03-10 03:15:01] 🔍 检查 Gateway 状态...
[2026-03-10 03:15:01] 📊 当前状态: normal, Gateway: 874MB, 可用: 33%
[2026-03-10 03:15:01] 📊 当前状态: normal, Gateway: 874MB, 可用: 33%
[2026-03-10 03:15:01] ✅ 系统状态正常，无需恢复
[2026-03-10 03:15:01] ✅ 系统状态正常，无需恢复
[2026-03-10 03:45:02] 🔍 检查 Gateway 状态...
[2026-03-10 03:45:02] 🔍 检查 Gateway 状态...
[2026-03-10 03:45:02] 📊 当前状态: warning, Gateway: 1039MB, 可用: 28%
[2026-03-10 03:45:02] 📊 当前状态: warning, Gateway: 1039MB, 可用: 28%
[2026-03-10 03:45:02] ✅ 系统状态正常，无需恢复
[2026-03-10 03:45:02] ✅ 系统状态正常，无需恢复
[2026-03-10 04:15:02] 🔍 检查 Gateway 状态...
[2026-03-10 04:15:02] 🔍 检查 Gateway 状态...
[2026-03-10 04:15:02] 📊 当前状态: normal, Gateway: 985MB, 可用: 30%
[2026-03-10 04:15:02] 📊 当前状态: normal, Gateway: 985MB, 可用: 30%
[2026-03-10 04:15:02] ✅ 系统状态正常，无需恢复
[2026-03-10 04:15:02] ✅ 系统状态正常，无需恢复
