[2026-03-04 13:00:02] 🔄 开始重启 Gateway...
[2026-03-04 13:00:02] 📊 重启前内存: 1641MB
[2026-03-04 13:00:02] 🛑 停止 Gateway (PID: 4012637)...
[2026-03-04 13:00:07] ✅ Gateway 已停止
[2026-03-04 13:00:07] 🧹 清理系统缓存...
[2026-03-04 13:00:07] 🚀 启动 Gateway...
[2026-03-04 13:00:13] ✅ 通过 systemctl 启动
[2026-03-04 13:00:23] ✅ Gateway 启动成功 (PID: 529889)
[2026-03-04 13:00:23] 📊 重启后内存: 421MB
[2026-03-04 13:00:23] 💾 释放内存: 1220MB
[2026-03-05 04:00:02] 🔄 开始重启 Gateway...
[2026-03-05 04:00:02] 🔄 开始重启 Gateway...
[2026-03-05 04:00:02] 📊 重启前内存: 1401MB
[2026-03-05 04:00:02] 📊 重启前内存: 1401MB
[2026-03-05 04:00:02] 🛑 停止 Gateway (PID: 529889)...
[2026-03-05 04:00:02] 🛑 停止 Gateway (PID: 529889)...
[2026-03-05 04:00:07] ✅ Gateway 已停止
[2026-03-05 04:00:07] ✅ Gateway 已停止
[2026-03-05 04:00:07] 🧹 清理系统缓存...
[2026-03-05 04:00:07] 🧹 清理系统缓存...
[2026-03-05 04:00:07] 🚀 启动 Gateway...
[2026-03-05 04:00:07] 🚀 启动 Gateway...
[2026-03-05 04:00:13] ✅ 通过 systemctl 启动
[2026-03-05 04:00:13] ✅ 通过 systemctl 启动
[2026-03-05 04:00:23] ✅ Gateway 启动成功 (PID: 943093)
[2026-03-05 04:00:23] ✅ Gateway 启动成功 (PID: 943093)
[2026-03-05 04:00:23] 📊 重启后内存: 324MB
[2026-03-05 04:00:23] 📊 重启后内存: 324MB
[2026-03-05 04:00:23] 💾 释放内存: 1077MB
[2026-03-05 04:00:23] 💾 释放内存: 1077MB
[2026-03-06 04:00:01] 🔄 开始重启 Gateway...
[2026-03-06 04:00:01] 🔄 开始重启 Gateway...
[2026-03-06 04:00:01] 📊 重启前内存: 1237MB
[2026-03-06 04:00:01] 📊 重启前内存: 1237MB
[2026-03-06 04:00:01] 🛑 停止 Gateway (PID: 1164176)...
[2026-03-06 04:00:01] 🛑 停止 Gateway (PID: 1164176)...
[2026-03-06 04:00:06] ✅ Gateway 已停止
[2026-03-06 04:00:06] ✅ Gateway 已停止
[2026-03-06 04:00:06] 🧹 清理系统缓存...
[2026-03-06 04:00:06] 🧹 清理系统缓存...
[2026-03-06 04:00:06] 🚀 启动 Gateway...
[2026-03-06 04:00:06] 🚀 启动 Gateway...
[2026-03-06 04:00:12] ✅ 通过 systemctl 启动
[2026-03-06 04:00:12] ✅ 通过 systemctl 启动
[2026-03-06 04:00:22] ✅ Gateway 启动成功 (PID: 1610051)
[2026-03-06 04:00:22] ✅ Gateway 启动成功 (PID: 1610051)
[2026-03-06 04:00:22] 📊 重启后内存: 397MB
[2026-03-06 04:00:22] 📊 重启后内存: 397MB
[2026-03-06 04:00:22] 💾 释放内存: 840MB
[2026-03-06 04:00:22] 💾 释放内存: 840MB
