[2026-03-06 16:31:54] =========================================
[2026-03-06 16:31:54] 🔍 Gateway 智能重启检查
[2026-03-06 16:31:54] =========================================
[2026-03-06 16:31:54] 📊 Gateway 内存: 29MB / 1024MB
[2026-03-06 16:31:54] 📊 系统内存可用: 31%
[2026-03-06 16:31:54] 📈 连续超标次数: 0 / 3
[2026-03-06 16:31:54] 📊 总重启次数: 0
[2026-03-06 16:31:54] ✅ 无需重启（连续超标: 0）
[2026-03-06 16:31:54] 
[2026-03-06 16:32:31] =========================================
[2026-03-06 16:32:31] 🔍 Gateway 智能重启检查
[2026-03-06 16:32:31] =========================================
[2026-03-06 16:32:31] 📊 Gateway 内存: 80MB / 1024MB
[2026-03-06 16:32:31] 📊 系统内存可用: 31%
[2026-03-06 16:32:31] 📈 连续超标次数: 0 / 3
[2026-03-06 16:32:31] 📊 总重启次数: 0
[2026-03-06 16:32:31] ✅ 无需重启（连续超标: 0）
[2026-03-06 16:32:31] 
[2026-03-06 16:33:17] =========================================
[2026-03-06 16:33:17] 🔍 Gateway 智能重启检查
[2026-03-06 16:33:17] =========================================
[2026-03-06 16:33:17] 📊 Gateway 内存: 960MB / 1024MB
[2026-03-06 16:33:17] 📊 系统内存可用: 33%
[2026-03-06 16:33:17] 📈 连续超标次数: 0 / 3
[2026-03-06 16:33:17] 📊 总重启次数: 0
[2026-03-06 16:33:17] ✅ 无需重启（连续超标: 0）
[2026-03-06 16:33:17] 
[2026-03-06 20:30:51] =========================================
[2026-03-06 20:30:51] 🔍 Gateway 智能重启检查
[2026-03-06 20:30:51] =========================================
[2026-03-06 20:30:51] 📊 Gateway 内存: 1306MB / 1024MB
[2026-03-06 20:30:51] 📊 系统内存可用: 23%
[2026-03-06 20:30:51] 📈 连续超标次数: 0 / 3
[2026-03-06 20:30:51] 📊 总重启次数: 0
[2026-03-06 20:30:51] 🟡 Gateway 内存超标
[2026-03-06 20:30:51] 🟡 系统内存偏低（23% < 30%）
[2026-03-06 20:30:51] 
[2026-03-06 20:30:51] ⚠️ 满足重启条件，准备重启 Gateway
[2026-03-06 20:30:51] 
[2026-03-06 20:30:51] 🔄 开始重启 Gateway...
[2026-03-06 20:30:51]    Gateway PID: 1610051
[2026-03-06 20:30:51]    发送 SIGTERM 信号...
[2026-03-07 00:30:30] =========================================
[2026-03-07 00:30:30] 🔍 Gateway 智能重启检查
[2026-03-07 00:30:30] =========================================
[2026-03-07 00:30:30] 📊 Gateway 内存: 658MB / 1024MB
[2026-03-07 00:30:30] 📊 系统内存可用: 42%
[2026-03-07 00:30:30] 📈 连续超标次数: 0 / 3
[2026-03-07 00:30:30] 📊 总重启次数: 0
[2026-03-07 00:30:30] ✅ 无需重启（连续超标: 0）
[2026-03-07 00:30:30] 
