[2026-03-03 12:33:53] 🚀 Memory Archiver 启动
[2026-03-03 12:33:53]   - 动作: --check
[2026-03-03 12:33:53]   - 保留天数: 30
[2026-03-03 12:33:53]   - 强制模式: false
[2026-03-03 12:33:54] 📊 MEMORY.md 状态:
[2026-03-03 12:33:54]   - 大小: 4767 KB
[2026-03-03 12:33:54]   - 行数: 63073
[2026-03-03 12:33:54]   - 节段: 522
[2026-03-03 12:33:54]   - 未更新: 72 小时
[2026-03-03 12:33:54] ⚠️  文件过大 (> 500 KB)，建议归档
[2026-03-03 16:34:13] 🚀 Memory Archiver 启动
[2026-03-03 16:34:13]   - 动作: --archive
[2026-03-03 16:34:13]   - 保留天数: 30
[2026-03-03 16:34:13]   - 强制模式: --force
[2026-03-03 16:34:13] 📦 开始归档（保留最近 30 天）...
[2026-03-03 16:34:13] ✅ 备份创建: /root/.openclaw/workspace/.memory-backups/MEMORY.md.backup.20260303-163413
[2026-03-03 16:34:13] ✅ 清理旧备份（保留最近 10 个）
[2026-03-03 16:34:13] ✂️  提取 2026-02-01 之前的内容...
[2026-03-03 16:34:13] ✅ 归档完成: /root/.openclaw/workspace/memory/2026-03.md
[2026-03-03 16:34:13] 📊 新的 MEMORY.md 大小: 4767 KB
[2026-03-03 16:34:13] 🧹 清理超过 90 天的临时文件...
[2026-03-03 16:34:13] ✅ 清理完成
[2026-03-03 16:34:13] ✅ 完成
[2026-03-03 20:30:34] 🚀 Memory Archiver 启动
[2026-03-03 20:30:34]   - 动作: --check
[2026-03-03 20:30:34]   - 保留天数: 30
[2026-03-03 20:30:34]   - 强制模式: false
[2026-03-03 20:30:34] 📊 MEMORY.md 状态:
[2026-03-03 20:30:34]   - 大小: 4767 KB
[2026-03-03 20:30:34]   - 行数: 63073
[2026-03-03 20:30:34]   - 节段: 522
[2026-03-03 20:30:34]   - 未更新: 3 小时
[2026-03-03 20:30:34] ⚠️  文件过大 (> 500 KB)，建议归档
[2026-03-04 00:30:25] 🚀 Memory Archiver 启动
[2026-03-04 00:30:25]   - 动作: --check
[2026-03-04 00:30:25]   - 保留天数: 30
[2026-03-04 00:30:25]   - 强制模式: false
[2026-03-04 00:30:25] 📊 MEMORY.md 状态:
[2026-03-04 00:30:25]   - 大小: 4767 KB
[2026-03-04 00:30:25]   - 行数: 63073
[2026-03-04 00:30:25]   - 节段: 522
[2026-03-04 00:30:25]   - 未更新: 7 小时
[2026-03-04 00:30:25] ⚠️  文件过大 (> 500 KB)，建议归档
[2026-03-04 04:31:40] 🚀 Memory Archiver 启动
[2026-03-04 04:31:40]   - 动作: --archive
[2026-03-04 04:31:40]   - 保留天数: 30
[2026-03-04 04:31:40]   - 强制模式: --force
[2026-03-04 04:31:40] 📦 开始归档（保留最近 30 天）...
[2026-03-04 04:31:40] ✅ 备份创建: /root/.openclaw/workspace/.memory-backups/MEMORY.md.backup.20260304-043140
[2026-03-04 04:31:40] ✅ 清理旧备份（保留最近 10 个）
[2026-03-04 04:31:40] ✂️  提取 2026-02-02 之前的内容...
[2026-03-04 04:31:40] ✅ 归档完成: /root/.openclaw/workspace/memory/2026-03.md
[2026-03-04 04:31:40] 📊 新的 MEMORY.md 大小: 4767 KB
[2026-03-04 04:31:40] 🧹 清理超过 90 天的临时文件...
[2026-03-04 04:31:40] ✅ 清理完成
[2026-03-04 04:31:40] ✅ 完成
[2026-03-08 02:00:02] 🚀 Memory Archiver 启动
[2026-03-08 02:00:02] 🚀 Memory Archiver 启动
[2026-03-08 02:00:02]   - 动作: --archive
[2026-03-08 02:00:02]   - 动作: --archive
[2026-03-08 02:00:02]   - 保留天数: 30
[2026-03-08 02:00:02]   - 保留天数: 30
[2026-03-08 02:00:02]   - 强制模式: --force
[2026-03-08 02:00:02]   - 强制模式: --force
[2026-03-08 02:00:02] 📦 开始归档（保留最近 30 天）...
[2026-03-08 02:00:02] 📦 开始归档（保留最近 30 天）...
[2026-03-08 02:00:02] ✅ 备份创建: /root/.openclaw/workspace/.memory-backups/MEMORY.md.backup.20260308-020002
[2026-03-08 02:00:02] ✅ 备份创建: /root/.openclaw/workspace/.memory-backups/MEMORY.md.backup.20260308-020002
[2026-03-08 02:00:02] ✅ 清理旧备份（保留最近 10 个）
[2026-03-08 02:00:02] ✅ 清理旧备份（保留最近 10 个）
[2026-03-08 02:00:02] ✂️  提取 2026-02-06 之前的内容...
[2026-03-08 02:00:02] ✂️  提取 2026-02-06 之前的内容...
[2026-03-08 02:00:02] ✅ 归档完成: /root/.openclaw/workspace/memory/2026-03.md
[2026-03-08 02:00:02] ✅ 归档完成: /root/.openclaw/workspace/memory/2026-03.md
[2026-03-08 02:00:02] 📊 新的 MEMORY.md 大小: 4768 KB
[2026-03-08 02:00:02] 📊 新的 MEMORY.md 大小: 4768 KB
[2026-03-08 02:00:02] 🧹 清理超过 90 天的临时文件...
[2026-03-08 02:00:02] 🧹 清理超过 90 天的临时文件...
[2026-03-08 02:00:02] ✅ 清理完成
[2026-03-08 02:00:02] ✅ 清理完成
[2026-03-08 02:00:02] ✅ 完成
[2026-03-08 02:00:02] ✅ 完成
