[2026-03-10 12:35:50] === 小说评审串行化修复 ===
[2026-03-10 12:35:50] 配置: 延迟 10s, 最大并发 2
[2026-03-10 12:35:50] ✅ 找到小说评审脚本
[2026-03-10 12:35:50] ✅ 创建包装脚本: /root/.openclaw/workspace/cron/novel-auto-review-staggered.sh
[2026-03-10 12:35:50] ✅ 创建说明文档: /root/.openclaw/workspace/cron/README-STAGGER.md
[2026-03-10 12:35:50] 
[2026-03-10 12:35:50] === 更新 Cron 任务 ===
[2026-03-10 12:35:50] 注意: 需要手动更新 Cron 任务以使用包装脚本
[2026-03-10 12:35:50] 
[2026-03-10 12:35:50] 原命令:
[2026-03-10 12:35:50]   cd /root/.openclaw/workspace && node cron/novel-auto-review-full.js
[2026-03-10 12:35:50] 
[2026-03-10 12:35:50] 新命令（推荐）:
[2026-03-10 12:35:50]   /root/.openclaw/workspace/cron/novel-auto-review-staggered.sh
[2026-03-10 12:35:50] 
[2026-03-10 12:35:50] 或者保持原命令，但确保主系统自动应用串行化配置
[2026-03-10 12:35:50] ✅ 创建验证脚本: /root/.openclaw/workspace/evolver/fixes/verify-novel-review-stagger.sh
[2026-03-10 12:35:50] 
[2026-03-10 12:35:50] === 修复完成 ===
[2026-03-10 12:35:50] 创建的文件:
[2026-03-10 12:35:50]   1. 包装脚本: /root/.openclaw/workspace/cron/novel-auto-review-staggered.sh
[2026-03-10 12:35:50]   2. 说明文档: /root/.openclaw/workspace/cron/README-STAGGER.md
[2026-03-10 12:35:50]   3. 验证脚本: /root/.openclaw/workspace/evolver/fixes/verify-novel-review-stagger.sh
[2026-03-10 12:35:50] 
[2026-03-10 12:35:50] 下一步:
[2026-03-10 12:35:50]   1. 验证修复效果: bash /root/.openclaw/workspace/evolver/fixes/verify-novel-review-stagger.sh
[2026-03-10 12:35:50]   2. 更新 Cron 任务（可选）
[2026-03-10 12:35:50]   3. 监控 429 错误趋势
[2026-03-10 12:35:50] 
