📖 小说自动修改任务启动
时间: 2026-03-10T13:00:01.468Z
📚 总章节数: 60
📍 上次处理: 第 1 章
📝 本次处理: 第 2 章 (chapter-002.md)
📊 章节字数: 2654
🔍 开始快速审查...
📋 发现问题: 0 个
✅ 日志已记录: chapter-002.md

✅ 任务完成
📖 小说自动修改任务启动
时间: 2026-03-10T13:45:01.655Z
📚 总章节数: 60
📍 上次处理: 第 2 章
📝 本次处理: 第 3 章 (chapter-003.md)
📊 章节字数: 3164
🔍 开始快速审查...
📋 发现问题: 0 个
✅ 日志已记录: chapter-003.md

✅ 任务完成
📖 小说自动修改任务启动
时间: 2026-03-10T14:00:02.024Z
📚 总章节数: 60
📍 上次处理: 第 3 章
📝 本次处理: 第 4 章 (chapter-004.md)
📊 章节字数: 2481
🔍 开始快速审查...
📋 发现问题: 0 个
✅ 日志已记录: chapter-004.md

✅ 任务完成
📖 小说自动修改任务启动
时间: 2026-03-10T14:45:01.946Z
📚 总章节数: 60
📍 上次处理: 第 4 章
📝 本次处理: 第 5 章 (chapter-005.md)
📊 章节字数: 2403
🔍 开始快速审查...
📋 发现问题: 0 个
✅ 日志已记录: chapter-005.md

✅ 任务完成
📖 小说自动修改任务启动
时间: 2026-03-10T15:00:01.337Z
📚 总章节数: 60
📍 上次处理: 第 5 章
📝 本次处理: 第 6 章 (chapter-006.md)
📊 章节字数: 2195
🔍 开始快速审查...
📋 发现问题: 0 个
✅ 日志已记录: chapter-006.md

✅ 任务完成
📖 小说自动修改任务启动
时间: 2026-03-10T15:45:02.034Z
📚 总章节数: 60
📍 上次处理: 第 6 章
📝 本次处理: 第 7 章 (chapter-007.md)
📊 章节字数: 2551
🔍 开始快速审查...
📋 发现问题: 1 个

前 5 个问题:
  1. 重复用词: 考虑减少使用"林深说"（出现 13 次）
✅ 日志已记录: chapter-007.md

✅ 任务完成
📖 小说自动修改任务启动
时间: 2026-03-10T16:00:01.510Z
📚 总章节数: 60
📍 上次处理: 第 7 章
📝 本次处理: 第 8 章 (chapter-008.md)
📊 章节字数: 2161
🔍 开始快速审查...
📋 发现问题: 0 个
✅ 日志已记录: chapter-008.md

✅ 任务完成
