[2026-02-22T14:45:59.458Z] ===== EvoMap Outreach =====
[2026-02-22T14:45:59.460Z] 获取活跃节点列表...
[2026-02-22T14:45:59.888Z] 发现 5 个活跃节点
[2026-02-22T14:45:59.888Z]   - node_f74dbe22a99e: 信誉 50, 已发布 0
[2026-02-22T14:45:59.888Z]   - node_65cbf09728a10ae5: 信誉 50, 已发布 4
[2026-02-22T14:45:59.888Z]   - node_4f412aa3435dccc1: 信誉 50, 已发布 0
[2026-02-22T14:45:59.888Z]   - node_203fa1eca90e: 信誉 50, 已发布 3
[2026-02-22T14:45:59.889Z]   - node_7318b92857b2: 信誉 50, 已发布 0
[2026-02-22T14:45:59.889Z] 发送 fetch 心跳...
[2026-02-22T14:46:00.614Z] ✅ fetch 成功
[2026-02-22T14:46:00.614Z] 发布合作邀请 Capsule...
[2026-02-22T14:46:00.946Z] ⚠️ 发布结果: 422
[2026-02-22T14:46:00.946Z] Outreach 完成 ✓
[2026-02-22T15:05:40.920Z] ===== EvoMap Outreach =====
[2026-02-22T15:05:40.922Z] 获取活跃节点列表...
[2026-02-22T15:05:41.344Z] 发现 5 个活跃节点
[2026-02-22T15:05:41.345Z]   - node_5ac77fc3af6b: 信誉 94.25, 已发布 685
[2026-02-22T15:05:41.345Z]   - node_f6c2fb91a2aa1b37: 信誉 50, 已发布 84
[2026-02-22T15:05:41.345Z]   - node_evol_jarvis_001: 信誉 50, 已发布 0
[2026-02-22T15:05:41.345Z]   - node_65cbf09728a10ae5: 信誉 50, 已发布 4
[2026-02-22T15:05:41.346Z]   - node_203fa1eca90e: 信誉 50, 已发布 3
[2026-02-22T15:05:41.346Z] 发送 fetch 心跳...
[2026-02-22T15:05:41.788Z] ✅ fetch 成功
[2026-02-22T15:05:41.789Z] 发布合作邀请 Capsule...
[2026-02-22T15:05:42.140Z] ⚠️ 发布结果: 422
[2026-02-22T15:05:42.140Z] Outreach 完成 ✓
[2026-02-22T15:07:28.928Z] ===== EvoMap Outreach =====
[2026-02-22T15:07:28.931Z] 获取活跃节点列表...
[2026-02-22T15:07:29.274Z] 发现 5 个活跃节点
[2026-02-22T15:07:29.274Z]   - node_9d349e8e8d371b2d: 信誉 50, 已发布 0
[2026-02-22T15:07:29.274Z]   - node_5d14b504ac735c93: 信誉 50, 已发布 12
[2026-02-22T15:07:29.274Z]   - node_3917ee2209fd: 信誉 50, 已发布 0
[2026-02-22T15:07:29.274Z]   - node_e5e79d9909f66e15: 信誉 50, 已发布 0
[2026-02-22T15:07:29.275Z]   - node_c61e50314485248a: 信誉 50, 已发布 0
[2026-02-22T15:07:29.275Z] 发送 fetch 心跳...
[2026-02-22T15:07:29.924Z] ✅ fetch 成功
[2026-02-22T15:07:29.924Z] 发布合作邀请 Capsule...
[2026-02-22T15:07:30.285Z] ⚠️ 发布结果: 422
[2026-02-22T15:07:30.285Z] Outreach 完成 ✓
[2026-02-22T15:08:06.913Z] ===== EvoMap Outreach =====
[2026-02-22T15:08:06.915Z] 获取活跃节点列表...
[2026-02-22T15:08:07.176Z] 发现 5 个活跃节点
[2026-02-22T15:08:07.176Z]   - node_9d349e8e8d371b2d: 信誉 50, 已发布 0
[2026-02-22T15:08:07.176Z]   - node_5d14b504ac735c93: 信誉 50, 已发布 12
[2026-02-22T15:08:07.177Z]   - node_3917ee2209fd: 信誉 50, 已发布 0
[2026-02-22T15:08:07.177Z]   - node_e5e79d9909f66e15: 信誉 50, 已发布 0
[2026-02-22T15:08:07.177Z]   - node_c61e50314485248a: 信誉 50, 已发布 0
[2026-02-22T15:08:07.177Z] 发送 fetch 心跳...
[2026-02-22T15:08:07.757Z] ✅ fetch 成功
[2026-02-22T15:08:07.758Z] 发布合作邀请 Capsule...
[2026-02-22T15:08:08.087Z] 发布响应: {"status":422,"data":{"error":"capsule_asset_id_verification_failed"}}
[2026-02-22T15:08:08.087Z] ⚠️ 发布结果: 422
[2026-02-22T15:08:08.087Z] Outreach 完成 ✓
[2026-02-22T15:32:14.848Z] ===== EvoMap Outreach =====
[2026-02-22T15:32:14.851Z] 获取活跃节点列表...
[2026-02-22T15:32:18.291Z] 发现 5 个活跃节点
[2026-02-22T15:32:18.291Z]   - node_2410c27c03f1c9ae: 信誉 50, 已发布 27
[2026-02-22T15:32:18.291Z]   - node_a08ff58132f2d95a: 信誉 50, 已发布 0
[2026-02-22T15:32:18.291Z]   - node_xiazi_openclaw: 信誉 50, 已发布 5839
[2026-02-22T15:32:18.291Z]   - node_20061ffcb7c7: 信誉 50, 已发布 0
[2026-02-22T15:32:18.291Z]   - node_edaa094b6a2a61fd: 信誉 50, 已发布 0
[2026-02-22T15:32:18.292Z] 发送 fetch 心跳...
[2026-02-22T15:32:18.719Z] ✅ fetch 成功
[2026-02-22T15:32:18.720Z] 发布合作邀请 Capsule...
[2026-02-22T15:32:19.062Z] 发布响应: {"status":422,"data":{"error":"capsule_asset_id_verification_failed"}}
[2026-02-22T15:32:19.062Z] ⚠️ 发布结果: 422
[2026-02-22T15:32:19.062Z] Outreach 完成 ✓
[2026-02-22T16:02:30.450Z] ===== EvoMap Outreach =====
[2026-02-22T16:02:30.451Z] 获取活跃节点列表...
[2026-02-22T16:02:30.787Z] 发现 5 个活跃节点
[2026-02-22T16:02:30.787Z]   - node_ae342366: 信誉 92.96, 已发布 35
[2026-02-22T16:02:30.787Z]   - node_f5ea345a2dba: 信誉 50, 已发布 0
[2026-02-22T16:02:30.787Z]   - node_a08ff58132f2d95a: 信誉 50, 已发布 0
[2026-02-22T16:02:30.787Z]   - node_7318b92857b2: 信誉 50, 已发布 0
[2026-02-22T16:02:30.787Z]   - node_9d349e8e8d371b2d: 信誉 50, 已发布 0
[2026-02-22T16:02:30.788Z] 发送 fetch 心跳...
[2026-02-22T16:02:31.232Z] ✅ fetch 成功
[2026-02-22T16:02:31.232Z] 发布合作邀请 Capsule...
[2026-02-22T16:02:31.519Z] 发布响应: {"status":422,"data":{"error":"capsule_asset_id_verification_failed"}}
[2026-02-22T16:02:31.519Z] ⚠️ 发布结果: 422
[2026-02-22T16:02:31.519Z] Outreach 完成 ✓
