[2026-03-03 20:32:25] 🚀 API Rate Limiter 启动
[2026-03-03 20:32:25]   - 动作: --status
[2026-03-03 20:32:25] 📊 API Rate Limit 状态:
[2026-03-03 20:32:25]   - 状态: 未初始化
[2026-03-03 20:32:25]   - 模式: normal
[2026-03-03 20:32:25]   - 间隔: 1s
[2026-03-03 20:32:25]   - 当前时段: 🟢 正常
[2026-03-03 20:32:25] 🔍 监控 429 错误（最近 1h）...
[2026-03-03 20:32:29] 📊 429 错误统计:
[2026-03-03 20:32:29]   - 最近 1 小时: 0 次
[2026-03-03 20:32:29] ✅ 429 错误率正常
[2026-03-03 20:32:29] ✅ 完成
[2026-03-04 00:30:21] 🚀 API Rate Limiter 启动
[2026-03-04 00:30:21]   - 动作: --status
[2026-03-04 00:30:21] 📊 API Rate Limit 状态:
[2026-03-04 00:30:21]   - 状态: 未初始化
[2026-03-04 00:30:21]   - 模式: normal
[2026-03-04 00:30:21]   - 间隔: 1s
[2026-03-04 00:30:21]   - 当前时段: 🟢 正常
[2026-03-04 00:30:21] 🔍 监控 429 错误（最近 1h）...
[2026-03-04 00:30:25] 📊 429 错误统计:
[2026-03-04 00:30:25]   - 最近 1 小时: 0 次
[2026-03-04 00:30:25] ✅ 429 错误率正常
[2026-03-04 00:30:25] ✅ 完成
[2026-03-04 05:00:01] 🚀 API Rate Limiter 启动
[2026-03-04 05:00:01] 🚀 API Rate Limiter 启动
[2026-03-04 05:00:01]   - 动作: --auto-adjust
[2026-03-04 05:00:01]   - 动作: --auto-adjust
[2026-03-04 05:00:01] 🤖 自动调整请求频率...
[2026-03-04 05:00:01] 🤖 自动调整请求频率...
[2026-03-04 05:00:02] 🟢 当前为正常时段
[2026-03-04 05:00:02] 🟢 当前为正常时段
[2026-03-04 05:00:02] ✅ 正常状态
[2026-03-04 05:00:02] ✅ 正常状态
[2026-03-04 05:00:02] 🔄 设置模式: normal
[2026-03-04 05:00:02] 🔄 设置模式: normal
[2026-03-04 05:00:02] ✅ 状态已更新: normal, 间隔 1s
[2026-03-04 05:00:02] ✅ 状态已更新: normal, 间隔 1s
[2026-03-04 05:00:02] ✅ 正常模式: 所有任务正常执行，间隔 1s
[2026-03-04 05:00:02] ✅ 正常模式: 所有任务正常执行，间隔 1s
[2026-03-04 05:00:02] ✅ 完成
[2026-03-04 05:00:02] ✅ 完成
[2026-03-04 06:00:01] 🚀 API Rate Limiter 启动
[2026-03-04 06:00:01] 🚀 API Rate Limiter 启动
[2026-03-04 06:00:01]   - 动作: --auto-adjust
[2026-03-04 06:00:01]   - 动作: --auto-adjust
[2026-03-04 06:00:01] 🤖 自动调整请求频率...
[2026-03-04 06:00:01] 🤖 自动调整请求频率...
[2026-03-04 06:00:01] 🟢 当前为正常时段
[2026-03-04 06:00:01] 🟢 当前为正常时段
[2026-03-04 06:00:01] ✅ 正常状态
[2026-03-04 06:00:01] ✅ 正常状态
[2026-03-04 06:00:01] 🔄 设置模式: normal
[2026-03-04 06:00:01] 🔄 设置模式: normal
[2026-03-04 06:00:01] ✅ 状态已更新: normal, 间隔 1s
[2026-03-04 06:00:01] ✅ 状态已更新: normal, 间隔 1s
[2026-03-04 06:00:01] ✅ 正常模式: 所有任务正常执行，间隔 1s
[2026-03-04 06:00:01] ✅ 正常模式: 所有任务正常执行，间隔 1s
[2026-03-04 06:00:01] ✅ 完成
[2026-03-04 06:00:01] ✅ 完成
[2026-03-04 07:00:01] 🚀 API Rate Limiter 启动
[2026-03-04 07:00:01] 🚀 API Rate Limiter 启动
[2026-03-04 07:00:01]   - 动作: --auto-adjust
[2026-03-04 07:00:01]   - 动作: --auto-adjust
[2026-03-04 07:00:01] 🤖 自动调整请求频率...
[2026-03-04 07:00:01] 🤖 自动调整请求频率...
[2026-03-04 07:00:03] 🟡 当前为高峰期
[2026-03-04 07:00:03] 🟡 当前为高峰期
[2026-03-04 07:00:03] ✅ 高峰期状态良好，使用高峰模式
[2026-03-04 07:00:03] ✅ 高峰期状态良好，使用高峰模式
[2026-03-04 07:00:03] 🔄 设置模式: peak
[2026-03-04 07:00:03] 🔄 设置模式: peak
[2026-03-04 07:00:03] ✅ 状态已更新: peak, 间隔 2s
[2026-03-04 07:00:03] ✅ 状态已更新: peak, 间隔 2s
[2026-03-04 07:00:03] ✅ 高峰模式: 非紧急任务延迟，间隔 2s
[2026-03-04 07:00:03] ✅ 高峰模式: 非紧急任务延迟，间隔 2s
[2026-03-04 07:00:03] ✅ 完成
[2026-03-04 07:00:03] ✅ 完成
[2026-03-04 08:00:01] 🚀 API Rate Limiter 启动
[2026-03-04 08:00:01] 🚀 API Rate Limiter 启动
[2026-03-04 08:00:01]   - 动作: --auto-adjust
[2026-03-04 08:00:01]   - 动作: --auto-adjust
[2026-03-04 08:00:01] 🤖 自动调整请求频率...
[2026-03-04 08:00:01] 🤖 自动调整请求频率...
[2026-03-04 08:00:01] 🟡 当前为高峰期
[2026-03-04 08:00:01] 🟡 当前为高峰期
[2026-03-04 08:00:01] ✅ 高峰期状态良好，使用高峰模式
[2026-03-04 08:00:01] ✅ 高峰期状态良好，使用高峰模式
[2026-03-04 08:00:01] 🔄 设置模式: peak
[2026-03-04 08:00:01] 🔄 设置模式: peak
[2026-03-04 08:00:01] ✅ 状态已更新: peak, 间隔 2s
[2026-03-04 08:00:01] ✅ 状态已更新: peak, 间隔 2s
[2026-03-04 08:00:01] ✅ 高峰模式: 非紧急任务延迟，间隔 2s
[2026-03-04 08:00:01] ✅ 高峰模式: 非紧急任务延迟，间隔 2s
[2026-03-04 08:00:01] ✅ 完成
[2026-03-04 08:00:01] ✅ 完成
[2026-03-04 09:00:01] 🚀 API Rate Limiter 启动
[2026-03-04 09:00:01] 🚀 API Rate Limiter 启动
[2026-03-04 09:00:01]   - 动作: --auto-adjust
[2026-03-04 09:00:01]   - 动作: --auto-adjust
[2026-03-04 09:00:01] 🤖 自动调整请求频率...
[2026-03-04 09:00:01] 🤖 自动调整请求频率...
[2026-03-04 09:00:02] 🟡 当前为高峰期
[2026-03-04 09:00:02] 🟡 当前为高峰期
[2026-03-04 09:00:02] ✅ 高峰期状态良好，使用高峰模式
[2026-03-04 09:00:02] ✅ 高峰期状态良好，使用高峰模式
[2026-03-04 09:00:02] 🔄 设置模式: peak
[2026-03-04 09:00:02] 🔄 设置模式: peak
[2026-03-04 09:00:02] ✅ 状态已更新: peak, 间隔 2s
[2026-03-04 09:00:02] ✅ 状态已更新: peak, 间隔 2s
[2026-03-04 09:00:02] ✅ 高峰模式: 非紧急任务延迟，间隔 2s
[2026-03-04 09:00:02] ✅ 高峰模式: 非紧急任务延迟，间隔 2s
[2026-03-04 09:00:02] ✅ 完成
[2026-03-04 09:00:02] ✅ 完成
[2026-03-04 10:00:01] 🚀 API Rate Limiter 启动
[2026-03-04 10:00:01] 🚀 API Rate Limiter 启动
[2026-03-04 10:00:01]   - 动作: --auto-adjust
[2026-03-04 10:00:01]   - 动作: --auto-adjust
[2026-03-04 10:00:01] 🤖 自动调整请求频率...
[2026-03-04 10:00:01] 🤖 自动调整请求频率...
[2026-03-04 10:00:01] 🟡 当前为高峰期
[2026-03-04 10:00:01] 🟡 当前为高峰期
[2026-03-04 10:00:01] ✅ 高峰期状态良好，使用高峰模式
[2026-03-04 10:00:01] ✅ 高峰期状态良好，使用高峰模式
[2026-03-04 10:00:01] 🔄 设置模式: peak
[2026-03-04 10:00:01] 🔄 设置模式: peak
[2026-03-04 10:00:01] ✅ 状态已更新: peak, 间隔 2s
[2026-03-04 10:00:01] ✅ 状态已更新: peak, 间隔 2s
[2026-03-04 10:00:01] ✅ 高峰模式: 非紧急任务延迟，间隔 2s
[2026-03-04 10:00:01] ✅ 高峰模式: 非紧急任务延迟，间隔 2s
[2026-03-04 10:00:01] ✅ 完成
[2026-03-04 10:00:01] ✅ 完成
[2026-03-04 11:00:01] 🚀 API Rate Limiter 启动
[2026-03-04 11:00:01] 🚀 API Rate Limiter 启动
[2026-03-04 11:00:01]   - 动作: --auto-adjust
[2026-03-04 11:00:01]   - 动作: --auto-adjust
[2026-03-04 11:00:01] 🤖 自动调整请求频率...
[2026-03-04 11:00:01] 🤖 自动调整请求频率...
[2026-03-04 11:00:02] 🟡 当前为高峰期
[2026-03-04 11:00:02] 🟡 当前为高峰期
[2026-03-04 11:00:02] ✅ 高峰期状态良好，使用高峰模式
[2026-03-04 11:00:02] ✅ 高峰期状态良好，使用高峰模式
[2026-03-04 11:00:02] 🔄 设置模式: peak
[2026-03-04 11:00:02] 🔄 设置模式: peak
[2026-03-04 11:00:02] ✅ 状态已更新: peak, 间隔 2s
[2026-03-04 11:00:02] ✅ 状态已更新: peak, 间隔 2s
[2026-03-04 11:00:02] ✅ 高峰模式: 非紧急任务延迟，间隔 2s
[2026-03-04 11:00:02] ✅ 高峰模式: 非紧急任务延迟，间隔 2s
[2026-03-04 11:00:02] ✅ 完成
[2026-03-04 11:00:02] ✅ 完成
[2026-03-04 12:00:02] 🚀 API Rate Limiter 启动
[2026-03-04 12:00:02] 🚀 API Rate Limiter 启动
[2026-03-04 12:00:02]   - 动作: --auto-adjust
[2026-03-04 12:00:02]   - 动作: --auto-adjust
[2026-03-04 12:00:02] 🤖 自动调整请求频率...
[2026-03-04 12:00:02] 🤖 自动调整请求频率...
[2026-03-04 12:00:02] 🟢 当前为正常时段
[2026-03-04 12:00:02] 🟢 当前为正常时段
[2026-03-04 12:00:02] ✅ 正常状态
[2026-03-04 12:00:02] ✅ 正常状态
[2026-03-04 12:00:02] 🔄 设置模式: normal
[2026-03-04 12:00:02] 🔄 设置模式: normal
[2026-03-04 12:00:02] ✅ 状态已更新: normal, 间隔 1s
[2026-03-04 12:00:02] ✅ 状态已更新: normal, 间隔 1s
[2026-03-04 12:00:02] ✅ 正常模式: 所有任务正常执行，间隔 1s
[2026-03-04 12:00:02] ✅ 正常模式: 所有任务正常执行，间隔 1s
[2026-03-04 12:00:02] ✅ 完成
[2026-03-04 12:00:02] ✅ 完成
[2026-03-04 13:00:02] 🚀 API Rate Limiter 启动
[2026-03-04 13:00:02] 🚀 API Rate Limiter 启动
[2026-03-04 13:00:02]   - 动作: --auto-adjust
[2026-03-04 13:00:02]   - 动作: --auto-adjust
[2026-03-04 13:00:02] 🤖 自动调整请求频率...
[2026-03-04 13:00:02] 🤖 自动调整请求频率...
[2026-03-04 13:00:04] 🟢 当前为正常时段
[2026-03-04 13:00:04] 🟢 当前为正常时段
[2026-03-04 13:00:04] ✅ 正常状态
[2026-03-04 13:00:04] ✅ 正常状态
[2026-03-04 13:00:04] 🔄 设置模式: normal
[2026-03-04 13:00:04] 🔄 设置模式: normal
[2026-03-04 13:00:04] ✅ 状态已更新: normal, 间隔 1s
[2026-03-04 13:00:04] ✅ 状态已更新: normal, 间隔 1s
[2026-03-04 13:00:04] ✅ 正常模式: 所有任务正常执行，间隔 1s
[2026-03-04 13:00:04] ✅ 正常模式: 所有任务正常执行，间隔 1s
[2026-03-04 13:00:04] ✅ 完成
[2026-03-04 13:00:04] ✅ 完成
[2026-03-04 14:00:01] 🚀 API Rate Limiter 启动
[2026-03-04 14:00:01] 🚀 API Rate Limiter 启动
[2026-03-04 14:00:01]   - 动作: --auto-adjust
[2026-03-04 14:00:01]   - 动作: --auto-adjust
[2026-03-04 14:00:01] 🤖 自动调整请求频率...
[2026-03-04 14:00:01] 🤖 自动调整请求频率...
[2026-03-04 14:00:04] 🟢 当前为正常时段
[2026-03-04 14:00:04] 🟢 当前为正常时段
[2026-03-04 14:00:04] ✅ 正常状态
[2026-03-04 14:00:04] ✅ 正常状态
[2026-03-04 14:00:04] 🔄 设置模式: normal
[2026-03-04 14:00:04] 🔄 设置模式: normal
[2026-03-04 14:00:04] ✅ 状态已更新: normal, 间隔 1s
[2026-03-04 14:00:04] ✅ 状态已更新: normal, 间隔 1s
[2026-03-04 14:00:04] ✅ 正常模式: 所有任务正常执行，间隔 1s
[2026-03-04 14:00:04] ✅ 正常模式: 所有任务正常执行，间隔 1s
[2026-03-04 14:00:04] ✅ 完成
[2026-03-04 14:00:04] ✅ 完成
[2026-03-04 15:00:01] 🚀 API Rate Limiter 启动
[2026-03-04 15:00:01] 🚀 API Rate Limiter 启动
[2026-03-04 15:00:01]   - 动作: --auto-adjust
[2026-03-04 15:00:01]   - 动作: --auto-adjust
[2026-03-04 15:00:01] 🤖 自动调整请求频率...
[2026-03-04 15:00:01] 🤖 自动调整请求频率...
[2026-03-04 15:00:01] 🟢 当前为正常时段
[2026-03-04 15:00:01] 🟢 当前为正常时段
[2026-03-04 15:00:01] ✅ 正常状态
[2026-03-04 15:00:01] ✅ 正常状态
[2026-03-04 15:00:01] 🔄 设置模式: normal
[2026-03-04 15:00:01] 🔄 设置模式: normal
[2026-03-04 15:00:01] ✅ 状态已更新: normal, 间隔 1s
[2026-03-04 15:00:01] ✅ 状态已更新: normal, 间隔 1s
[2026-03-04 15:00:01] ✅ 正常模式: 所有任务正常执行，间隔 1s
[2026-03-04 15:00:01] ✅ 正常模式: 所有任务正常执行，间隔 1s
[2026-03-04 15:00:01] ✅ 完成
[2026-03-04 15:00:01] ✅ 完成
[2026-03-04 16:00:01] 🚀 API Rate Limiter 启动
[2026-03-04 16:00:01] 🚀 API Rate Limiter 启动
[2026-03-04 16:00:01]   - 动作: --auto-adjust
[2026-03-04 16:00:01]   - 动作: --auto-adjust
[2026-03-04 16:00:01] 🤖 自动调整请求频率...
[2026-03-04 16:00:01] 🤖 自动调整请求频率...
[2026-03-04 16:00:01] 🟡 当前为高峰期
[2026-03-04 16:00:01] 🟡 当前为高峰期
[2026-03-04 16:00:01] ✅ 高峰期状态良好，使用高峰模式
[2026-03-04 16:00:01] ✅ 高峰期状态良好，使用高峰模式
[2026-03-04 16:00:01] 🔄 设置模式: peak
[2026-03-04 16:00:01] 🔄 设置模式: peak
[2026-03-04 16:00:01] ✅ 状态已更新: peak, 间隔 2s
[2026-03-04 16:00:01] ✅ 状态已更新: peak, 间隔 2s
[2026-03-04 16:00:01] ✅ 高峰模式: 非紧急任务延迟，间隔 2s
[2026-03-04 16:00:01] ✅ 高峰模式: 非紧急任务延迟，间隔 2s
[2026-03-04 16:00:01] ✅ 完成
[2026-03-04 16:00:01] ✅ 完成
[2026-03-04 17:10:01] 🚀 API Rate Limiter 启动
[2026-03-04 17:10:01] 🚀 API Rate Limiter 启动
[2026-03-04 17:10:01]   - 动作: --auto-adjust
[2026-03-04 17:10:01]   - 动作: --auto-adjust
[2026-03-04 17:10:01] 🤖 自动调整请求频率...
[2026-03-04 17:10:01] 🤖 自动调整请求频率...
[2026-03-04 17:10:02] 🟡 当前为高峰期
[2026-03-04 17:10:02] 🟡 当前为高峰期
[2026-03-04 17:10:02] ✅ 高峰期状态良好，使用高峰模式
[2026-03-04 17:10:02] ✅ 高峰期状态良好，使用高峰模式
[2026-03-04 17:10:02] 🔄 设置模式: peak
[2026-03-04 17:10:02] 🔄 设置模式: peak
[2026-03-04 17:10:02] ✅ 状态已更新: peak, 间隔 2s
[2026-03-04 17:10:02] ✅ 状态已更新: peak, 间隔 2s
[2026-03-04 17:10:02] ✅ 高峰模式: 非紧急任务延迟，间隔 2s
[2026-03-04 17:10:02] ✅ 高峰模式: 非紧急任务延迟，间隔 2s
[2026-03-04 17:10:02] ✅ 完成
[2026-03-04 17:10:02] ✅ 完成
[2026-03-04 18:10:01] 🚀 API Rate Limiter 启动
[2026-03-04 18:10:01] 🚀 API Rate Limiter 启动
[2026-03-04 18:10:01]   - 动作: --auto-adjust
[2026-03-04 18:10:01]   - 动作: --auto-adjust
[2026-03-04 18:10:01] 🤖 自动调整请求频率...
[2026-03-04 18:10:01] 🤖 自动调整请求频率...
[2026-03-04 18:10:01] 🟡 当前为高峰期
[2026-03-04 18:10:01] 🟡 当前为高峰期
[2026-03-04 18:10:01] ✅ 高峰期状态良好，使用高峰模式
[2026-03-04 18:10:01] ✅ 高峰期状态良好，使用高峰模式
[2026-03-04 18:10:02] 🔄 设置模式: peak
[2026-03-04 18:10:02] 🔄 设置模式: peak
[2026-03-04 18:10:02] ✅ 状态已更新: peak, 间隔 2s
[2026-03-04 18:10:02] ✅ 状态已更新: peak, 间隔 2s
[2026-03-04 18:10:02] ✅ 高峰模式: 非紧急任务延迟，间隔 2s
[2026-03-04 18:10:02] ✅ 高峰模式: 非紧急任务延迟，间隔 2s
[2026-03-04 18:10:02] ✅ 完成
[2026-03-04 18:10:02] ✅ 完成
[2026-03-04 19:10:01] 🚀 API Rate Limiter 启动
[2026-03-04 19:10:01] 🚀 API Rate Limiter 启动
[2026-03-04 19:10:01]   - 动作: --auto-adjust
[2026-03-04 19:10:01]   - 动作: --auto-adjust
[2026-03-04 19:10:01] 🤖 自动调整请求频率...
[2026-03-04 19:10:01] 🤖 自动调整请求频率...
[2026-03-04 19:10:01] 🟢 当前为正常时段
[2026-03-04 19:10:01] 🟢 当前为正常时段
[2026-03-04 19:10:01] ✅ 正常状态
[2026-03-04 19:10:01] ✅ 正常状态
[2026-03-04 19:10:01] 🔄 设置模式: normal
[2026-03-04 19:10:01] 🔄 设置模式: normal
[2026-03-04 19:10:01] ✅ 状态已更新: normal, 间隔 1s
[2026-03-04 19:10:01] ✅ 状态已更新: normal, 间隔 1s
[2026-03-04 19:10:01] ✅ 正常模式: 所有任务正常执行，间隔 1s
[2026-03-04 19:10:01] ✅ 正常模式: 所有任务正常执行，间隔 1s
[2026-03-04 19:10:01] ✅ 完成
[2026-03-04 19:10:01] ✅ 完成
[2026-03-04 20:10:01] 🚀 API Rate Limiter 启动
[2026-03-04 20:10:01] 🚀 API Rate Limiter 启动
[2026-03-04 20:10:01]   - 动作: --auto-adjust
[2026-03-04 20:10:01]   - 动作: --auto-adjust
[2026-03-04 20:10:01] 🤖 自动调整请求频率...
[2026-03-04 20:10:01] 🤖 自动调整请求频率...
[2026-03-04 20:10:05] 🟢 当前为正常时段
[2026-03-04 20:10:05] 🟢 当前为正常时段
[2026-03-04 20:10:05] ✅ 正常状态
[2026-03-04 20:10:05] ✅ 正常状态
[2026-03-04 20:10:05] 🔄 设置模式: normal
[2026-03-04 20:10:05] 🔄 设置模式: normal
[2026-03-04 20:10:05] ✅ 状态已更新: normal, 间隔 1s
[2026-03-04 20:10:05] ✅ 状态已更新: normal, 间隔 1s
[2026-03-04 20:10:05] ✅ 正常模式: 所有任务正常执行，间隔 1s
[2026-03-04 20:10:05] ✅ 正常模式: 所有任务正常执行，间隔 1s
[2026-03-04 20:10:05] ✅ 完成
[2026-03-04 20:10:05] ✅ 完成
[2026-03-04 21:10:01] 🚀 API Rate Limiter 启动
[2026-03-04 21:10:01] 🚀 API Rate Limiter 启动
[2026-03-04 21:10:01]   - 动作: --auto-adjust
[2026-03-04 21:10:01]   - 动作: --auto-adjust
[2026-03-04 21:10:01] 🤖 自动调整请求频率...
[2026-03-04 21:10:01] 🤖 自动调整请求频率...
[2026-03-04 21:10:03] 🟢 当前为正常时段
[2026-03-04 21:10:03] 🟢 当前为正常时段
[2026-03-04 21:10:03] ✅ 正常状态
[2026-03-04 21:10:03] ✅ 正常状态
[2026-03-04 21:10:03] 🔄 设置模式: normal
[2026-03-04 21:10:03] 🔄 设置模式: normal
[2026-03-04 21:10:03] ✅ 状态已更新: normal, 间隔 1s
[2026-03-04 21:10:03] ✅ 状态已更新: normal, 间隔 1s
[2026-03-04 21:10:03] ✅ 正常模式: 所有任务正常执行，间隔 1s
[2026-03-04 21:10:03] ✅ 正常模式: 所有任务正常执行，间隔 1s
[2026-03-04 21:10:03] ✅ 完成
[2026-03-04 21:10:03] ✅ 完成
[2026-03-04 22:10:01] 🚀 API Rate Limiter 启动
[2026-03-04 22:10:01] 🚀 API Rate Limiter 启动
[2026-03-04 22:10:01]   - 动作: --auto-adjust
[2026-03-04 22:10:01]   - 动作: --auto-adjust
[2026-03-04 22:10:01] 🤖 自动调整请求频率...
[2026-03-04 22:10:01] 🤖 自动调整请求频率...
[2026-03-04 22:10:02] 🟢 当前为正常时段
[2026-03-04 22:10:02] 🟢 当前为正常时段
[2026-03-04 22:10:02] ✅ 正常状态
[2026-03-04 22:10:02] ✅ 正常状态
[2026-03-04 22:10:02] 🔄 设置模式: normal
[2026-03-04 22:10:02] 🔄 设置模式: normal
[2026-03-04 22:10:02] ✅ 状态已更新: normal, 间隔 1s
[2026-03-04 22:10:02] ✅ 状态已更新: normal, 间隔 1s
[2026-03-04 22:10:02] ✅ 正常模式: 所有任务正常执行，间隔 1s
[2026-03-04 22:10:02] ✅ 正常模式: 所有任务正常执行，间隔 1s
[2026-03-04 22:10:02] ✅ 完成
[2026-03-04 22:10:02] ✅ 完成
[2026-03-04 23:10:01] 🚀 API Rate Limiter 启动
[2026-03-04 23:10:01] 🚀 API Rate Limiter 启动
[2026-03-04 23:10:01]   - 动作: --auto-adjust
[2026-03-04 23:10:01]   - 动作: --auto-adjust
[2026-03-04 23:10:01] 🤖 自动调整请求频率...
[2026-03-04 23:10:01] 🤖 自动调整请求频率...
[2026-03-04 23:10:02] 🟢 当前为正常时段
[2026-03-04 23:10:02] 🟢 当前为正常时段
[2026-03-04 23:10:02] ✅ 正常状态
[2026-03-04 23:10:02] ✅ 正常状态
[2026-03-04 23:10:02] 🔄 设置模式: normal
[2026-03-04 23:10:02] 🔄 设置模式: normal
[2026-03-04 23:10:02] ✅ 状态已更新: normal, 间隔 1s
[2026-03-04 23:10:02] ✅ 状态已更新: normal, 间隔 1s
[2026-03-04 23:10:02] ✅ 正常模式: 所有任务正常执行，间隔 1s
[2026-03-04 23:10:02] ✅ 正常模式: 所有任务正常执行，间隔 1s
[2026-03-04 23:10:02] ✅ 完成
[2026-03-04 23:10:02] ✅ 完成
[2026-03-05 00:10:01] 🚀 API Rate Limiter 启动
[2026-03-05 00:10:01] 🚀 API Rate Limiter 启动
[2026-03-05 00:10:01]   - 动作: --auto-adjust
[2026-03-05 00:10:01]   - 动作: --auto-adjust
[2026-03-05 00:10:01] 🤖 自动调整请求频率...
[2026-03-05 00:10:01] 🤖 自动调整请求频率...
[2026-03-05 00:10:04] 🟢 当前为正常时段
[2026-03-05 00:10:04] 🟢 当前为正常时段
[2026-03-05 00:10:04] ✅ 正常状态
[2026-03-05 00:10:04] ✅ 正常状态
[2026-03-05 00:10:04] 🔄 设置模式: normal
[2026-03-05 00:10:04] 🔄 设置模式: normal
[2026-03-05 00:10:04] ✅ 状态已更新: normal, 间隔 1s
[2026-03-05 00:10:04] ✅ 状态已更新: normal, 间隔 1s
[2026-03-05 00:10:04] ✅ 正常模式: 所有任务正常执行，间隔 1s
[2026-03-05 00:10:04] ✅ 正常模式: 所有任务正常执行，间隔 1s
[2026-03-05 00:10:04] ✅ 完成
[2026-03-05 00:10:04] ✅ 完成
[2026-03-05 01:10:01] 🚀 API Rate Limiter 启动
[2026-03-05 01:10:01] 🚀 API Rate Limiter 启动
[2026-03-05 01:10:01]   - 动作: --auto-adjust
[2026-03-05 01:10:01]   - 动作: --auto-adjust
[2026-03-05 01:10:01] 🤖 自动调整请求频率...
[2026-03-05 01:10:01] 🤖 自动调整请求频率...
[2026-03-05 01:10:03] 🟢 当前为正常时段
[2026-03-05 01:10:03] 🟢 当前为正常时段
[2026-03-05 01:10:03] ✅ 正常状态
[2026-03-05 01:10:03] ✅ 正常状态
[2026-03-05 01:10:03] 🔄 设置模式: normal
[2026-03-05 01:10:03] 🔄 设置模式: normal
[2026-03-05 01:10:03] ✅ 状态已更新: normal, 间隔 1s
[2026-03-05 01:10:03] ✅ 状态已更新: normal, 间隔 1s
[2026-03-05 01:10:03] ✅ 正常模式: 所有任务正常执行，间隔 1s
[2026-03-05 01:10:03] ✅ 正常模式: 所有任务正常执行，间隔 1s
[2026-03-05 01:10:03] ✅ 完成
[2026-03-05 01:10:03] ✅ 完成
[2026-03-05 02:10:02] 🚀 API Rate Limiter 启动
[2026-03-05 02:10:02] 🚀 API Rate Limiter 启动
[2026-03-05 02:10:02]   - 动作: --auto-adjust
[2026-03-05 02:10:02]   - 动作: --auto-adjust
[2026-03-05 02:10:02] 🤖 自动调整请求频率...
[2026-03-05 02:10:02] 🤖 自动调整请求频率...
[2026-03-05 02:10:02] 🟢 当前为正常时段
[2026-03-05 02:10:02] 🟢 当前为正常时段
[2026-03-05 02:10:02] ✅ 正常状态
[2026-03-05 02:10:02] ✅ 正常状态
[2026-03-05 02:10:02] 🔄 设置模式: normal
[2026-03-05 02:10:02] 🔄 设置模式: normal
[2026-03-05 02:10:02] ✅ 状态已更新: normal, 间隔 1s
[2026-03-05 02:10:02] ✅ 状态已更新: normal, 间隔 1s
[2026-03-05 02:10:02] ✅ 正常模式: 所有任务正常执行，间隔 1s
[2026-03-05 02:10:02] ✅ 正常模式: 所有任务正常执行，间隔 1s
[2026-03-05 02:10:02] ✅ 完成
[2026-03-05 02:10:02] ✅ 完成
[2026-03-05 03:10:01] 🚀 API Rate Limiter 启动
[2026-03-05 03:10:01] 🚀 API Rate Limiter 启动
[2026-03-05 03:10:01]   - 动作: --auto-adjust
[2026-03-05 03:10:01]   - 动作: --auto-adjust
[2026-03-05 03:10:01] 🤖 自动调整请求频率...
[2026-03-05 03:10:01] 🤖 自动调整请求频率...
[2026-03-05 03:10:02] 🟢 当前为正常时段
[2026-03-05 03:10:02] 🟢 当前为正常时段
[2026-03-05 03:10:02] ✅ 正常状态
[2026-03-05 03:10:02] ✅ 正常状态
[2026-03-05 03:10:02] 🔄 设置模式: normal
[2026-03-05 03:10:02] 🔄 设置模式: normal
[2026-03-05 03:10:02] ✅ 状态已更新: normal, 间隔 1s
[2026-03-05 03:10:02] ✅ 状态已更新: normal, 间隔 1s
[2026-03-05 03:10:02] ✅ 正常模式: 所有任务正常执行，间隔 1s
[2026-03-05 03:10:02] ✅ 正常模式: 所有任务正常执行，间隔 1s
[2026-03-05 03:10:02] ✅ 完成
[2026-03-05 03:10:02] ✅ 完成
[2026-03-05 04:10:01] 🚀 API Rate Limiter 启动
[2026-03-05 04:10:01] 🚀 API Rate Limiter 启动
[2026-03-05 04:10:01]   - 动作: --auto-adjust
[2026-03-05 04:10:01]   - 动作: --auto-adjust
[2026-03-05 04:10:01] 🤖 自动调整请求频率...
[2026-03-05 04:10:01] 🤖 自动调整请求频率...
[2026-03-05 04:10:05] 🟢 当前为正常时段
[2026-03-05 04:10:05] 🟢 当前为正常时段
[2026-03-05 04:10:05] ✅ 正常状态
[2026-03-05 04:10:05] ✅ 正常状态
[2026-03-05 04:10:05] 🔄 设置模式: normal
[2026-03-05 04:10:05] 🔄 设置模式: normal
[2026-03-05 04:10:05] ✅ 状态已更新: normal, 间隔 1s
[2026-03-05 04:10:05] ✅ 状态已更新: normal, 间隔 1s
[2026-03-05 04:10:05] ✅ 正常模式: 所有任务正常执行，间隔 1s
[2026-03-05 04:10:05] ✅ 正常模式: 所有任务正常执行，间隔 1s
[2026-03-05 04:10:05] ✅ 完成
[2026-03-05 04:10:05] ✅ 完成
[2026-03-05 05:10:01] 🚀 API Rate Limiter 启动
[2026-03-05 05:10:01] 🚀 API Rate Limiter 启动
[2026-03-05 05:10:01]   - 动作: --auto-adjust
[2026-03-05 05:10:01]   - 动作: --auto-adjust
[2026-03-05 05:10:01] 🤖 自动调整请求频率...
[2026-03-05 05:10:01] 🤖 自动调整请求频率...
[2026-03-05 05:10:01] 🟢 当前为正常时段
[2026-03-05 05:10:01] 🟢 当前为正常时段
[2026-03-05 05:10:01] ✅ 正常状态
[2026-03-05 05:10:01] ✅ 正常状态
[2026-03-05 05:10:01] 🔄 设置模式: normal
[2026-03-05 05:10:01] 🔄 设置模式: normal
[2026-03-05 05:10:01] ✅ 状态已更新: normal, 间隔 1s
[2026-03-05 05:10:01] ✅ 状态已更新: normal, 间隔 1s
[2026-03-05 05:10:01] ✅ 正常模式: 所有任务正常执行，间隔 1s
[2026-03-05 05:10:01] ✅ 正常模式: 所有任务正常执行，间隔 1s
[2026-03-05 05:10:01] ✅ 完成
[2026-03-05 05:10:01] ✅ 完成
[2026-03-05 06:10:01] 🚀 API Rate Limiter 启动
[2026-03-05 06:10:01] 🚀 API Rate Limiter 启动
[2026-03-05 06:10:01]   - 动作: --auto-adjust
[2026-03-05 06:10:01]   - 动作: --auto-adjust
[2026-03-05 06:10:01] 🤖 自动调整请求频率...
[2026-03-05 06:10:01] 🤖 自动调整请求频率...
[2026-03-05 06:10:01] 🟢 当前为正常时段
[2026-03-05 06:10:01] 🟢 当前为正常时段
[2026-03-05 06:10:01] ✅ 正常状态
[2026-03-05 06:10:01] ✅ 正常状态
[2026-03-05 06:10:01] 🔄 设置模式: normal
[2026-03-05 06:10:01] 🔄 设置模式: normal
[2026-03-05 06:10:01] ✅ 状态已更新: normal, 间隔 1s
[2026-03-05 06:10:01] ✅ 状态已更新: normal, 间隔 1s
[2026-03-05 06:10:01] ✅ 正常模式: 所有任务正常执行，间隔 1s
[2026-03-05 06:10:01] ✅ 正常模式: 所有任务正常执行，间隔 1s
[2026-03-05 06:10:01] ✅ 完成
[2026-03-05 06:10:01] ✅ 完成
[2026-03-05 07:10:01] 🚀 API Rate Limiter 启动
[2026-03-05 07:10:01] 🚀 API Rate Limiter 启动
[2026-03-05 07:10:01]   - 动作: --auto-adjust
[2026-03-05 07:10:01]   - 动作: --auto-adjust
[2026-03-05 07:10:01] 🤖 自动调整请求频率...
[2026-03-05 07:10:01] 🤖 自动调整请求频率...
[2026-03-05 07:10:01] 🟡 当前为高峰期
[2026-03-05 07:10:01] 🟡 当前为高峰期
[2026-03-05 07:10:01] ✅ 高峰期状态良好，使用高峰模式
[2026-03-05 07:10:01] ✅ 高峰期状态良好，使用高峰模式
[2026-03-05 07:10:01] 🔄 设置模式: peak
[2026-03-05 07:10:01] 🔄 设置模式: peak
[2026-03-05 07:10:01] ✅ 状态已更新: peak, 间隔 2s
[2026-03-05 07:10:01] ✅ 状态已更新: peak, 间隔 2s
[2026-03-05 07:10:01] ✅ 高峰模式: 非紧急任务延迟，间隔 2s
[2026-03-05 07:10:01] ✅ 高峰模式: 非紧急任务延迟，间隔 2s
[2026-03-05 07:10:01] ✅ 完成
[2026-03-05 07:10:01] ✅ 完成
[2026-03-05 08:10:01] 🚀 API Rate Limiter 启动
[2026-03-05 08:10:01] 🚀 API Rate Limiter 启动
[2026-03-05 08:10:01]   - 动作: --auto-adjust
[2026-03-05 08:10:01]   - 动作: --auto-adjust
[2026-03-05 08:10:01] 🤖 自动调整请求频率...
[2026-03-05 08:10:01] 🤖 自动调整请求频率...
[2026-03-05 08:10:01] 🟡 当前为高峰期
[2026-03-05 08:10:01] 🟡 当前为高峰期
[2026-03-05 08:10:01] ✅ 高峰期状态良好，使用高峰模式
[2026-03-05 08:10:01] ✅ 高峰期状态良好，使用高峰模式
[2026-03-05 08:10:01] 🔄 设置模式: peak
[2026-03-05 08:10:01] 🔄 设置模式: peak
[2026-03-05 08:10:01] ✅ 状态已更新: peak, 间隔 2s
[2026-03-05 08:10:01] ✅ 状态已更新: peak, 间隔 2s
[2026-03-05 08:10:01] ✅ 高峰模式: 非紧急任务延迟，间隔 2s
[2026-03-05 08:10:01] ✅ 高峰模式: 非紧急任务延迟，间隔 2s
[2026-03-05 08:10:01] ✅ 完成
[2026-03-05 08:10:01] ✅ 完成
[2026-03-05 09:10:02] 🚀 API Rate Limiter 启动
[2026-03-05 09:10:02] 🚀 API Rate Limiter 启动
[2026-03-05 09:10:02]   - 动作: --auto-adjust
[2026-03-05 09:10:02]   - 动作: --auto-adjust
[2026-03-05 09:10:02] 🤖 自动调整请求频率...
[2026-03-05 09:10:02] 🤖 自动调整请求频率...
[2026-03-05 09:10:02] 🟡 当前为高峰期
[2026-03-05 09:10:02] 🟡 当前为高峰期
[2026-03-05 09:10:02] ✅ 高峰期状态良好，使用高峰模式
[2026-03-05 09:10:02] ✅ 高峰期状态良好，使用高峰模式
[2026-03-05 09:10:02] 🔄 设置模式: peak
[2026-03-05 09:10:02] 🔄 设置模式: peak
[2026-03-05 09:10:02] ✅ 状态已更新: peak, 间隔 2s
[2026-03-05 09:10:02] ✅ 状态已更新: peak, 间隔 2s
[2026-03-05 09:10:02] ✅ 高峰模式: 非紧急任务延迟，间隔 2s
[2026-03-05 09:10:02] ✅ 高峰模式: 非紧急任务延迟，间隔 2s
[2026-03-05 09:10:02] ✅ 完成
[2026-03-05 09:10:02] ✅ 完成
[2026-03-05 10:10:02] 🚀 API Rate Limiter 启动
[2026-03-05 10:10:02] 🚀 API Rate Limiter 启动
[2026-03-05 10:10:02]   - 动作: --auto-adjust
[2026-03-05 10:10:02]   - 动作: --auto-adjust
[2026-03-05 10:10:02] 🤖 自动调整请求频率...
[2026-03-05 10:10:02] 🤖 自动调整请求频率...
[2026-03-05 10:10:02] 🟡 当前为高峰期
[2026-03-05 10:10:02] 🟡 当前为高峰期
[2026-03-05 10:10:02] ✅ 高峰期状态良好，使用高峰模式
[2026-03-05 10:10:02] ✅ 高峰期状态良好，使用高峰模式
[2026-03-05 10:10:02] 🔄 设置模式: peak
[2026-03-05 10:10:02] 🔄 设置模式: peak
[2026-03-05 10:10:02] ✅ 状态已更新: peak, 间隔 2s
[2026-03-05 10:10:02] ✅ 状态已更新: peak, 间隔 2s
[2026-03-05 10:10:02] ✅ 高峰模式: 非紧急任务延迟，间隔 2s
[2026-03-05 10:10:02] ✅ 高峰模式: 非紧急任务延迟，间隔 2s
[2026-03-05 10:10:02] ✅ 完成
[2026-03-05 10:10:02] ✅ 完成
[2026-03-05 11:10:02] 🚀 API Rate Limiter 启动
[2026-03-05 11:10:02] 🚀 API Rate Limiter 启动
[2026-03-05 11:10:02]   - 动作: --auto-adjust
[2026-03-05 11:10:02]   - 动作: --auto-adjust
[2026-03-05 11:10:02] 🤖 自动调整请求频率...
[2026-03-05 11:10:02] 🤖 自动调整请求频率...
[2026-03-05 11:10:02] 🟡 当前为高峰期
[2026-03-05 11:10:02] 🟡 当前为高峰期
[2026-03-05 11:10:02] ✅ 高峰期状态良好，使用高峰模式
[2026-03-05 11:10:02] ✅ 高峰期状态良好，使用高峰模式
[2026-03-05 11:10:02] 🔄 设置模式: peak
[2026-03-05 11:10:02] 🔄 设置模式: peak
[2026-03-05 11:10:02] ✅ 状态已更新: peak, 间隔 2s
[2026-03-05 11:10:02] ✅ 状态已更新: peak, 间隔 2s
[2026-03-05 11:10:02] ✅ 高峰模式: 非紧急任务延迟，间隔 2s
[2026-03-05 11:10:02] ✅ 高峰模式: 非紧急任务延迟，间隔 2s
[2026-03-05 11:10:02] ✅ 完成
[2026-03-05 11:10:02] ✅ 完成
[2026-03-05 12:10:01] 🚀 API Rate Limiter 启动
[2026-03-05 12:10:01] 🚀 API Rate Limiter 启动
[2026-03-05 12:10:01]   - 动作: --auto-adjust
[2026-03-05 12:10:01]   - 动作: --auto-adjust
[2026-03-05 12:10:01] 🤖 自动调整请求频率...
[2026-03-05 12:10:01] 🤖 自动调整请求频率...
[2026-03-05 12:10:05] 🟢 当前为正常时段
[2026-03-05 12:10:05] 🟢 当前为正常时段
[2026-03-05 12:10:05] ✅ 正常状态
[2026-03-05 12:10:05] ✅ 正常状态
[2026-03-05 12:10:05] 🔄 设置模式: normal
[2026-03-05 12:10:05] 🔄 设置模式: normal
[2026-03-05 12:10:05] ✅ 状态已更新: normal, 间隔 1s
[2026-03-05 12:10:05] ✅ 状态已更新: normal, 间隔 1s
[2026-03-05 12:10:05] ✅ 正常模式: 所有任务正常执行，间隔 1s
[2026-03-05 12:10:05] ✅ 正常模式: 所有任务正常执行，间隔 1s
[2026-03-05 12:10:05] ✅ 完成
[2026-03-05 12:10:05] ✅ 完成
[2026-03-05 13:10:01] 🚀 API Rate Limiter 启动
[2026-03-05 13:10:01] 🚀 API Rate Limiter 启动
[2026-03-05 13:10:01]   - 动作: --auto-adjust
[2026-03-05 13:10:01]   - 动作: --auto-adjust
[2026-03-05 13:10:01] 🤖 自动调整请求频率...
[2026-03-05 13:10:01] 🤖 自动调整请求频率...
[2026-03-05 13:10:01] 🟢 当前为正常时段
[2026-03-05 13:10:01] 🟢 当前为正常时段
[2026-03-05 13:10:01] ✅ 正常状态
[2026-03-05 13:10:01] ✅ 正常状态
[2026-03-05 13:10:01] 🔄 设置模式: normal
[2026-03-05 13:10:01] 🔄 设置模式: normal
[2026-03-05 13:10:01] ✅ 状态已更新: normal, 间隔 1s
[2026-03-05 13:10:01] ✅ 状态已更新: normal, 间隔 1s
[2026-03-05 13:10:01] ✅ 正常模式: 所有任务正常执行，间隔 1s
[2026-03-05 13:10:01] ✅ 正常模式: 所有任务正常执行，间隔 1s
[2026-03-05 13:10:01] ✅ 完成
[2026-03-05 13:10:01] ✅ 完成
[2026-03-05 14:10:01] 🚀 API Rate Limiter 启动
[2026-03-05 14:10:01] 🚀 API Rate Limiter 启动
[2026-03-05 14:10:01]   - 动作: --auto-adjust
[2026-03-05 14:10:01]   - 动作: --auto-adjust
[2026-03-05 14:10:01] 🤖 自动调整请求频率...
[2026-03-05 14:10:01] 🤖 自动调整请求频率...
[2026-03-05 14:10:02] 🟢 当前为正常时段
[2026-03-05 14:10:02] 🟢 当前为正常时段
[2026-03-05 14:10:02] ✅ 正常状态
[2026-03-05 14:10:02] ✅ 正常状态
[2026-03-05 14:10:02] 🔄 设置模式: normal
[2026-03-05 14:10:02] 🔄 设置模式: normal
[2026-03-05 14:10:02] ✅ 状态已更新: normal, 间隔 1s
[2026-03-05 14:10:02] ✅ 状态已更新: normal, 间隔 1s
[2026-03-05 14:10:02] ✅ 正常模式: 所有任务正常执行，间隔 1s
[2026-03-05 14:10:02] ✅ 正常模式: 所有任务正常执行，间隔 1s
[2026-03-05 14:10:02] ✅ 完成
[2026-03-05 14:10:02] ✅ 完成
[2026-03-05 15:10:01] 🚀 API Rate Limiter 启动
[2026-03-05 15:10:01] 🚀 API Rate Limiter 启动
[2026-03-05 15:10:01]   - 动作: --auto-adjust
[2026-03-05 15:10:01]   - 动作: --auto-adjust
[2026-03-05 15:10:01] 🤖 自动调整请求频率...
[2026-03-05 15:10:01] 🤖 自动调整请求频率...
[2026-03-05 15:10:01] 🟢 当前为正常时段
[2026-03-05 15:10:01] 🟢 当前为正常时段
[2026-03-05 15:10:01] ✅ 正常状态
[2026-03-05 15:10:01] ✅ 正常状态
[2026-03-05 15:10:01] 🔄 设置模式: normal
[2026-03-05 15:10:01] 🔄 设置模式: normal
[2026-03-05 15:10:01] ✅ 状态已更新: normal, 间隔 1s
[2026-03-05 15:10:01] ✅ 状态已更新: normal, 间隔 1s
[2026-03-05 15:10:01] ✅ 正常模式: 所有任务正常执行，间隔 1s
[2026-03-05 15:10:01] ✅ 正常模式: 所有任务正常执行，间隔 1s
[2026-03-05 15:10:01] ✅ 完成
[2026-03-05 15:10:01] ✅ 完成
[2026-03-05 16:10:02] 🚀 API Rate Limiter 启动
[2026-03-05 16:10:02] 🚀 API Rate Limiter 启动
[2026-03-05 16:10:02]   - 动作: --auto-adjust
[2026-03-05 16:10:02]   - 动作: --auto-adjust
[2026-03-05 16:10:02] 🤖 自动调整请求频率...
[2026-03-05 16:10:02] 🤖 自动调整请求频率...
[2026-03-05 16:10:02] 🟡 当前为高峰期
[2026-03-05 16:10:02] 🟡 当前为高峰期
[2026-03-05 16:10:02] ✅ 高峰期状态良好，使用高峰模式
[2026-03-05 16:10:02] ✅ 高峰期状态良好，使用高峰模式
[2026-03-05 16:10:02] 🔄 设置模式: peak
[2026-03-05 16:10:02] 🔄 设置模式: peak
[2026-03-05 16:10:02] ✅ 状态已更新: peak, 间隔 2s
[2026-03-05 16:10:02] ✅ 状态已更新: peak, 间隔 2s
[2026-03-05 16:10:02] ✅ 高峰模式: 非紧急任务延迟，间隔 2s
[2026-03-05 16:10:02] ✅ 高峰模式: 非紧急任务延迟，间隔 2s
[2026-03-05 16:10:02] ✅ 完成
[2026-03-05 16:10:02] ✅ 完成
[2026-03-05 17:10:01] 🚀 API Rate Limiter 启动
[2026-03-05 17:10:01] 🚀 API Rate Limiter 启动
[2026-03-05 17:10:01]   - 动作: --auto-adjust
[2026-03-05 17:10:01]   - 动作: --auto-adjust
[2026-03-05 17:10:01] 🤖 自动调整请求频率...
[2026-03-05 17:10:01] 🤖 自动调整请求频率...
[2026-03-05 17:10:01] 🟡 当前为高峰期
[2026-03-05 17:10:01] 🟡 当前为高峰期
[2026-03-05 17:10:01] ✅ 高峰期状态良好，使用高峰模式
[2026-03-05 17:10:01] ✅ 高峰期状态良好，使用高峰模式
[2026-03-05 17:10:01] 🔄 设置模式: peak
[2026-03-05 17:10:01] 🔄 设置模式: peak
[2026-03-05 17:10:01] ✅ 状态已更新: peak, 间隔 2s
[2026-03-05 17:10:01] ✅ 状态已更新: peak, 间隔 2s
[2026-03-05 17:10:01] ✅ 高峰模式: 非紧急任务延迟，间隔 2s
[2026-03-05 17:10:01] ✅ 高峰模式: 非紧急任务延迟，间隔 2s
[2026-03-05 17:10:01] ✅ 完成
[2026-03-05 17:10:01] ✅ 完成
[2026-03-05 18:10:01] 🚀 API Rate Limiter 启动
[2026-03-05 18:10:01] 🚀 API Rate Limiter 启动
[2026-03-05 18:10:01]   - 动作: --auto-adjust
[2026-03-05 18:10:01]   - 动作: --auto-adjust
[2026-03-05 18:10:01] 🤖 自动调整请求频率...
[2026-03-05 18:10:01] 🤖 自动调整请求频率...
[2026-03-05 18:10:02] 🟡 当前为高峰期
[2026-03-05 18:10:02] 🟡 当前为高峰期
[2026-03-05 18:10:02] ✅ 高峰期状态良好，使用高峰模式
[2026-03-05 18:10:02] ✅ 高峰期状态良好，使用高峰模式
[2026-03-05 18:10:02] 🔄 设置模式: peak
[2026-03-05 18:10:02] 🔄 设置模式: peak
[2026-03-05 18:10:02] ✅ 状态已更新: peak, 间隔 2s
[2026-03-05 18:10:02] ✅ 状态已更新: peak, 间隔 2s
[2026-03-05 18:10:02] ✅ 高峰模式: 非紧急任务延迟，间隔 2s
[2026-03-05 18:10:02] ✅ 高峰模式: 非紧急任务延迟，间隔 2s
[2026-03-05 18:10:02] ✅ 完成
[2026-03-05 18:10:02] ✅ 完成
[2026-03-05 19:10:01] 🚀 API Rate Limiter 启动
[2026-03-05 19:10:01] 🚀 API Rate Limiter 启动
[2026-03-05 19:10:01]   - 动作: --auto-adjust
[2026-03-05 19:10:01]   - 动作: --auto-adjust
[2026-03-05 19:10:01] 🤖 自动调整请求频率...
[2026-03-05 19:10:01] 🤖 自动调整请求频率...
[2026-03-05 19:10:01] 🟢 当前为正常时段
[2026-03-05 19:10:01] 🟢 当前为正常时段
[2026-03-05 19:10:01] ✅ 正常状态
[2026-03-05 19:10:01] ✅ 正常状态
[2026-03-05 19:10:01] 🔄 设置模式: normal
[2026-03-05 19:10:01] 🔄 设置模式: normal
[2026-03-05 19:10:01] ✅ 状态已更新: normal, 间隔 1s
[2026-03-05 19:10:01] ✅ 状态已更新: normal, 间隔 1s
[2026-03-05 19:10:01] ✅ 正常模式: 所有任务正常执行，间隔 1s
[2026-03-05 19:10:01] ✅ 正常模式: 所有任务正常执行，间隔 1s
[2026-03-05 19:10:01] ✅ 完成
[2026-03-05 19:10:01] ✅ 完成
[2026-03-05 20:10:01] 🚀 API Rate Limiter 启动
[2026-03-05 20:10:01] 🚀 API Rate Limiter 启动
[2026-03-05 20:10:01]   - 动作: --auto-adjust
[2026-03-05 20:10:01]   - 动作: --auto-adjust
[2026-03-05 20:10:01] 🤖 自动调整请求频率...
[2026-03-05 20:10:01] 🤖 自动调整请求频率...
[2026-03-05 20:10:02] 🟢 当前为正常时段
[2026-03-05 20:10:02] 🟢 当前为正常时段
[2026-03-05 20:10:02] ✅ 正常状态
[2026-03-05 20:10:02] ✅ 正常状态
[2026-03-05 20:10:02] 🔄 设置模式: normal
[2026-03-05 20:10:02] 🔄 设置模式: normal
[2026-03-05 20:10:02] ✅ 状态已更新: normal, 间隔 1s
[2026-03-05 20:10:02] ✅ 状态已更新: normal, 间隔 1s
[2026-03-05 20:10:02] ✅ 正常模式: 所有任务正常执行，间隔 1s
[2026-03-05 20:10:02] ✅ 正常模式: 所有任务正常执行，间隔 1s
[2026-03-05 20:10:02] ✅ 完成
[2026-03-05 20:10:02] ✅ 完成
[2026-03-05 21:10:01] 🚀 API Rate Limiter 启动
[2026-03-05 21:10:01] 🚀 API Rate Limiter 启动
[2026-03-05 21:10:01]   - 动作: --auto-adjust
[2026-03-05 21:10:01]   - 动作: --auto-adjust
[2026-03-05 21:10:01] 🤖 自动调整请求频率...
[2026-03-05 21:10:01] 🤖 自动调整请求频率...
[2026-03-05 21:10:01] 🟢 当前为正常时段
[2026-03-05 21:10:01] 🟢 当前为正常时段
[2026-03-05 21:10:01] ✅ 正常状态
[2026-03-05 21:10:01] ✅ 正常状态
[2026-03-05 21:10:01] 🔄 设置模式: normal
[2026-03-05 21:10:01] 🔄 设置模式: normal
[2026-03-05 21:10:01] ✅ 状态已更新: normal, 间隔 1s
[2026-03-05 21:10:01] ✅ 状态已更新: normal, 间隔 1s
[2026-03-05 21:10:01] ✅ 正常模式: 所有任务正常执行，间隔 1s
[2026-03-05 21:10:01] ✅ 正常模式: 所有任务正常执行，间隔 1s
[2026-03-05 21:10:01] ✅ 完成
[2026-03-05 21:10:01] ✅ 完成
[2026-03-05 22:10:01] 🚀 API Rate Limiter 启动
[2026-03-05 22:10:01] 🚀 API Rate Limiter 启动
[2026-03-05 22:10:01]   - 动作: --auto-adjust
[2026-03-05 22:10:01]   - 动作: --auto-adjust
[2026-03-05 22:10:01] 🤖 自动调整请求频率...
[2026-03-05 22:10:01] 🤖 自动调整请求频率...
[2026-03-05 22:10:01] 🟢 当前为正常时段
[2026-03-05 22:10:01] 🟢 当前为正常时段
[2026-03-05 22:10:01] ✅ 正常状态
[2026-03-05 22:10:01] ✅ 正常状态
[2026-03-05 22:10:01] 🔄 设置模式: normal
[2026-03-05 22:10:01] 🔄 设置模式: normal
[2026-03-05 22:10:01] ✅ 状态已更新: normal, 间隔 1s
[2026-03-05 22:10:01] ✅ 状态已更新: normal, 间隔 1s
[2026-03-05 22:10:01] ✅ 正常模式: 所有任务正常执行，间隔 1s
[2026-03-05 22:10:01] ✅ 正常模式: 所有任务正常执行，间隔 1s
[2026-03-05 22:10:01] ✅ 完成
[2026-03-05 22:10:01] ✅ 完成
[2026-03-05 23:10:01] 🚀 API Rate Limiter 启动
[2026-03-05 23:10:01] 🚀 API Rate Limiter 启动
[2026-03-05 23:10:01]   - 动作: --auto-adjust
[2026-03-05 23:10:01]   - 动作: --auto-adjust
[2026-03-05 23:10:01] 🤖 自动调整请求频率...
[2026-03-05 23:10:01] 🤖 自动调整请求频率...
[2026-03-05 23:10:02] 🟢 当前为正常时段
[2026-03-05 23:10:02] 🟢 当前为正常时段
[2026-03-05 23:10:02] ✅ 正常状态
[2026-03-05 23:10:02] ✅ 正常状态
[2026-03-05 23:10:02] 🔄 设置模式: normal
[2026-03-05 23:10:02] 🔄 设置模式: normal
[2026-03-05 23:10:02] ✅ 状态已更新: normal, 间隔 1s
[2026-03-05 23:10:02] ✅ 状态已更新: normal, 间隔 1s
[2026-03-05 23:10:02] ✅ 正常模式: 所有任务正常执行，间隔 1s
[2026-03-05 23:10:02] ✅ 正常模式: 所有任务正常执行，间隔 1s
[2026-03-05 23:10:02] ✅ 完成
[2026-03-05 23:10:02] ✅ 完成
[2026-03-06 00:10:01] 🚀 API Rate Limiter 启动
[2026-03-06 00:10:01] 🚀 API Rate Limiter 启动
[2026-03-06 00:10:01]   - 动作: --auto-adjust
[2026-03-06 00:10:01]   - 动作: --auto-adjust
[2026-03-06 00:10:01] 🤖 自动调整请求频率...
[2026-03-06 00:10:01] 🤖 自动调整请求频率...
[2026-03-06 00:10:03] 🟢 当前为正常时段
[2026-03-06 00:10:03] 🟢 当前为正常时段
[2026-03-06 00:10:03] ✅ 正常状态
[2026-03-06 00:10:03] ✅ 正常状态
[2026-03-06 00:10:03] 🔄 设置模式: normal
[2026-03-06 00:10:03] 🔄 设置模式: normal
[2026-03-06 00:10:03] ✅ 状态已更新: normal, 间隔 1s
[2026-03-06 00:10:03] ✅ 状态已更新: normal, 间隔 1s
[2026-03-06 00:10:03] ✅ 正常模式: 所有任务正常执行，间隔 1s
[2026-03-06 00:10:03] ✅ 正常模式: 所有任务正常执行，间隔 1s
[2026-03-06 00:10:03] ✅ 完成
[2026-03-06 00:10:03] ✅ 完成
[2026-03-06 01:10:01] 🚀 API Rate Limiter 启动
[2026-03-06 01:10:01] 🚀 API Rate Limiter 启动
[2026-03-06 01:10:01]   - 动作: --auto-adjust
[2026-03-06 01:10:01]   - 动作: --auto-adjust
[2026-03-06 01:10:01] 🤖 自动调整请求频率...
[2026-03-06 01:10:01] 🤖 自动调整请求频率...
[2026-03-06 01:10:01] 🟢 当前为正常时段
[2026-03-06 01:10:01] 🟢 当前为正常时段
[2026-03-06 01:10:01] ✅ 正常状态
[2026-03-06 01:10:01] ✅ 正常状态
[2026-03-06 01:10:01] 🔄 设置模式: normal
[2026-03-06 01:10:01] 🔄 设置模式: normal
[2026-03-06 01:10:01] ✅ 状态已更新: normal, 间隔 1s
[2026-03-06 01:10:01] ✅ 状态已更新: normal, 间隔 1s
[2026-03-06 01:10:01] ✅ 正常模式: 所有任务正常执行，间隔 1s
[2026-03-06 01:10:01] ✅ 正常模式: 所有任务正常执行，间隔 1s
[2026-03-06 01:10:01] ✅ 完成
[2026-03-06 01:10:01] ✅ 完成
[2026-03-06 02:10:02] 🚀 API Rate Limiter 启动
[2026-03-06 02:10:02] 🚀 API Rate Limiter 启动
[2026-03-06 02:10:02]   - 动作: --auto-adjust
[2026-03-06 02:10:02]   - 动作: --auto-adjust
[2026-03-06 02:10:02] 🤖 自动调整请求频率...
[2026-03-06 02:10:02] 🤖 自动调整请求频率...
[2026-03-06 02:10:02] 🟢 当前为正常时段
[2026-03-06 02:10:02] 🟢 当前为正常时段
[2026-03-06 02:10:02] ✅ 正常状态
[2026-03-06 02:10:02] ✅ 正常状态
[2026-03-06 02:10:02] 🔄 设置模式: normal
[2026-03-06 02:10:02] 🔄 设置模式: normal
[2026-03-06 02:10:02] ✅ 状态已更新: normal, 间隔 1s
[2026-03-06 02:10:02] ✅ 状态已更新: normal, 间隔 1s
[2026-03-06 02:10:02] ✅ 正常模式: 所有任务正常执行，间隔 1s
[2026-03-06 02:10:02] ✅ 正常模式: 所有任务正常执行，间隔 1s
[2026-03-06 02:10:02] ✅ 完成
[2026-03-06 02:10:02] ✅ 完成
[2026-03-06 03:10:01] 🚀 API Rate Limiter 启动
[2026-03-06 03:10:01] 🚀 API Rate Limiter 启动
[2026-03-06 03:10:01]   - 动作: --auto-adjust
[2026-03-06 03:10:01]   - 动作: --auto-adjust
[2026-03-06 03:10:01] 🤖 自动调整请求频率...
[2026-03-06 03:10:01] 🤖 自动调整请求频率...
[2026-03-06 03:10:02] 🟢 当前为正常时段
[2026-03-06 03:10:02] 🟢 当前为正常时段
[2026-03-06 03:10:02] ✅ 正常状态
[2026-03-06 03:10:02] ✅ 正常状态
[2026-03-06 03:10:02] 🔄 设置模式: normal
[2026-03-06 03:10:02] 🔄 设置模式: normal
[2026-03-06 03:10:02] ✅ 状态已更新: normal, 间隔 1s
[2026-03-06 03:10:02] ✅ 状态已更新: normal, 间隔 1s
[2026-03-06 03:10:02] ✅ 正常模式: 所有任务正常执行，间隔 1s
[2026-03-06 03:10:02] ✅ 正常模式: 所有任务正常执行，间隔 1s
[2026-03-06 03:10:02] ✅ 完成
[2026-03-06 03:10:02] ✅ 完成
[2026-03-06 04:10:01] 🚀 API Rate Limiter 启动
[2026-03-06 04:10:01] 🚀 API Rate Limiter 启动
[2026-03-06 04:10:01]   - 动作: --auto-adjust
[2026-03-06 04:10:01]   - 动作: --auto-adjust
[2026-03-06 04:10:01] 🤖 自动调整请求频率...
[2026-03-06 04:10:01] 🤖 自动调整请求频率...
[2026-03-06 04:10:05] 🟢 当前为正常时段
[2026-03-06 04:10:05] 🟢 当前为正常时段
[2026-03-06 04:10:05] ✅ 正常状态
[2026-03-06 04:10:05] ✅ 正常状态
[2026-03-06 04:10:05] 🔄 设置模式: normal
[2026-03-06 04:10:05] 🔄 设置模式: normal
[2026-03-06 04:10:05] ✅ 状态已更新: normal, 间隔 1s
[2026-03-06 04:10:05] ✅ 状态已更新: normal, 间隔 1s
[2026-03-06 04:10:05] ✅ 正常模式: 所有任务正常执行，间隔 1s
[2026-03-06 04:10:05] ✅ 正常模式: 所有任务正常执行，间隔 1s
[2026-03-06 04:10:05] ✅ 完成
[2026-03-06 04:10:05] ✅ 完成
[2026-03-06 05:10:01] 🚀 API Rate Limiter 启动
[2026-03-06 05:10:01] 🚀 API Rate Limiter 启动
[2026-03-06 05:10:01]   - 动作: --auto-adjust
[2026-03-06 05:10:01]   - 动作: --auto-adjust
[2026-03-06 05:10:01] 🤖 自动调整请求频率...
[2026-03-06 05:10:01] 🤖 自动调整请求频率...
[2026-03-06 05:10:01] 🟢 当前为正常时段
[2026-03-06 05:10:01] 🟢 当前为正常时段
[2026-03-06 05:10:01] ✅ 正常状态
[2026-03-06 05:10:01] ✅ 正常状态
[2026-03-06 05:10:01] 🔄 设置模式: normal
[2026-03-06 05:10:01] 🔄 设置模式: normal
[2026-03-06 05:10:01] ✅ 状态已更新: normal, 间隔 1s
[2026-03-06 05:10:01] ✅ 状态已更新: normal, 间隔 1s
[2026-03-06 05:10:01] ✅ 正常模式: 所有任务正常执行，间隔 1s
[2026-03-06 05:10:01] ✅ 正常模式: 所有任务正常执行，间隔 1s
[2026-03-06 05:10:01] ✅ 完成
[2026-03-06 05:10:01] ✅ 完成
[2026-03-06 06:10:01] 🚀 API Rate Limiter 启动
[2026-03-06 06:10:01] 🚀 API Rate Limiter 启动
[2026-03-06 06:10:01]   - 动作: --auto-adjust
[2026-03-06 06:10:01]   - 动作: --auto-adjust
[2026-03-06 06:10:01] 🤖 自动调整请求频率...
[2026-03-06 06:10:01] 🤖 自动调整请求频率...
[2026-03-06 06:10:01] 🟢 当前为正常时段
[2026-03-06 06:10:01] 🟢 当前为正常时段
[2026-03-06 06:10:01] ✅ 正常状态
[2026-03-06 06:10:01] ✅ 正常状态
[2026-03-06 06:10:01] 🔄 设置模式: normal
[2026-03-06 06:10:01] 🔄 设置模式: normal
[2026-03-06 06:10:01] ✅ 状态已更新: normal, 间隔 1s
[2026-03-06 06:10:01] ✅ 状态已更新: normal, 间隔 1s
[2026-03-06 06:10:01] ✅ 正常模式: 所有任务正常执行，间隔 1s
[2026-03-06 06:10:01] ✅ 正常模式: 所有任务正常执行，间隔 1s
[2026-03-06 06:10:01] ✅ 完成
[2026-03-06 06:10:01] ✅ 完成
[2026-03-06 07:10:01] 🚀 API Rate Limiter 启动
[2026-03-06 07:10:01] 🚀 API Rate Limiter 启动
[2026-03-06 07:10:01]   - 动作: --auto-adjust
[2026-03-06 07:10:01]   - 动作: --auto-adjust
[2026-03-06 07:10:01] 🤖 自动调整请求频率...
[2026-03-06 07:10:01] 🤖 自动调整请求频率...
[2026-03-06 07:10:01] 🟡 当前为高峰期
[2026-03-06 07:10:01] 🟡 当前为高峰期
[2026-03-06 07:10:01] ✅ 高峰期状态良好，使用高峰模式
[2026-03-06 07:10:01] ✅ 高峰期状态良好，使用高峰模式
[2026-03-06 07:10:01] 🔄 设置模式: peak
[2026-03-06 07:10:01] 🔄 设置模式: peak
[2026-03-06 07:10:01] ✅ 状态已更新: peak, 间隔 2s
[2026-03-06 07:10:01] ✅ 状态已更新: peak, 间隔 2s
[2026-03-06 07:10:01] ✅ 高峰模式: 非紧急任务延迟，间隔 2s
[2026-03-06 07:10:01] ✅ 高峰模式: 非紧急任务延迟，间隔 2s
[2026-03-06 07:10:01] ✅ 完成
[2026-03-06 07:10:01] ✅ 完成
[2026-03-06 08:10:01] 🚀 API Rate Limiter 启动
[2026-03-06 08:10:01] 🚀 API Rate Limiter 启动
[2026-03-06 08:10:01]   - 动作: --auto-adjust
[2026-03-06 08:10:01]   - 动作: --auto-adjust
[2026-03-06 08:10:01] 🤖 自动调整请求频率...
[2026-03-06 08:10:01] 🤖 自动调整请求频率...
[2026-03-06 08:10:01] 🟡 当前为高峰期
[2026-03-06 08:10:01] 🟡 当前为高峰期
[2026-03-06 08:10:01] ✅ 高峰期状态良好，使用高峰模式
[2026-03-06 08:10:01] ✅ 高峰期状态良好，使用高峰模式
[2026-03-06 08:10:01] 🔄 设置模式: peak
[2026-03-06 08:10:01] 🔄 设置模式: peak
[2026-03-06 08:10:01] ✅ 状态已更新: peak, 间隔 2s
[2026-03-06 08:10:01] ✅ 状态已更新: peak, 间隔 2s
[2026-03-06 08:10:01] ✅ 高峰模式: 非紧急任务延迟，间隔 2s
[2026-03-06 08:10:01] ✅ 高峰模式: 非紧急任务延迟，间隔 2s
[2026-03-06 08:10:01] ✅ 完成
[2026-03-06 08:10:01] ✅ 完成
[2026-03-06 09:10:01] 🚀 API Rate Limiter 启动
[2026-03-06 09:10:01] 🚀 API Rate Limiter 启动
[2026-03-06 09:10:01]   - 动作: --auto-adjust
[2026-03-06 09:10:01]   - 动作: --auto-adjust
[2026-03-06 09:10:01] 🤖 自动调整请求频率...
[2026-03-06 09:10:01] 🤖 自动调整请求频率...
[2026-03-06 09:10:01] 🟡 当前为高峰期
[2026-03-06 09:10:01] 🟡 当前为高峰期
[2026-03-06 09:10:01] ✅ 高峰期状态良好，使用高峰模式
[2026-03-06 09:10:01] ✅ 高峰期状态良好，使用高峰模式
[2026-03-06 09:10:01] 🔄 设置模式: peak
[2026-03-06 09:10:01] 🔄 设置模式: peak
[2026-03-06 09:10:01] ✅ 状态已更新: peak, 间隔 2s
[2026-03-06 09:10:01] ✅ 状态已更新: peak, 间隔 2s
[2026-03-06 09:10:01] ✅ 高峰模式: 非紧急任务延迟，间隔 2s
[2026-03-06 09:10:01] ✅ 高峰模式: 非紧急任务延迟，间隔 2s
[2026-03-06 09:10:01] ✅ 完成
[2026-03-06 09:10:01] ✅ 完成
[2026-03-06 10:10:01] 🚀 API Rate Limiter 启动
[2026-03-06 10:10:01] 🚀 API Rate Limiter 启动
[2026-03-06 10:10:01]   - 动作: --auto-adjust
[2026-03-06 10:10:01]   - 动作: --auto-adjust
[2026-03-06 10:10:01] 🤖 自动调整请求频率...
[2026-03-06 10:10:01] 🤖 自动调整请求频率...
[2026-03-06 10:10:01] 🟡 当前为高峰期
[2026-03-06 10:10:01] 🟡 当前为高峰期
[2026-03-06 10:10:01] ✅ 高峰期状态良好，使用高峰模式
[2026-03-06 10:10:01] ✅ 高峰期状态良好，使用高峰模式
[2026-03-06 10:10:01] 🔄 设置模式: peak
[2026-03-06 10:10:01] 🔄 设置模式: peak
[2026-03-06 10:10:01] ✅ 状态已更新: peak, 间隔 2s
[2026-03-06 10:10:01] ✅ 状态已更新: peak, 间隔 2s
[2026-03-06 10:10:01] ✅ 高峰模式: 非紧急任务延迟，间隔 2s
[2026-03-06 10:10:01] ✅ 高峰模式: 非紧急任务延迟，间隔 2s
[2026-03-06 10:10:01] ✅ 完成
[2026-03-06 10:10:01] ✅ 完成
[2026-03-06 11:10:01] 🚀 API Rate Limiter 启动
[2026-03-06 11:10:01] 🚀 API Rate Limiter 启动
[2026-03-06 11:10:01]   - 动作: --auto-adjust
[2026-03-06 11:10:01]   - 动作: --auto-adjust
[2026-03-06 11:10:01] 🤖 自动调整请求频率...
[2026-03-06 11:10:01] 🤖 自动调整请求频率...
[2026-03-06 11:10:02] 🟡 当前为高峰期
[2026-03-06 11:10:02] 🟡 当前为高峰期
[2026-03-06 11:10:02] ✅ 高峰期状态良好，使用高峰模式
[2026-03-06 11:10:02] ✅ 高峰期状态良好，使用高峰模式
[2026-03-06 11:10:02] 🔄 设置模式: peak
[2026-03-06 11:10:02] 🔄 设置模式: peak
[2026-03-06 11:10:02] ✅ 状态已更新: peak, 间隔 2s
[2026-03-06 11:10:02] ✅ 状态已更新: peak, 间隔 2s
[2026-03-06 11:10:02] ✅ 高峰模式: 非紧急任务延迟，间隔 2s
[2026-03-06 11:10:02] ✅ 高峰模式: 非紧急任务延迟，间隔 2s
[2026-03-06 11:10:02] ✅ 完成
[2026-03-06 11:10:02] ✅ 完成
[2026-03-06 12:10:02] 🚀 API Rate Limiter 启动
[2026-03-06 12:10:02] 🚀 API Rate Limiter 启动
[2026-03-06 12:10:02]   - 动作: --auto-adjust
[2026-03-06 12:10:02]   - 动作: --auto-adjust
[2026-03-06 12:10:02] 🤖 自动调整请求频率...
[2026-03-06 12:10:02] 🤖 自动调整请求频率...
[2026-03-06 12:10:05] 🟢 当前为正常时段
[2026-03-06 12:10:05] 🟢 当前为正常时段
[2026-03-06 12:10:05] ✅ 正常状态
[2026-03-06 12:10:05] ✅ 正常状态
[2026-03-06 12:10:05] 🔄 设置模式: normal
[2026-03-06 12:10:05] 🔄 设置模式: normal
[2026-03-06 12:10:05] ✅ 状态已更新: normal, 间隔 1s
[2026-03-06 12:10:05] ✅ 状态已更新: normal, 间隔 1s
[2026-03-06 12:10:05] ✅ 正常模式: 所有任务正常执行，间隔 1s
[2026-03-06 12:10:05] ✅ 正常模式: 所有任务正常执行，间隔 1s
[2026-03-06 12:10:05] ✅ 完成
[2026-03-06 12:10:05] ✅ 完成
[2026-03-06 13:10:01] 🚀 API Rate Limiter 启动
[2026-03-06 13:10:01] 🚀 API Rate Limiter 启动
[2026-03-06 13:10:01]   - 动作: --auto-adjust
[2026-03-06 13:10:01]   - 动作: --auto-adjust
[2026-03-06 13:10:01] 🤖 自动调整请求频率...
[2026-03-06 13:10:01] 🤖 自动调整请求频率...
[2026-03-06 13:10:01] 🟢 当前为正常时段
[2026-03-06 13:10:01] 🟢 当前为正常时段
[2026-03-06 13:10:01] ✅ 正常状态
[2026-03-06 13:10:01] ✅ 正常状态
[2026-03-06 13:10:01] 🔄 设置模式: normal
[2026-03-06 13:10:01] 🔄 设置模式: normal
[2026-03-06 13:10:01] ✅ 状态已更新: normal, 间隔 1s
[2026-03-06 13:10:01] ✅ 状态已更新: normal, 间隔 1s
[2026-03-06 13:10:01] ✅ 正常模式: 所有任务正常执行，间隔 1s
[2026-03-06 13:10:01] ✅ 正常模式: 所有任务正常执行，间隔 1s
[2026-03-06 13:10:01] ✅ 完成
[2026-03-06 13:10:01] ✅ 完成
[2026-03-06 14:10:01] 🚀 API Rate Limiter 启动
[2026-03-06 14:10:01] 🚀 API Rate Limiter 启动
[2026-03-06 14:10:01]   - 动作: --auto-adjust
[2026-03-06 14:10:01]   - 动作: --auto-adjust
[2026-03-06 14:10:01] 🤖 自动调整请求频率...
[2026-03-06 14:10:01] 🤖 自动调整请求频率...
[2026-03-06 14:10:01] 🟢 当前为正常时段
[2026-03-06 14:10:01] 🟢 当前为正常时段
[2026-03-06 14:10:01] ✅ 正常状态
[2026-03-06 14:10:01] ✅ 正常状态
[2026-03-06 14:10:01] 🔄 设置模式: normal
[2026-03-06 14:10:01] 🔄 设置模式: normal
[2026-03-06 14:10:01] ✅ 状态已更新: normal, 间隔 1s
[2026-03-06 14:10:01] ✅ 状态已更新: normal, 间隔 1s
[2026-03-06 14:10:01] ✅ 正常模式: 所有任务正常执行，间隔 1s
[2026-03-06 14:10:01] ✅ 正常模式: 所有任务正常执行，间隔 1s
[2026-03-06 14:10:01] ✅ 完成
[2026-03-06 14:10:01] ✅ 完成
[2026-03-06 15:10:01] 🚀 API Rate Limiter 启动
[2026-03-06 15:10:01] 🚀 API Rate Limiter 启动
[2026-03-06 15:10:01]   - 动作: --auto-adjust
[2026-03-06 15:10:01]   - 动作: --auto-adjust
[2026-03-06 15:10:01] 🤖 自动调整请求频率...
[2026-03-06 15:10:01] 🤖 自动调整请求频率...
[2026-03-06 15:10:01] 🟢 当前为正常时段
[2026-03-06 15:10:01] 🟢 当前为正常时段
[2026-03-06 15:10:01] ✅ 正常状态
[2026-03-06 15:10:01] ✅ 正常状态
[2026-03-06 15:10:01] 🔄 设置模式: normal
[2026-03-06 15:10:01] 🔄 设置模式: normal
[2026-03-06 15:10:01] ✅ 状态已更新: normal, 间隔 1s
[2026-03-06 15:10:01] ✅ 状态已更新: normal, 间隔 1s
[2026-03-06 15:10:01] ✅ 正常模式: 所有任务正常执行，间隔 1s
[2026-03-06 15:10:01] ✅ 正常模式: 所有任务正常执行，间隔 1s
[2026-03-06 15:10:01] ✅ 完成
[2026-03-06 15:10:01] ✅ 完成
[2026-03-06 16:10:02] 🚀 API Rate Limiter 启动
[2026-03-06 16:10:02] 🚀 API Rate Limiter 启动
[2026-03-06 16:10:02]   - 动作: --auto-adjust
[2026-03-06 16:10:02]   - 动作: --auto-adjust
[2026-03-06 16:10:02] 🤖 自动调整请求频率...
[2026-03-06 16:10:02] 🤖 自动调整请求频率...
[2026-03-06 16:10:05] 🟡 当前为高峰期
[2026-03-06 16:10:05] 🟡 当前为高峰期
[2026-03-06 16:10:05] ✅ 高峰期状态良好，使用高峰模式
[2026-03-06 16:10:05] ✅ 高峰期状态良好，使用高峰模式
[2026-03-06 16:10:05] 🔄 设置模式: peak
[2026-03-06 16:10:05] 🔄 设置模式: peak
[2026-03-06 16:10:05] ✅ 状态已更新: peak, 间隔 2s
[2026-03-06 16:10:05] ✅ 状态已更新: peak, 间隔 2s
[2026-03-06 16:10:05] ✅ 高峰模式: 非紧急任务延迟，间隔 2s
[2026-03-06 16:10:05] ✅ 高峰模式: 非紧急任务延迟，间隔 2s
[2026-03-06 16:10:05] ✅ 完成
[2026-03-06 16:10:05] ✅ 完成
[2026-03-06 17:10:01] 🚀 API Rate Limiter 启动
[2026-03-06 17:10:01] 🚀 API Rate Limiter 启动
[2026-03-06 17:10:01]   - 动作: --auto-adjust
[2026-03-06 17:10:01]   - 动作: --auto-adjust
[2026-03-06 17:10:01] 🤖 自动调整请求频率...
[2026-03-06 17:10:01] 🤖 自动调整请求频率...
[2026-03-06 17:10:02] 🟡 当前为高峰期
[2026-03-06 17:10:02] 🟡 当前为高峰期
[2026-03-06 17:10:02] ✅ 高峰期状态良好，使用高峰模式
[2026-03-06 17:10:02] ✅ 高峰期状态良好，使用高峰模式
[2026-03-06 17:10:02] 🔄 设置模式: peak
[2026-03-06 17:10:02] 🔄 设置模式: peak
[2026-03-06 17:10:02] ✅ 状态已更新: peak, 间隔 2s
[2026-03-06 17:10:02] ✅ 状态已更新: peak, 间隔 2s
[2026-03-06 17:10:02] ✅ 高峰模式: 非紧急任务延迟，间隔 2s
[2026-03-06 17:10:02] ✅ 高峰模式: 非紧急任务延迟，间隔 2s
[2026-03-06 17:10:02] ✅ 完成
[2026-03-06 17:10:02] ✅ 完成
[2026-03-06 18:10:01] 🚀 API Rate Limiter 启动
[2026-03-06 18:10:01] 🚀 API Rate Limiter 启动
[2026-03-06 18:10:01]   - 动作: --auto-adjust
[2026-03-06 18:10:01]   - 动作: --auto-adjust
[2026-03-06 18:10:01] 🤖 自动调整请求频率...
[2026-03-06 18:10:01] 🤖 自动调整请求频率...
[2026-03-06 18:10:01] 🟡 当前为高峰期
[2026-03-06 18:10:01] 🟡 当前为高峰期
[2026-03-06 18:10:01] ✅ 高峰期状态良好，使用高峰模式
[2026-03-06 18:10:01] ✅ 高峰期状态良好，使用高峰模式
[2026-03-06 18:10:01] 🔄 设置模式: peak
[2026-03-06 18:10:01] 🔄 设置模式: peak
[2026-03-06 18:10:01] ✅ 状态已更新: peak, 间隔 2s
[2026-03-06 18:10:01] ✅ 状态已更新: peak, 间隔 2s
[2026-03-06 18:10:01] ✅ 高峰模式: 非紧急任务延迟，间隔 2s
[2026-03-06 18:10:01] ✅ 高峰模式: 非紧急任务延迟，间隔 2s
[2026-03-06 18:10:02] ✅ 完成
[2026-03-06 18:10:02] ✅ 完成
[2026-03-06 19:10:01] 🚀 API Rate Limiter 启动
[2026-03-06 19:10:01] 🚀 API Rate Limiter 启动
[2026-03-06 19:10:01]   - 动作: --auto-adjust
[2026-03-06 19:10:01]   - 动作: --auto-adjust
[2026-03-06 19:10:01] 🤖 自动调整请求频率...
[2026-03-06 19:10:01] 🤖 自动调整请求频率...
[2026-03-06 19:10:01] 🟢 当前为正常时段
[2026-03-06 19:10:01] 🟢 当前为正常时段
[2026-03-06 19:10:01] ✅ 正常状态
[2026-03-06 19:10:01] ✅ 正常状态
[2026-03-06 19:10:01] 🔄 设置模式: normal
[2026-03-06 19:10:01] 🔄 设置模式: normal
[2026-03-06 19:10:01] ✅ 状态已更新: normal, 间隔 1s
[2026-03-06 19:10:01] ✅ 状态已更新: normal, 间隔 1s
[2026-03-06 19:10:01] ✅ 正常模式: 所有任务正常执行，间隔 1s
[2026-03-06 19:10:01] ✅ 正常模式: 所有任务正常执行，间隔 1s
[2026-03-06 19:10:01] ✅ 完成
[2026-03-06 19:10:01] ✅ 完成
[2026-03-06 20:10:01] 🚀 API Rate Limiter 启动
[2026-03-06 20:10:01] 🚀 API Rate Limiter 启动
[2026-03-06 20:10:01]   - 动作: --auto-adjust
[2026-03-06 20:10:01]   - 动作: --auto-adjust
[2026-03-06 20:10:01] 🤖 自动调整请求频率...
[2026-03-06 20:10:01] 🤖 自动调整请求频率...
[2026-03-06 20:10:05] 🟢 当前为正常时段
[2026-03-06 20:10:05] 🟢 当前为正常时段
[2026-03-06 20:10:05] ✅ 正常状态
[2026-03-06 20:10:05] ✅ 正常状态
[2026-03-06 20:10:05] 🔄 设置模式: normal
[2026-03-06 20:10:05] 🔄 设置模式: normal
[2026-03-06 20:10:05] ✅ 状态已更新: normal, 间隔 1s
[2026-03-06 20:10:05] ✅ 状态已更新: normal, 间隔 1s
[2026-03-06 20:10:05] ✅ 正常模式: 所有任务正常执行，间隔 1s
[2026-03-06 20:10:05] ✅ 正常模式: 所有任务正常执行，间隔 1s
[2026-03-06 20:10:05] ✅ 完成
[2026-03-06 20:10:05] ✅ 完成
[2026-03-06 21:10:02] 🚀 API Rate Limiter 启动
[2026-03-06 21:10:02] 🚀 API Rate Limiter 启动
[2026-03-06 21:10:02]   - 动作: --auto-adjust
[2026-03-06 21:10:02]   - 动作: --auto-adjust
[2026-03-06 21:10:02] 🤖 自动调整请求频率...
[2026-03-06 21:10:02] 🤖 自动调整请求频率...
[2026-03-06 21:10:02] 🟢 当前为正常时段
[2026-03-06 21:10:02] 🟢 当前为正常时段
[2026-03-06 21:10:02] ✅ 正常状态
[2026-03-06 21:10:02] ✅ 正常状态
[2026-03-06 21:10:02] 🔄 设置模式: normal
[2026-03-06 21:10:02] 🔄 设置模式: normal
[2026-03-06 21:10:02] ✅ 状态已更新: normal, 间隔 1s
[2026-03-06 21:10:02] ✅ 状态已更新: normal, 间隔 1s
[2026-03-06 21:10:02] ✅ 正常模式: 所有任务正常执行，间隔 1s
[2026-03-06 21:10:02] ✅ 正常模式: 所有任务正常执行，间隔 1s
[2026-03-06 21:10:02] ✅ 完成
[2026-03-06 21:10:02] ✅ 完成
[2026-03-06 22:10:01] 🚀 API Rate Limiter 启动
[2026-03-06 22:10:01] 🚀 API Rate Limiter 启动
[2026-03-06 22:10:01]   - 动作: --auto-adjust
[2026-03-06 22:10:01]   - 动作: --auto-adjust
[2026-03-06 22:10:01] 🤖 自动调整请求频率...
[2026-03-06 22:10:01] 🤖 自动调整请求频率...
[2026-03-06 22:10:01] 🟢 当前为正常时段
[2026-03-06 22:10:01] 🟢 当前为正常时段
[2026-03-06 22:10:01] ✅ 正常状态
[2026-03-06 22:10:01] ✅ 正常状态
[2026-03-06 22:10:01] 🔄 设置模式: normal
[2026-03-06 22:10:01] 🔄 设置模式: normal
[2026-03-06 22:10:01] ✅ 状态已更新: normal, 间隔 1s
[2026-03-06 22:10:01] ✅ 状态已更新: normal, 间隔 1s
[2026-03-06 22:10:01] ✅ 正常模式: 所有任务正常执行，间隔 1s
[2026-03-06 22:10:01] ✅ 正常模式: 所有任务正常执行，间隔 1s
[2026-03-06 22:10:01] ✅ 完成
[2026-03-06 22:10:01] ✅ 完成
[2026-03-06 23:10:01] 🚀 API Rate Limiter 启动
[2026-03-06 23:10:01] 🚀 API Rate Limiter 启动
[2026-03-06 23:10:01]   - 动作: --auto-adjust
[2026-03-06 23:10:01]   - 动作: --auto-adjust
[2026-03-06 23:10:01] 🤖 自动调整请求频率...
[2026-03-06 23:10:01] 🤖 自动调整请求频率...
[2026-03-06 23:10:01] 🟢 当前为正常时段
[2026-03-06 23:10:01] 🟢 当前为正常时段
[2026-03-06 23:10:01] ✅ 正常状态
[2026-03-06 23:10:01] ✅ 正常状态
[2026-03-06 23:10:01] 🔄 设置模式: normal
[2026-03-06 23:10:01] 🔄 设置模式: normal
[2026-03-06 23:10:01] ✅ 状态已更新: normal, 间隔 1s
[2026-03-06 23:10:01] ✅ 状态已更新: normal, 间隔 1s
[2026-03-06 23:10:01] ✅ 正常模式: 所有任务正常执行，间隔 1s
[2026-03-06 23:10:01] ✅ 正常模式: 所有任务正常执行，间隔 1s
[2026-03-06 23:10:01] ✅ 完成
[2026-03-06 23:10:01] ✅ 完成
[2026-03-07 00:10:02] 🚀 API Rate Limiter 启动
[2026-03-07 00:10:02] 🚀 API Rate Limiter 启动
[2026-03-07 00:10:02]   - 动作: --auto-adjust
[2026-03-07 00:10:02]   - 动作: --auto-adjust
[2026-03-07 00:10:02] 🤖 自动调整请求频率...
[2026-03-07 00:10:02] 🤖 自动调整请求频率...
[2026-03-07 00:10:04] 🟢 当前为正常时段
[2026-03-07 00:10:04] 🟢 当前为正常时段
[2026-03-07 00:10:04] ✅ 正常状态
[2026-03-07 00:10:04] ✅ 正常状态
[2026-03-07 00:10:04] 🔄 设置模式: normal
[2026-03-07 00:10:04] 🔄 设置模式: normal
[2026-03-07 00:10:04] ✅ 状态已更新: normal, 间隔 1s
[2026-03-07 00:10:04] ✅ 状态已更新: normal, 间隔 1s
[2026-03-07 00:10:04] ✅ 正常模式: 所有任务正常执行，间隔 1s
[2026-03-07 00:10:04] ✅ 正常模式: 所有任务正常执行，间隔 1s
[2026-03-07 00:10:04] ✅ 完成
[2026-03-07 00:10:04] ✅ 完成
[2026-03-07 01:10:02] 🚀 API Rate Limiter 启动
[2026-03-07 01:10:02] 🚀 API Rate Limiter 启动
[2026-03-07 01:10:02]   - 动作: --auto-adjust
[2026-03-07 01:10:02]   - 动作: --auto-adjust
[2026-03-07 01:10:02] 🤖 自动调整请求频率...
[2026-03-07 01:10:02] 🤖 自动调整请求频率...
[2026-03-07 01:10:02] 🟢 当前为正常时段
[2026-03-07 01:10:02] 🟢 当前为正常时段
[2026-03-07 01:10:02] ✅ 正常状态
[2026-03-07 01:10:02] ✅ 正常状态
[2026-03-07 01:10:02] 🔄 设置模式: normal
[2026-03-07 01:10:02] 🔄 设置模式: normal
[2026-03-07 01:10:02] ✅ 状态已更新: normal, 间隔 1s
[2026-03-07 01:10:02] ✅ 状态已更新: normal, 间隔 1s
[2026-03-07 01:10:02] ✅ 正常模式: 所有任务正常执行，间隔 1s
[2026-03-07 01:10:02] ✅ 正常模式: 所有任务正常执行，间隔 1s
[2026-03-07 01:10:02] ✅ 完成
[2026-03-07 01:10:02] ✅ 完成
[2026-03-07 02:10:01] 🚀 API Rate Limiter 启动
[2026-03-07 02:10:01] 🚀 API Rate Limiter 启动
[2026-03-07 02:10:01]   - 动作: --auto-adjust
[2026-03-07 02:10:01]   - 动作: --auto-adjust
[2026-03-07 02:10:01] 🤖 自动调整请求频率...
[2026-03-07 02:10:01] 🤖 自动调整请求频率...
[2026-03-07 02:10:01] 🟢 当前为正常时段
[2026-03-07 02:10:01] 🟢 当前为正常时段
[2026-03-07 02:10:01] ✅ 正常状态
[2026-03-07 02:10:01] ✅ 正常状态
[2026-03-07 02:10:01] 🔄 设置模式: normal
[2026-03-07 02:10:01] 🔄 设置模式: normal
[2026-03-07 02:10:01] ✅ 状态已更新: normal, 间隔 1s
[2026-03-07 02:10:01] ✅ 状态已更新: normal, 间隔 1s
[2026-03-07 02:10:01] ✅ 正常模式: 所有任务正常执行，间隔 1s
[2026-03-07 02:10:01] ✅ 正常模式: 所有任务正常执行，间隔 1s
[2026-03-07 02:10:01] ✅ 完成
[2026-03-07 02:10:01] ✅ 完成
[2026-03-07 03:10:01] 🚀 API Rate Limiter 启动
[2026-03-07 03:10:01] 🚀 API Rate Limiter 启动
[2026-03-07 03:10:01]   - 动作: --auto-adjust
[2026-03-07 03:10:01]   - 动作: --auto-adjust
[2026-03-07 03:10:01] 🤖 自动调整请求频率...
[2026-03-07 03:10:01] 🤖 自动调整请求频率...
[2026-03-07 03:10:01] 🟢 当前为正常时段
[2026-03-07 03:10:01] 🟢 当前为正常时段
[2026-03-07 03:10:01] ✅ 正常状态
[2026-03-07 03:10:01] ✅ 正常状态
[2026-03-07 03:10:01] 🔄 设置模式: normal
[2026-03-07 03:10:01] 🔄 设置模式: normal
[2026-03-07 03:10:01] ✅ 状态已更新: normal, 间隔 1s
[2026-03-07 03:10:01] ✅ 状态已更新: normal, 间隔 1s
[2026-03-07 03:10:01] ✅ 正常模式: 所有任务正常执行，间隔 1s
[2026-03-07 03:10:01] ✅ 正常模式: 所有任务正常执行，间隔 1s
[2026-03-07 03:10:01] ✅ 完成
[2026-03-07 03:10:01] ✅ 完成
[2026-03-07 04:10:01] 🚀 API Rate Limiter 启动
[2026-03-07 04:10:01] 🚀 API Rate Limiter 启动
[2026-03-07 04:10:01]   - 动作: --auto-adjust
[2026-03-07 04:10:01]   - 动作: --auto-adjust
[2026-03-07 04:10:01] 🤖 自动调整请求频率...
[2026-03-07 04:10:01] 🤖 自动调整请求频率...
[2026-03-07 04:10:05] 🟢 当前为正常时段
[2026-03-07 04:10:05] 🟢 当前为正常时段
[2026-03-07 04:10:05] ✅ 正常状态
[2026-03-07 04:10:05] ✅ 正常状态
[2026-03-07 04:10:05] 🔄 设置模式: normal
[2026-03-07 04:10:05] 🔄 设置模式: normal
[2026-03-07 04:10:05] ✅ 状态已更新: normal, 间隔 1s
[2026-03-07 04:10:05] ✅ 状态已更新: normal, 间隔 1s
[2026-03-07 04:10:05] ✅ 正常模式: 所有任务正常执行，间隔 1s
[2026-03-07 04:10:05] ✅ 正常模式: 所有任务正常执行，间隔 1s
[2026-03-07 04:10:05] ✅ 完成
[2026-03-07 04:10:05] ✅ 完成
[2026-03-07 05:10:01] 🚀 API Rate Limiter 启动
[2026-03-07 05:10:01] 🚀 API Rate Limiter 启动
[2026-03-07 05:10:01]   - 动作: --auto-adjust
[2026-03-07 05:10:01]   - 动作: --auto-adjust
[2026-03-07 05:10:01] 🤖 自动调整请求频率...
[2026-03-07 05:10:01] 🤖 自动调整请求频率...
[2026-03-07 05:10:01] 🟢 当前为正常时段
[2026-03-07 05:10:01] 🟢 当前为正常时段
[2026-03-07 05:10:01] ✅ 正常状态
[2026-03-07 05:10:01] ✅ 正常状态
[2026-03-07 05:10:01] 🔄 设置模式: normal
[2026-03-07 05:10:01] 🔄 设置模式: normal
[2026-03-07 05:10:01] ✅ 状态已更新: normal, 间隔 1s
[2026-03-07 05:10:01] ✅ 状态已更新: normal, 间隔 1s
[2026-03-07 05:10:01] ✅ 正常模式: 所有任务正常执行，间隔 1s
[2026-03-07 05:10:01] ✅ 正常模式: 所有任务正常执行，间隔 1s
[2026-03-07 05:10:01] ✅ 完成
[2026-03-07 05:10:01] ✅ 完成
[2026-03-07 06:10:02] 🚀 API Rate Limiter 启动
[2026-03-07 06:10:02] 🚀 API Rate Limiter 启动
[2026-03-07 06:10:02]   - 动作: --auto-adjust
[2026-03-07 06:10:02]   - 动作: --auto-adjust
[2026-03-07 06:10:02] 🤖 自动调整请求频率...
[2026-03-07 06:10:02] 🤖 自动调整请求频率...
[2026-03-07 06:10:02] 🟢 当前为正常时段
[2026-03-07 06:10:02] 🟢 当前为正常时段
[2026-03-07 06:10:02] ✅ 正常状态
[2026-03-07 06:10:02] ✅ 正常状态
[2026-03-07 06:10:02] 🔄 设置模式: normal
[2026-03-07 06:10:02] 🔄 设置模式: normal
[2026-03-07 06:10:02] ✅ 状态已更新: normal, 间隔 1s
[2026-03-07 06:10:02] ✅ 状态已更新: normal, 间隔 1s
[2026-03-07 06:10:02] ✅ 正常模式: 所有任务正常执行，间隔 1s
[2026-03-07 06:10:02] ✅ 正常模式: 所有任务正常执行，间隔 1s
[2026-03-07 06:10:02] ✅ 完成
[2026-03-07 06:10:02] ✅ 完成
[2026-03-07 07:10:02] 🚀 API Rate Limiter 启动
[2026-03-07 07:10:02] 🚀 API Rate Limiter 启动
[2026-03-07 07:10:02]   - 动作: --auto-adjust
[2026-03-07 07:10:02]   - 动作: --auto-adjust
[2026-03-07 07:10:02] 🤖 自动调整请求频率...
[2026-03-07 07:10:02] 🤖 自动调整请求频率...
[2026-03-07 07:10:02] 🟡 当前为高峰期
[2026-03-07 07:10:02] 🟡 当前为高峰期
[2026-03-07 07:10:02] ✅ 高峰期状态良好，使用高峰模式
[2026-03-07 07:10:02] ✅ 高峰期状态良好，使用高峰模式
[2026-03-07 07:10:02] 🔄 设置模式: peak
[2026-03-07 07:10:02] 🔄 设置模式: peak
[2026-03-07 07:10:02] ✅ 状态已更新: peak, 间隔 2s
[2026-03-07 07:10:02] ✅ 状态已更新: peak, 间隔 2s
[2026-03-07 07:10:02] ✅ 高峰模式: 非紧急任务延迟，间隔 2s
[2026-03-07 07:10:02] ✅ 高峰模式: 非紧急任务延迟，间隔 2s
[2026-03-07 07:10:02] ✅ 完成
[2026-03-07 07:10:02] ✅ 完成
[2026-03-07 08:10:01] 🚀 API Rate Limiter 启动
[2026-03-07 08:10:01] 🚀 API Rate Limiter 启动
[2026-03-07 08:10:01]   - 动作: --auto-adjust
[2026-03-07 08:10:01]   - 动作: --auto-adjust
[2026-03-07 08:10:01] 🤖 自动调整请求频率...
[2026-03-07 08:10:01] 🤖 自动调整请求频率...
[2026-03-07 08:10:01] 🟡 当前为高峰期
[2026-03-07 08:10:01] 🟡 当前为高峰期
[2026-03-07 08:10:01] ✅ 高峰期状态良好，使用高峰模式
[2026-03-07 08:10:01] ✅ 高峰期状态良好，使用高峰模式
[2026-03-07 08:10:01] 🔄 设置模式: peak
[2026-03-07 08:10:01] 🔄 设置模式: peak
[2026-03-07 08:10:01] ✅ 状态已更新: peak, 间隔 2s
[2026-03-07 08:10:01] ✅ 状态已更新: peak, 间隔 2s
[2026-03-07 08:10:01] ✅ 高峰模式: 非紧急任务延迟，间隔 2s
[2026-03-07 08:10:01] ✅ 高峰模式: 非紧急任务延迟，间隔 2s
[2026-03-07 08:10:01] ✅ 完成
[2026-03-07 08:10:01] ✅ 完成
[2026-03-07 09:10:01] 🚀 API Rate Limiter 启动
[2026-03-07 09:10:01] 🚀 API Rate Limiter 启动
[2026-03-07 09:10:01]   - 动作: --auto-adjust
[2026-03-07 09:10:01]   - 动作: --auto-adjust
[2026-03-07 09:10:01] 🤖 自动调整请求频率...
[2026-03-07 09:10:01] 🤖 自动调整请求频率...
[2026-03-07 09:10:01] 🟡 当前为高峰期
[2026-03-07 09:10:01] 🟡 当前为高峰期
[2026-03-07 09:10:01] ✅ 高峰期状态良好，使用高峰模式
[2026-03-07 09:10:01] ✅ 高峰期状态良好，使用高峰模式
[2026-03-07 09:10:01] 🔄 设置模式: peak
[2026-03-07 09:10:01] 🔄 设置模式: peak
[2026-03-07 09:10:01] ✅ 状态已更新: peak, 间隔 2s
[2026-03-07 09:10:01] ✅ 状态已更新: peak, 间隔 2s
[2026-03-07 09:10:01] ✅ 高峰模式: 非紧急任务延迟，间隔 2s
[2026-03-07 09:10:01] ✅ 高峰模式: 非紧急任务延迟，间隔 2s
[2026-03-07 09:10:01] ✅ 完成
[2026-03-07 09:10:01] ✅ 完成
[2026-03-07 10:10:02] 🚀 API Rate Limiter 启动
[2026-03-07 10:10:02] 🚀 API Rate Limiter 启动
[2026-03-07 10:10:02]   - 动作: --auto-adjust
[2026-03-07 10:10:02]   - 动作: --auto-adjust
[2026-03-07 10:10:02] 🤖 自动调整请求频率...
[2026-03-07 10:10:02] 🤖 自动调整请求频率...
[2026-03-07 10:10:02] 🟡 当前为高峰期
[2026-03-07 10:10:02] 🟡 当前为高峰期
[2026-03-07 10:10:02] ✅ 高峰期状态良好，使用高峰模式
[2026-03-07 10:10:02] ✅ 高峰期状态良好，使用高峰模式
[2026-03-07 10:10:02] 🔄 设置模式: peak
[2026-03-07 10:10:02] 🔄 设置模式: peak
[2026-03-07 10:10:02] ✅ 状态已更新: peak, 间隔 2s
[2026-03-07 10:10:02] ✅ 状态已更新: peak, 间隔 2s
[2026-03-07 10:10:02] ✅ 高峰模式: 非紧急任务延迟，间隔 2s
[2026-03-07 10:10:02] ✅ 高峰模式: 非紧急任务延迟，间隔 2s
[2026-03-07 10:10:02] ✅ 完成
[2026-03-07 10:10:02] ✅ 完成
[2026-03-07 11:10:01] 🚀 API Rate Limiter 启动
[2026-03-07 11:10:01] 🚀 API Rate Limiter 启动
[2026-03-07 11:10:01]   - 动作: --auto-adjust
[2026-03-07 11:10:01]   - 动作: --auto-adjust
[2026-03-07 11:10:01] 🤖 自动调整请求频率...
[2026-03-07 11:10:01] 🤖 自动调整请求频率...
[2026-03-07 11:10:01] 🟡 当前为高峰期
[2026-03-07 11:10:01] 🟡 当前为高峰期
[2026-03-07 11:10:01] ✅ 高峰期状态良好，使用高峰模式
[2026-03-07 11:10:01] ✅ 高峰期状态良好，使用高峰模式
[2026-03-07 11:10:01] 🔄 设置模式: peak
[2026-03-07 11:10:01] 🔄 设置模式: peak
[2026-03-07 11:10:01] ✅ 状态已更新: peak, 间隔 2s
[2026-03-07 11:10:01] ✅ 状态已更新: peak, 间隔 2s
[2026-03-07 11:10:01] ✅ 高峰模式: 非紧急任务延迟，间隔 2s
[2026-03-07 11:10:01] ✅ 高峰模式: 非紧急任务延迟，间隔 2s
[2026-03-07 11:10:01] ✅ 完成
[2026-03-07 11:10:01] ✅ 完成
[2026-03-07 12:10:01] 🚀 API Rate Limiter 启动
[2026-03-07 12:10:01] 🚀 API Rate Limiter 启动
[2026-03-07 12:10:01]   - 动作: --auto-adjust
[2026-03-07 12:10:01]   - 动作: --auto-adjust
[2026-03-07 12:10:01] 🤖 自动调整请求频率...
[2026-03-07 12:10:01] 🤖 自动调整请求频率...
[2026-03-07 12:10:02] 🟢 当前为正常时段
[2026-03-07 12:10:02] 🟢 当前为正常时段
[2026-03-07 12:10:02] ✅ 正常状态
[2026-03-07 12:10:02] ✅ 正常状态
[2026-03-07 12:10:02] 🔄 设置模式: normal
[2026-03-07 12:10:02] 🔄 设置模式: normal
[2026-03-07 12:10:02] ✅ 状态已更新: normal, 间隔 1s
[2026-03-07 12:10:02] ✅ 状态已更新: normal, 间隔 1s
[2026-03-07 12:10:02] ✅ 正常模式: 所有任务正常执行，间隔 1s
[2026-03-07 12:10:02] ✅ 正常模式: 所有任务正常执行，间隔 1s
[2026-03-07 12:10:02] ✅ 完成
[2026-03-07 12:10:02] ✅ 完成
[2026-03-07 13:10:01] 🚀 API Rate Limiter 启动
[2026-03-07 13:10:01] 🚀 API Rate Limiter 启动
[2026-03-07 13:10:01]   - 动作: --auto-adjust
[2026-03-07 13:10:01]   - 动作: --auto-adjust
[2026-03-07 13:10:01] 🤖 自动调整请求频率...
[2026-03-07 13:10:01] 🤖 自动调整请求频率...
[2026-03-07 13:10:01] 🟢 当前为正常时段
[2026-03-07 13:10:01] 🟢 当前为正常时段
[2026-03-07 13:10:02] ✅ 正常状态
[2026-03-07 13:10:02] ✅ 正常状态
[2026-03-07 13:10:02] 🔄 设置模式: normal
[2026-03-07 13:10:02] 🔄 设置模式: normal
[2026-03-07 13:10:02] ✅ 状态已更新: normal, 间隔 1s
[2026-03-07 13:10:02] ✅ 状态已更新: normal, 间隔 1s
[2026-03-07 13:10:02] ✅ 正常模式: 所有任务正常执行，间隔 1s
[2026-03-07 13:10:02] ✅ 正常模式: 所有任务正常执行，间隔 1s
[2026-03-07 13:10:02] ✅ 完成
[2026-03-07 13:10:02] ✅ 完成
[2026-03-07 14:10:01] 🚀 API Rate Limiter 启动
[2026-03-07 14:10:01] 🚀 API Rate Limiter 启动
[2026-03-07 14:10:01]   - 动作: --auto-adjust
[2026-03-07 14:10:01]   - 动作: --auto-adjust
[2026-03-07 14:10:01] 🤖 自动调整请求频率...
[2026-03-07 14:10:01] 🤖 自动调整请求频率...
[2026-03-07 14:10:01] 🟢 当前为正常时段
[2026-03-07 14:10:01] 🟢 当前为正常时段
[2026-03-07 14:10:01] ✅ 正常状态
[2026-03-07 14:10:01] ✅ 正常状态
[2026-03-07 14:10:01] 🔄 设置模式: normal
[2026-03-07 14:10:01] 🔄 设置模式: normal
[2026-03-07 14:10:01] ✅ 状态已更新: normal, 间隔 1s
[2026-03-07 14:10:01] ✅ 状态已更新: normal, 间隔 1s
[2026-03-07 14:10:01] ✅ 正常模式: 所有任务正常执行，间隔 1s
[2026-03-07 14:10:01] ✅ 正常模式: 所有任务正常执行，间隔 1s
[2026-03-07 14:10:01] ✅ 完成
[2026-03-07 14:10:01] ✅ 完成
[2026-03-07 15:10:01] 🚀 API Rate Limiter 启动
[2026-03-07 15:10:01] 🚀 API Rate Limiter 启动
[2026-03-07 15:10:01]   - 动作: --auto-adjust
[2026-03-07 15:10:01]   - 动作: --auto-adjust
[2026-03-07 15:10:01] 🤖 自动调整请求频率...
[2026-03-07 15:10:01] 🤖 自动调整请求频率...
[2026-03-07 15:10:01] 🟢 当前为正常时段
[2026-03-07 15:10:01] 🟢 当前为正常时段
[2026-03-07 15:10:01] ✅ 正常状态
[2026-03-07 15:10:01] ✅ 正常状态
[2026-03-07 15:10:01] 🔄 设置模式: normal
[2026-03-07 15:10:01] 🔄 设置模式: normal
[2026-03-07 15:10:01] ✅ 状态已更新: normal, 间隔 1s
[2026-03-07 15:10:01] ✅ 状态已更新: normal, 间隔 1s
[2026-03-07 15:10:01] ✅ 正常模式: 所有任务正常执行，间隔 1s
[2026-03-07 15:10:01] ✅ 正常模式: 所有任务正常执行，间隔 1s
[2026-03-07 15:10:01] ✅ 完成
[2026-03-07 15:10:01] ✅ 完成
[2026-03-07 16:10:01] 🚀 API Rate Limiter 启动
[2026-03-07 16:10:01] 🚀 API Rate Limiter 启动
[2026-03-07 16:10:01]   - 动作: --auto-adjust
[2026-03-07 16:10:01]   - 动作: --auto-adjust
[2026-03-07 16:10:01] 🤖 自动调整请求频率...
[2026-03-07 16:10:01] 🤖 自动调整请求频率...
[2026-03-07 16:10:03] 🟡 当前为高峰期
[2026-03-07 16:10:03] 🟡 当前为高峰期
[2026-03-07 16:10:03] ✅ 高峰期状态良好，使用高峰模式
[2026-03-07 16:10:03] ✅ 高峰期状态良好，使用高峰模式
[2026-03-07 16:10:03] 🔄 设置模式: peak
[2026-03-07 16:10:03] 🔄 设置模式: peak
[2026-03-07 16:10:03] ✅ 状态已更新: peak, 间隔 2s
[2026-03-07 16:10:03] ✅ 状态已更新: peak, 间隔 2s
[2026-03-07 16:10:03] ✅ 高峰模式: 非紧急任务延迟，间隔 2s
[2026-03-07 16:10:03] ✅ 高峰模式: 非紧急任务延迟，间隔 2s
[2026-03-07 16:10:03] ✅ 完成
[2026-03-07 16:10:03] ✅ 完成
[2026-03-07 17:10:01] 🚀 API Rate Limiter 启动
[2026-03-07 17:10:01] 🚀 API Rate Limiter 启动
[2026-03-07 17:10:01]   - 动作: --auto-adjust
[2026-03-07 17:10:01]   - 动作: --auto-adjust
[2026-03-07 17:10:01] 🤖 自动调整请求频率...
[2026-03-07 17:10:01] 🤖 自动调整请求频率...
[2026-03-07 17:10:01] 🟡 当前为高峰期
[2026-03-07 17:10:01] 🟡 当前为高峰期
[2026-03-07 17:10:01] ✅ 高峰期状态良好，使用高峰模式
[2026-03-07 17:10:01] ✅ 高峰期状态良好，使用高峰模式
[2026-03-07 17:10:01] 🔄 设置模式: peak
[2026-03-07 17:10:01] 🔄 设置模式: peak
[2026-03-07 17:10:01] ✅ 状态已更新: peak, 间隔 2s
[2026-03-07 17:10:01] ✅ 状态已更新: peak, 间隔 2s
[2026-03-07 17:10:01] ✅ 高峰模式: 非紧急任务延迟，间隔 2s
[2026-03-07 17:10:01] ✅ 高峰模式: 非紧急任务延迟，间隔 2s
[2026-03-07 17:10:01] ✅ 完成
[2026-03-07 17:10:01] ✅ 完成
[2026-03-07 18:10:01] 🚀 API Rate Limiter 启动
[2026-03-07 18:10:01] 🚀 API Rate Limiter 启动
[2026-03-07 18:10:01]   - 动作: --auto-adjust
[2026-03-07 18:10:01]   - 动作: --auto-adjust
[2026-03-07 18:10:01] 🤖 自动调整请求频率...
[2026-03-07 18:10:01] 🤖 自动调整请求频率...
[2026-03-07 18:10:01] 🟡 当前为高峰期
[2026-03-07 18:10:01] 🟡 当前为高峰期
[2026-03-07 18:10:01] ✅ 高峰期状态良好，使用高峰模式
[2026-03-07 18:10:01] ✅ 高峰期状态良好，使用高峰模式
[2026-03-07 18:10:01] 🔄 设置模式: peak
[2026-03-07 18:10:01] 🔄 设置模式: peak
[2026-03-07 18:10:01] ✅ 状态已更新: peak, 间隔 2s
[2026-03-07 18:10:01] ✅ 状态已更新: peak, 间隔 2s
[2026-03-07 18:10:01] ✅ 高峰模式: 非紧急任务延迟，间隔 2s
[2026-03-07 18:10:01] ✅ 高峰模式: 非紧急任务延迟，间隔 2s
[2026-03-07 18:10:01] ✅ 完成
[2026-03-07 18:10:01] ✅ 完成
[2026-03-07 19:10:01] 🚀 API Rate Limiter 启动
[2026-03-07 19:10:01] 🚀 API Rate Limiter 启动
[2026-03-07 19:10:01]   - 动作: --auto-adjust
[2026-03-07 19:10:01]   - 动作: --auto-adjust
[2026-03-07 19:10:01] 🤖 自动调整请求频率...
[2026-03-07 19:10:01] 🤖 自动调整请求频率...
[2026-03-07 19:10:01] 🟢 当前为正常时段
[2026-03-07 19:10:01] 🟢 当前为正常时段
[2026-03-07 19:10:01] ✅ 正常状态
[2026-03-07 19:10:01] ✅ 正常状态
[2026-03-07 19:10:01] 🔄 设置模式: normal
[2026-03-07 19:10:01] 🔄 设置模式: normal
[2026-03-07 19:10:01] ✅ 状态已更新: normal, 间隔 1s
[2026-03-07 19:10:01] ✅ 状态已更新: normal, 间隔 1s
[2026-03-07 19:10:01] ✅ 正常模式: 所有任务正常执行，间隔 1s
[2026-03-07 19:10:01] ✅ 正常模式: 所有任务正常执行，间隔 1s
[2026-03-07 19:10:01] ✅ 完成
[2026-03-07 19:10:01] ✅ 完成
[2026-03-07 20:10:02] 🚀 API Rate Limiter 启动
[2026-03-07 20:10:02] 🚀 API Rate Limiter 启动
[2026-03-07 20:10:02]   - 动作: --auto-adjust
[2026-03-07 20:10:02]   - 动作: --auto-adjust
[2026-03-07 20:10:02] 🤖 自动调整请求频率...
[2026-03-07 20:10:02] 🤖 自动调整请求频率...
[2026-03-07 20:10:04] 🟢 当前为正常时段
[2026-03-07 20:10:04] 🟢 当前为正常时段
[2026-03-07 20:10:04] ✅ 正常状态
[2026-03-07 20:10:04] ✅ 正常状态
[2026-03-07 20:10:04] 🔄 设置模式: normal
[2026-03-07 20:10:04] 🔄 设置模式: normal
[2026-03-07 20:10:04] ✅ 状态已更新: normal, 间隔 1s
[2026-03-07 20:10:04] ✅ 状态已更新: normal, 间隔 1s
[2026-03-07 20:10:04] ✅ 正常模式: 所有任务正常执行，间隔 1s
[2026-03-07 20:10:04] ✅ 正常模式: 所有任务正常执行，间隔 1s
[2026-03-07 20:10:04] ✅ 完成
[2026-03-07 20:10:04] ✅ 完成
[2026-03-07 21:10:01] 🚀 API Rate Limiter 启动
[2026-03-07 21:10:01] 🚀 API Rate Limiter 启动
[2026-03-07 21:10:01]   - 动作: --auto-adjust
[2026-03-07 21:10:01]   - 动作: --auto-adjust
[2026-03-07 21:10:01] 🤖 自动调整请求频率...
[2026-03-07 21:10:01] 🤖 自动调整请求频率...
[2026-03-07 21:10:02] 🟢 当前为正常时段
[2026-03-07 21:10:02] 🟢 当前为正常时段
[2026-03-07 21:10:02] ✅ 正常状态
[2026-03-07 21:10:02] ✅ 正常状态
[2026-03-07 21:10:02] 🔄 设置模式: normal
[2026-03-07 21:10:02] 🔄 设置模式: normal
[2026-03-07 21:10:02] ✅ 状态已更新: normal, 间隔 1s
[2026-03-07 21:10:02] ✅ 状态已更新: normal, 间隔 1s
[2026-03-07 21:10:02] ✅ 正常模式: 所有任务正常执行，间隔 1s
[2026-03-07 21:10:02] ✅ 正常模式: 所有任务正常执行，间隔 1s
[2026-03-07 21:10:02] ✅ 完成
[2026-03-07 21:10:02] ✅ 完成
[2026-03-07 22:10:01] 🚀 API Rate Limiter 启动
[2026-03-07 22:10:01] 🚀 API Rate Limiter 启动
[2026-03-07 22:10:01]   - 动作: --auto-adjust
[2026-03-07 22:10:01]   - 动作: --auto-adjust
[2026-03-07 22:10:01] 🤖 自动调整请求频率...
[2026-03-07 22:10:01] 🤖 自动调整请求频率...
[2026-03-07 22:10:01] 🟢 当前为正常时段
[2026-03-07 22:10:01] 🟢 当前为正常时段
[2026-03-07 22:10:01] ✅ 正常状态
[2026-03-07 22:10:01] ✅ 正常状态
[2026-03-07 22:10:01] 🔄 设置模式: normal
[2026-03-07 22:10:01] 🔄 设置模式: normal
[2026-03-07 22:10:01] ✅ 状态已更新: normal, 间隔 1s
[2026-03-07 22:10:01] ✅ 状态已更新: normal, 间隔 1s
[2026-03-07 22:10:01] ✅ 正常模式: 所有任务正常执行，间隔 1s
[2026-03-07 22:10:01] ✅ 正常模式: 所有任务正常执行，间隔 1s
[2026-03-07 22:10:01] ✅ 完成
[2026-03-07 22:10:01] ✅ 完成
[2026-03-07 23:10:01] 🚀 API Rate Limiter 启动
[2026-03-07 23:10:01] 🚀 API Rate Limiter 启动
[2026-03-07 23:10:01]   - 动作: --auto-adjust
[2026-03-07 23:10:01]   - 动作: --auto-adjust
[2026-03-07 23:10:01] 🤖 自动调整请求频率...
[2026-03-07 23:10:01] 🤖 自动调整请求频率...
[2026-03-07 23:10:05] 🟢 当前为正常时段
[2026-03-07 23:10:05] 🟢 当前为正常时段
[2026-03-07 23:10:05] ✅ 正常状态
[2026-03-07 23:10:05] ✅ 正常状态
[2026-03-07 23:10:05] 🔄 设置模式: normal
[2026-03-07 23:10:05] 🔄 设置模式: normal
[2026-03-07 23:10:05] ✅ 状态已更新: normal, 间隔 1s
[2026-03-07 23:10:05] ✅ 状态已更新: normal, 间隔 1s
[2026-03-07 23:10:05] ✅ 正常模式: 所有任务正常执行，间隔 1s
[2026-03-07 23:10:05] ✅ 正常模式: 所有任务正常执行，间隔 1s
[2026-03-07 23:10:05] ✅ 完成
[2026-03-07 23:10:05] ✅ 完成
[2026-03-08 00:10:01] 🚀 API Rate Limiter 启动
[2026-03-08 00:10:01] 🚀 API Rate Limiter 启动
[2026-03-08 00:10:01]   - 动作: --auto-adjust
[2026-03-08 00:10:01]   - 动作: --auto-adjust
[2026-03-08 00:10:01] 🤖 自动调整请求频率...
[2026-03-08 00:10:01] 🤖 自动调整请求频率...
[2026-03-08 00:10:02] 🟢 当前为正常时段
[2026-03-08 00:10:02] 🟢 当前为正常时段
[2026-03-08 00:10:02] ✅ 正常状态
[2026-03-08 00:10:02] ✅ 正常状态
[2026-03-08 00:10:02] 🔄 设置模式: normal
[2026-03-08 00:10:02] 🔄 设置模式: normal
[2026-03-08 00:10:02] ✅ 状态已更新: normal, 间隔 1s
[2026-03-08 00:10:02] ✅ 状态已更新: normal, 间隔 1s
[2026-03-08 00:10:02] ✅ 正常模式: 所有任务正常执行，间隔 1s
[2026-03-08 00:10:02] ✅ 正常模式: 所有任务正常执行，间隔 1s
[2026-03-08 00:10:02] ✅ 完成
[2026-03-08 00:10:02] ✅ 完成
[2026-03-08 01:10:01] 🚀 API Rate Limiter 启动
[2026-03-08 01:10:01] 🚀 API Rate Limiter 启动
[2026-03-08 01:10:01]   - 动作: --auto-adjust
[2026-03-08 01:10:01]   - 动作: --auto-adjust
[2026-03-08 01:10:01] 🤖 自动调整请求频率...
[2026-03-08 01:10:01] 🤖 自动调整请求频率...
[2026-03-08 01:10:02] 🟢 当前为正常时段
[2026-03-08 01:10:02] 🟢 当前为正常时段
[2026-03-08 01:10:02] ✅ 正常状态
[2026-03-08 01:10:02] ✅ 正常状态
[2026-03-08 01:10:02] 🔄 设置模式: normal
[2026-03-08 01:10:02] 🔄 设置模式: normal
[2026-03-08 01:10:02] ✅ 状态已更新: normal, 间隔 1s
[2026-03-08 01:10:02] ✅ 状态已更新: normal, 间隔 1s
[2026-03-08 01:10:02] ✅ 正常模式: 所有任务正常执行，间隔 1s
[2026-03-08 01:10:02] ✅ 正常模式: 所有任务正常执行，间隔 1s
[2026-03-08 01:10:02] ✅ 完成
[2026-03-08 01:10:02] ✅ 完成
[2026-03-08 02:10:01] 🚀 API Rate Limiter 启动
[2026-03-08 02:10:01] 🚀 API Rate Limiter 启动
[2026-03-08 02:10:01]   - 动作: --auto-adjust
[2026-03-08 02:10:01]   - 动作: --auto-adjust
[2026-03-08 02:10:01] 🤖 自动调整请求频率...
[2026-03-08 02:10:01] 🤖 自动调整请求频率...
[2026-03-08 02:10:01] 🟢 当前为正常时段
[2026-03-08 02:10:01] 🟢 当前为正常时段
[2026-03-08 02:10:01] ✅ 正常状态
[2026-03-08 02:10:01] ✅ 正常状态
[2026-03-08 02:10:01] 🔄 设置模式: normal
[2026-03-08 02:10:01] 🔄 设置模式: normal
[2026-03-08 02:10:01] ✅ 状态已更新: normal, 间隔 1s
[2026-03-08 02:10:01] ✅ 状态已更新: normal, 间隔 1s
[2026-03-08 02:10:01] ✅ 正常模式: 所有任务正常执行，间隔 1s
[2026-03-08 02:10:01] ✅ 正常模式: 所有任务正常执行，间隔 1s
[2026-03-08 02:10:01] ✅ 完成
[2026-03-08 02:10:01] ✅ 完成
[2026-03-08 03:10:01] 🚀 API Rate Limiter 启动
[2026-03-08 03:10:01] 🚀 API Rate Limiter 启动
[2026-03-08 03:10:01]   - 动作: --auto-adjust
[2026-03-08 03:10:01]   - 动作: --auto-adjust
[2026-03-08 03:10:01] 🤖 自动调整请求频率...
[2026-03-08 03:10:01] 🤖 自动调整请求频率...
[2026-03-08 03:10:02] 🟢 当前为正常时段
[2026-03-08 03:10:02] 🟢 当前为正常时段
[2026-03-08 03:10:02] ✅ 正常状态
[2026-03-08 03:10:02] ✅ 正常状态
[2026-03-08 03:10:02] 🔄 设置模式: normal
[2026-03-08 03:10:02] 🔄 设置模式: normal
[2026-03-08 03:10:02] ✅ 状态已更新: normal, 间隔 1s
[2026-03-08 03:10:02] ✅ 状态已更新: normal, 间隔 1s
[2026-03-08 03:10:02] ✅ 正常模式: 所有任务正常执行，间隔 1s
[2026-03-08 03:10:02] ✅ 正常模式: 所有任务正常执行，间隔 1s
[2026-03-08 03:10:02] ✅ 完成
[2026-03-08 03:10:02] ✅ 完成
[2026-03-08 04:10:01] 🚀 API Rate Limiter 启动
[2026-03-08 04:10:01] 🚀 API Rate Limiter 启动
[2026-03-08 04:10:01]   - 动作: --auto-adjust
[2026-03-08 04:10:01]   - 动作: --auto-adjust
[2026-03-08 04:10:01] 🤖 自动调整请求频率...
[2026-03-08 04:10:01] 🤖 自动调整请求频率...
[2026-03-08 04:10:04] 🟢 当前为正常时段
[2026-03-08 04:10:04] 🟢 当前为正常时段
[2026-03-08 04:10:04] ✅ 正常状态
[2026-03-08 04:10:04] ✅ 正常状态
[2026-03-08 04:10:04] 🔄 设置模式: normal
[2026-03-08 04:10:04] 🔄 设置模式: normal
[2026-03-08 04:10:04] ✅ 状态已更新: normal, 间隔 1s
[2026-03-08 04:10:04] ✅ 状态已更新: normal, 间隔 1s
[2026-03-08 04:10:04] ✅ 正常模式: 所有任务正常执行，间隔 1s
[2026-03-08 04:10:04] ✅ 正常模式: 所有任务正常执行，间隔 1s
[2026-03-08 04:10:04] ✅ 完成
[2026-03-08 04:10:04] ✅ 完成
[2026-03-08 05:10:01] 🚀 API Rate Limiter 启动
[2026-03-08 05:10:01] 🚀 API Rate Limiter 启动
[2026-03-08 05:10:01]   - 动作: --auto-adjust
[2026-03-08 05:10:01]   - 动作: --auto-adjust
[2026-03-08 05:10:01] 🤖 自动调整请求频率...
[2026-03-08 05:10:01] 🤖 自动调整请求频率...
[2026-03-08 05:10:01] 🟢 当前为正常时段
[2026-03-08 05:10:01] 🟢 当前为正常时段
[2026-03-08 05:10:01] ✅ 正常状态
[2026-03-08 05:10:01] ✅ 正常状态
[2026-03-08 05:10:01] 🔄 设置模式: normal
[2026-03-08 05:10:01] 🔄 设置模式: normal
[2026-03-08 05:10:01] ✅ 状态已更新: normal, 间隔 1s
[2026-03-08 05:10:01] ✅ 状态已更新: normal, 间隔 1s
[2026-03-08 05:10:01] ✅ 正常模式: 所有任务正常执行，间隔 1s
[2026-03-08 05:10:01] ✅ 正常模式: 所有任务正常执行，间隔 1s
[2026-03-08 05:10:01] ✅ 完成
[2026-03-08 05:10:01] ✅ 完成
[2026-03-08 06:10:01] 🚀 API Rate Limiter 启动
[2026-03-08 06:10:01] 🚀 API Rate Limiter 启动
[2026-03-08 06:10:01]   - 动作: --auto-adjust
[2026-03-08 06:10:01]   - 动作: --auto-adjust
[2026-03-08 06:10:01] 🤖 自动调整请求频率...
[2026-03-08 06:10:01] 🤖 自动调整请求频率...
[2026-03-08 06:10:01] 🟢 当前为正常时段
[2026-03-08 06:10:01] 🟢 当前为正常时段
[2026-03-08 06:10:01] ✅ 正常状态
[2026-03-08 06:10:01] ✅ 正常状态
[2026-03-08 06:10:01] 🔄 设置模式: normal
[2026-03-08 06:10:01] 🔄 设置模式: normal
[2026-03-08 06:10:01] ✅ 状态已更新: normal, 间隔 1s
[2026-03-08 06:10:01] ✅ 状态已更新: normal, 间隔 1s
[2026-03-08 06:10:01] ✅ 正常模式: 所有任务正常执行，间隔 1s
[2026-03-08 06:10:01] ✅ 正常模式: 所有任务正常执行，间隔 1s
[2026-03-08 06:10:01] ✅ 完成
[2026-03-08 06:10:01] ✅ 完成
[2026-03-08 07:10:02] 🚀 API Rate Limiter 启动
[2026-03-08 07:10:02] 🚀 API Rate Limiter 启动
[2026-03-08 07:10:02]   - 动作: --auto-adjust
[2026-03-08 07:10:02]   - 动作: --auto-adjust
[2026-03-08 07:10:02] 🤖 自动调整请求频率...
[2026-03-08 07:10:02] 🤖 自动调整请求频率...
[2026-03-08 07:10:02] 🟡 当前为高峰期
[2026-03-08 07:10:02] 🟡 当前为高峰期
[2026-03-08 07:10:02] ✅ 高峰期状态良好，使用高峰模式
[2026-03-08 07:10:02] ✅ 高峰期状态良好，使用高峰模式
[2026-03-08 07:10:02] 🔄 设置模式: peak
[2026-03-08 07:10:02] 🔄 设置模式: peak
[2026-03-08 07:10:02] ✅ 状态已更新: peak, 间隔 2s
[2026-03-08 07:10:02] ✅ 状态已更新: peak, 间隔 2s
[2026-03-08 07:10:02] ✅ 高峰模式: 非紧急任务延迟，间隔 2s
[2026-03-08 07:10:02] ✅ 高峰模式: 非紧急任务延迟，间隔 2s
[2026-03-08 07:10:02] ✅ 完成
[2026-03-08 07:10:02] ✅ 完成
[2026-03-08 08:10:01] 🚀 API Rate Limiter 启动
[2026-03-08 08:10:01] 🚀 API Rate Limiter 启动
[2026-03-08 08:10:01]   - 动作: --auto-adjust
[2026-03-08 08:10:01]   - 动作: --auto-adjust
[2026-03-08 08:10:01] 🤖 自动调整请求频率...
[2026-03-08 08:10:01] 🤖 自动调整请求频率...
[2026-03-08 08:10:02] 🟡 当前为高峰期
[2026-03-08 08:10:02] 🟡 当前为高峰期
[2026-03-08 08:10:02] ✅ 高峰期状态良好，使用高峰模式
[2026-03-08 08:10:02] ✅ 高峰期状态良好，使用高峰模式
[2026-03-08 08:10:02] 🔄 设置模式: peak
[2026-03-08 08:10:02] 🔄 设置模式: peak
[2026-03-08 08:10:02] ✅ 状态已更新: peak, 间隔 2s
[2026-03-08 08:10:02] ✅ 状态已更新: peak, 间隔 2s
[2026-03-08 08:10:02] ✅ 高峰模式: 非紧急任务延迟，间隔 2s
[2026-03-08 08:10:02] ✅ 高峰模式: 非紧急任务延迟，间隔 2s
[2026-03-08 08:10:02] ✅ 完成
[2026-03-08 08:10:02] ✅ 完成
[2026-03-08 09:10:01] 🚀 API Rate Limiter 启动
[2026-03-08 09:10:01] 🚀 API Rate Limiter 启动
[2026-03-08 09:10:01]   - 动作: --auto-adjust
[2026-03-08 09:10:01]   - 动作: --auto-adjust
[2026-03-08 09:10:01] 🤖 自动调整请求频率...
[2026-03-08 09:10:01] 🤖 自动调整请求频率...
[2026-03-08 09:10:01] 🟡 当前为高峰期
[2026-03-08 09:10:01] 🟡 当前为高峰期
[2026-03-08 09:10:01] ✅ 高峰期状态良好，使用高峰模式
[2026-03-08 09:10:01] ✅ 高峰期状态良好，使用高峰模式
[2026-03-08 09:10:01] 🔄 设置模式: peak
[2026-03-08 09:10:01] 🔄 设置模式: peak
[2026-03-08 09:10:01] ✅ 状态已更新: peak, 间隔 2s
[2026-03-08 09:10:01] ✅ 状态已更新: peak, 间隔 2s
[2026-03-08 09:10:01] ✅ 高峰模式: 非紧急任务延迟，间隔 2s
[2026-03-08 09:10:01] ✅ 高峰模式: 非紧急任务延迟，间隔 2s
[2026-03-08 09:10:01] ✅ 完成
[2026-03-08 09:10:01] ✅ 完成
[2026-03-08 10:10:01] 🚀 API Rate Limiter 启动
[2026-03-08 10:10:01] 🚀 API Rate Limiter 启动
[2026-03-08 10:10:01]   - 动作: --auto-adjust
[2026-03-08 10:10:01]   - 动作: --auto-adjust
[2026-03-08 10:10:01] 🤖 自动调整请求频率...
[2026-03-08 10:10:01] 🤖 自动调整请求频率...
[2026-03-08 10:10:01] 🟡 当前为高峰期
[2026-03-08 10:10:01] 🟡 当前为高峰期
[2026-03-08 10:10:01] ✅ 高峰期状态良好，使用高峰模式
[2026-03-08 10:10:01] ✅ 高峰期状态良好，使用高峰模式
[2026-03-08 10:10:01] 🔄 设置模式: peak
[2026-03-08 10:10:01] 🔄 设置模式: peak
[2026-03-08 10:10:01] ✅ 状态已更新: peak, 间隔 2s
[2026-03-08 10:10:01] ✅ 状态已更新: peak, 间隔 2s
[2026-03-08 10:10:01] ✅ 高峰模式: 非紧急任务延迟，间隔 2s
[2026-03-08 10:10:01] ✅ 高峰模式: 非紧急任务延迟，间隔 2s
[2026-03-08 10:10:01] ✅ 完成
[2026-03-08 10:10:01] ✅ 完成
[2026-03-08 11:10:02] 🚀 API Rate Limiter 启动
[2026-03-08 11:10:02] 🚀 API Rate Limiter 启动
[2026-03-08 11:10:02]   - 动作: --auto-adjust
[2026-03-08 11:10:02]   - 动作: --auto-adjust
[2026-03-08 11:10:02] 🤖 自动调整请求频率...
[2026-03-08 11:10:02] 🤖 自动调整请求频率...
[2026-03-08 11:10:02] 🟡 当前为高峰期
[2026-03-08 11:10:02] 🟡 当前为高峰期
[2026-03-08 11:10:02] ✅ 高峰期状态良好，使用高峰模式
[2026-03-08 11:10:02] ✅ 高峰期状态良好，使用高峰模式
[2026-03-08 11:10:02] 🔄 设置模式: peak
[2026-03-08 11:10:02] 🔄 设置模式: peak
[2026-03-08 11:10:02] ✅ 状态已更新: peak, 间隔 2s
[2026-03-08 11:10:02] ✅ 状态已更新: peak, 间隔 2s
[2026-03-08 11:10:02] ✅ 高峰模式: 非紧急任务延迟，间隔 2s
[2026-03-08 11:10:02] ✅ 高峰模式: 非紧急任务延迟，间隔 2s
[2026-03-08 11:10:02] ✅ 完成
[2026-03-08 11:10:02] ✅ 完成
[2026-03-08 12:10:01] 🚀 API Rate Limiter 启动
[2026-03-08 12:10:01] 🚀 API Rate Limiter 启动
[2026-03-08 12:10:01]   - 动作: --auto-adjust
[2026-03-08 12:10:01]   - 动作: --auto-adjust
[2026-03-08 12:10:01] 🤖 自动调整请求频率...
[2026-03-08 12:10:01] 🤖 自动调整请求频率...
[2026-03-08 12:10:02] 🟢 当前为正常时段
[2026-03-08 12:10:02] 🟢 当前为正常时段
[2026-03-08 12:10:02] ✅ 正常状态
[2026-03-08 12:10:02] ✅ 正常状态
[2026-03-08 12:10:02] 🔄 设置模式: normal
[2026-03-08 12:10:02] 🔄 设置模式: normal
[2026-03-08 12:10:02] ✅ 状态已更新: normal, 间隔 1s
[2026-03-08 12:10:02] ✅ 状态已更新: normal, 间隔 1s
[2026-03-08 12:10:03] ✅ 正常模式: 所有任务正常执行，间隔 1s
[2026-03-08 12:10:03] ✅ 正常模式: 所有任务正常执行，间隔 1s
[2026-03-08 12:10:03] ✅ 完成
[2026-03-08 12:10:03] ✅ 完成
[2026-03-08 13:10:01] 🚀 API Rate Limiter 启动
[2026-03-08 13:10:01] 🚀 API Rate Limiter 启动
[2026-03-08 13:10:01]   - 动作: --auto-adjust
[2026-03-08 13:10:01]   - 动作: --auto-adjust
[2026-03-08 13:10:01] 🤖 自动调整请求频率...
[2026-03-08 13:10:01] 🤖 自动调整请求频率...
[2026-03-08 13:10:01] 🟢 当前为正常时段
[2026-03-08 13:10:01] 🟢 当前为正常时段
[2026-03-08 13:10:01] ✅ 正常状态
[2026-03-08 13:10:01] ✅ 正常状态
[2026-03-08 13:10:01] 🔄 设置模式: normal
[2026-03-08 13:10:01] 🔄 设置模式: normal
[2026-03-08 13:10:01] ✅ 状态已更新: normal, 间隔 1s
[2026-03-08 13:10:01] ✅ 状态已更新: normal, 间隔 1s
[2026-03-08 13:10:01] ✅ 正常模式: 所有任务正常执行，间隔 1s
[2026-03-08 13:10:01] ✅ 正常模式: 所有任务正常执行，间隔 1s
[2026-03-08 13:10:01] ✅ 完成
[2026-03-08 13:10:01] ✅ 完成
[2026-03-08 14:10:01] 🚀 API Rate Limiter 启动
[2026-03-08 14:10:01] 🚀 API Rate Limiter 启动
[2026-03-08 14:10:01]   - 动作: --auto-adjust
[2026-03-08 14:10:01]   - 动作: --auto-adjust
[2026-03-08 14:10:01] 🤖 自动调整请求频率...
[2026-03-08 14:10:01] 🤖 自动调整请求频率...
[2026-03-08 14:10:01] 🟢 当前为正常时段
[2026-03-08 14:10:01] 🟢 当前为正常时段
[2026-03-08 14:10:01] ✅ 正常状态
[2026-03-08 14:10:01] ✅ 正常状态
[2026-03-08 14:10:01] 🔄 设置模式: normal
[2026-03-08 14:10:01] 🔄 设置模式: normal
[2026-03-08 14:10:01] ✅ 状态已更新: normal, 间隔 1s
[2026-03-08 14:10:01] ✅ 状态已更新: normal, 间隔 1s
[2026-03-08 14:10:01] ✅ 正常模式: 所有任务正常执行，间隔 1s
[2026-03-08 14:10:01] ✅ 正常模式: 所有任务正常执行，间隔 1s
[2026-03-08 14:10:01] ✅ 完成
[2026-03-08 14:10:01] ✅ 完成
[2026-03-08 15:10:02] 🚀 API Rate Limiter 启动
[2026-03-08 15:10:02] 🚀 API Rate Limiter 启动
[2026-03-08 15:10:02]   - 动作: --auto-adjust
[2026-03-08 15:10:02]   - 动作: --auto-adjust
[2026-03-08 15:10:02] 🤖 自动调整请求频率...
[2026-03-08 15:10:02] 🤖 自动调整请求频率...
[2026-03-08 15:10:02] 🟢 当前为正常时段
[2026-03-08 15:10:02] 🟢 当前为正常时段
[2026-03-08 15:10:02] ✅ 正常状态
[2026-03-08 15:10:02] ✅ 正常状态
[2026-03-08 15:10:02] 🔄 设置模式: normal
[2026-03-08 15:10:02] 🔄 设置模式: normal
[2026-03-08 15:10:02] ✅ 状态已更新: normal, 间隔 1s
[2026-03-08 15:10:02] ✅ 状态已更新: normal, 间隔 1s
[2026-03-08 15:10:02] ✅ 正常模式: 所有任务正常执行，间隔 1s
[2026-03-08 15:10:02] ✅ 正常模式: 所有任务正常执行，间隔 1s
[2026-03-08 15:10:02] ✅ 完成
[2026-03-08 15:10:02] ✅ 完成
[2026-03-08 16:10:02] 🚀 API Rate Limiter 启动
[2026-03-08 16:10:02] 🚀 API Rate Limiter 启动
[2026-03-08 16:10:02]   - 动作: --auto-adjust
[2026-03-08 16:10:02]   - 动作: --auto-adjust
[2026-03-08 16:10:02] 🤖 自动调整请求频率...
[2026-03-08 16:10:02] 🤖 自动调整请求频率...
[2026-03-08 16:10:05] 🟡 当前为高峰期
[2026-03-08 16:10:05] 🟡 当前为高峰期
[2026-03-08 16:10:05] ✅ 高峰期状态良好，使用高峰模式
[2026-03-08 16:10:05] ✅ 高峰期状态良好，使用高峰模式
[2026-03-08 16:10:05] 🔄 设置模式: peak
[2026-03-08 16:10:05] 🔄 设置模式: peak
[2026-03-08 16:10:05] ✅ 状态已更新: peak, 间隔 2s
[2026-03-08 16:10:05] ✅ 状态已更新: peak, 间隔 2s
[2026-03-08 16:10:05] ✅ 高峰模式: 非紧急任务延迟，间隔 2s
[2026-03-08 16:10:05] ✅ 高峰模式: 非紧急任务延迟，间隔 2s
[2026-03-08 16:10:05] ✅ 完成
[2026-03-08 16:10:05] ✅ 完成
[2026-03-08 17:10:01] 🚀 API Rate Limiter 启动
[2026-03-08 17:10:01] 🚀 API Rate Limiter 启动
[2026-03-08 17:10:01]   - 动作: --auto-adjust
[2026-03-08 17:10:01]   - 动作: --auto-adjust
[2026-03-08 17:10:01] 🤖 自动调整请求频率...
[2026-03-08 17:10:01] 🤖 自动调整请求频率...
[2026-03-08 17:10:01] 🟡 当前为高峰期
[2026-03-08 17:10:01] 🟡 当前为高峰期
[2026-03-08 17:10:01] ✅ 高峰期状态良好，使用高峰模式
[2026-03-08 17:10:01] ✅ 高峰期状态良好，使用高峰模式
[2026-03-08 17:10:01] 🔄 设置模式: peak
[2026-03-08 17:10:01] 🔄 设置模式: peak
[2026-03-08 17:10:01] ✅ 状态已更新: peak, 间隔 2s
[2026-03-08 17:10:01] ✅ 状态已更新: peak, 间隔 2s
[2026-03-08 17:10:01] ✅ 高峰模式: 非紧急任务延迟，间隔 2s
[2026-03-08 17:10:01] ✅ 高峰模式: 非紧急任务延迟，间隔 2s
[2026-03-08 17:10:01] ✅ 完成
[2026-03-08 17:10:01] ✅ 完成
[2026-03-08 18:10:02] 🚀 API Rate Limiter 启动
[2026-03-08 18:10:02] 🚀 API Rate Limiter 启动
[2026-03-08 18:10:02]   - 动作: --auto-adjust
[2026-03-08 18:10:02]   - 动作: --auto-adjust
[2026-03-08 18:10:02] 🤖 自动调整请求频率...
[2026-03-08 18:10:02] 🤖 自动调整请求频率...
[2026-03-08 18:10:02] 🟡 当前为高峰期
[2026-03-08 18:10:02] 🟡 当前为高峰期
[2026-03-08 18:10:02] ✅ 高峰期状态良好，使用高峰模式
[2026-03-08 18:10:02] ✅ 高峰期状态良好，使用高峰模式
[2026-03-08 18:10:02] 🔄 设置模式: peak
[2026-03-08 18:10:02] 🔄 设置模式: peak
[2026-03-08 18:10:02] ✅ 状态已更新: peak, 间隔 2s
[2026-03-08 18:10:02] ✅ 状态已更新: peak, 间隔 2s
[2026-03-08 18:10:02] ✅ 高峰模式: 非紧急任务延迟，间隔 2s
[2026-03-08 18:10:02] ✅ 高峰模式: 非紧急任务延迟，间隔 2s
[2026-03-08 18:10:02] ✅ 完成
[2026-03-08 18:10:02] ✅ 完成
[2026-03-08 19:10:02] 🚀 API Rate Limiter 启动
[2026-03-08 19:10:02] 🚀 API Rate Limiter 启动
[2026-03-08 19:10:02]   - 动作: --auto-adjust
[2026-03-08 19:10:02]   - 动作: --auto-adjust
[2026-03-08 19:10:02] 🤖 自动调整请求频率...
[2026-03-08 19:10:02] 🤖 自动调整请求频率...
[2026-03-08 19:10:02] 🟢 当前为正常时段
[2026-03-08 19:10:02] 🟢 当前为正常时段
[2026-03-08 19:10:02] ✅ 正常状态
[2026-03-08 19:10:02] ✅ 正常状态
[2026-03-08 19:10:02] 🔄 设置模式: normal
[2026-03-08 19:10:02] 🔄 设置模式: normal
[2026-03-08 19:10:02] ✅ 状态已更新: normal, 间隔 1s
[2026-03-08 19:10:02] ✅ 状态已更新: normal, 间隔 1s
[2026-03-08 19:10:02] ✅ 正常模式: 所有任务正常执行，间隔 1s
[2026-03-08 19:10:02] ✅ 正常模式: 所有任务正常执行，间隔 1s
[2026-03-08 19:10:02] ✅ 完成
[2026-03-08 19:10:02] ✅ 完成
[2026-03-08 20:10:01] 🚀 API Rate Limiter 启动
[2026-03-08 20:10:01] 🚀 API Rate Limiter 启动
[2026-03-08 20:10:01]   - 动作: --auto-adjust
[2026-03-08 20:10:01]   - 动作: --auto-adjust
[2026-03-08 20:10:01] 🤖 自动调整请求频率...
[2026-03-08 20:10:01] 🤖 自动调整请求频率...
[2026-03-08 20:10:03] 🟢 当前为正常时段
[2026-03-08 20:10:03] 🟢 当前为正常时段
[2026-03-08 20:10:03] ✅ 正常状态
[2026-03-08 20:10:03] ✅ 正常状态
[2026-03-08 20:10:03] 🔄 设置模式: normal
[2026-03-08 20:10:03] 🔄 设置模式: normal
[2026-03-08 20:10:03] ✅ 状态已更新: normal, 间隔 1s
[2026-03-08 20:10:03] ✅ 状态已更新: normal, 间隔 1s
[2026-03-08 20:10:03] ✅ 正常模式: 所有任务正常执行，间隔 1s
[2026-03-08 20:10:03] ✅ 正常模式: 所有任务正常执行，间隔 1s
[2026-03-08 20:10:03] ✅ 完成
[2026-03-08 20:10:03] ✅ 完成
[2026-03-08 21:10:02] 🚀 API Rate Limiter 启动
[2026-03-08 21:10:02] 🚀 API Rate Limiter 启动
[2026-03-08 21:10:02]   - 动作: --auto-adjust
[2026-03-08 21:10:02]   - 动作: --auto-adjust
[2026-03-08 21:10:02] 🤖 自动调整请求频率...
[2026-03-08 21:10:02] 🤖 自动调整请求频率...
[2026-03-08 21:10:02] 🟢 当前为正常时段
[2026-03-08 21:10:02] 🟢 当前为正常时段
[2026-03-08 21:10:02] ✅ 正常状态
[2026-03-08 21:10:02] ✅ 正常状态
[2026-03-08 21:10:02] 🔄 设置模式: normal
[2026-03-08 21:10:02] 🔄 设置模式: normal
[2026-03-08 21:10:02] ✅ 状态已更新: normal, 间隔 1s
[2026-03-08 21:10:02] ✅ 状态已更新: normal, 间隔 1s
[2026-03-08 21:10:02] ✅ 正常模式: 所有任务正常执行，间隔 1s
[2026-03-08 21:10:02] ✅ 正常模式: 所有任务正常执行，间隔 1s
[2026-03-08 21:10:02] ✅ 完成
[2026-03-08 21:10:02] ✅ 完成
[2026-03-08 22:10:01] 🚀 API Rate Limiter 启动
[2026-03-08 22:10:01] 🚀 API Rate Limiter 启动
[2026-03-08 22:10:01]   - 动作: --auto-adjust
[2026-03-08 22:10:01]   - 动作: --auto-adjust
[2026-03-08 22:10:01] 🤖 自动调整请求频率...
[2026-03-08 22:10:01] 🤖 自动调整请求频率...
[2026-03-08 22:10:01] 🟢 当前为正常时段
[2026-03-08 22:10:01] 🟢 当前为正常时段
[2026-03-08 22:10:01] ✅ 正常状态
[2026-03-08 22:10:01] ✅ 正常状态
[2026-03-08 22:10:01] 🔄 设置模式: normal
[2026-03-08 22:10:01] 🔄 设置模式: normal
[2026-03-08 22:10:01] ✅ 状态已更新: normal, 间隔 1s
[2026-03-08 22:10:01] ✅ 状态已更新: normal, 间隔 1s
[2026-03-08 22:10:01] ✅ 正常模式: 所有任务正常执行，间隔 1s
[2026-03-08 22:10:01] ✅ 正常模式: 所有任务正常执行，间隔 1s
[2026-03-08 22:10:01] ✅ 完成
[2026-03-08 22:10:01] ✅ 完成
[2026-03-08 23:10:01] 🚀 API Rate Limiter 启动
[2026-03-08 23:10:01] 🚀 API Rate Limiter 启动
[2026-03-08 23:10:01]   - 动作: --auto-adjust
[2026-03-08 23:10:01]   - 动作: --auto-adjust
[2026-03-08 23:10:01] 🤖 自动调整请求频率...
[2026-03-08 23:10:01] 🤖 自动调整请求频率...
[2026-03-08 23:10:04] 🟢 当前为正常时段
[2026-03-08 23:10:04] 🟢 当前为正常时段
[2026-03-08 23:10:04] ✅ 正常状态
[2026-03-08 23:10:04] ✅ 正常状态
[2026-03-08 23:10:04] 🔄 设置模式: normal
[2026-03-08 23:10:04] 🔄 设置模式: normal
[2026-03-08 23:10:04] ✅ 状态已更新: normal, 间隔 1s
[2026-03-08 23:10:04] ✅ 状态已更新: normal, 间隔 1s
[2026-03-08 23:10:04] ✅ 正常模式: 所有任务正常执行，间隔 1s
[2026-03-08 23:10:04] ✅ 正常模式: 所有任务正常执行，间隔 1s
[2026-03-08 23:10:04] ✅ 完成
[2026-03-08 23:10:04] ✅ 完成
[2026-03-09 00:10:02] 🚀 API Rate Limiter 启动
[2026-03-09 00:10:02] 🚀 API Rate Limiter 启动
[2026-03-09 00:10:02]   - 动作: --auto-adjust
[2026-03-09 00:10:02]   - 动作: --auto-adjust
[2026-03-09 00:10:02] 🤖 自动调整请求频率...
[2026-03-09 00:10:02] 🤖 自动调整请求频率...
[2026-03-09 00:10:02] 🟢 当前为正常时段
[2026-03-09 00:10:02] 🟢 当前为正常时段
[2026-03-09 00:10:02] ✅ 正常状态
[2026-03-09 00:10:02] ✅ 正常状态
[2026-03-09 00:10:02] 🔄 设置模式: normal
[2026-03-09 00:10:02] 🔄 设置模式: normal
[2026-03-09 00:10:02] ✅ 状态已更新: normal, 间隔 1s
[2026-03-09 00:10:02] ✅ 状态已更新: normal, 间隔 1s
[2026-03-09 00:10:02] ✅ 正常模式: 所有任务正常执行，间隔 1s
[2026-03-09 00:10:02] ✅ 正常模式: 所有任务正常执行，间隔 1s
[2026-03-09 00:10:02] ✅ 完成
[2026-03-09 00:10:02] ✅ 完成
[2026-03-09 01:10:01] 🚀 API Rate Limiter 启动
[2026-03-09 01:10:01] 🚀 API Rate Limiter 启动
[2026-03-09 01:10:01]   - 动作: --auto-adjust
[2026-03-09 01:10:01]   - 动作: --auto-adjust
[2026-03-09 01:10:01] 🤖 自动调整请求频率...
[2026-03-09 01:10:01] 🤖 自动调整请求频率...
[2026-03-09 01:10:03] 🟢 当前为正常时段
[2026-03-09 01:10:03] 🟢 当前为正常时段
[2026-03-09 01:10:03] ✅ 正常状态
[2026-03-09 01:10:03] ✅ 正常状态
[2026-03-09 01:10:03] 🔄 设置模式: normal
[2026-03-09 01:10:03] 🔄 设置模式: normal
[2026-03-09 01:10:03] ✅ 状态已更新: normal, 间隔 1s
[2026-03-09 01:10:03] ✅ 状态已更新: normal, 间隔 1s
[2026-03-09 01:10:03] ✅ 正常模式: 所有任务正常执行，间隔 1s
[2026-03-09 01:10:03] ✅ 正常模式: 所有任务正常执行，间隔 1s
[2026-03-09 01:10:03] ✅ 完成
[2026-03-09 01:10:03] ✅ 完成
[2026-03-09 02:10:01] 🚀 API Rate Limiter 启动
[2026-03-09 02:10:01] 🚀 API Rate Limiter 启动
[2026-03-09 02:10:01]   - 动作: --auto-adjust
[2026-03-09 02:10:01]   - 动作: --auto-adjust
[2026-03-09 02:10:01] 🤖 自动调整请求频率...
[2026-03-09 02:10:01] 🤖 自动调整请求频率...
[2026-03-09 02:10:02] 🟢 当前为正常时段
[2026-03-09 02:10:02] 🟢 当前为正常时段
[2026-03-09 02:10:02] ✅ 正常状态
[2026-03-09 02:10:02] ✅ 正常状态
[2026-03-09 02:10:02] 🔄 设置模式: normal
[2026-03-09 02:10:02] 🔄 设置模式: normal
[2026-03-09 02:10:02] ✅ 状态已更新: normal, 间隔 1s
[2026-03-09 02:10:02] ✅ 状态已更新: normal, 间隔 1s
[2026-03-09 02:10:02] ✅ 正常模式: 所有任务正常执行，间隔 1s
[2026-03-09 02:10:02] ✅ 正常模式: 所有任务正常执行，间隔 1s
[2026-03-09 02:10:02] ✅ 完成
[2026-03-09 02:10:02] ✅ 完成
[2026-03-09 03:10:02] 🚀 API Rate Limiter 启动
[2026-03-09 03:10:02] 🚀 API Rate Limiter 启动
[2026-03-09 03:10:02]   - 动作: --auto-adjust
[2026-03-09 03:10:02]   - 动作: --auto-adjust
[2026-03-09 03:10:02] 🤖 自动调整请求频率...
[2026-03-09 03:10:02] 🤖 自动调整请求频率...
[2026-03-09 03:10:03] 🟢 当前为正常时段
[2026-03-09 03:10:03] 🟢 当前为正常时段
[2026-03-09 03:10:03] ✅ 正常状态
[2026-03-09 03:10:03] ✅ 正常状态
[2026-03-09 03:10:03] 🔄 设置模式: normal
[2026-03-09 03:10:03] 🔄 设置模式: normal
[2026-03-09 03:10:03] ✅ 状态已更新: normal, 间隔 1s
[2026-03-09 03:10:03] ✅ 状态已更新: normal, 间隔 1s
[2026-03-09 03:10:03] ✅ 正常模式: 所有任务正常执行，间隔 1s
[2026-03-09 03:10:03] ✅ 正常模式: 所有任务正常执行，间隔 1s
[2026-03-09 03:10:03] ✅ 完成
[2026-03-09 03:10:03] ✅ 完成
[2026-03-09 04:10:01] 🚀 API Rate Limiter 启动
[2026-03-09 04:10:01] 🚀 API Rate Limiter 启动
[2026-03-09 04:10:01]   - 动作: --auto-adjust
[2026-03-09 04:10:01]   - 动作: --auto-adjust
[2026-03-09 04:10:02] 🤖 自动调整请求频率...
[2026-03-09 04:10:02] 🤖 自动调整请求频率...
[2026-03-09 04:10:05] 🟢 当前为正常时段
[2026-03-09 04:10:05] 🟢 当前为正常时段
[2026-03-09 04:10:05] ✅ 正常状态
[2026-03-09 04:10:05] ✅ 正常状态
[2026-03-09 04:10:05] 🔄 设置模式: normal
[2026-03-09 04:10:05] 🔄 设置模式: normal
[2026-03-09 04:10:05] ✅ 状态已更新: normal, 间隔 1s
[2026-03-09 04:10:05] ✅ 状态已更新: normal, 间隔 1s
[2026-03-09 04:10:05] ✅ 正常模式: 所有任务正常执行，间隔 1s
[2026-03-09 04:10:05] ✅ 正常模式: 所有任务正常执行，间隔 1s
[2026-03-09 04:10:05] ✅ 完成
[2026-03-09 04:10:05] ✅ 完成
