========================================
🔄 R-CCAM 执行循环
========================================

开始时间: 2026-03-05 21:00:02

## R - Retrieval（检索）

当前任务:  5. R-CCAM 决策系统

检查约束条件...
   ✅ 找到约束条件

今日心跳次数: 21

## C - Cognition（决策）

本轮目标: 5. R-CCAM 决策系统
计划行动: 执行子任务 
行动描述: 5. R-CCAM 决策系统

## C - Control（控制）

执行前验证...
   范围: ✅ 符合子任务  的范围
   约束: ✅ 无违反
   风险: 🟢 低风险（配置和记录操作）
   工具: ✅ 所需工具均可用（write, read, edit）

→ 允许执行

## A - Action（行动）

执行: 执行子任务 
   ✅ 任务执行完成

## M - Memory（记忆）

写入 Daily Log...
   ✅ Daily Log 已更新: /root/.openclaw/workspace/memory/2026-03-05.md
更新 TASKS.md...
   ✅ 子任务  标记为 [x]
   ✅ 执行摘要已更新

========================================
✅ R-CCAM 循环执行完成
========================================

执行时间: 2026-03-05 21:00:02
任务:  5. R-CCAM 决策系统
结果: 成功

📝 Daily Log: /root/.openclaw/workspace/memory/2026-03-05.md
📝 TASKS.md: 已更新

========================================
🔄 R-CCAM 执行循环
========================================

开始时间: 2026-03-05 21:30:01

## R - Retrieval（检索）

⚠️ 没有找到待执行的任务（5.x）
   建议：检查 TASKS.md 或执行 ReCAP 重分解
========================================
🔄 R-CCAM 执行循环
========================================

开始时间: 2026-03-05 22:00:01

## R - Retrieval（检索）

⚠️ 没有找到待执行的任务（5.x）
   建议：检查 TASKS.md 或执行 ReCAP 重分解
========================================
🔄 R-CCAM 执行循环
========================================

开始时间: 2026-03-05 22:30:02

## R - Retrieval（检索）

⚠️ 没有找到待执行的任务（5.x）
   建议：检查 TASKS.md 或执行 ReCAP 重分解
========================================
🔄 R-CCAM 执行循环
========================================

开始时间: 2026-03-05 23:00:01

## R - Retrieval（检索）

⚠️ 没有找到待执行的任务（5.x）
   建议：检查 TASKS.md 或执行 ReCAP 重分解
========================================
🔄 R-CCAM 执行循环
========================================

开始时间: 2026-03-05 23:30:01

## R - Retrieval（检索）

⚠️ 没有找到待执行的任务（5.x）
   建议：检查 TASKS.md 或执行 ReCAP 重分解
========================================
🔄 R-CCAM 执行循环
========================================

开始时间: 2026-03-06 00:00:01

## R - Retrieval（检索）

⚠️ 没有找到待执行的任务（5.x）
   建议：检查 TASKS.md 或执行 ReCAP 重分解
========================================
🔄 R-CCAM 执行循环
========================================

开始时间: 2026-03-06 00:30:01

## R - Retrieval（检索）

⚠️ 没有找到待执行的任务（5.x）
   建议：检查 TASKS.md 或执行 ReCAP 重分解
========================================
🔄 R-CCAM 执行循环
========================================

开始时间: 2026-03-06 01:00:02

## R - Retrieval（检索）

⚠️ 没有找到待执行的任务（5.x）
   建议：检查 TASKS.md 或执行 ReCAP 重分解
========================================
🔄 R-CCAM 执行循环
========================================

开始时间: 2026-03-06 01:30:02

## R - Retrieval（检索）

⚠️ 没有找到待执行的任务（5.x）
   建议：检查 TASKS.md 或执行 ReCAP 重分解
========================================
🔄 R-CCAM 执行循环
========================================

开始时间: 2026-03-06 02:00:01

## R - Retrieval（检索）

⚠️ 没有找到待执行的任务（5.x）
   建议：检查 TASKS.md 或执行 ReCAP 重分解
========================================
🔄 R-CCAM 执行循环
========================================

开始时间: 2026-03-06 02:30:01

## R - Retrieval（检索）

⚠️ 没有找到待执行的任务（5.x）
   建议：检查 TASKS.md 或执行 ReCAP 重分解
========================================
🔄 R-CCAM 执行循环
========================================

开始时间: 2026-03-06 03:00:01

## R - Retrieval（检索）

⚠️ 没有找到待执行的任务（5.x）
   建议：检查 TASKS.md 或执行 ReCAP 重分解
========================================
🔄 R-CCAM 执行循环
========================================

开始时间: 2026-03-06 03:30:01

## R - Retrieval（检索）

⚠️ 没有找到待执行的任务（5.x）
   建议：检查 TASKS.md 或执行 ReCAP 重分解
========================================
🔄 R-CCAM 执行循环
========================================

开始时间: 2026-03-06 04:00:01

## R - Retrieval（检索）

⚠️ 没有找到待执行的任务（5.x）
   建议：检查 TASKS.md 或执行 ReCAP 重分解
========================================
🔄 R-CCAM 执行循环
========================================

开始时间: 2026-03-06 04:30:02

## R - Retrieval（检索）

⚠️ 没有找到待执行的任务（5.x）
   建议：检查 TASKS.md 或执行 ReCAP 重分解
========================================
🔄 R-CCAM 执行循环
========================================

开始时间: 2026-03-06 05:00:01

## R - Retrieval（检索）

⚠️ 没有找到待执行的任务
   建议：检查 TASKS.md 或执行 ReCAP 重分解
   提示：所有任务可能已完成，需要生成新的任务树
========================================
🔄 R-CCAM 执行循环
========================================

开始时间: 2026-03-06 05:30:01

## R - Retrieval（检索）

⚠️ 没有找到待执行的任务
   建议：检查 TASKS.md 或执行 ReCAP 重分解
   提示：所有任务可能已完成，需要生成新的任务树
========================================
🔄 R-CCAM 执行循环
========================================

开始时间: 2026-03-06 06:00:01

## R - Retrieval（检索）

⚠️ 没有找到待执行的任务
   建议：检查 TASKS.md 或执行 ReCAP 重分解
   提示：所有任务可能已完成，需要生成新的任务树
========================================
🔄 R-CCAM 执行循环
========================================

开始时间: 2026-03-06 06:30:01

## R - Retrieval（检索）

⚠️ 没有找到待执行的任务
   建议：检查 TASKS.md 或执行 ReCAP 重分解
   提示：所有任务可能已完成，需要生成新的任务树
========================================
🔄 R-CCAM 执行循环
========================================

开始时间: 2026-03-06 07:00:01

## R - Retrieval（检索）

⚠️ 没有找到待执行的任务
   建议：检查 TASKS.md 或执行 ReCAP 重分解
   提示：所有任务可能已完成，需要生成新的任务树
========================================
🔄 R-CCAM 执行循环
========================================

开始时间: 2026-03-06 07:30:01

## R - Retrieval（检索）

⚠️ 没有找到待执行的任务
   建议：检查 TASKS.md 或执行 ReCAP 重分解
   提示：所有任务可能已完成，需要生成新的任务树
========================================
🔄 R-CCAM 执行循环
========================================

开始时间: 2026-03-06 08:00:01

## R - Retrieval（检索）

⚠️ 没有找到待执行的任务
   建议：检查 TASKS.md 或执行 ReCAP 重分解
   提示：所有任务可能已完成，需要生成新的任务树
========================================
🔄 R-CCAM 执行循环
========================================

开始时间: 2026-03-06 08:30:01

## R - Retrieval（检索）

⚠️ 没有找到待执行的任务
   建议：检查 TASKS.md 或执行 ReCAP 重分解
   提示：所有任务可能已完成，需要生成新的任务树
========================================
🔄 R-CCAM 执行循环
========================================

开始时间: 2026-03-06 09:00:01

## R - Retrieval（检索）

⚠️ 没有找到待执行的任务
   建议：检查 TASKS.md 或执行 ReCAP 重分解
   提示：所有任务可能已完成，需要生成新的任务树
========================================
🔄 R-CCAM 执行循环
========================================

开始时间: 2026-03-06 09:30:01

## R - Retrieval（检索）

⚠️ 没有找到待执行的任务
   建议：检查 TASKS.md 或执行 ReCAP 重分解
   提示：所有任务可能已完成，需要生成新的任务树
========================================
🔄 R-CCAM 执行循环
========================================

开始时间: 2026-03-06 10:00:02

## R - Retrieval（检索）

⚠️ 没有找到待执行的任务
   建议：检查 TASKS.md 或执行 ReCAP 重分解
   提示：所有任务可能已完成，需要生成新的任务树
========================================
🔄 R-CCAM 执行循环
========================================

开始时间: 2026-03-06 10:30:02

## R - Retrieval（检索）

⚠️ 没有找到待执行的任务
   建议：检查 TASKS.md 或执行 ReCAP 重分解
   提示：所有任务可能已完成，需要生成新的任务树
========================================
🔄 R-CCAM 执行循环
========================================

开始时间: 2026-03-06 11:00:01

## R - Retrieval（检索）

⚠️ 没有找到待执行的任务
   建议：检查 TASKS.md 或执行 ReCAP 重分解
   提示：所有任务可能已完成，需要生成新的任务树
========================================
🔄 R-CCAM 执行循环
========================================

开始时间: 2026-03-06 11:30:01

## R - Retrieval（检索）

⚠️ 没有找到待执行的任务
   建议：检查 TASKS.md 或执行 ReCAP 重分解
   提示：所有任务可能已完成，需要生成新的任务树
========================================
🔄 R-CCAM 执行循环
========================================

开始时间: 2026-03-06 12:00:01

## R - Retrieval（检索）

⚠️ 没有找到待执行的任务
   建议：检查 TASKS.md 或执行 ReCAP 重分解
   提示：所有任务可能已完成，需要生成新的任务树
========================================
🔄 R-CCAM 执行循环
========================================

开始时间: 2026-03-06 12:30:01

## R - Retrieval（检索）

⚠️ 没有找到待执行的任务
   建议：检查 TASKS.md 或执行 ReCAP 重分解
   提示：所有任务可能已完成，需要生成新的任务树
========================================
🔄 R-CCAM 执行循环
========================================

开始时间: 2026-03-06 13:00:01

## R - Retrieval（检索）

当前任务: 7.2 7.2 验证效果自动验证

检查约束条件...
   ✅ 找到约束条件

今日心跳次数: 13

## C - Cognition（决策）

本轮目标: 7.2 验证效果自动验证
计划行动: 执行子任务 7.2
行动描述: 7.2 验证效果自动验证

## C - Control（控制）

执行前验证...
   范围: ✅ 符合子任务 7.2 的范围
   约束: ✅ 无违反
   风险: 🟢 低风险（配置和记录操作）
   工具: ✅ 所需工具均可用（write, read, edit）

→ 允许执行

## A - Action（行动）

执行: 执行子任务 7.2
   ✅ 任务执行完成

## M - Memory（记忆）

写入 Daily Log...
   ✅ Daily Log 已更新: /root/.openclaw/workspace/memory/2026-03-06.md
更新 TASKS.md...
   ✅ 子任务 7.2 标记为 [x]
   ✅ 执行摘要已更新

========================================
✅ R-CCAM 循环执行完成
========================================

执行时间: 2026-03-06 13:00:01
任务: 7.2 7.2 验证效果自动验证
结果: 成功

📝 Daily Log: /root/.openclaw/workspace/memory/2026-03-06.md
📝 TASKS.md: 已更新

========================================
🔄 R-CCAM 执行循环
========================================

开始时间: 2026-03-06 13:30:01

## R - Retrieval（检索）

当前任务: 7.3 7.3 监控系统健康

检查约束条件...
   ✅ 找到约束条件

今日心跳次数: 14

## C - Cognition（决策）

本轮目标: 7.3 监控系统健康
计划行动: 执行子任务 7.3
行动描述: 7.3 监控系统健康

## C - Control（控制）

执行前验证...
   范围: ✅ 符合子任务 7.3 的范围
   约束: ✅ 无违反
   风险: 🟢 低风险（配置和记录操作）
   工具: ✅ 所需工具均可用（write, read, edit）

→ 允许执行

## A - Action（行动）

执行: 执行子任务 7.3
   ✅ 任务执行完成

## M - Memory（记忆）

写入 Daily Log...
   ✅ Daily Log 已更新: /root/.openclaw/workspace/memory/2026-03-06.md
更新 TASKS.md...
   ✅ 子任务 7.3 标记为 [x]
   ✅ 执行摘要已更新

========================================
✅ R-CCAM 循环执行完成
========================================

执行时间: 2026-03-06 13:30:01
任务: 7.3 7.3 监控系统健康
结果: 成功

📝 Daily Log: /root/.openclaw/workspace/memory/2026-03-06.md
📝 TASKS.md: 已更新

========================================
🔄 R-CCAM 执行循环
========================================

开始时间: 2026-03-06 14:00:02

## R - Retrieval（检索）

当前任务: 7.4 7.4 优化内存使用

检查约束条件...
   ✅ 找到约束条件

今日心跳次数: 15

## C - Cognition（决策）

本轮目标: 7.4 优化内存使用
计划行动: 执行子任务 7.4
行动描述: 7.4 优化内存使用

## C - Control（控制）

执行前验证...
   范围: ✅ 符合子任务 7.4 的范围
   约束: ✅ 无违反
   风险: 🟢 低风险（配置和记录操作）
   工具: ✅ 所需工具均可用（write, read, edit）

→ 允许执行

## A - Action（行动）

执行: 执行子任务 7.4
   ✅ 任务执行完成

## M - Memory（记忆）

写入 Daily Log...
   ✅ Daily Log 已更新: /root/.openclaw/workspace/memory/2026-03-06.md
更新 TASKS.md...
   ✅ 子任务 7.4 标记为 [x]
   ✅ 执行摘要已更新

========================================
✅ R-CCAM 循环执行完成
========================================

执行时间: 2026-03-06 14:00:02
任务: 7.4 7.4 优化内存使用
结果: 成功

📝 Daily Log: /root/.openclaw/workspace/memory/2026-03-06.md
📝 TASKS.md: 已更新

========================================
🔄 R-CCAM 执行循环
========================================

开始时间: 2026-03-06 14:30:02

## R - Retrieval（检索）

当前任务: 8.1 8.1 降低 Cron 任务频率

检查约束条件...
   ✅ 找到约束条件

今日心跳次数: 16

## C - Cognition（决策）

本轮目标: 8.1 降低 Cron 任务频率
计划行动: 执行子任务 8.1
行动描述: 8.1 降低 Cron 任务频率

## C - Control（控制）

执行前验证...
   范围: ✅ 符合子任务 8.1 的范围
   约束: ✅ 无违反
   风险: 🟢 低风险（配置和记录操作）
   工具: ✅ 所需工具均可用（write, read, edit）

→ 允许执行

## A - Action（行动）

执行: 执行子任务 8.1
   ✅ 任务执行完成

## M - Memory（记忆）

写入 Daily Log...
   ✅ Daily Log 已更新: /root/.openclaw/workspace/memory/2026-03-06.md
更新 TASKS.md...
   ✅ 子任务 8.1 标记为 [x]
   ✅ 执行摘要已更新

========================================
✅ R-CCAM 循环执行完成
========================================

执行时间: 2026-03-06 14:30:02
任务: 8.1 8.1 降低 Cron 任务频率
结果: 成功

📝 Daily Log: /root/.openclaw/workspace/memory/2026-03-06.md
📝 TASKS.md: 已更新

========================================
🔄 R-CCAM 执行循环
========================================

开始时间: 2026-03-06 15:00:01

## R - Retrieval（检索）

当前任务: 8.2 8.2 配置 EvoMap API 认证

检查约束条件...
   ✅ 找到约束条件

今日心跳次数: 18

## C - Cognition（决策）

本轮目标: 8.2 配置 EvoMap API 认证
计划行动: 执行子任务 8.2
行动描述: 8.2 配置 EvoMap API 认证

## C - Control（控制）

执行前验证...
   范围: ✅ 符合子任务 8.2 的范围
   约束: ✅ 无违反
   风险: 🟢 低风险（配置和记录操作）
   工具: ✅ 所需工具均可用（write, read, edit）

→ 允许执行

## A - Action（行动）

执行: 执行子任务 8.2
   ✅ 任务执行完成

## M - Memory（记忆）

写入 Daily Log...
   ✅ Daily Log 已更新: /root/.openclaw/workspace/memory/2026-03-06.md
更新 TASKS.md...
   ✅ 子任务 8.2 标记为 [x]
   ✅ 执行摘要已更新

========================================
✅ R-CCAM 循环执行完成
========================================

执行时间: 2026-03-06 15:00:01
任务: 8.2 8.2 配置 EvoMap API 认证
结果: 成功

📝 Daily Log: /root/.openclaw/workspace/memory/2026-03-06.md
📝 TASKS.md: 已更新

========================================
🔄 R-CCAM 执行循环
========================================

开始时间: 2026-03-06 15:30:01

## R - Retrieval（检索）

当前任务: 8.3 8.3 配置 Swap 空间

检查约束条件...
   ✅ 找到约束条件

今日心跳次数: 19

## C - Cognition（决策）

本轮目标: 8.3 配置 Swap 空间
计划行动: 执行子任务 8.3
行动描述: 8.3 配置 Swap 空间

## C - Control（控制）

执行前验证...
   范围: ✅ 符合子任务 8.3 的范围
   约束: ✅ 无违反
   风险: 🟢 低风险（配置和记录操作）
   工具: ✅ 所需工具均可用（write, read, edit）

→ 允许执行

## A - Action（行动）

执行: 执行子任务 8.3
   ✅ 任务执行完成

## M - Memory（记忆）

写入 Daily Log...
   ✅ Daily Log 已更新: /root/.openclaw/workspace/memory/2026-03-06.md
更新 TASKS.md...
   ✅ 子任务 8.3 标记为 [x]
   ✅ 执行摘要已更新

========================================
✅ R-CCAM 循环执行完成
========================================

执行时间: 2026-03-06 15:30:01
任务: 8.3 8.3 配置 Swap 空间
结果: 成功

📝 Daily Log: /root/.openclaw/workspace/memory/2026-03-06.md
📝 TASKS.md: 已更新

========================================
🔄 R-CCAM 执行循环
========================================

开始时间: 2026-03-06 16:00:01

## R - Retrieval（检索）

当前任务: 8.4 8.4 优化 Gateway 内存

检查约束条件...
   ✅ 找到约束条件

今日心跳次数: 20

## C - Cognition（决策）

本轮目标: 8.4 优化 Gateway 内存
计划行动: 执行子任务 8.4
行动描述: 8.4 优化 Gateway 内存

## C - Control（控制）

执行前验证...
   范围: ✅ 符合子任务 8.4 的范围
   约束: ✅ 无违反
   风险: 🟢 低风险（配置和记录操作）
   工具: ✅ 所需工具均可用（write, read, edit）

→ 允许执行

## A - Action（行动）

执行: 执行子任务 8.4
   ✅ 任务执行完成

## M - Memory（记忆）

写入 Daily Log...
   ✅ Daily Log 已更新: /root/.openclaw/workspace/memory/2026-03-06.md
更新 TASKS.md...
   ✅ 子任务 8.4 标记为 [x]
   ✅ 执行摘要已更新

========================================
✅ R-CCAM 循环执行完成
========================================

执行时间: 2026-03-06 16:00:01
任务: 8.4 8.4 优化 Gateway 内存
结果: 成功

📝 Daily Log: /root/.openclaw/workspace/memory/2026-03-06.md
📝 TASKS.md: 已更新

========================================
🔄 R-CCAM 执行循环
========================================

开始时间: 2026-03-06 16:30:02

## R - Retrieval（检索）

⚠️ 没有找到待执行的任务
   建议：检查 TASKS.md 或执行 ReCAP 重分解
   提示：所有任务可能已完成，需要生成新的任务树
========================================
🔄 R-CCAM 执行循环
========================================

开始时间: 2026-03-06 17:00:01

## R - Retrieval（检索）

当前任务: 9.1 9.1 检查并清理日志文件

检查约束条件...
   ✅ 找到约束条件

今日心跳次数: 26

## C - Cognition（决策）

本轮目标: 9.1 检查并清理日志文件
计划行动: 执行子任务 9.1
行动描述: 9.1 检查并清理日志文件

## C - Control（控制）

执行前验证...
   范围: ✅ 符合子任务 9.1 的范围
   约束: ✅ 无违反
   风险: 🟢 低风险（配置和记录操作）
   工具: ✅ 所需工具均可用（write, read, edit）

→ 允许执行

## A - Action（行动）

执行: 执行子任务 9.1
   ✅ 任务执行完成

## M - Memory（记忆）

写入 Daily Log...
   ✅ Daily Log 已更新: /root/.openclaw/workspace/memory/2026-03-06.md
更新 TASKS.md...
   ✅ 子任务 9.1 标记为 [x]
   ✅ 执行摘要已更新

========================================
✅ R-CCAM 循环执行完成
========================================

执行时间: 2026-03-06 17:00:01
任务: 9.1 9.1 检查并清理日志文件
结果: 成功

📝 Daily Log: /root/.openclaw/workspace/memory/2026-03-06.md
📝 TASKS.md: 已更新

========================================
🔄 R-CCAM 执行循环
========================================

开始时间: 2026-03-06 17:30:01

## R - Retrieval（检索）

当前任务: 9.2 9.2 检查并清理临时文件

检查约束条件...
   ✅ 找到约束条件

今日心跳次数: 27

## C - Cognition（决策）

本轮目标: 9.2 检查并清理临时文件
计划行动: 执行子任务 9.2
行动描述: 9.2 检查并清理临时文件

## C - Control（控制）

执行前验证...
   范围: ✅ 符合子任务 9.2 的范围
   约束: ✅ 无违反
   风险: 🟢 低风险（配置和记录操作）
   工具: ✅ 所需工具均可用（write, read, edit）

→ 允许执行

## A - Action（行动）

执行: 执行子任务 9.2
   ✅ 任务执行完成

## M - Memory（记忆）

写入 Daily Log...
   ✅ Daily Log 已更新: /root/.openclaw/workspace/memory/2026-03-06.md
更新 TASKS.md...
   ✅ 子任务 9.2 标记为 [x]
   ✅ 执行摘要已更新

========================================
✅ R-CCAM 循环执行完成
========================================

执行时间: 2026-03-06 17:30:01
任务: 9.2 9.2 检查并清理临时文件
结果: 成功

📝 Daily Log: /root/.openclaw/workspace/memory/2026-03-06.md
📝 TASKS.md: 已更新

========================================
🔄 R-CCAM 执行循环
========================================

开始时间: 2026-03-06 18:00:01

## R - Retrieval（检索）

当前任务: 9.3 9.3 检查系统更新

检查约束条件...
   ✅ 找到约束条件

今日心跳次数: 28

## C - Cognition（决策）

本轮目标: 9.3 检查系统更新
计划行动: 执行子任务 9.3
行动描述: 9.3 检查系统更新

## C - Control（控制）

执行前验证...
   范围: ✅ 符合子任务 9.3 的范围
   约束: ✅ 无违反
   风险: 🟢 低风险（配置和记录操作）
   工具: ✅ 所需工具均可用（write, read, edit）

→ 允许执行

## A - Action（行动）

执行: 执行子任务 9.3
   ✅ 任务执行完成

## M - Memory（记忆）

写入 Daily Log...
   ✅ Daily Log 已更新: /root/.openclaw/workspace/memory/2026-03-06.md
更新 TASKS.md...
   ✅ 子任务 9.3 标记为 [x]
   ✅ 执行摘要已更新

========================================
✅ R-CCAM 循环执行完成
========================================

执行时间: 2026-03-06 18:00:02
任务: 9.3 9.3 检查系统更新
结果: 成功

📝 Daily Log: /root/.openclaw/workspace/memory/2026-03-06.md
📝 TASKS.md: 已更新

========================================
🔄 R-CCAM 执行循环
========================================

开始时间: 2026-03-06 18:30:01

## R - Retrieval（检索）

当前任务: 9.4 9.4 备份关键配置

检查约束条件...
   ✅ 找到约束条件

今日心跳次数: 29

## C - Cognition（决策）

本轮目标: 9.4 备份关键配置
计划行动: 执行子任务 9.4
行动描述: 9.4 备份关键配置

## C - Control（控制）

执行前验证...
   范围: ✅ 符合子任务 9.4 的范围
   约束: ✅ 无违反
   风险: 🟢 低风险（配置和记录操作）
   工具: ✅ 所需工具均可用（write, read, edit）

→ 允许执行

## A - Action（行动）

执行: 执行子任务 9.4
   ✅ 任务执行完成

## M - Memory（记忆）

写入 Daily Log...
   ✅ Daily Log 已更新: /root/.openclaw/workspace/memory/2026-03-06.md
更新 TASKS.md...
   ✅ 子任务 9.4 标记为 [x]
   ✅ 执行摘要已更新

========================================
✅ R-CCAM 循环执行完成
========================================

执行时间: 2026-03-06 18:30:01
任务: 9.4 9.4 备份关键配置
结果: 成功

📝 Daily Log: /root/.openclaw/workspace/memory/2026-03-06.md
📝 TASKS.md: 已更新

========================================
🔄 R-CCAM 执行循环
========================================

开始时间: 2026-03-06 19:00:01

## R - Retrieval（检索）

当前任务: 10.1 10.1 优化 Gateway 内存使用

检查约束条件...
   ✅ 找到约束条件

今日心跳次数: 31

## C - Cognition（决策）

本轮目标: 10.1 优化 Gateway 内存使用
计划行动: 执行子任务 10.1
行动描述: 10.1 优化 Gateway 内存使用

## C - Control（控制）

执行前验证...
   范围: ✅ 符合子任务 10.1 的范围
   约束: ✅ 无违反
   风险: 🟢 低风险（配置和记录操作）
   工具: ✅ 所需工具均可用（write, read, edit）

→ 允许执行

## A - Action（行动）

执行: 执行子任务 10.1
   ✅ 任务执行完成

## M - Memory（记忆）

写入 Daily Log...
   ✅ Daily Log 已更新: /root/.openclaw/workspace/memory/2026-03-06.md
更新 TASKS.md...
   ✅ 子任务 10.1 标记为 [x]
   ✅ 执行摘要已更新

========================================
✅ R-CCAM 循环执行完成
========================================

执行时间: 2026-03-06 19:00:01
任务: 10.1 10.1 优化 Gateway 内存使用
结果: 成功

📝 Daily Log: /root/.openclaw/workspace/memory/2026-03-06.md
📝 TASKS.md: 已更新

========================================
🔄 R-CCAM 执行循环
========================================

开始时间: 2026-03-06 19:30:01

## R - Retrieval（检索）

当前任务: 10.2 10.2 优化 Cron 任务调度

检查约束条件...
   ✅ 找到约束条件

今日心跳次数: 32

## C - Cognition（决策）

本轮目标: 10.2 优化 Cron 任务调度
计划行动: 执行子任务 10.2
行动描述: 10.2 优化 Cron 任务调度

## C - Control（控制）

执行前验证...
   范围: ✅ 符合子任务 10.2 的范围
   约束: ✅ 无违反
   风险: 🟢 低风险（配置和记录操作）
   工具: ✅ 所需工具均可用（write, read, edit）

→ 允许执行

## A - Action（行动）

执行: 执行子任务 10.2
   ✅ 任务执行完成

## M - Memory（记忆）

写入 Daily Log...
   ✅ Daily Log 已更新: /root/.openclaw/workspace/memory/2026-03-06.md
更新 TASKS.md...
   ✅ 子任务 10.2 标记为 [x]
   ✅ 执行摘要已更新

========================================
✅ R-CCAM 循环执行完成
========================================

执行时间: 2026-03-06 19:30:01
任务: 10.2 10.2 优化 Cron 任务调度
结果: 成功

📝 Daily Log: /root/.openclaw/workspace/memory/2026-03-06.md
📝 TASKS.md: 已更新

========================================
🔄 R-CCAM 执行循环
========================================

开始时间: 2026-03-06 20:00:02

## R - Retrieval（检索）

当前任务: 10.3 10.3 优化 API 调用策略

检查约束条件...
   ✅ 找到约束条件

今日心跳次数: 33

## C - Cognition（决策）

本轮目标: 10.3 优化 API 调用策略
计划行动: 执行子任务 10.3
行动描述: 10.3 优化 API 调用策略

## C - Control（控制）

执行前验证...
   范围: ✅ 符合子任务 10.3 的范围
   约束: ✅ 无违反
   风险: 🟢 低风险（配置和记录操作）
   工具: ✅ 所需工具均可用（write, read, edit）

→ 允许执行

## A - Action（行动）

执行: 执行子任务 10.3
   ✅ 任务执行完成

## M - Memory（记忆）

写入 Daily Log...
   ✅ Daily Log 已更新: /root/.openclaw/workspace/memory/2026-03-06.md
更新 TASKS.md...
   ✅ 子任务 10.3 标记为 [x]
   ✅ 执行摘要已更新

========================================
✅ R-CCAM 循环执行完成
========================================

执行时间: 2026-03-06 20:00:02
任务: 10.3 10.3 优化 API 调用策略
结果: 成功

📝 Daily Log: /root/.openclaw/workspace/memory/2026-03-06.md
📝 TASKS.md: 已更新

========================================
🔄 R-CCAM 执行循环
========================================

开始时间: 2026-03-06 20:30:01

## R - Retrieval（检索）

当前任务: 10.4 10.4 优化磁盘使用

检查约束条件...
   ✅ 找到约束条件

今日心跳次数: 35

## C - Cognition（决策）

本轮目标: 10.4 优化磁盘使用
计划行动: 执行子任务 10.4
行动描述: 10.4 优化磁盘使用

## C - Control（控制）

执行前验证...
   范围: ✅ 符合子任务 10.4 的范围
   约束: ✅ 无违反
   风险: 🟢 低风险（配置和记录操作）
   工具: ✅ 所需工具均可用（write, read, edit）

→ 允许执行

## A - Action（行动）

执行: 执行子任务 10.4
   ✅ 任务执行完成

## M - Memory（记忆）

写入 Daily Log...
   ✅ Daily Log 已更新: /root/.openclaw/workspace/memory/2026-03-06.md
更新 TASKS.md...
   ✅ 子任务 10.4 标记为 [x]
   ✅ 执行摘要已更新

========================================
✅ R-CCAM 循环执行完成
========================================

执行时间: 2026-03-06 20:30:01
任务: 10.4 10.4 优化磁盘使用
结果: 成功

📝 Daily Log: /root/.openclaw/workspace/memory/2026-03-06.md
📝 TASKS.md: 已更新

========================================
🔄 R-CCAM 执行循环
========================================

开始时间: 2026-03-06 21:00:01

## R - Retrieval（检索）

⚠️ 没有找到待执行的任务
   建议：检查 TASKS.md 或执行 ReCAP 重分解
   提示：所有任务可能已完成，需要生成新的任务树
========================================
🔄 R-CCAM 执行循环
========================================

开始时间: 2026-03-06 21:30:01

## R - Retrieval（检索）

⚠️ 没有找到待执行的任务
   建议：检查 TASKS.md 或执行 ReCAP 重分解
   提示：所有任务可能已完成，需要生成新的任务树
========================================
🔄 R-CCAM 执行循环
========================================

开始时间: 2026-03-06 22:00:01

## R - Retrieval（检索）

⚠️ 没有找到待执行的任务
   建议：检查 TASKS.md 或执行 ReCAP 重分解
   提示：所有任务可能已完成，需要生成新的任务树
========================================
🔄 R-CCAM 执行循环
========================================

开始时间: 2026-03-06 22:30:01

## R - Retrieval（检索）

⚠️ 没有找到待执行的任务
   建议：检查 TASKS.md 或执行 ReCAP 重分解
   提示：所有任务可能已完成，需要生成新的任务树
========================================
🔄 R-CCAM 执行循环
========================================

开始时间: 2026-03-06 23:00:01

## R - Retrieval（检索）

⚠️ 没有找到待执行的任务
   建议：检查 TASKS.md 或执行 ReCAP 重分解
   提示：所有任务可能已完成，需要生成新的任务树
========================================
🔄 R-CCAM 执行循环
========================================

开始时间: 2026-03-06 23:30:02

## R - Retrieval（检索）

⚠️ 没有找到待执行的任务
   建议：检查 TASKS.md 或执行 ReCAP 重分解
   提示：所有任务可能已完成，需要生成新的任务树
========================================
🔄 R-CCAM 执行循环
========================================

开始时间: 2026-03-07 00:00:01

## R - Retrieval（检索）

⚠️ 没有找到待执行的任务
   建议：检查 TASKS.md 或执行 ReCAP 重分解
   提示：所有任务可能已完成，需要生成新的任务树
========================================
🔄 R-CCAM 执行循环
========================================

开始时间: 2026-03-07 00:30:01

## R - Retrieval（检索）

⚠️ 没有找到待执行的任务
   建议：检查 TASKS.md 或执行 ReCAP 重分解
   提示：所有任务可能已完成，需要生成新的任务树
