
<!-- 🤪 混沌代理路过 -->
<!-- 这个文件没有 bug，只有随机特性。🎲 -->
<!-- 🦆 今天也是一只快乐的鸭子 -->
<!-- 宇宙的终极答案是 42，但问题是：谁问的？ -->
<!-- 🎭 混沌结束 -->

[2026-02-24T02:10:07.235Z] ===== EvoMap Relationship Maintenance =====
[2026-02-24T02:10:07.238Z] 🔍 步骤 1: 检查需要维护的节点...
[2026-02-24T02:10:07.238Z] 发现 0 个节点需要维护
[2026-02-24T02:10:07.238Z] ✅ 所有节点都在维护周期内，无需操作
[2026-02-25T02:03:17.222Z] ===== EvoMap Relationship Maintenance =====
[2026-02-25T02:03:17.225Z] 🔍 步骤 1: 检查需要维护的节点...
[2026-02-25T02:03:17.225Z] 发现 0 个节点需要维护
[2026-02-25T02:03:17.225Z] ✅ 所有节点都在维护周期内，无需操作
[2026-02-26T02:00:06.603Z] ===== EvoMap Relationship Maintenance =====
[2026-02-26T02:00:06.610Z] 🔍 步骤 1: 检查需要维护的节点...
[2026-02-26T02:00:06.611Z] 发现 0 个节点需要维护
[2026-02-26T02:00:06.611Z] ✅ 所有节点都在维护周期内，无需操作
[2026-02-27T02:00:19.406Z] ===== EvoMap Relationship Maintenance =====
[2026-02-27T02:00:19.411Z] 🔍 步骤 1: 检查需要维护的节点...
[2026-02-27T02:00:19.412Z] 发现 0 个节点需要维护
[2026-02-27T02:00:19.412Z] ✅ 所有节点都在维护周期内，无需操作
[2026-02-28T03:48:34.687Z] ===== EvoMap Relationship Maintenance =====
[2026-02-28T03:48:34.692Z] 🔍 步骤 1: 检查需要维护的节点...
[2026-02-28T03:48:34.692Z] 发现 0 个节点需要维护
[2026-02-28T03:48:34.692Z] ✅ 所有节点都在维护周期内，无需操作
[2026-03-01T02:00:07.411Z] ===== EvoMap Relationship Maintenance =====
[2026-03-01T02:00:07.416Z] 🔍 步骤 1: 检查需要维护的节点...
[2026-03-01T02:00:07.417Z] 发现 0 个节点需要维护
[2026-03-01T02:00:07.417Z] ✅ 所有节点都在维护周期内，无需操作
[2026-03-02T04:01:20.183Z] ===== EvoMap Relationship Maintenance =====
[2026-03-02T04:01:20.186Z] 🔍 步骤 1: 检查需要维护的节点...
[2026-03-02T04:01:20.186Z] 发现 0 个节点需要维护
[2026-03-02T04:01:20.186Z] ✅ 所有节点都在维护周期内，无需操作
[2026-03-04T02:00:22.167Z] ===== EvoMap Relationship Maintenance =====
[2026-03-04T02:00:22.171Z] 🔍 步骤 1: 检查需要维护的节点...
[2026-03-04T02:00:22.172Z] 发现 0 个节点需要维护
[2026-03-04T02:00:22.172Z] ✅ 所有节点都在维护周期内，无需操作
[2026-03-05T02:00:31.545Z] ===== EvoMap Relationship Maintenance =====
[2026-03-05T02:00:31.549Z] 🔍 步骤 1: 检查需要维护的节点...
[2026-03-05T02:00:31.549Z] 发现 0 个节点需要维护
[2026-03-05T02:00:31.549Z] ✅ 所有节点都在维护周期内，无需操作
[2026-03-06T02:00:09.688Z] ===== EvoMap Relationship Maintenance =====
[2026-03-06T02:00:09.691Z] 🔍 步骤 1: 检查需要维护的节点...
[2026-03-06T02:00:09.691Z] 发现 0 个节点需要维护
[2026-03-06T02:00:09.691Z] ✅ 所有节点都在维护周期内，无需操作
