========================================
Safe Functions 效果监控
========================================

[2026-03-09 16:32:19] 📊 Step 1: 统计当前错误数量
[2026-03-09 16:32:19] ----------------------------
[2026-03-09 16:32:19] 分析文件数: 14
[2026-03-09 16:32:19] ENOENT 错误: 433
[2026-03-09 16:32:19] Edit 匹配失败: 186
[2026-03-09 16:32:19] Safe Functions 使用: 35
[2026-03-09 16:32:19] 
[2026-03-09 16:32:19] 📈 Step 2: 计算增长趋势
[2026-03-09 16:32:19] ------------------------
[2026-03-09 16:32:19] 首次运行，无历史数据
[2026-03-09 16:32:19] 
[2026-03-09 16:32:19] 🎯 Step 3: 判断效果
[2026-03-09 16:32:19] --------------------
[2026-03-09 16:32:19] ENOENT 趋势: ⏳ 首次运行
[2026-03-09 16:32:19] Edit 趋势: ⏳ 首次运行
[2026-03-09 16:32:19] Safe Functions: ✅ 正常使用（20-50 次）
[2026-03-09 16:32:19] 
[2026-03-09 16:32:19] 💊 Step 4: 计算系统健康评分
[2026-03-09 16:32:19] -----------------------------
[2026-03-09 16:32:19] 系统健康评分: 7/10 🟡 良好
[2026-03-09 16:32:19] 
[2026-03-09 16:32:19] 💡 Step 5: 生成建议
[2026-03-09 16:32:19] --------------------
[2026-03-09 16:32:19] -e
[2026-03-09 16:32:19] 
[2026-03-09 16:32:19] 💾 Step 6: 保存状态
[2026-03-09 16:32:19] --------------------
[2026-03-09 16:32:19] ✅ 状态已保存到: /root/.openclaw/workspace/logs/safe-functions-state.json
[2026-03-09 16:32:19] 
[2026-03-09 16:32:19] 📄 Step 7: 生成报告
[2026-03-09 16:32:19] --------------------
[2026-03-09 16:32:19] ✅ 报告已生成: /root/.openclaw/workspace/memory/safe-functions-impact-report-20260309-1632.md
[2026-03-09 16:32:19] 
========================================
✅ 监控完成
========================================

系统健康评分: 7/10 🟡 良好
报告文件: /root/.openclaw/workspace/memory/safe-functions-impact-report-20260309-1632.md

