[2026-03-12 00:36:26] === 会话终止工具 ===
[2026-03-12 00:36:26] 阈值: > --dry-runh
[2026-03-12 00:36:26] 模式: 干运行
[2026-03-12 00:36:26] 📊 扫描需要终止的会话...
[2026-03-12 00:36:28] ⚠️ 发现 258 个需要终止的会话
[2026-03-12 00:36:28] === 会话终止工具 ===
[2026-03-12 00:36:28] 阈值: > --forceh
[2026-03-12 00:36:28] 模式: 实际执行
[2026-03-12 00:36:28] 📊 扫描需要终止的会话...
[2026-03-12 00:36:29] ⚠️ 发现 258 个需要终止的会话
[2026-03-12 00:36:29] 🔧 开始终止会话...
[2026-03-12 00:36:29] 终止会话: e0340c78-85a0-4422-b782-449ea707be3c (364.6h)
[2026-03-12 00:36:29]   - 已备份到: /root/.openclaw/workspace/logs/terminated-sessions/e0340c78-85a0-4422-b782-449ea707be3c.jsonl.terminated.20260312-003629
[2026-03-12 00:36:29]   - ✅ 已终止
[2026-03-12 00:36:29] 终止会话: 306dd63f-b93e-45d9-b7b8-63448b5816b3 (364.6h)
[2026-03-12 00:36:29]   - 已备份到: /root/.openclaw/workspace/logs/terminated-sessions/306dd63f-b93e-45d9-b7b8-63448b5816b3.jsonl.terminated.20260312-003629
[2026-03-12 00:36:29]   - ✅ 已终止
[2026-03-12 00:36:29] 终止会话: abd1a921-90f6-4ff8-b5ff-1980eb7cf74b (364.5h)
[2026-03-12 00:36:29]   - 已备份到: /root/.openclaw/workspace/logs/terminated-sessions/abd1a921-90f6-4ff8-b5ff-1980eb7cf74b.jsonl.terminated.20260312-003629
[2026-03-12 00:36:29]   - ✅ 已终止
[2026-03-12 00:36:29] 终止会话: 41ba2382-a6f2-4332-97c2-8b8e256b8ea0 (364.5h)
[2026-03-12 00:36:29]   - 已备份到: /root/.openclaw/workspace/logs/terminated-sessions/41ba2382-a6f2-4332-97c2-8b8e256b8ea0.jsonl.terminated.20260312-003629
[2026-03-12 00:36:29]   - ✅ 已终止
[2026-03-12 00:36:29] 终止会话: 2e16b22d-446c-4e4a-8f50-89fba5528ff5 (364.5h)
[2026-03-12 00:36:29]   - 已备份到: /root/.openclaw/workspace/logs/terminated-sessions/2e16b22d-446c-4e4a-8f50-89fba5528ff5.jsonl.terminated.20260312-003629
[2026-03-12 00:36:29]   - ✅ 已终止
[2026-03-12 00:36:30] 终止会话: e141ecfd-76f8-4a24-9b22-f2f1fe3bb930 (364.4h)
[2026-03-12 00:36:30]   - 已备份到: /root/.openclaw/workspace/logs/terminated-sessions/e141ecfd-76f8-4a24-9b22-f2f1fe3bb930.jsonl.terminated.20260312-003630
[2026-03-12 00:36:30]   - ✅ 已终止
[2026-03-12 00:36:30] 终止会话: a62512f8-38a7-4ed0-92ca-613875d8390b (364.4h)
[2026-03-12 00:36:30]   - 已备份到: /root/.openclaw/workspace/logs/terminated-sessions/a62512f8-38a7-4ed0-92ca-613875d8390b.jsonl.terminated.20260312-003630
[2026-03-12 00:36:30]   - ✅ 已终止
[2026-03-12 00:36:30] 终止会话: 8fd99def-a065-4c56-ab06-80bdcad98648 (364.4h)
[2026-03-12 00:36:30]   - 已备份到: /root/.openclaw/workspace/logs/terminated-sessions/8fd99def-a065-4c56-ab06-80bdcad98648.jsonl.terminated.20260312-003630
[2026-03-12 00:36:30]   - ✅ 已终止
[2026-03-12 00:36:30] 终止会话: 860be322-75ff-4515-8445-cda0fdb52cab (364.3h)
[2026-03-12 00:36:30]   - 已备份到: /root/.openclaw/workspace/logs/terminated-sessions/860be322-75ff-4515-8445-cda0fdb52cab.jsonl.terminated.20260312-003630
[2026-03-12 00:36:30]   - ✅ 已终止
[2026-03-12 00:36:30] 终止会话: 2d364880-496a-4961-b17b-fa908ea779d6 (362.6h)
[2026-03-12 00:36:30]   - 已备份到: /root/.openclaw/workspace/logs/terminated-sessions/2d364880-496a-4961-b17b-fa908ea779d6.jsonl.terminated.20260312-003630
[2026-03-12 00:36:30]   - ✅ 已终止
[2026-03-12 00:36:30] 终止会话: 254eb70d-74cd-4717-8734-75cf669cd356 (362.5h)
[2026-03-12 00:36:30]   - 已备份到: /root/.openclaw/workspace/logs/terminated-sessions/254eb70d-74cd-4717-8734-75cf669cd356.jsonl.terminated.20260312-003630
[2026-03-12 00:36:30]   - ✅ 已终止
[2026-03-12 00:36:30] 终止会话: d4f956f0-3c94-466d-bbea-ff4c76d43d83 (357.0h)
[2026-03-12 00:36:30]   - 已备份到: /root/.openclaw/workspace/logs/terminated-sessions/d4f956f0-3c94-466d-bbea-ff4c76d43d83.jsonl.terminated.20260312-003630
[2026-03-12 00:36:30]   - ✅ 已终止
[2026-03-12 00:36:30] 终止会话: 62ce1117-9e0b-4ad3-b268-8f9a04502d68 (356.6h)
[2026-03-12 00:36:30]   - 已备份到: /root/.openclaw/workspace/logs/terminated-sessions/62ce1117-9e0b-4ad3-b268-8f9a04502d68.jsonl.terminated.20260312-003630
[2026-03-12 00:36:30]   - ✅ 已终止
[2026-03-12 00:36:30] 终止会话: e9fefc95-8d02-4c68-b401-1dac6bc758e2 (354.2h)
[2026-03-12 00:36:30]   - 已备份到: /root/.openclaw/workspace/logs/terminated-sessions/e9fefc95-8d02-4c68-b401-1dac6bc758e2.jsonl.terminated.20260312-003630
[2026-03-12 00:36:30]   - ✅ 已终止
[2026-03-12 00:36:30] 终止会话: fa38704d-ac2f-4437-ad0c-d9f2d740417e (352.5h)
[2026-03-12 00:36:30]   - 已备份到: /root/.openclaw/workspace/logs/terminated-sessions/fa38704d-ac2f-4437-ad0c-d9f2d740417e.jsonl.terminated.20260312-003630
[2026-03-12 00:36:30]   - ✅ 已终止
[2026-03-12 00:36:30] 终止会话: 38c8c750-bd14-40ca-94ce-1a47cebd059d (352.2h)
[2026-03-12 00:36:30]   - 已备份到: /root/.openclaw/workspace/logs/terminated-sessions/38c8c750-bd14-40ca-94ce-1a47cebd059d.jsonl.terminated.20260312-003630
[2026-03-12 00:36:30]   - ✅ 已终止
[2026-03-12 00:36:30] 终止会话: de2e0e0f-83d3-4a7b-9120-871c05b65c73 (352.1h)
[2026-03-12 00:36:30]   - 已备份到: /root/.openclaw/workspace/logs/terminated-sessions/de2e0e0f-83d3-4a7b-9120-871c05b65c73.jsonl.terminated.20260312-003630
[2026-03-12 00:36:30]   - ✅ 已终止
[2026-03-12 00:36:30] 终止会话: ca94846c-ce5e-493f-9216-d0a26fcd8002 (352.1h)
[2026-03-12 00:36:30]   - 已备份到: /root/.openclaw/workspace/logs/terminated-sessions/ca94846c-ce5e-493f-9216-d0a26fcd8002.jsonl.terminated.20260312-003630
[2026-03-12 00:36:30]   - ✅ 已终止
[2026-03-12 00:36:30] 终止会话: b0a0cf69-f274-4b67-aa61-170da4c412f0 (351.7h)
[2026-03-12 00:36:30]   - 已备份到: /root/.openclaw/workspace/logs/terminated-sessions/b0a0cf69-f274-4b67-aa61-170da4c412f0.jsonl.terminated.20260312-003630
[2026-03-12 00:36:30]   - ✅ 已终止
[2026-03-12 00:36:30] 终止会话: db37dd8c-f383-41e7-ac32-4ca0618a9acc (351.5h)
[2026-03-12 00:36:30]   - 已备份到: /root/.openclaw/workspace/logs/terminated-sessions/db37dd8c-f383-41e7-ac32-4ca0618a9acc.jsonl.terminated.20260312-003630
[2026-03-12 00:36:30]   - ✅ 已终止
[2026-03-12 00:36:30] 终止会话: d2026d4c-22aa-4e60-bc27-d274385c06c3 (351.5h)
[2026-03-12 00:36:30]   - 已备份到: /root/.openclaw/workspace/logs/terminated-sessions/d2026d4c-22aa-4e60-bc27-d274385c06c3.jsonl.terminated.20260312-003630
[2026-03-12 00:36:30]   - ✅ 已终止
[2026-03-12 00:36:30] 终止会话: a8da7001-7746-43e6-9291-deca61017af6 (351.2h)
[2026-03-12 00:36:30]   - 已备份到: /root/.openclaw/workspace/logs/terminated-sessions/a8da7001-7746-43e6-9291-deca61017af6.jsonl.terminated.20260312-003630
[2026-03-12 00:36:30]   - ✅ 已终止
[2026-03-12 00:36:30] 终止会话: b6488292-37a1-4075-b7d1-65ecb672f769 (351.0h)
[2026-03-12 00:36:30]   - 已备份到: /root/.openclaw/workspace/logs/terminated-sessions/b6488292-37a1-4075-b7d1-65ecb672f769.jsonl.terminated.20260312-003630
[2026-03-12 00:36:30]   - ✅ 已终止
[2026-03-12 00:36:30] 终止会话: 7897b303-0a1a-41cf-8d38-cf7b53d8b094 (351.0h)
[2026-03-12 00:36:30]   - 已备份到: /root/.openclaw/workspace/logs/terminated-sessions/7897b303-0a1a-41cf-8d38-cf7b53d8b094.jsonl.terminated.20260312-003630
[2026-03-12 00:36:30]   - ✅ 已终止
[2026-03-12 00:36:30] 终止会话: 42b8b4bc-a126-4f89-91dc-32f90e183b7f (350.9h)
[2026-03-12 00:36:30]   - 已备份到: /root/.openclaw/workspace/logs/terminated-sessions/42b8b4bc-a126-4f89-91dc-32f90e183b7f.jsonl.terminated.20260312-003630
[2026-03-12 00:36:30]   - ✅ 已终止
[2026-03-12 00:36:30] 终止会话: b8348d9c-c476-4a9c-9be9-5c1d526ea769 (350.8h)
[2026-03-12 00:36:30]   - 已备份到: /root/.openclaw/workspace/logs/terminated-sessions/b8348d9c-c476-4a9c-9be9-5c1d526ea769.jsonl.terminated.20260312-003630
[2026-03-12 00:36:30]   - ✅ 已终止
[2026-03-12 00:36:30] 终止会话: 20c70510-e7cf-4ada-9a09-353258a2fa30 (349.6h)
[2026-03-12 00:36:30]   - 已备份到: /root/.openclaw/workspace/logs/terminated-sessions/20c70510-e7cf-4ada-9a09-353258a2fa30.jsonl.terminated.20260312-003630
[2026-03-12 00:36:30]   - ✅ 已终止
[2026-03-12 00:36:30] 终止会话: 5e410f5c-f827-4cc7-81e6-5d75a2d9ddec (349.4h)
[2026-03-12 00:36:30]   - 已备份到: /root/.openclaw/workspace/logs/terminated-sessions/5e410f5c-f827-4cc7-81e6-5d75a2d9ddec.jsonl.terminated.20260312-003630
[2026-03-12 00:36:30]   - ✅ 已终止
[2026-03-12 00:36:30] 终止会话: c0584431-ab5a-4763-ba63-cbed76f0c730 (349.3h)
[2026-03-12 00:36:30]   - 已备份到: /root/.openclaw/workspace/logs/terminated-sessions/c0584431-ab5a-4763-ba63-cbed76f0c730.jsonl.terminated.20260312-003630
[2026-03-12 00:36:30]   - ✅ 已终止
[2026-03-12 00:36:30] 终止会话: f6231a92-a8f1-4fb7-ba9b-fb50bdc6a220 (348.7h)
[2026-03-12 00:36:30]   - 已备份到: /root/.openclaw/workspace/logs/terminated-sessions/f6231a92-a8f1-4fb7-ba9b-fb50bdc6a220.jsonl.terminated.20260312-003630
[2026-03-12 00:36:30]   - ✅ 已终止
[2026-03-12 00:36:30] 终止会话: dec96420-51e8-4659-900d-27c636d7d90a (347.6h)
[2026-03-12 00:36:30]   - 已备份到: /root/.openclaw/workspace/logs/terminated-sessions/dec96420-51e8-4659-900d-27c636d7d90a.jsonl.terminated.20260312-003630
[2026-03-12 00:36:30]   - ✅ 已终止
[2026-03-12 00:36:30] 终止会话: c469a676-7e23-4881-97f8-40558bbbcbd5 (347.5h)
[2026-03-12 00:36:30]   - 已备份到: /root/.openclaw/workspace/logs/terminated-sessions/c469a676-7e23-4881-97f8-40558bbbcbd5.jsonl.terminated.20260312-003630
[2026-03-12 00:36:30]   - ✅ 已终止
[2026-03-12 00:36:30] 终止会话: 8aea9af0-ee35-4943-963d-03e35d01804b (347.5h)
[2026-03-12 00:36:30]   - 已备份到: /root/.openclaw/workspace/logs/terminated-sessions/8aea9af0-ee35-4943-963d-03e35d01804b.jsonl.terminated.20260312-003630
[2026-03-12 00:36:30]   - ✅ 已终止
[2026-03-12 00:36:30] 终止会话: 07e1e235-72fe-4430-b40b-b4a9808bd935 (347.4h)
[2026-03-12 00:36:30]   - 已备份到: /root/.openclaw/workspace/logs/terminated-sessions/07e1e235-72fe-4430-b40b-b4a9808bd935.jsonl.terminated.20260312-003630
[2026-03-12 00:36:30]   - ✅ 已终止
[2026-03-12 00:36:30] 终止会话: 65379756-ed37-424a-b93a-2d00ca3b8677 (346.7h)
[2026-03-12 00:36:30]   - 已备份到: /root/.openclaw/workspace/logs/terminated-sessions/65379756-ed37-424a-b93a-2d00ca3b8677.jsonl.terminated.20260312-003630
[2026-03-12 00:36:30]   - ✅ 已终止
[2026-03-12 00:36:30] 终止会话: 5f3cc511-c417-4017-9dd1-f53e4ddd7726 (346.6h)
[2026-03-12 00:36:30]   - 已备份到: /root/.openclaw/workspace/logs/terminated-sessions/5f3cc511-c417-4017-9dd1-f53e4ddd7726.jsonl.terminated.20260312-003630
[2026-03-12 00:36:30]   - ✅ 已终止
[2026-03-12 00:36:30] 终止会话: b45cdd2f-ba68-400a-8c91-be4ffe54c049 (346.5h)
[2026-03-12 00:36:30]   - 已备份到: /root/.openclaw/workspace/logs/terminated-sessions/b45cdd2f-ba68-400a-8c91-be4ffe54c049.jsonl.terminated.20260312-003630
[2026-03-12 00:36:30]   - ✅ 已终止
[2026-03-12 00:36:30] 终止会话: 7cd41815-0970-4a4e-a460-f4965f45d5b9 (346.4h)
[2026-03-12 00:36:30]   - 已备份到: /root/.openclaw/workspace/logs/terminated-sessions/7cd41815-0970-4a4e-a460-f4965f45d5b9.jsonl.terminated.20260312-003630
[2026-03-12 00:36:30]   - ✅ 已终止
[2026-03-12 00:36:30] 终止会话: 4886e740-8270-4d0b-bc3c-47063eed65b4 (346.4h)
[2026-03-12 00:36:30]   - 已备份到: /root/.openclaw/workspace/logs/terminated-sessions/4886e740-8270-4d0b-bc3c-47063eed65b4.jsonl.terminated.20260312-003630
[2026-03-12 00:36:30]   - ✅ 已终止
[2026-03-12 00:36:30] 终止会话: d886ccb1-4a60-44b1-9dfd-e7208e4d5815 (345.5h)
[2026-03-12 00:36:30]   - 已备份到: /root/.openclaw/workspace/logs/terminated-sessions/d886ccb1-4a60-44b1-9dfd-e7208e4d5815.jsonl.terminated.20260312-003630
[2026-03-12 00:36:30]   - ✅ 已终止
[2026-03-12 00:36:30] 终止会话: fe7bdadc-c18a-45ca-8603-5fed8646dfb0 (345.4h)
[2026-03-12 00:36:30]   - 已备份到: /root/.openclaw/workspace/logs/terminated-sessions/fe7bdadc-c18a-45ca-8603-5fed8646dfb0.jsonl.terminated.20260312-003630
[2026-03-12 00:36:30]   - ✅ 已终止
[2026-03-12 00:36:30] 终止会话: c6960f9d-e02c-427f-8652-e07508d02521 (345.3h)
[2026-03-12 00:36:30]   - 已备份到: /root/.openclaw/workspace/logs/terminated-sessions/c6960f9d-e02c-427f-8652-e07508d02521.jsonl.terminated.20260312-003630
[2026-03-12 00:36:30]   - ✅ 已终止
[2026-03-12 00:36:30] 终止会话: 0d03a990-0ca0-4ac2-9235-2cc89d7c2738 (344.7h)
[2026-03-12 00:36:30]   - 已备份到: /root/.openclaw/workspace/logs/terminated-sessions/0d03a990-0ca0-4ac2-9235-2cc89d7c2738.jsonl.terminated.20260312-003630
[2026-03-12 00:36:30]   - ✅ 已终止
[2026-03-12 00:36:30] 终止会话: fe2b2f29-98b3-48d0-be61-0941bec43950 (344.3h)
[2026-03-12 00:36:30]   - 已备份到: /root/.openclaw/workspace/logs/terminated-sessions/fe2b2f29-98b3-48d0-be61-0941bec43950.jsonl.terminated.20260312-003630
[2026-03-12 00:36:30]   - ✅ 已终止
[2026-03-12 00:36:30] 终止会话: 47a4f5a1-a8c7-46a1-8097-8c263f53920e (344.3h)
[2026-03-12 00:36:30]   - 已备份到: /root/.openclaw/workspace/logs/terminated-sessions/47a4f5a1-a8c7-46a1-8097-8c263f53920e.jsonl.terminated.20260312-003630
[2026-03-12 00:36:30]   - ✅ 已终止
[2026-03-12 00:36:30] 终止会话: 1e777a55-2a3b-47f5-ad7e-d990f89356c9 (344.0h)
[2026-03-12 00:36:30]   - 已备份到: /root/.openclaw/workspace/logs/terminated-sessions/1e777a55-2a3b-47f5-ad7e-d990f89356c9.jsonl.terminated.20260312-003630
[2026-03-12 00:36:30]   - ✅ 已终止
[2026-03-12 00:36:30] 终止会话: 6a317039-7723-47f8-a8bd-a41ad83e8f02 (343.8h)
[2026-03-12 00:36:30]   - 已备份到: /root/.openclaw/workspace/logs/terminated-sessions/6a317039-7723-47f8-a8bd-a41ad83e8f02.jsonl.terminated.20260312-003630
[2026-03-12 00:36:30]   - ✅ 已终止
[2026-03-12 00:36:30] 终止会话: 94788454-a2c9-46d5-b4a6-badcfbbe48b6 (343.7h)
[2026-03-12 00:36:30]   - 已备份到: /root/.openclaw/workspace/logs/terminated-sessions/94788454-a2c9-46d5-b4a6-badcfbbe48b6.jsonl.terminated.20260312-003630
[2026-03-12 00:36:30]   - ✅ 已终止
[2026-03-12 00:36:30] 终止会话: 271a3c4f-a5fb-4c86-bd77-e23fe8ebfca3 (343.6h)
[2026-03-12 00:36:30]   - 已备份到: /root/.openclaw/workspace/logs/terminated-sessions/271a3c4f-a5fb-4c86-bd77-e23fe8ebfca3.jsonl.terminated.20260312-003630
[2026-03-12 00:36:30]   - ✅ 已终止
[2026-03-12 00:36:30] 终止会话: cb7083a3-0007-497a-b071-a33a9f5de141 (342.9h)
[2026-03-12 00:36:30]   - 已备份到: /root/.openclaw/workspace/logs/terminated-sessions/cb7083a3-0007-497a-b071-a33a9f5de141.jsonl.terminated.20260312-003630
[2026-03-12 00:36:30]   - ✅ 已终止
[2026-03-12 00:36:30] 终止会话: 92c2c30e-558a-47ff-9da3-35c731917637 (340.6h)
[2026-03-12 00:36:30]   - 已备份到: /root/.openclaw/workspace/logs/terminated-sessions/92c2c30e-558a-47ff-9da3-35c731917637.jsonl.terminated.20260312-003630
[2026-03-12 00:36:30]   - ✅ 已终止
[2026-03-12 00:36:30] 终止会话: f2aba800-ab6c-46e1-9794-45550c0884f3 (340.5h)
[2026-03-12 00:36:30]   - 已备份到: /root/.openclaw/workspace/logs/terminated-sessions/f2aba800-ab6c-46e1-9794-45550c0884f3.jsonl.terminated.20260312-003630
[2026-03-12 00:36:30]   - ✅ 已终止
[2026-03-12 00:36:30] 终止会话: 7f10c772-8b9f-4b5e-927d-3e92104e8199 (340.5h)
[2026-03-12 00:36:30]   - 已备份到: /root/.openclaw/workspace/logs/terminated-sessions/7f10c772-8b9f-4b5e-927d-3e92104e8199.jsonl.terminated.20260312-003630
[2026-03-12 00:36:30]   - ✅ 已终止
[2026-03-12 00:36:30] 终止会话: 607bc414-30f7-4736-b679-ea3faa37356a (340.5h)
[2026-03-12 00:36:30]   - 已备份到: /root/.openclaw/workspace/logs/terminated-sessions/607bc414-30f7-4736-b679-ea3faa37356a.jsonl.terminated.20260312-003630
[2026-03-12 00:36:30]   - ✅ 已终止
[2026-03-12 00:36:30] 终止会话: 3787b6f7-ea22-4e78-9029-47a86f7ba941 (340.5h)
[2026-03-12 00:36:30]   - 已备份到: /root/.openclaw/workspace/logs/terminated-sessions/3787b6f7-ea22-4e78-9029-47a86f7ba941.jsonl.terminated.20260312-003630
[2026-03-12 00:36:30]   - ✅ 已终止
[2026-03-12 00:36:30] 终止会话: 9f329d61-a6e8-4583-ab26-39539da6c300 (340.4h)
[2026-03-12 00:36:30]   - 已备份到: /root/.openclaw/workspace/logs/terminated-sessions/9f329d61-a6e8-4583-ab26-39539da6c300.jsonl.terminated.20260312-003630
[2026-03-12 00:36:30]   - ✅ 已终止
[2026-03-12 00:36:30] 终止会话: 588171b9-eda6-46ed-a3aa-735db275c1b9 (340.1h)
[2026-03-12 00:36:30]   - 已备份到: /root/.openclaw/workspace/logs/terminated-sessions/588171b9-eda6-46ed-a3aa-735db275c1b9.jsonl.terminated.20260312-003630
[2026-03-12 00:36:30]   - ✅ 已终止
[2026-03-12 00:36:30] 终止会话: ee19d32a-3b50-41ba-8a75-1864238b2699 (339.9h)
[2026-03-12 00:36:30]   - 已备份到: /root/.openclaw/workspace/logs/terminated-sessions/ee19d32a-3b50-41ba-8a75-1864238b2699.jsonl.terminated.20260312-003630
[2026-03-12 00:36:30]   - ✅ 已终止
[2026-03-12 00:36:30] 终止会话: f9c8eada-1816-4fa4-8ccd-c0d6f9f0808a (339.6h)
[2026-03-12 00:36:30]   - 已备份到: /root/.openclaw/workspace/logs/terminated-sessions/f9c8eada-1816-4fa4-8ccd-c0d6f9f0808a.jsonl.terminated.20260312-003630
[2026-03-12 00:36:30]   - ✅ 已终止
[2026-03-12 00:36:30] 终止会话: 21175594-1e8d-427e-a183-5fb113e1c05b (339.6h)
[2026-03-12 00:36:30]   - 已备份到: /root/.openclaw/workspace/logs/terminated-sessions/21175594-1e8d-427e-a183-5fb113e1c05b.jsonl.terminated.20260312-003630
[2026-03-12 00:36:30]   - ✅ 已终止
[2026-03-12 00:36:30] 终止会话: ea5096de-96a5-4a03-876f-36023ed1c44f (337.6h)
[2026-03-12 00:36:30]   - 已备份到: /root/.openclaw/workspace/logs/terminated-sessions/ea5096de-96a5-4a03-876f-36023ed1c44f.jsonl.terminated.20260312-003630
[2026-03-12 00:36:30]   - ✅ 已终止
[2026-03-12 00:36:30] 终止会话: e8cc00c3-00ce-4e3e-b740-2fe628ba5434 (334.6h)
[2026-03-12 00:36:30]   - 已备份到: /root/.openclaw/workspace/logs/terminated-sessions/e8cc00c3-00ce-4e3e-b740-2fe628ba5434.jsonl.terminated.20260312-003630
[2026-03-12 00:36:30]   - ✅ 已终止
[2026-03-12 00:36:30] 终止会话: 92d84243-739a-4078-acea-1284c597051b (334.1h)
[2026-03-12 00:36:30]   - 已备份到: /root/.openclaw/workspace/logs/terminated-sessions/92d84243-739a-4078-acea-1284c597051b.jsonl.terminated.20260312-003630
[2026-03-12 00:36:30]   - ✅ 已终止
[2026-03-12 00:36:30] 终止会话: e93ea281-1f2e-437c-85a9-9b8472b94f54 (331.6h)
[2026-03-12 00:36:30]   - 已备份到: /root/.openclaw/workspace/logs/terminated-sessions/e93ea281-1f2e-437c-85a9-9b8472b94f54.jsonl.terminated.20260312-003630
[2026-03-12 00:36:30]   - ✅ 已终止
[2026-03-12 00:36:30] 终止会话: 242407be-a355-4f0f-9a5d-3f81d1f78ecf (328.8h)
[2026-03-12 00:36:30]   - 已备份到: /root/.openclaw/workspace/logs/terminated-sessions/242407be-a355-4f0f-9a5d-3f81d1f78ecf.jsonl.terminated.20260312-003630
[2026-03-12 00:36:30]   - ✅ 已终止
[2026-03-12 00:36:30] 终止会话: 4596fd7a-42fa-424a-8fd1-89d29d085fb4 (328.7h)
[2026-03-12 00:36:30]   - 已备份到: /root/.openclaw/workspace/logs/terminated-sessions/4596fd7a-42fa-424a-8fd1-89d29d085fb4.jsonl.terminated.20260312-003630
[2026-03-12 00:36:30]   - ✅ 已终止
[2026-03-12 00:36:30] 终止会话: 0a7724d1-0599-414e-84ec-596bc72958be (328.6h)
[2026-03-12 00:36:30]   - 已备份到: /root/.openclaw/workspace/logs/terminated-sessions/0a7724d1-0599-414e-84ec-596bc72958be.jsonl.terminated.20260312-003630
[2026-03-12 00:36:30]   - ✅ 已终止
[2026-03-12 00:36:30] 终止会话: 4cda4d5c-c094-4966-9660-74d08be5b388 (327.7h)
[2026-03-12 00:36:30]   - 已备份到: /root/.openclaw/workspace/logs/terminated-sessions/4cda4d5c-c094-4966-9660-74d08be5b388.jsonl.terminated.20260312-003630
[2026-03-12 00:36:30]   - ✅ 已终止
[2026-03-12 00:36:30] 终止会话: 48186ec2-0d1e-4715-9cf1-b2616fd315b8 (326.8h)
[2026-03-12 00:36:30]   - 已备份到: /root/.openclaw/workspace/logs/terminated-sessions/48186ec2-0d1e-4715-9cf1-b2616fd315b8.jsonl.terminated.20260312-003630
[2026-03-12 00:36:30]   - ✅ 已终止
[2026-03-12 00:36:30] 终止会话: 7392bb8e-f025-45c6-ab06-7e115ba63a96 (326.2h)
[2026-03-12 00:36:30]   - 已备份到: /root/.openclaw/workspace/logs/terminated-sessions/7392bb8e-f025-45c6-ab06-7e115ba63a96.jsonl.terminated.20260312-003630
[2026-03-12 00:36:30]   - ✅ 已终止
[2026-03-12 00:36:30] 终止会话: 82f776d0-f681-489b-8c0d-21bad404ab2c (325.3h)
[2026-03-12 00:36:30]   - 已备份到: /root/.openclaw/workspace/logs/terminated-sessions/82f776d0-f681-489b-8c0d-21bad404ab2c.jsonl.terminated.20260312-003630
[2026-03-12 00:36:30]   - ✅ 已终止
[2026-03-12 00:36:30] 终止会话: 20b6fd71-5426-4343-a324-8f5c83370443 (316.6h)
[2026-03-12 00:36:30]   - 已备份到: /root/.openclaw/workspace/logs/terminated-sessions/20b6fd71-5426-4343-a324-8f5c83370443.jsonl.terminated.20260312-003630
[2026-03-12 00:36:30]   - ✅ 已终止
[2026-03-12 00:36:30] 终止会话: fa61ba60-6361-4b63-98e9-bc51a2e2d686 (316.5h)
[2026-03-12 00:36:30]   - 已备份到: /root/.openclaw/workspace/logs/terminated-sessions/fa61ba60-6361-4b63-98e9-bc51a2e2d686.jsonl.terminated.20260312-003630
[2026-03-12 00:36:30]   - ✅ 已终止
[2026-03-12 00:36:30] 终止会话: 767625cd-6eda-43d9-94bc-a3e498b31040 (316.5h)
[2026-03-12 00:36:30]   - 已备份到: /root/.openclaw/workspace/logs/terminated-sessions/767625cd-6eda-43d9-94bc-a3e498b31040.jsonl.terminated.20260312-003630
[2026-03-12 00:36:30]   - ✅ 已终止
[2026-03-12 00:36:30] 终止会话: 69913644-d791-4253-94a3-1b5083fb6e4b (316.5h)
[2026-03-12 00:36:30]   - 已备份到: /root/.openclaw/workspace/logs/terminated-sessions/69913644-d791-4253-94a3-1b5083fb6e4b.jsonl.terminated.20260312-003630
[2026-03-12 00:36:30]   - ✅ 已终止
[2026-03-12 00:36:30] 终止会话: 307f236a-2cff-48d9-babe-ef815a9e99c6 (316.5h)
[2026-03-12 00:36:30]   - 已备份到: /root/.openclaw/workspace/logs/terminated-sessions/307f236a-2cff-48d9-babe-ef815a9e99c6.jsonl.terminated.20260312-003630
[2026-03-12 00:36:30]   - ✅ 已终止
[2026-03-12 00:36:30] 终止会话: e81847ac-4a0c-439e-9d8a-eaada499f977 (316.4h)
[2026-03-12 00:36:30]   - 已备份到: /root/.openclaw/workspace/logs/terminated-sessions/e81847ac-4a0c-439e-9d8a-eaada499f977.jsonl.terminated.20260312-003630
[2026-03-12 00:36:30]   - ✅ 已终止
[2026-03-12 00:36:30] 终止会话: c85a3535-16dd-429f-a9e6-488fcf4fa0fc (316.1h)
[2026-03-12 00:36:30]   - 已备份到: /root/.openclaw/workspace/logs/terminated-sessions/c85a3535-16dd-429f-a9e6-488fcf4fa0fc.jsonl.terminated.20260312-003630
[2026-03-12 00:36:30]   - ✅ 已终止
[2026-03-12 00:36:30] 终止会话: dff26f44-e7ab-435a-a2ef-11037ddad678 (315.9h)
[2026-03-12 00:36:30]   - 已备份到: /root/.openclaw/workspace/logs/terminated-sessions/dff26f44-e7ab-435a-a2ef-11037ddad678.jsonl.terminated.20260312-003630
[2026-03-12 00:36:30]   - ✅ 已终止
[2026-03-12 00:36:30] 终止会话: efb79b65-edc1-4865-9c56-fd426ba4e3ba (315.6h)
[2026-03-12 00:36:30]   - 已备份到: /root/.openclaw/workspace/logs/terminated-sessions/efb79b65-edc1-4865-9c56-fd426ba4e3ba.jsonl.terminated.20260312-003630
[2026-03-12 00:36:30]   - ✅ 已终止
[2026-03-12 00:36:30] 终止会话: 3cfbf87d-be42-4631-ac35-c78506257c91 (315.6h)
[2026-03-12 00:36:30]   - 已备份到: /root/.openclaw/workspace/logs/terminated-sessions/3cfbf87d-be42-4631-ac35-c78506257c91.jsonl.terminated.20260312-003630
[2026-03-12 00:36:30]   - ✅ 已终止
[2026-03-12 00:36:30] 终止会话: 3ccf4b4a-bed6-48d7-bf51-c2d0e73ba677 (313.6h)
[2026-03-12 00:36:30]   - 已备份到: /root/.openclaw/workspace/logs/terminated-sessions/3ccf4b4a-bed6-48d7-bf51-c2d0e73ba677.jsonl.terminated.20260312-003630
[2026-03-12 00:36:30]   - ✅ 已终止
[2026-03-12 00:36:30] 终止会话: 271e62de-9668-49f9-9ce3-92a2ac33b533 (310.6h)
[2026-03-12 00:36:30]   - 已备份到: /root/.openclaw/workspace/logs/terminated-sessions/271e62de-9668-49f9-9ce3-92a2ac33b533.jsonl.terminated.20260312-003630
[2026-03-12 00:36:30]   - ✅ 已终止
[2026-03-12 00:36:30] 终止会话: 7f1981c5-748b-4556-8b57-97016c787ac3 (310.1h)
[2026-03-12 00:36:30]   - 已备份到: /root/.openclaw/workspace/logs/terminated-sessions/7f1981c5-748b-4556-8b57-97016c787ac3.jsonl.terminated.20260312-003630
[2026-03-12 00:36:30]   - ✅ 已终止
[2026-03-12 00:36:30] 终止会话: 13d96f00-0eb5-488c-8964-db38d7054147 (307.6h)
[2026-03-12 00:36:30]   - 已备份到: /root/.openclaw/workspace/logs/terminated-sessions/13d96f00-0eb5-488c-8964-db38d7054147.jsonl.terminated.20260312-003630
[2026-03-12 00:36:30]   - ✅ 已终止
[2026-03-12 00:36:30] 终止会话: f6f6fb93-b7a1-4768-a456-9a9dafcfa550 (305.9h)
[2026-03-12 00:36:30]   - 已备份到: /root/.openclaw/workspace/logs/terminated-sessions/f6f6fb93-b7a1-4768-a456-9a9dafcfa550.jsonl.terminated.20260312-003630
[2026-03-12 00:36:30]   - ✅ 已终止
[2026-03-12 00:36:30] 终止会话: b0e344ee-b401-4b40-87fd-412abab658ce (305.9h)
[2026-03-12 00:36:30]   - 已备份到: /root/.openclaw/workspace/logs/terminated-sessions/b0e344ee-b401-4b40-87fd-412abab658ce.jsonl.terminated.20260312-003630
[2026-03-12 00:36:30]   - ✅ 已终止
[2026-03-12 00:36:30] 终止会话: 23a4aadd-4e9c-4318-8ce0-8f3d6b37c006 (305.9h)
[2026-03-12 00:36:30]   - 已备份到: /root/.openclaw/workspace/logs/terminated-sessions/23a4aadd-4e9c-4318-8ce0-8f3d6b37c006.jsonl.terminated.20260312-003630
[2026-03-12 00:36:30]   - ✅ 已终止
[2026-03-12 00:36:30] 终止会话: e7caab55-ebf3-410c-ac7b-eefa7a2a3a6e (305.3h)
[2026-03-12 00:36:30]   - 已备份到: /root/.openclaw/workspace/logs/terminated-sessions/e7caab55-ebf3-410c-ac7b-eefa7a2a3a6e.jsonl.terminated.20260312-003630
[2026-03-12 00:36:30]   - ✅ 已终止
[2026-03-12 00:36:30] 终止会话: 03528ced-9b9f-4b5b-97fa-d6d56be5a595 (303.1h)
[2026-03-12 00:36:30]   - 已备份到: /root/.openclaw/workspace/logs/terminated-sessions/03528ced-9b9f-4b5b-97fa-d6d56be5a595.jsonl.terminated.20260312-003630
[2026-03-12 00:36:30]   - ✅ 已终止
[2026-03-12 00:36:30] 终止会话: 1a9c763a-628b-4b64-ba8e-3206a54110d6 (303.0h)
[2026-03-12 00:36:30]   - 已备份到: /root/.openclaw/workspace/logs/terminated-sessions/1a9c763a-628b-4b64-ba8e-3206a54110d6.jsonl.terminated.20260312-003630
[2026-03-12 00:36:30]   - ✅ 已终止
[2026-03-12 00:36:30] 终止会话: f0c7498a-84fd-459e-aa58-38ce2670a2b9 (301.0h)
[2026-03-12 00:36:30]   - 已备份到: /root/.openclaw/workspace/logs/terminated-sessions/f0c7498a-84fd-459e-aa58-38ce2670a2b9.jsonl.terminated.20260312-003630
[2026-03-12 00:36:30]   - ✅ 已终止
[2026-03-12 00:36:30] 终止会话: 17556421-25db-4bca-8ea9-ec5b0d8b719e (300.4h)
[2026-03-12 00:36:30]   - 已备份到: /root/.openclaw/workspace/logs/terminated-sessions/17556421-25db-4bca-8ea9-ec5b0d8b719e.jsonl.terminated.20260312-003630
[2026-03-12 00:36:30]   - ✅ 已终止
[2026-03-12 00:36:30] 终止会话: 06f7a702-1365-4a95-9d1d-663940dd5a58 (300.4h)
[2026-03-12 00:36:30]   - 已备份到: /root/.openclaw/workspace/logs/terminated-sessions/06f7a702-1365-4a95-9d1d-663940dd5a58.jsonl.terminated.20260312-003630
[2026-03-12 00:36:30]   - ✅ 已终止
[2026-03-12 00:36:30] 终止会话: 335592ce-e30a-4170-934f-4a6e9ac8a590 (296.8h)
[2026-03-12 00:36:30]   - 已备份到: /root/.openclaw/workspace/logs/terminated-sessions/335592ce-e30a-4170-934f-4a6e9ac8a590.jsonl.terminated.20260312-003630
[2026-03-12 00:36:30]   - ✅ 已终止
[2026-03-12 00:36:30] 终止会话: db0d870b-85fc-41d2-8f0d-bfeb4148931d (296.7h)
[2026-03-12 00:36:30]   - 已备份到: /root/.openclaw/workspace/logs/terminated-sessions/db0d870b-85fc-41d2-8f0d-bfeb4148931d.jsonl.terminated.20260312-003630
[2026-03-12 00:36:30]   - ✅ 已终止
[2026-03-12 00:36:30] 终止会话: 8a22704c-09fb-4193-aa62-9c88be7aec83 (292.6h)
[2026-03-12 00:36:30]   - 已备份到: /root/.openclaw/workspace/logs/terminated-sessions/8a22704c-09fb-4193-aa62-9c88be7aec83.jsonl.terminated.20260312-003630
[2026-03-12 00:36:30]   - ✅ 已终止
[2026-03-12 00:36:30] 终止会话: 81b00bb7-1101-4cd3-ad66-d6a028791759 (292.6h)
[2026-03-12 00:36:30]   - 已备份到: /root/.openclaw/workspace/logs/terminated-sessions/81b00bb7-1101-4cd3-ad66-d6a028791759.jsonl.terminated.20260312-003630
[2026-03-12 00:36:30]   - ✅ 已终止
[2026-03-12 00:36:30] 终止会话: 60e0b73b-34ea-4c20-ad2f-6ad81602d3b8 (292.4h)
[2026-03-12 00:36:30]   - 已备份到: /root/.openclaw/workspace/logs/terminated-sessions/60e0b73b-34ea-4c20-ad2f-6ad81602d3b8.jsonl.terminated.20260312-003630
[2026-03-12 00:36:30]   - ✅ 已终止
[2026-03-12 00:36:30] 终止会话: 5ac03e0b-3a3a-4765-934b-b6b867bfa9b1 (292.4h)
[2026-03-12 00:36:30]   - 已备份到: /root/.openclaw/workspace/logs/terminated-sessions/5ac03e0b-3a3a-4765-934b-b6b867bfa9b1.jsonl.terminated.20260312-003630
[2026-03-12 00:36:30]   - ✅ 已终止
[2026-03-12 00:36:30] 终止会话: ff221afa-1e8a-42f3-8990-1d9ad66bdeec (292.1h)
[2026-03-12 00:36:30]   - 已备份到: /root/.openclaw/workspace/logs/terminated-sessions/ff221afa-1e8a-42f3-8990-1d9ad66bdeec.jsonl.terminated.20260312-003630
[2026-03-12 00:36:30]   - ✅ 已终止
[2026-03-12 00:36:30] 终止会话: da18877f-c526-4045-88c9-97bcee626be0 (292.1h)
[2026-03-12 00:36:30]   - 已备份到: /root/.openclaw/workspace/logs/terminated-sessions/da18877f-c526-4045-88c9-97bcee626be0.jsonl.terminated.20260312-003630
[2026-03-12 00:36:30]   - ✅ 已终止
[2026-03-12 00:36:30] 终止会话: 47ba4c99-8801-46c2-8a9d-9efed827fea4 (292.1h)
[2026-03-12 00:36:30]   - 已备份到: /root/.openclaw/workspace/logs/terminated-sessions/47ba4c99-8801-46c2-8a9d-9efed827fea4.jsonl.terminated.20260312-003630
[2026-03-12 00:36:30]   - ✅ 已终止
[2026-03-12 00:36:30] 终止会话: a6212e7f-dd20-44a9-bfb8-a2c6e5cef320 (291.9h)
[2026-03-12 00:36:30]   - 已备份到: /root/.openclaw/workspace/logs/terminated-sessions/a6212e7f-dd20-44a9-bfb8-a2c6e5cef320.jsonl.terminated.20260312-003630
[2026-03-12 00:36:30]   - ✅ 已终止
[2026-03-12 00:36:30] 终止会话: 0db1495e-ad16-44ca-bb65-01a1aba920f8 (291.8h)
[2026-03-12 00:36:30]   - 已备份到: /root/.openclaw/workspace/logs/terminated-sessions/0db1495e-ad16-44ca-bb65-01a1aba920f8.jsonl.terminated.20260312-003630
[2026-03-12 00:36:30]   - ✅ 已终止
[2026-03-12 00:36:30] 终止会话: d2708028-17d4-4af5-b643-cd0e6f6cab7e (284.8h)
[2026-03-12 00:36:30]   - 已备份到: /root/.openclaw/workspace/logs/terminated-sessions/d2708028-17d4-4af5-b643-cd0e6f6cab7e.jsonl.terminated.20260312-003630
[2026-03-12 00:36:30]   - ✅ 已终止
[2026-03-12 00:36:30] 终止会话: 899ebf41-1e36-4e8d-9d24-d6b41dfbf891 (284.8h)
[2026-03-12 00:36:30]   - 已备份到: /root/.openclaw/workspace/logs/terminated-sessions/899ebf41-1e36-4e8d-9d24-d6b41dfbf891.jsonl.terminated.20260312-003630
[2026-03-12 00:36:30]   - ✅ 已终止
[2026-03-12 00:36:30] 终止会话: 1489ca07-fb16-4bc9-bc08-c965d913b963 (284.8h)
[2026-03-12 00:36:30]   - 已备份到: /root/.openclaw/workspace/logs/terminated-sessions/1489ca07-fb16-4bc9-bc08-c965d913b963.jsonl.terminated.20260312-003630
[2026-03-12 00:36:30]   - ✅ 已终止
[2026-03-12 00:36:30] 终止会话: 904bcc41-4d5b-41b0-b99d-f9ec246778db (284.7h)
[2026-03-12 00:36:30]   - 已备份到: /root/.openclaw/workspace/logs/terminated-sessions/904bcc41-4d5b-41b0-b99d-f9ec246778db.jsonl.terminated.20260312-003630
[2026-03-12 00:36:30]   - ✅ 已终止
[2026-03-12 00:36:30] 终止会话: 18f67ba2-d07c-4dd6-ab32-9e760d74b4e3 (274.0h)
[2026-03-12 00:36:30]   - 已备份到: /root/.openclaw/workspace/logs/terminated-sessions/18f67ba2-d07c-4dd6-ab32-9e760d74b4e3.jsonl.terminated.20260312-003630
[2026-03-12 00:36:30]   - ✅ 已终止
[2026-03-12 00:36:30] 终止会话: bcecde6f-83a2-46e0-9192-d3c9db20a2e3 (268.6h)
[2026-03-12 00:36:30]   - 已备份到: /root/.openclaw/workspace/logs/terminated-sessions/bcecde6f-83a2-46e0-9192-d3c9db20a2e3.jsonl.terminated.20260312-003630
[2026-03-12 00:36:30]   - ✅ 已终止
[2026-03-12 00:36:30] 终止会话: ffe82c63-2b9c-4895-807e-9efdd2dcee4a (268.5h)
[2026-03-12 00:36:30]   - 已备份到: /root/.openclaw/workspace/logs/terminated-sessions/ffe82c63-2b9c-4895-807e-9efdd2dcee4a.jsonl.terminated.20260312-003630
[2026-03-12 00:36:30]   - ✅ 已终止
[2026-03-12 00:36:30] 终止会话: d0c48579-9451-41ae-b440-86c1833ea84b (268.5h)
[2026-03-12 00:36:30]   - 已备份到: /root/.openclaw/workspace/logs/terminated-sessions/d0c48579-9451-41ae-b440-86c1833ea84b.jsonl.terminated.20260312-003630
[2026-03-12 00:36:30]   - ✅ 已终止
[2026-03-12 00:36:30] 终止会话: 6f982411-b23d-4c85-8047-6afcf49ba7bf (268.1h)
[2026-03-12 00:36:30]   - 已备份到: /root/.openclaw/workspace/logs/terminated-sessions/6f982411-b23d-4c85-8047-6afcf49ba7bf.jsonl.terminated.20260312-003630
[2026-03-12 00:36:30]   - ✅ 已终止
[2026-03-12 00:36:30] 终止会话: aadbe9f7-9d9b-4455-8593-f0613b825c04 (267.9h)
[2026-03-12 00:36:30]   - 已备份到: /root/.openclaw/workspace/logs/terminated-sessions/aadbe9f7-9d9b-4455-8593-f0613b825c04.jsonl.terminated.20260312-003630
[2026-03-12 00:36:30]   - ✅ 已终止
[2026-03-12 00:36:30] 终止会话: d745ed3a-a63b-41bf-b425-1135a2569823 (267.8h)
[2026-03-12 00:36:30]   - 已备份到: /root/.openclaw/workspace/logs/terminated-sessions/d745ed3a-a63b-41bf-b425-1135a2569823.jsonl.terminated.20260312-003630
[2026-03-12 00:36:30]   - ✅ 已终止
[2026-03-12 00:36:30] 终止会话: 5122e8da-9eb5-4791-abb1-e8535b061ed1 (266.6h)
[2026-03-12 00:36:30]   - 已备份到: /root/.openclaw/workspace/logs/terminated-sessions/5122e8da-9eb5-4791-abb1-e8535b061ed1.jsonl.terminated.20260312-003630
[2026-03-12 00:36:30]   - ✅ 已终止
[2026-03-12 00:36:30] 终止会话: d9ab9263-cae4-469d-b4a8-507655c1fa5c (262.6h)
[2026-03-12 00:36:30]   - 已备份到: /root/.openclaw/workspace/logs/terminated-sessions/d9ab9263-cae4-469d-b4a8-507655c1fa5c.jsonl.terminated.20260312-003630
[2026-03-12 00:36:30]   - ✅ 已终止
[2026-03-12 00:36:30] 终止会话: 3af6315b-ca87-43c8-aa20-37d2b2962b34 (262.6h)
[2026-03-12 00:36:30]   - 已备份到: /root/.openclaw/workspace/logs/terminated-sessions/3af6315b-ca87-43c8-aa20-37d2b2962b34.jsonl.terminated.20260312-003630
[2026-03-12 00:36:30]   - ✅ 已终止
[2026-03-12 00:36:30] 终止会话: 3ada545e-12b2-4be6-844a-43a063225bf8 (262.1h)
[2026-03-12 00:36:30]   - 已备份到: /root/.openclaw/workspace/logs/terminated-sessions/3ada545e-12b2-4be6-844a-43a063225bf8.jsonl.terminated.20260312-003630
[2026-03-12 00:36:30]   - ✅ 已终止
[2026-03-12 00:36:30] 终止会话: 2ac76b64-b164-47aa-b7ec-dd5060d57944 (252.5h)
[2026-03-12 00:36:30]   - 已备份到: /root/.openclaw/workspace/logs/terminated-sessions/2ac76b64-b164-47aa-b7ec-dd5060d57944.jsonl.terminated.20260312-003630
[2026-03-12 00:36:30]   - ✅ 已终止
[2026-03-12 00:36:30] 终止会话: fb252d5a-0f8e-424a-801e-1c51186c563f (236.8h)
[2026-03-12 00:36:30]   - 已备份到: /root/.openclaw/workspace/logs/terminated-sessions/fb252d5a-0f8e-424a-801e-1c51186c563f.jsonl.terminated.20260312-003630
[2026-03-12 00:36:30]   - ✅ 已终止
[2026-03-12 00:36:30] 终止会话: c8968366-3190-4d89-9068-1e980009c32c (236.8h)
[2026-03-12 00:36:30]   - 已备份到: /root/.openclaw/workspace/logs/terminated-sessions/c8968366-3190-4d89-9068-1e980009c32c.jsonl.terminated.20260312-003630
[2026-03-12 00:36:30]   - ✅ 已终止
[2026-03-12 00:36:30] 终止会话: bb2709b2-f84d-4664-94a1-f2a81f635498 (236.7h)
[2026-03-12 00:36:30]   - 已备份到: /root/.openclaw/workspace/logs/terminated-sessions/bb2709b2-f84d-4664-94a1-f2a81f635498.jsonl.terminated.20260312-003630
[2026-03-12 00:36:30]   - ✅ 已终止
[2026-03-12 00:36:30] 终止会话: 893ecbd4-d35b-437f-9cc6-06fc6cf5b000 (236.7h)
[2026-03-12 00:36:30]   - 已备份到: /root/.openclaw/workspace/logs/terminated-sessions/893ecbd4-d35b-437f-9cc6-06fc6cf5b000.jsonl.terminated.20260312-003630
[2026-03-12 00:36:30]   - ✅ 已终止
[2026-03-12 00:36:30] 终止会话: efffa3ee-37c2-46e4-a1b6-9727aad9d58d (236.6h)
[2026-03-12 00:36:30]   - 已备份到: /root/.openclaw/workspace/logs/terminated-sessions/efffa3ee-37c2-46e4-a1b6-9727aad9d58d.jsonl.terminated.20260312-003630
[2026-03-12 00:36:30]   - ✅ 已终止
[2026-03-12 00:36:30] 终止会话: b50cb290-4c07-4e5f-9f64-40a358d18133 (236.6h)
[2026-03-12 00:36:30]   - 已备份到: /root/.openclaw/workspace/logs/terminated-sessions/b50cb290-4c07-4e5f-9f64-40a358d18133.jsonl.terminated.20260312-003630
[2026-03-12 00:36:30]   - ✅ 已终止
[2026-03-12 00:36:30] 终止会话: a16b8ea7-e6ac-4f6e-ae5e-ca9b9910154f (236.6h)
[2026-03-12 00:36:30]   - 已备份到: /root/.openclaw/workspace/logs/terminated-sessions/a16b8ea7-e6ac-4f6e-ae5e-ca9b9910154f.jsonl.terminated.20260312-003630
[2026-03-12 00:36:30]   - ✅ 已终止
[2026-03-12 00:36:30] 终止会话: 2bab37c3-29aa-43bf-9040-f24d49fb5b0c (236.6h)
[2026-03-12 00:36:30]   - 已备份到: /root/.openclaw/workspace/logs/terminated-sessions/2bab37c3-29aa-43bf-9040-f24d49fb5b0c.jsonl.terminated.20260312-003630
[2026-03-12 00:36:30]   - ✅ 已终止
[2026-03-12 00:36:30] 终止会话: 1f96417d-92a6-45b2-b68f-ff495987a576 (236.6h)
[2026-03-12 00:36:30]   - 已备份到: /root/.openclaw/workspace/logs/terminated-sessions/1f96417d-92a6-45b2-b68f-ff495987a576.jsonl.terminated.20260312-003630
[2026-03-12 00:36:30]   - ✅ 已终止
[2026-03-12 00:36:30] 终止会话: 150b2aba-602b-4ffc-ba6e-0c2ddcc8bd51 (236.6h)
[2026-03-12 00:36:30]   - 已备份到: /root/.openclaw/workspace/logs/terminated-sessions/150b2aba-602b-4ffc-ba6e-0c2ddcc8bd51.jsonl.terminated.20260312-003630
[2026-03-12 00:36:30]   - ✅ 已终止
[2026-03-12 00:36:30] 终止会话: d1d3dd4d-4ed3-47c2-b4e8-65a2fd521edb (236.5h)
[2026-03-12 00:36:30]   - 已备份到: /root/.openclaw/workspace/logs/terminated-sessions/d1d3dd4d-4ed3-47c2-b4e8-65a2fd521edb.jsonl.terminated.20260312-003630
[2026-03-12 00:36:30]   - ✅ 已终止
[2026-03-12 00:36:30] 终止会话: b4915e70-7aea-46c9-9c82-4c296765d434 (236.5h)
[2026-03-12 00:36:30]   - 已备份到: /root/.openclaw/workspace/logs/terminated-sessions/b4915e70-7aea-46c9-9c82-4c296765d434.jsonl.terminated.20260312-003630
[2026-03-12 00:36:30]   - ✅ 已终止
[2026-03-12 00:36:30] 终止会话: 714fe6d6-37f6-4d55-8107-afeed16b669e (236.5h)
[2026-03-12 00:36:30]   - 已备份到: /root/.openclaw/workspace/logs/terminated-sessions/714fe6d6-37f6-4d55-8107-afeed16b669e.jsonl.terminated.20260312-003630
[2026-03-12 00:36:30]   - ✅ 已终止
[2026-03-12 00:36:30] 终止会话: 32e9b094-73a4-44aa-9b29-0a4139935384 (236.4h)
[2026-03-12 00:36:30]   - 已备份到: /root/.openclaw/workspace/logs/terminated-sessions/32e9b094-73a4-44aa-9b29-0a4139935384.jsonl.terminated.20260312-003630
[2026-03-12 00:36:30]   - ✅ 已终止
[2026-03-12 00:36:30] 终止会话: c2176998-de34-457a-ab3f-d048ef56d6fd (236.1h)
[2026-03-12 00:36:30]   - 已备份到: /root/.openclaw/workspace/logs/terminated-sessions/c2176998-de34-457a-ab3f-d048ef56d6fd.jsonl.terminated.20260312-003630
[2026-03-12 00:36:30]   - ✅ 已终止
[2026-03-12 00:36:30] 终止会话: d4382a89-e67b-4339-ba63-db63f4f2cb28 (220.6h)
[2026-03-12 00:36:30]   - 已备份到: /root/.openclaw/workspace/logs/terminated-sessions/d4382a89-e67b-4339-ba63-db63f4f2cb28.jsonl.terminated.20260312-003630
[2026-03-12 00:36:30]   - ✅ 已终止
[2026-03-12 00:36:30] 终止会话: 5bb4997f-9874-4e53-b8dc-6c463e16a15e (220.6h)
[2026-03-12 00:36:30]   - 已备份到: /root/.openclaw/workspace/logs/terminated-sessions/5bb4997f-9874-4e53-b8dc-6c463e16a15e.jsonl.terminated.20260312-003630
[2026-03-12 00:36:30]   - ✅ 已终止
[2026-03-12 00:36:30] 终止会话: fc79f308-9726-463b-92b7-0154728ea96b (220.5h)
[2026-03-12 00:36:30]   - 已备份到: /root/.openclaw/workspace/logs/terminated-sessions/fc79f308-9726-463b-92b7-0154728ea96b.jsonl.terminated.20260312-003630
[2026-03-12 00:36:30]   - ✅ 已终止
[2026-03-12 00:36:30] 终止会话: 6c883048-65b7-4bd9-a492-6984cffddbc4 (220.3h)
[2026-03-12 00:36:30]   - 已备份到: /root/.openclaw/workspace/logs/terminated-sessions/6c883048-65b7-4bd9-a492-6984cffddbc4.jsonl.terminated.20260312-003630
[2026-03-12 00:36:30]   - ✅ 已终止
[2026-03-12 00:36:30] 终止会话: 7efa6afb-1d09-4a5c-86fd-7020e39b89f2 (220.1h)
[2026-03-12 00:36:30]   - 已备份到: /root/.openclaw/workspace/logs/terminated-sessions/7efa6afb-1d09-4a5c-86fd-7020e39b89f2.jsonl.terminated.20260312-003630
[2026-03-12 00:36:30]   - ✅ 已终止
[2026-03-12 00:36:30] 终止会话: 1a2a2634-b3cc-40a1-b6a8-d1121b8cca51 (219.9h)
[2026-03-12 00:36:30]   - 已备份到: /root/.openclaw/workspace/logs/terminated-sessions/1a2a2634-b3cc-40a1-b6a8-d1121b8cca51.jsonl.terminated.20260312-003630
[2026-03-12 00:36:30]   - ✅ 已终止
[2026-03-12 00:36:30] 终止会话: 0ff057b3-72b7-422f-ba93-0c27ce6c4e3a (218.6h)
[2026-03-12 00:36:30]   - 已备份到: /root/.openclaw/workspace/logs/terminated-sessions/0ff057b3-72b7-422f-ba93-0c27ce6c4e3a.jsonl.terminated.20260312-003630
[2026-03-12 00:36:30]   - ✅ 已终止
[2026-03-12 00:36:31] 终止会话: fa6e57d5-72f9-42eb-89b6-34357345665f (214.6h)
[2026-03-12 00:36:31]   - 已备份到: /root/.openclaw/workspace/logs/terminated-sessions/fa6e57d5-72f9-42eb-89b6-34357345665f.jsonl.terminated.20260312-003631
[2026-03-12 00:36:31]   - ✅ 已终止
[2026-03-12 00:36:31] 终止会话: 997a5ec9-14ea-40b8-ad72-78042d4515db (214.1h)
[2026-03-12 00:36:31]   - 已备份到: /root/.openclaw/workspace/logs/terminated-sessions/997a5ec9-14ea-40b8-ad72-78042d4515db.jsonl.terminated.20260312-003631
[2026-03-12 00:36:31]   - ✅ 已终止
[2026-03-12 00:36:31] 终止会话: 9c9915e3-6b86-490f-8565-ee4c9a20b2fc (213.1h)
[2026-03-12 00:36:31]   - 已备份到: /root/.openclaw/workspace/logs/terminated-sessions/9c9915e3-6b86-490f-8565-ee4c9a20b2fc.jsonl.terminated.20260312-003631
[2026-03-12 00:36:31]   - ✅ 已终止
[2026-03-12 00:36:31] 终止会话: f2a6d467-df2e-458c-bc79-38ddc05230e0 (213.0h)
[2026-03-12 00:36:31]   - 已备份到: /root/.openclaw/workspace/logs/terminated-sessions/f2a6d467-df2e-458c-bc79-38ddc05230e0.jsonl.terminated.20260312-003631
[2026-03-12 00:36:31]   - ✅ 已终止
[2026-03-12 00:36:31] 终止会话: 8705d44e-404d-4ed0-a615-e62867530db0 (207.8h)
[2026-03-12 00:36:31]   - 已备份到: /root/.openclaw/workspace/logs/terminated-sessions/8705d44e-404d-4ed0-a615-e62867530db0.jsonl.terminated.20260312-003631
[2026-03-12 00:36:31]   - ✅ 已终止
[2026-03-12 00:36:31] 终止会话: 8104514e-fb6c-491e-848f-a0571950a61d (207.8h)
[2026-03-12 00:36:31]   - 已备份到: /root/.openclaw/workspace/logs/terminated-sessions/8104514e-fb6c-491e-848f-a0571950a61d.jsonl.terminated.20260312-003631
[2026-03-12 00:36:31]   - ✅ 已终止
[2026-03-12 00:36:31] 终止会话: 7827c453-fd53-4776-aa48-90325ec8c3d5 (207.8h)
[2026-03-12 00:36:31]   - 已备份到: /root/.openclaw/workspace/logs/terminated-sessions/7827c453-fd53-4776-aa48-90325ec8c3d5.jsonl.terminated.20260312-003631
[2026-03-12 00:36:31]   - ✅ 已终止
[2026-03-12 00:36:31] 终止会话: 6bd27fa9-8b95-4a7c-a630-4b50bae07c3e (207.5h)
[2026-03-12 00:36:31]   - 已备份到: /root/.openclaw/workspace/logs/terminated-sessions/6bd27fa9-8b95-4a7c-a630-4b50bae07c3e.jsonl.terminated.20260312-003631
[2026-03-12 00:36:31]   - ✅ 已终止
[2026-03-12 00:36:31] 终止会话: 199d6f28-ed19-4b0b-9a96-65ecc3fb0ec2 (207.3h)
[2026-03-12 00:36:31]   - 已备份到: /root/.openclaw/workspace/logs/terminated-sessions/199d6f28-ed19-4b0b-9a96-65ecc3fb0ec2.jsonl.terminated.20260312-003631
[2026-03-12 00:36:31]   - ✅ 已终止
[2026-03-12 00:36:31] 终止会话: d0cb4348-49a4-4261-87b3-54c1cd72a258 (196.6h)
[2026-03-12 00:36:31]   - 已备份到: /root/.openclaw/workspace/logs/terminated-sessions/d0cb4348-49a4-4261-87b3-54c1cd72a258.jsonl.terminated.20260312-003631
[2026-03-12 00:36:31]   - ✅ 已终止
[2026-03-12 00:36:31] 终止会话: 6e437037-fe54-4946-95e9-ecb508758103 (196.5h)
[2026-03-12 00:36:31]   - 已备份到: /root/.openclaw/workspace/logs/terminated-sessions/6e437037-fe54-4946-95e9-ecb508758103.jsonl.terminated.20260312-003631
[2026-03-12 00:36:31]   - ✅ 已终止
[2026-03-12 00:36:31] 终止会话: 16310e5c-6cce-45cc-8694-cc9bc4adb11b (196.5h)
[2026-03-12 00:36:31]   - 已备份到: /root/.openclaw/workspace/logs/terminated-sessions/16310e5c-6cce-45cc-8694-cc9bc4adb11b.jsonl.terminated.20260312-003631
[2026-03-12 00:36:31]   - ✅ 已终止
[2026-03-12 00:36:31] 终止会话: 10dbdd16-3412-4f1d-9dd5-96d6dc33d24f (196.1h)
[2026-03-12 00:36:31]   - 已备份到: /root/.openclaw/workspace/logs/terminated-sessions/10dbdd16-3412-4f1d-9dd5-96d6dc33d24f.jsonl.terminated.20260312-003631
[2026-03-12 00:36:31]   - ✅ 已终止
[2026-03-12 00:36:31] 终止会话: 985144e0-0ff0-40a4-a783-a9290bb57d50 (195.9h)
[2026-03-12 00:36:31]   - 已备份到: /root/.openclaw/workspace/logs/terminated-sessions/985144e0-0ff0-40a4-a783-a9290bb57d50.jsonl.terminated.20260312-003631
[2026-03-12 00:36:31]   - ✅ 已终止
[2026-03-12 00:36:31] 终止会话: 50297375-5810-4b47-8659-26243a07698a (194.6h)
[2026-03-12 00:36:31]   - 已备份到: /root/.openclaw/workspace/logs/terminated-sessions/50297375-5810-4b47-8659-26243a07698a.jsonl.terminated.20260312-003631
[2026-03-12 00:36:31]   - ✅ 已终止
[2026-03-12 00:36:31] 终止会话: 87810ab7-196d-4cd5-a430-78bfed940b22 (190.6h)
[2026-03-12 00:36:31]   - 已备份到: /root/.openclaw/workspace/logs/terminated-sessions/87810ab7-196d-4cd5-a430-78bfed940b22.jsonl.terminated.20260312-003631
[2026-03-12 00:36:31]   - ✅ 已终止
[2026-03-12 00:36:31] 终止会话: 32c51357-b26a-4b62-8269-65104a90b5f3 (190.1h)
[2026-03-12 00:36:31]   - 已备份到: /root/.openclaw/workspace/logs/terminated-sessions/32c51357-b26a-4b62-8269-65104a90b5f3.jsonl.terminated.20260312-003631
[2026-03-12 00:36:31]   - ✅ 已终止
[2026-03-12 00:36:31] 终止会话: 4d839777-b097-4343-84ee-3e54cb33fb16 (184.4h)
[2026-03-12 00:36:31]   - 已备份到: /root/.openclaw/workspace/logs/terminated-sessions/4d839777-b097-4343-84ee-3e54cb33fb16.jsonl.terminated.20260312-003631
[2026-03-12 00:36:31]   - ✅ 已终止
[2026-03-12 00:36:31] 终止会话: 4b1f2a94-7fc7-490f-8cd1-9c41397044a2 (184.3h)
[2026-03-12 00:36:31]   - 已备份到: /root/.openclaw/workspace/logs/terminated-sessions/4b1f2a94-7fc7-490f-8cd1-9c41397044a2.jsonl.terminated.20260312-003631
[2026-03-12 00:36:31]   - ✅ 已终止
[2026-03-12 00:36:31] 终止会话: fedf8aa2-a4b8-4430-8335-cd3ea0e037c5 (184.0h)
[2026-03-12 00:36:31]   - 已备份到: /root/.openclaw/workspace/logs/terminated-sessions/fedf8aa2-a4b8-4430-8335-cd3ea0e037c5.jsonl.terminated.20260312-003631
[2026-03-12 00:36:31]   - ✅ 已终止
[2026-03-12 00:36:31] 终止会话: ead47959-4afe-4fe7-8d4f-7f7c9f705832 (183.6h)
[2026-03-12 00:36:31]   - 已备份到: /root/.openclaw/workspace/logs/terminated-sessions/ead47959-4afe-4fe7-8d4f-7f7c9f705832.jsonl.terminated.20260312-003631
[2026-03-12 00:36:31]   - ✅ 已终止
[2026-03-12 00:36:31] 终止会话: b08f589e-cdee-4d44-89bd-4d18f08bb347 (183.5h)
[2026-03-12 00:36:31]   - 已备份到: /root/.openclaw/workspace/logs/terminated-sessions/b08f589e-cdee-4d44-89bd-4d18f08bb347.jsonl.terminated.20260312-003631
[2026-03-12 00:36:31]   - ✅ 已终止
[2026-03-12 00:36:31] 终止会话: e677af0d-95c0-4c61-95b3-e219baf8cb80 (182.6h)
[2026-03-12 00:36:31]   - 已备份到: /root/.openclaw/workspace/logs/terminated-sessions/e677af0d-95c0-4c61-95b3-e219baf8cb80.jsonl.terminated.20260312-003631
[2026-03-12 00:36:31]   - ✅ 已终止
[2026-03-12 00:36:31] 终止会话: 142116c2-f53b-4e69-b76c-a88fb2ad62b7 (180.8h)
[2026-03-12 00:36:31]   - 已备份到: /root/.openclaw/workspace/logs/terminated-sessions/142116c2-f53b-4e69-b76c-a88fb2ad62b7.jsonl.terminated.20260312-003631
[2026-03-12 00:36:31]   - ✅ 已终止
[2026-03-12 00:36:31] 终止会话: 9164fa18-4c2d-49d9-8ea6-b3d42cd3f15a (178.4h)
[2026-03-12 00:36:31]   - 已备份到: /root/.openclaw/workspace/logs/terminated-sessions/9164fa18-4c2d-49d9-8ea6-b3d42cd3f15a.jsonl.terminated.20260312-003631
[2026-03-12 00:36:31]   - ✅ 已终止
[2026-03-12 00:36:31] 终止会话: 38a74b2b-60f4-4e8e-88b6-eb5b7c9f0d70 (178.4h)
[2026-03-12 00:36:31]   - 已备份到: /root/.openclaw/workspace/logs/terminated-sessions/38a74b2b-60f4-4e8e-88b6-eb5b7c9f0d70.jsonl.terminated.20260312-003631
[2026-03-12 00:36:31]   - ✅ 已终止
[2026-03-12 00:36:31] 终止会话: dac024e0-0c11-48cc-b854-77127b742d9d (177.1h)
[2026-03-12 00:36:31]   - 已备份到: /root/.openclaw/workspace/logs/terminated-sessions/dac024e0-0c11-48cc-b854-77127b742d9d.jsonl.terminated.20260312-003631
[2026-03-12 00:36:31]   - ✅ 已终止
[2026-03-12 00:36:31] 终止会话: c0b805b1-7f0c-4ff4-8153-63dc2fd7f09d (176.4h)
[2026-03-12 00:36:31]   - 已备份到: /root/.openclaw/workspace/logs/terminated-sessions/c0b805b1-7f0c-4ff4-8153-63dc2fd7f09d.jsonl.terminated.20260312-003631
[2026-03-12 00:36:31]   - ✅ 已终止
[2026-03-12 00:36:31] 终止会话: 1ed60b22-4ef1-4797-ba0d-a42f18e6e10f (176.0h)
[2026-03-12 00:36:31]   - 已备份到: /root/.openclaw/workspace/logs/terminated-sessions/1ed60b22-4ef1-4797-ba0d-a42f18e6e10f.jsonl.terminated.20260312-003631
[2026-03-12 00:36:31]   - ✅ 已终止
[2026-03-12 00:36:31] 终止会话: bb14fc7a-6b99-465a-869a-f0df849c3be9 (172.6h)
[2026-03-12 00:36:31]   - 已备份到: /root/.openclaw/workspace/logs/terminated-sessions/bb14fc7a-6b99-465a-869a-f0df849c3be9.jsonl.terminated.20260312-003631
[2026-03-12 00:36:31]   - ✅ 已终止
[2026-03-12 00:36:31] 终止会话: fd117d21-6e0c-4119-bfcb-10a6da424889 (172.5h)
[2026-03-12 00:36:31]   - 已备份到: /root/.openclaw/workspace/logs/terminated-sessions/fd117d21-6e0c-4119-bfcb-10a6da424889.jsonl.terminated.20260312-003631
[2026-03-12 00:36:31]   - ✅ 已终止
[2026-03-12 00:36:31] 终止会话: f56e79f7-19c5-4e32-8551-54bfcee35df6 (172.5h)
[2026-03-12 00:36:31]   - 已备份到: /root/.openclaw/workspace/logs/terminated-sessions/f56e79f7-19c5-4e32-8551-54bfcee35df6.jsonl.terminated.20260312-003631
[2026-03-12 00:36:31]   - ✅ 已终止
[2026-03-12 00:36:31] 终止会话: 84cc0782-8623-4294-84fd-afdedad63050 (172.5h)
[2026-03-12 00:36:31]   - 已备份到: /root/.openclaw/workspace/logs/terminated-sessions/84cc0782-8623-4294-84fd-afdedad63050.jsonl.terminated.20260312-003631
[2026-03-12 00:36:31]   - ✅ 已终止
[2026-03-12 00:36:31] 终止会话: 678c4fbe-11d9-43ee-a246-c7c95f4e0b76 (172.5h)
[2026-03-12 00:36:31]   - 已备份到: /root/.openclaw/workspace/logs/terminated-sessions/678c4fbe-11d9-43ee-a246-c7c95f4e0b76.jsonl.terminated.20260312-003631
[2026-03-12 00:36:31]   - ✅ 已终止
[2026-03-12 00:36:31] 终止会话: 9549462e-9484-41e3-bcc7-5572f828cd77 (172.1h)
[2026-03-12 00:36:31]   - 已备份到: /root/.openclaw/workspace/logs/terminated-sessions/9549462e-9484-41e3-bcc7-5572f828cd77.jsonl.terminated.20260312-003631
[2026-03-12 00:36:31]   - ✅ 已终止
[2026-03-12 00:36:31] 终止会话: a12f1696-66d2-4909-a370-7e9bb7f29a30 (171.9h)
[2026-03-12 00:36:31]   - 已备份到: /root/.openclaw/workspace/logs/terminated-sessions/a12f1696-66d2-4909-a370-7e9bb7f29a30.jsonl.terminated.20260312-003631
[2026-03-12 00:36:31]   - ✅ 已终止
[2026-03-12 00:36:31] 终止会话: 31dc59f7-362a-4c17-87b3-e8cf93c96524 (170.6h)
[2026-03-12 00:36:31]   - 已备份到: /root/.openclaw/workspace/logs/terminated-sessions/31dc59f7-362a-4c17-87b3-e8cf93c96524.jsonl.terminated.20260312-003631
[2026-03-12 00:36:31]   - ✅ 已终止
[2026-03-12 00:36:31] 终止会话: 7b976e7e-afa4-4626-bd32-cdb2663d20ff (168.6h)
[2026-03-12 00:36:31]   - 已备份到: /root/.openclaw/workspace/logs/terminated-sessions/7b976e7e-afa4-4626-bd32-cdb2663d20ff.jsonl.terminated.20260312-003631
[2026-03-12 00:36:31]   - ✅ 已终止
[2026-03-12 00:36:31] 终止会话: 4918e77c-9006-4c85-b67d-7ef5a7bfd1e9 (167.1h)
[2026-03-12 00:36:31]   - 已备份到: /root/.openclaw/workspace/logs/terminated-sessions/4918e77c-9006-4c85-b67d-7ef5a7bfd1e9.jsonl.terminated.20260312-003631
[2026-03-12 00:36:31]   - ✅ 已终止
[2026-03-12 00:36:31] 终止会话: 942b2a89-c3fa-43cb-9fe3-2a4f0fcc5b6b (166.9h)
[2026-03-12 00:36:31]   - 已备份到: /root/.openclaw/workspace/logs/terminated-sessions/942b2a89-c3fa-43cb-9fe3-2a4f0fcc5b6b.jsonl.terminated.20260312-003631
[2026-03-12 00:36:31]   - ✅ 已终止
[2026-03-12 00:36:31] 终止会话: 45b5d20f-4729-4ee2-bb4a-3205a0688418 (166.6h)
[2026-03-12 00:36:31]   - 已备份到: /root/.openclaw/workspace/logs/terminated-sessions/45b5d20f-4729-4ee2-bb4a-3205a0688418.jsonl.terminated.20260312-003631
[2026-03-12 00:36:31]   - ✅ 已终止
[2026-03-12 00:36:31] 终止会话: 3990cb74-cc0e-4a20-a829-ecd7d638f555 (166.2h)
[2026-03-12 00:36:31]   - 已备份到: /root/.openclaw/workspace/logs/terminated-sessions/3990cb74-cc0e-4a20-a829-ecd7d638f555.jsonl.terminated.20260312-003631
[2026-03-12 00:36:31]   - ✅ 已终止
[2026-03-12 00:36:31] 终止会话: 344a1d29-3dd6-4f78-8031-0f31591b9a8d (166.1h)
[2026-03-12 00:36:31]   - 已备份到: /root/.openclaw/workspace/logs/terminated-sessions/344a1d29-3dd6-4f78-8031-0f31591b9a8d.jsonl.terminated.20260312-003631
[2026-03-12 00:36:31]   - ✅ 已终止
[2026-03-12 00:36:31] 终止会话: fa6dde58-7230-47ba-ae83-3093c70a04b1 (164.6h)
[2026-03-12 00:36:31]   - 已备份到: /root/.openclaw/workspace/logs/terminated-sessions/fa6dde58-7230-47ba-ae83-3093c70a04b1.jsonl.terminated.20260312-003631
[2026-03-12 00:36:31]   - ✅ 已终止
[2026-03-12 00:36:31] 终止会话: 79739539-d911-4ef2-ba58-3375e6b22431 (158.6h)
[2026-03-12 00:36:31]   - 已备份到: /root/.openclaw/workspace/logs/terminated-sessions/79739539-d911-4ef2-ba58-3375e6b22431.jsonl.terminated.20260312-003631
[2026-03-12 00:36:31]   - ✅ 已终止
[2026-03-12 00:36:31] 终止会话: 4dbe94ba-9b9b-4561-91b5-99e09ad43aec (148.6h)
[2026-03-12 00:36:31]   - 已备份到: /root/.openclaw/workspace/logs/terminated-sessions/4dbe94ba-9b9b-4561-91b5-99e09ad43aec.jsonl.terminated.20260312-003631
[2026-03-12 00:36:31]   - ✅ 已终止
[2026-03-12 00:36:31] 终止会话: c84550e1-22b3-43f3-81be-9eecc9263fc6 (148.5h)
[2026-03-12 00:36:31]   - 已备份到: /root/.openclaw/workspace/logs/terminated-sessions/c84550e1-22b3-43f3-81be-9eecc9263fc6.jsonl.terminated.20260312-003631
[2026-03-12 00:36:31]   - ✅ 已终止
[2026-03-12 00:36:31] 终止会话: 6f326c44-a000-4216-aca8-ad61a7203d95 (148.5h)
[2026-03-12 00:36:31]   - 已备份到: /root/.openclaw/workspace/logs/terminated-sessions/6f326c44-a000-4216-aca8-ad61a7203d95.jsonl.terminated.20260312-003631
[2026-03-12 00:36:31]   - ✅ 已终止
[2026-03-12 00:36:31] 终止会话: 8071358d-fa03-41f3-8774-a077400ecf60 (148.1h)
[2026-03-12 00:36:31]   - 已备份到: /root/.openclaw/workspace/logs/terminated-sessions/8071358d-fa03-41f3-8774-a077400ecf60.jsonl.terminated.20260312-003631
[2026-03-12 00:36:31]   - ✅ 已终止
[2026-03-12 00:36:31] 终止会话: c0bc95fb-cabf-4ae4-8023-0d28ff13703c (147.9h)
[2026-03-12 00:36:31]   - 已备份到: /root/.openclaw/workspace/logs/terminated-sessions/c0bc95fb-cabf-4ae4-8023-0d28ff13703c.jsonl.terminated.20260312-003631
[2026-03-12 00:36:31]   - ✅ 已终止
[2026-03-12 00:36:31] 终止会话: ea311ba2-f1cc-431b-8da5-66771e51019d (146.6h)
[2026-03-12 00:36:31]   - 已备份到: /root/.openclaw/workspace/logs/terminated-sessions/ea311ba2-f1cc-431b-8da5-66771e51019d.jsonl.terminated.20260312-003631
[2026-03-12 00:36:31]   - ✅ 已终止
[2026-03-12 00:36:31] 终止会话: 6e761c79-092a-4d12-96f6-ef6c44013ae0 (144.6h)
[2026-03-12 00:36:31]   - 已备份到: /root/.openclaw/workspace/logs/terminated-sessions/6e761c79-092a-4d12-96f6-ef6c44013ae0.jsonl.terminated.20260312-003631
[2026-03-12 00:36:31]   - ✅ 已终止
[2026-03-12 00:36:31] 终止会话: 5e90e8bc-d524-41a4-b181-8b7612a299b5 (142.6h)
[2026-03-12 00:36:31]   - 已备份到: /root/.openclaw/workspace/logs/terminated-sessions/5e90e8bc-d524-41a4-b181-8b7612a299b5.jsonl.terminated.20260312-003631
[2026-03-12 00:36:31]   - ✅ 已终止
[2026-03-12 00:36:31] 终止会话: 84587ae4-e8aa-479c-ab25-7de85e5d72d6 (142.1h)
[2026-03-12 00:36:31]   - 已备份到: /root/.openclaw/workspace/logs/terminated-sessions/84587ae4-e8aa-479c-ab25-7de85e5d72d6.jsonl.terminated.20260312-003631
[2026-03-12 00:36:31]   - ✅ 已终止
[2026-03-12 00:36:31] 终止会话: 25937b73-02f5-44fd-bb3d-7ba2d13ae984 (140.4h)
[2026-03-12 00:36:31]   - 已备份到: /root/.openclaw/workspace/logs/terminated-sessions/25937b73-02f5-44fd-bb3d-7ba2d13ae984.jsonl.terminated.20260312-003631
[2026-03-12 00:36:31]   - ✅ 已终止
[2026-03-12 00:36:31] 终止会话: ac0d038b-66c8-4e63-954f-8a8081f26ce6 (124.6h)
[2026-03-12 00:36:31]   - 已备份到: /root/.openclaw/workspace/logs/terminated-sessions/ac0d038b-66c8-4e63-954f-8a8081f26ce6.jsonl.terminated.20260312-003631
[2026-03-12 00:36:31]   - ✅ 已终止
[2026-03-12 00:36:31] 终止会话: ed4d887c-01eb-48ca-a2da-ecb930297b52 (124.5h)
[2026-03-12 00:36:31]   - 已备份到: /root/.openclaw/workspace/logs/terminated-sessions/ed4d887c-01eb-48ca-a2da-ecb930297b52.jsonl.terminated.20260312-003631
[2026-03-12 00:36:31]   - ✅ 已终止
[2026-03-12 00:36:31] 终止会话: ab8102b7-7a0a-4ec9-adc5-0915e043cb52 (124.5h)
[2026-03-12 00:36:31]   - 已备份到: /root/.openclaw/workspace/logs/terminated-sessions/ab8102b7-7a0a-4ec9-adc5-0915e043cb52.jsonl.terminated.20260312-003631
[2026-03-12 00:36:31]   - ✅ 已终止
[2026-03-12 00:36:31] 终止会话: 826ef09b-4d28-4284-a74a-701835e35956 (124.1h)
[2026-03-12 00:36:31]   - 已备份到: /root/.openclaw/workspace/logs/terminated-sessions/826ef09b-4d28-4284-a74a-701835e35956.jsonl.terminated.20260312-003631
[2026-03-12 00:36:31]   - ✅ 已终止
[2026-03-12 00:36:31] 终止会话: 562edc83-9f5c-4c0c-98d4-ff0dc6f63364 (123.9h)
[2026-03-12 00:36:31]   - 已备份到: /root/.openclaw/workspace/logs/terminated-sessions/562edc83-9f5c-4c0c-98d4-ff0dc6f63364.jsonl.terminated.20260312-003631
[2026-03-12 00:36:31]   - ✅ 已终止
[2026-03-12 00:36:31] 终止会话: c03fde15-eb5e-48bf-af5f-44d08db51da7 (122.6h)
[2026-03-12 00:36:31]   - 已备份到: /root/.openclaw/workspace/logs/terminated-sessions/c03fde15-eb5e-48bf-af5f-44d08db51da7.jsonl.terminated.20260312-003631
[2026-03-12 00:36:31]   - ✅ 已终止
[2026-03-12 00:36:31] 终止会话: 6276b0a8-d8a3-4da7-afad-a330f46a5a16 (120.6h)
[2026-03-12 00:36:31]   - 已备份到: /root/.openclaw/workspace/logs/terminated-sessions/6276b0a8-d8a3-4da7-afad-a330f46a5a16.jsonl.terminated.20260312-003631
[2026-03-12 00:36:31]   - ✅ 已终止
[2026-03-12 00:36:31] 终止会话: da2351ad-2ef0-4a97-aaed-0da081de519d (118.6h)
[2026-03-12 00:36:31]   - 已备份到: /root/.openclaw/workspace/logs/terminated-sessions/da2351ad-2ef0-4a97-aaed-0da081de519d.jsonl.terminated.20260312-003631
[2026-03-12 00:36:31]   - ✅ 已终止
[2026-03-12 00:36:31] 终止会话: 2df322aa-4aff-4005-9c8e-8aef3f7cd777 (118.1h)
[2026-03-12 00:36:31]   - 已备份到: /root/.openclaw/workspace/logs/terminated-sessions/2df322aa-4aff-4005-9c8e-8aef3f7cd777.jsonl.terminated.20260312-003631
[2026-03-12 00:36:31]   - ✅ 已终止
[2026-03-12 00:36:31] 终止会话: f9011386-ddd9-46ad-95bf-a25bafed4da8 (100.6h)
[2026-03-12 00:36:31]   - 已备份到: /root/.openclaw/workspace/logs/terminated-sessions/f9011386-ddd9-46ad-95bf-a25bafed4da8.jsonl.terminated.20260312-003631
[2026-03-12 00:36:31]   - ✅ 已终止
[2026-03-12 00:36:31] 终止会话: b43e49a9-6dc0-4ceb-aad5-68954759b450 (100.5h)
[2026-03-12 00:36:31]   - 已备份到: /root/.openclaw/workspace/logs/terminated-sessions/b43e49a9-6dc0-4ceb-aad5-68954759b450.jsonl.terminated.20260312-003631
[2026-03-12 00:36:31]   - ✅ 已终止
[2026-03-12 00:36:31] 终止会话: 25fa68f6-3cfd-43ff-b953-cf9ad56cc29c (100.5h)
[2026-03-12 00:36:31]   - 已备份到: /root/.openclaw/workspace/logs/terminated-sessions/25fa68f6-3cfd-43ff-b953-cf9ad56cc29c.jsonl.terminated.20260312-003631
[2026-03-12 00:36:31]   - ✅ 已终止
[2026-03-12 00:36:31] 终止会话: 2f725460-53b0-43e0-b30a-c09d296e3e95 (100.1h)
[2026-03-12 00:36:31]   - 已备份到: /root/.openclaw/workspace/logs/terminated-sessions/2f725460-53b0-43e0-b30a-c09d296e3e95.jsonl.terminated.20260312-003631
[2026-03-12 00:36:31]   - ✅ 已终止
[2026-03-12 00:36:31] 终止会话: 0e4d763d-b537-4133-b897-1933b47a63f5 (99.9h)
[2026-03-12 00:36:31]   - 已备份到: /root/.openclaw/workspace/logs/terminated-sessions/0e4d763d-b537-4133-b897-1933b47a63f5.jsonl.terminated.20260312-003631
[2026-03-12 00:36:31]   - ✅ 已终止
[2026-03-12 00:36:31] 终止会话: 30a52261-787d-4e81-9824-a99cfa5d8e00 (98.6h)
[2026-03-12 00:36:31]   - 已备份到: /root/.openclaw/workspace/logs/terminated-sessions/30a52261-787d-4e81-9824-a99cfa5d8e00.jsonl.terminated.20260312-003631
[2026-03-12 00:36:31]   - ✅ 已终止
[2026-03-12 00:36:31] 终止会话: bb64c21d-2f20-47bc-9a0e-3faf7be78402 (96.6h)
[2026-03-12 00:36:31]   - 已备份到: /root/.openclaw/workspace/logs/terminated-sessions/bb64c21d-2f20-47bc-9a0e-3faf7be78402.jsonl.terminated.20260312-003631
[2026-03-12 00:36:31]   - ✅ 已终止
[2026-03-12 00:36:31] 终止会话: ee596afc-a94a-4d75-8d27-929b1b2ebfc7 (94.6h)
[2026-03-12 00:36:31]   - 已备份到: /root/.openclaw/workspace/logs/terminated-sessions/ee596afc-a94a-4d75-8d27-929b1b2ebfc7.jsonl.terminated.20260312-003631
[2026-03-12 00:36:31]   - ✅ 已终止
[2026-03-12 00:36:31] 终止会话: 8a67ae87-2732-4ae1-817e-b7eba601319f (94.1h)
[2026-03-12 00:36:31]   - 已备份到: /root/.openclaw/workspace/logs/terminated-sessions/8a67ae87-2732-4ae1-817e-b7eba601319f.jsonl.terminated.20260312-003631
[2026-03-12 00:36:31]   - ✅ 已终止
[2026-03-12 00:36:31] 终止会话: 6dc927ce-78f7-46a8-b6e9-30af390ceb42 (78.6h)
[2026-03-12 00:36:31]   - 已备份到: /root/.openclaw/workspace/logs/terminated-sessions/6dc927ce-78f7-46a8-b6e9-30af390ceb42.jsonl.terminated.20260312-003631
[2026-03-12 00:36:31]   - ✅ 已终止
[2026-03-12 00:36:31] 终止会话: ad3f3a3a-ac7a-4a57-8fab-493bad80df40 (76.6h)
[2026-03-12 00:36:31]   - 已备份到: /root/.openclaw/workspace/logs/terminated-sessions/ad3f3a3a-ac7a-4a57-8fab-493bad80df40.jsonl.terminated.20260312-003631
[2026-03-12 00:36:31]   - ✅ 已终止
[2026-03-12 00:36:31] 终止会话: 6ac382e4-77cd-4ad1-ac46-bfa4e9176e26 (76.5h)
[2026-03-12 00:36:31]   - 已备份到: /root/.openclaw/workspace/logs/terminated-sessions/6ac382e4-77cd-4ad1-ac46-bfa4e9176e26.jsonl.terminated.20260312-003631
[2026-03-12 00:36:31]   - ✅ 已终止
[2026-03-12 00:36:31] 终止会话: 4aabbade-a131-4f4a-aed8-1f2217b1f24d (76.5h)
[2026-03-12 00:36:31]   - 已备份到: /root/.openclaw/workspace/logs/terminated-sessions/4aabbade-a131-4f4a-aed8-1f2217b1f24d.jsonl.terminated.20260312-003631
[2026-03-12 00:36:31]   - ✅ 已终止
[2026-03-12 00:36:31] 终止会话: 6d3f1ac0-6439-4df0-865f-3cff7cec87bf (76.4h)
[2026-03-12 00:36:31]   - 已备份到: /root/.openclaw/workspace/logs/terminated-sessions/6d3f1ac0-6439-4df0-865f-3cff7cec87bf.jsonl.terminated.20260312-003631
[2026-03-12 00:36:31]   - ✅ 已终止
[2026-03-12 00:36:31] 终止会话: 661f0bae-b66b-4e4e-afbc-1e264d15afd5 (76.1h)
[2026-03-12 00:36:31]   - 已备份到: /root/.openclaw/workspace/logs/terminated-sessions/661f0bae-b66b-4e4e-afbc-1e264d15afd5.jsonl.terminated.20260312-003631
[2026-03-12 00:36:31]   - ✅ 已终止
[2026-03-12 00:36:31] 终止会话: b3416a77-6db0-40e1-b84e-026d6b2726ea (75.9h)
[2026-03-12 00:36:31]   - 已备份到: /root/.openclaw/workspace/logs/terminated-sessions/b3416a77-6db0-40e1-b84e-026d6b2726ea.jsonl.terminated.20260312-003631
[2026-03-12 00:36:31]   - ✅ 已终止
[2026-03-12 00:36:31] 终止会话: 21ec22c5-cf70-47f6-9879-185b44542dcb (74.6h)
[2026-03-12 00:36:31]   - 已备份到: /root/.openclaw/workspace/logs/terminated-sessions/21ec22c5-cf70-47f6-9879-185b44542dcb.jsonl.terminated.20260312-003631
[2026-03-12 00:36:31]   - ✅ 已终止
[2026-03-12 00:36:31] 终止会话: 1ab50979-2a54-4ff3-ae6a-aee8ae02a9a7 (72.6h)
[2026-03-12 00:36:31]   - 已备份到: /root/.openclaw/workspace/logs/terminated-sessions/1ab50979-2a54-4ff3-ae6a-aee8ae02a9a7.jsonl.terminated.20260312-003631
[2026-03-12 00:36:31]   - ✅ 已终止
[2026-03-12 00:36:31] 终止会话: dec26713-2dba-47f8-bf3a-21d029fab756 (70.6h)
[2026-03-12 00:36:31]   - 已备份到: /root/.openclaw/workspace/logs/terminated-sessions/dec26713-2dba-47f8-bf3a-21d029fab756.jsonl.terminated.20260312-003631
[2026-03-12 00:36:31]   - ✅ 已终止
[2026-03-12 00:36:31] 终止会话: bd22c3ac-d2e3-49cb-8d95-649cd9bf31fa (70.1h)
[2026-03-12 00:36:31]   - 已备份到: /root/.openclaw/workspace/logs/terminated-sessions/bd22c3ac-d2e3-49cb-8d95-649cd9bf31fa.jsonl.terminated.20260312-003631
[2026-03-12 00:36:31]   - ✅ 已终止
[2026-03-12 00:36:31] 终止会话: 0bbc8068-fd23-4522-b681-f41ea336d8da (52.6h)
[2026-03-12 00:36:31]   - 已备份到: /root/.openclaw/workspace/logs/terminated-sessions/0bbc8068-fd23-4522-b681-f41ea336d8da.jsonl.terminated.20260312-003631
[2026-03-12 00:36:31]   - ✅ 已终止
[2026-03-12 00:36:31] 终止会话: eca7865e-4280-4e2e-b854-1eee535a184f (52.5h)
[2026-03-12 00:36:31]   - 已备份到: /root/.openclaw/workspace/logs/terminated-sessions/eca7865e-4280-4e2e-b854-1eee535a184f.jsonl.terminated.20260312-003631
[2026-03-12 00:36:31]   - ✅ 已终止
[2026-03-12 00:36:31] 终止会话: e40f9479-a41f-45f8-adab-799188eb9213 (52.3h)
[2026-03-12 00:36:31]   - 已备份到: /root/.openclaw/workspace/logs/terminated-sessions/e40f9479-a41f-45f8-adab-799188eb9213.jsonl.terminated.20260312-003631
[2026-03-12 00:36:31]   - ✅ 已终止
[2026-03-12 00:36:31] 终止会话: 72d45926-6b52-4d3f-a97f-cb8efe97309b (52.1h)
[2026-03-12 00:36:31]   - 已备份到: /root/.openclaw/workspace/logs/terminated-sessions/72d45926-6b52-4d3f-a97f-cb8efe97309b.jsonl.terminated.20260312-003631
[2026-03-12 00:36:31]   - ✅ 已终止
[2026-03-12 00:36:31] 终止会话: 8e265d6d-d979-4754-bc06-9c2ea409441d (51.9h)
[2026-03-12 00:36:31]   - 已备份到: /root/.openclaw/workspace/logs/terminated-sessions/8e265d6d-d979-4754-bc06-9c2ea409441d.jsonl.terminated.20260312-003631
[2026-03-12 00:36:31]   - ✅ 已终止
[2026-03-12 00:36:31] 终止会话: ed8d9efd-9d57-4ccb-903f-f36471922ab3 (51.5h)
[2026-03-12 00:36:31]   - 已备份到: /root/.openclaw/workspace/logs/terminated-sessions/ed8d9efd-9d57-4ccb-903f-f36471922ab3.jsonl.terminated.20260312-003631
[2026-03-12 00:36:31]   - ✅ 已终止
[2026-03-12 00:36:31] 终止会话: 5fefa8dd-248d-4c8b-9934-1e6858aba045 (50.6h)
[2026-03-12 00:36:31]   - 已备份到: /root/.openclaw/workspace/logs/terminated-sessions/5fefa8dd-248d-4c8b-9934-1e6858aba045.jsonl.terminated.20260312-003631
[2026-03-12 00:36:31]   - ✅ 已终止
[2026-03-12 00:36:31] 终止会话: 3b053fb1-016e-489c-9bad-aa72ff5de0d4 (48.6h)
[2026-03-12 00:36:31]   - 已备份到: /root/.openclaw/workspace/logs/terminated-sessions/3b053fb1-016e-489c-9bad-aa72ff5de0d4.jsonl.terminated.20260312-003631
[2026-03-12 00:36:31]   - ✅ 已终止
[2026-03-12 00:36:31] 终止会话: 563aad57-2187-477a-bb60-f42b13b8951a (46.6h)
[2026-03-12 00:36:31]   - 已备份到: /root/.openclaw/workspace/logs/terminated-sessions/563aad57-2187-477a-bb60-f42b13b8951a.jsonl.terminated.20260312-003631
[2026-03-12 00:36:31]   - ✅ 已终止
[2026-03-12 00:36:31] 终止会话: 1d16c574-0e4f-423f-b754-b6477388ca11 (46.1h)
[2026-03-12 00:36:31]   - 已备份到: /root/.openclaw/workspace/logs/terminated-sessions/1d16c574-0e4f-423f-b754-b6477388ca11.jsonl.terminated.20260312-003631
[2026-03-12 00:36:31]   - ✅ 已终止
[2026-03-12 00:36:31] 终止会话: f97da741-187c-42ef-9e1a-bf2405bc3721 (39.0h)
[2026-03-12 00:36:31]   - 已备份到: /root/.openclaw/workspace/logs/terminated-sessions/f97da741-187c-42ef-9e1a-bf2405bc3721.jsonl.terminated.20260312-003631
[2026-03-12 00:36:31]   - ✅ 已终止
[2026-03-12 00:36:31] 终止会话: 279bc646-4835-4d6a-9b45-562aaf5e3701 (39.0h)
[2026-03-12 00:36:31]   - 已备份到: /root/.openclaw/workspace/logs/terminated-sessions/279bc646-4835-4d6a-9b45-562aaf5e3701.jsonl.terminated.20260312-003631
[2026-03-12 00:36:31]   - ✅ 已终止
[2026-03-12 00:36:31] 终止会话: 0343a01f-7bc8-4f34-befb-448346c8c036 (36.5h)
[2026-03-12 00:36:31]   - 已备份到: /root/.openclaw/workspace/logs/terminated-sessions/0343a01f-7bc8-4f34-befb-448346c8c036.jsonl.terminated.20260312-003631
[2026-03-12 00:36:31]   - ✅ 已终止
[2026-03-12 00:36:31] 终止会话: 40309df0-6e3f-41f8-a13f-706a4c24fb0a (36.3h)
[2026-03-12 00:36:31]   - 已备份到: /root/.openclaw/workspace/logs/terminated-sessions/40309df0-6e3f-41f8-a13f-706a4c24fb0a.jsonl.terminated.20260312-003631
[2026-03-12 00:36:31]   - ✅ 已终止
[2026-03-12 00:36:31] 终止会话: bfd48c23-c4cc-4fbf-8260-7f1c49a5fd40 (35.8h)
[2026-03-12 00:36:31]   - 已备份到: /root/.openclaw/workspace/logs/terminated-sessions/bfd48c23-c4cc-4fbf-8260-7f1c49a5fd40.jsonl.terminated.20260312-003631
[2026-03-12 00:36:31]   - ✅ 已终止
[2026-03-12 00:36:31] 终止会话: dba933b2-b0a8-459d-9f2c-853cf1b8cda4 (30.7h)
[2026-03-12 00:36:31]   - 已备份到: /root/.openclaw/workspace/logs/terminated-sessions/dba933b2-b0a8-459d-9f2c-853cf1b8cda4.jsonl.terminated.20260312-003631
[2026-03-12 00:36:31]   - ✅ 已终止
[2026-03-12 00:36:31] 终止会话: 6bec3475-7818-41f4-b656-ac11098a17f2 (30.4h)
[2026-03-12 00:36:31]   - 已备份到: /root/.openclaw/workspace/logs/terminated-sessions/6bec3475-7818-41f4-b656-ac11098a17f2.jsonl.terminated.20260312-003631
[2026-03-12 00:36:31]   - ✅ 已终止
[2026-03-12 00:36:31] 终止会话: 98b08943-d11e-41af-bf23-ac8c6adf3927 (29.8h)
[2026-03-12 00:36:31]   - 已备份到: /root/.openclaw/workspace/logs/terminated-sessions/98b08943-d11e-41af-bf23-ac8c6adf3927.jsonl.terminated.20260312-003631
[2026-03-12 00:36:31]   - ✅ 已终止
[2026-03-12 00:36:31] 终止会话: 5fe90906-f159-4ae0-bfc1-43b7e7749a1f (28.6h)
[2026-03-12 00:36:31]   - 已备份到: /root/.openclaw/workspace/logs/terminated-sessions/5fe90906-f159-4ae0-bfc1-43b7e7749a1f.jsonl.terminated.20260312-003631
[2026-03-12 00:36:31]   - ✅ 已终止
[2026-03-12 00:36:31] 终止会话: 037accca-6d8d-4401-b632-be58e1516262 (28.6h)
[2026-03-12 00:36:31]   - 已备份到: /root/.openclaw/workspace/logs/terminated-sessions/037accca-6d8d-4401-b632-be58e1516262.jsonl.terminated.20260312-003631
[2026-03-12 00:36:31]   - ✅ 已终止
[2026-03-12 00:36:31] 终止会话: c3580ad9-37aa-4cff-ad23-b9d7571e4c04 (28.5h)
[2026-03-12 00:36:31]   - 已备份到: /root/.openclaw/workspace/logs/terminated-sessions/c3580ad9-37aa-4cff-ad23-b9d7571e4c04.jsonl.terminated.20260312-003631
[2026-03-12 00:36:31]   - ✅ 已终止
[2026-03-12 00:36:31] 终止会话: 6d8574b3-087c-443f-94de-82a1f2a519b4 (28.5h)
[2026-03-12 00:36:31]   - 已备份到: /root/.openclaw/workspace/logs/terminated-sessions/6d8574b3-087c-443f-94de-82a1f2a519b4.jsonl.terminated.20260312-003631
[2026-03-12 00:36:31]   - ✅ 已终止
[2026-03-12 00:36:31] 终止会话: 2c3f4bd6-93fd-4198-8b52-4bab719e7621 (28.5h)
[2026-03-12 00:36:31]   - 已备份到: /root/.openclaw/workspace/logs/terminated-sessions/2c3f4bd6-93fd-4198-8b52-4bab719e7621.jsonl.terminated.20260312-003631
[2026-03-12 00:36:31]   - ✅ 已终止
[2026-03-12 00:36:31] 终止会话: 7fd53d0a-6701-4867-81f1-204b73720858 (28.1h)
[2026-03-12 00:36:31]   - 已备份到: /root/.openclaw/workspace/logs/terminated-sessions/7fd53d0a-6701-4867-81f1-204b73720858.jsonl.terminated.20260312-003631
[2026-03-12 00:36:31]   - ✅ 已终止
[2026-03-12 00:36:31] 终止会话: 4af31baf-1929-4fb7-83d5-1dbaf5193979 (27.9h)
[2026-03-12 00:36:31]   - 已备份到: /root/.openclaw/workspace/logs/terminated-sessions/4af31baf-1929-4fb7-83d5-1dbaf5193979.jsonl.terminated.20260312-003631
[2026-03-12 00:36:31]   - ✅ 已终止
[2026-03-12 00:36:31] 终止会话: a23f9f07-c528-4272-a9e8-ed3872a20509 (26.6h)
[2026-03-12 00:36:31]   - 已备份到: /root/.openclaw/workspace/logs/terminated-sessions/a23f9f07-c528-4272-a9e8-ed3872a20509.jsonl.terminated.20260312-003631
[2026-03-12 00:36:31]   - ✅ 已终止
[2026-03-12 00:36:31] 终止会话: fa7d5379-82cd-4341-a2f5-14455a994545 (22.6h)
[2026-03-12 00:36:31]   - 已备份到: /root/.openclaw/workspace/logs/terminated-sessions/fa7d5379-82cd-4341-a2f5-14455a994545.jsonl.terminated.20260312-003631
[2026-03-12 00:36:31]   - ✅ 已终止
[2026-03-12 00:36:31] 终止会话: 7c3b52ae-16b9-46b3-b8b6-2a354956e9f5 (22.1h)
[2026-03-12 00:36:31]   - 已备份到: /root/.openclaw/workspace/logs/terminated-sessions/7c3b52ae-16b9-46b3-b8b6-2a354956e9f5.jsonl.terminated.20260312-003631
[2026-03-12 00:36:31]   - ✅ 已终止
[2026-03-12 00:36:32] 终止会话: bf7e7c40-4b2e-4bc9-86e5-d9f671347f13 (8.5h)
[2026-03-12 00:36:32]   - 已备份到: /root/.openclaw/workspace/logs/terminated-sessions/bf7e7c40-4b2e-4bc9-86e5-d9f671347f13.jsonl.terminated.20260312-003632
[2026-03-12 00:36:32]   - ✅ 已终止
[2026-03-12 00:36:32] 终止会话: 8c9ff7fb-8299-422d-a39d-5e845b374c25 (8.5h)
[2026-03-12 00:36:32]   - 已备份到: /root/.openclaw/workspace/logs/terminated-sessions/8c9ff7fb-8299-422d-a39d-5e845b374c25.jsonl.terminated.20260312-003632
[2026-03-12 00:36:32]   - ✅ 已终止
[2026-03-12 00:36:32] 终止会话: 02de7e21-4fd3-4f8c-af82-c7309d33215f (8.5h)
[2026-03-12 00:36:32]   - 已备份到: /root/.openclaw/workspace/logs/terminated-sessions/02de7e21-4fd3-4f8c-af82-c7309d33215f.jsonl.terminated.20260312-003632
[2026-03-12 00:36:32]   - ✅ 已终止
[2026-03-12 00:36:32] ✅ 终止完成: 0 个成功, 0 个失败
[2026-03-12 04:34:16] === 会话终止工具 ===
[2026-03-12 04:34:16] 阈值: > --forceh
[2026-03-12 04:34:16] 模式: 实际执行
[2026-03-12 04:34:16] 📊 扫描需要终止的会话...
[2026-03-12 04:34:16] ⚠️ 发现 11 个需要终止的会话
[2026-03-12 04:34:16] 🔧 开始终止会话...
[2026-03-12 04:34:16] 终止会话: 7fd53d0a-6701-4867-81f1-204b73720858 (12.0h)
[2026-03-12 04:34:16]   - 已备份到: /root/.openclaw/workspace/logs/terminated-sessions/7fd53d0a-6701-4867-81f1-204b73720858.jsonl.terminated.20260312-043416
[2026-03-12 04:34:16]   - ✅ 已终止
[2026-03-12 04:34:16] 终止会话: 5fe90906-f159-4ae0-bfc1-43b7e7749a1f (11.9h)
[2026-03-12 04:34:16]   - 已备份到: /root/.openclaw/workspace/logs/terminated-sessions/5fe90906-f159-4ae0-bfc1-43b7e7749a1f.jsonl.terminated.20260312-043416
[2026-03-12 04:34:16]   - ✅ 已终止
[2026-03-12 04:34:16] 终止会话: 4af31baf-1929-4fb7-83d5-1dbaf5193979 (11.8h)
[2026-03-12 04:34:16]   - 已备份到: /root/.openclaw/workspace/logs/terminated-sessions/4af31baf-1929-4fb7-83d5-1dbaf5193979.jsonl.terminated.20260312-043416
[2026-03-12 04:34:16]   - ✅ 已终止
[2026-03-12 04:34:16] 终止会话: 6d8574b3-087c-443f-94de-82a1f2a519b4 (11.5h)
[2026-03-12 04:34:16]   - 已备份到: /root/.openclaw/workspace/logs/terminated-sessions/6d8574b3-087c-443f-94de-82a1f2a519b4.jsonl.terminated.20260312-043416
[2026-03-12 04:34:16]   - ✅ 已终止
[2026-03-12 04:34:16] 终止会话: c3580ad9-37aa-4cff-ad23-b9d7571e4c04 (10.6h)
[2026-03-12 04:34:16]   - 已备份到: /root/.openclaw/workspace/logs/terminated-sessions/c3580ad9-37aa-4cff-ad23-b9d7571e4c04.jsonl.terminated.20260312-043416
[2026-03-12 04:34:16]   - ✅ 已终止
[2026-03-12 04:34:16] 终止会话: b8c0ffb8-9a08-4f6c-bf2f-5da0224f54bf (8.6h)
[2026-03-12 04:34:16]   - 已备份到: /root/.openclaw/workspace/logs/terminated-sessions/b8c0ffb8-9a08-4f6c-bf2f-5da0224f54bf.jsonl.terminated.20260312-043416
[2026-03-12 04:34:16]   - ✅ 已终止
[2026-03-12 04:34:16] 终止会话: 960e7665-b00c-4f4d-9c8c-5dba9a6b85e1 (8.5h)
[2026-03-12 04:34:16]   - 已备份到: /root/.openclaw/workspace/logs/terminated-sessions/960e7665-b00c-4f4d-9c8c-5dba9a6b85e1.jsonl.terminated.20260312-043416
[2026-03-12 04:34:16]   - ✅ 已终止
[2026-03-12 04:34:16] 终止会话: 690bfba9-90f4-4562-9997-d73b0f4dc282 (8.5h)
[2026-03-12 04:34:16]   - 已备份到: /root/.openclaw/workspace/logs/terminated-sessions/690bfba9-90f4-4562-9997-d73b0f4dc282.jsonl.terminated.20260312-043416
[2026-03-12 04:34:16]   - ✅ 已终止
[2026-03-12 04:34:16] 终止会话: 3830b0ed-e1c2-45cd-b7cb-948ace48304f (8.5h)
[2026-03-12 04:34:16]   - 已备份到: /root/.openclaw/workspace/logs/terminated-sessions/3830b0ed-e1c2-45cd-b7cb-948ace48304f.jsonl.terminated.20260312-043416
[2026-03-12 04:34:16]   - ✅ 已终止
[2026-03-12 04:34:16] 终止会话: 76d9d3c7-172b-45c8-9356-740df5db58d1 (8.4h)
[2026-03-12 04:34:16]   - 已备份到: /root/.openclaw/workspace/logs/terminated-sessions/76d9d3c7-172b-45c8-9356-740df5db58d1.jsonl.terminated.20260312-043416
[2026-03-12 04:34:16]   - ✅ 已终止
[2026-03-12 04:34:16] 终止会话: ac02db31-ad19-4d2d-814c-43f4d8e0f0a9 (8.1h)
[2026-03-12 04:34:16]   - 已备份到: /root/.openclaw/workspace/logs/terminated-sessions/ac02db31-ad19-4d2d-814c-43f4d8e0f0a9.jsonl.terminated.20260312-043416
[2026-03-12 04:34:16]   - ✅ 已终止
[2026-03-12 04:34:16] ✅ 终止完成: 0 个成功, 0 个失败
