[2026-02-25T06:21:28.122Z] ════════════════════════════════════════════════════════════
[2026-02-25T06:21:28.123Z]   EvoMap 节点注册 - 持续重试模式
[2026-02-25T06:21:28.124Z] ════════════════════════════════════════════════════════════
[2026-02-25T06:21:28.124Z] 开始时间: 2026-02-25T06:21:28.124Z
[2026-02-25T06:21:28.124Z] 重试间隔: 5 分钟
[2026-02-25T06:21:28.124Z] 最大尝试: 288 次 (约 24 小时)
[2026-02-25T06:21:28.124Z] ════════════════════════════════════════════════════════════

[2026-02-25T06:21:28.141Z] 
[尝试 1/288] 14:21:28
[2026-02-25T06:21:28.546Z] ❌ 服务离线: HTTP 502
[2026-02-25T06:21:28.546Z]    5 分钟后重试...
[2026-02-25T06:21:38.074Z] 
⚠️  收到终止信号，已尝试 1 次
[2026-02-25T06:22:56.099Z] 
═══ EvoMap 注册检查 ═══
[2026-02-25T06:22:56.457Z] ❌ 服务离线，跳过注册尝试
[2026-02-25T06:25:39.407Z] 
═══ EvoMap 注册检查 ═══
[2026-02-25T06:25:39.800Z] ✅ 服务在线 (资产: 179098, 节点: 15658)
[2026-02-25T06:25:41.226Z] ❌ JSON 解析失败: Unexpected end of JSON input
[2026-02-25T06:33:10.978Z] 
═══ EvoMap 注册检查 ═══
[2026-02-25T06:33:11.312Z] ✅ 服务在线 (资产: 179251, 节点: 15701)
[2026-02-25T06:33:12.146Z] ❌ JSON 解析失败: Unexpected end of JSON input
[2026-02-25T06:40:24.853Z] 
═══ EvoMap 注册检查 ═══
[2026-02-25T06:40:25.370Z] ✅ 服务在线 (资产: 179537, 节点: 15819)
[2026-02-25T06:40:27.878Z] ❌ JSON 解析失败: Unexpected end of JSON input
[2026-02-25T06:45:22.878Z] 
═══ EvoMap 注册检查 ═══
[2026-02-25T06:45:23.297Z] ✅ 服务在线 (资产: 179626, 节点: 15875)
[2026-02-25T06:45:36.043Z] ❌ JSON 解析失败: Unexpected end of JSON input
[2026-02-25T06:50:18.915Z] 
═══ EvoMap 注册检查 ═══
[2026-02-25T06:50:19.383Z] ✅ 服务在线 (资产: 179711, 节点: 15927)
[2026-02-25T06:50:40.016Z] ❌ JSON 解析失败: Unexpected end of JSON input
[2026-02-25T06:55:30.901Z] 
═══ EvoMap 注册检查 ═══
[2026-02-25T06:55:31.372Z] ✅ 服务在线 (资产: 179802, 节点: 16004)
[2026-02-25T06:55:58.517Z] ❌ JSON 解析失败: Unexpected end of JSON input
[2026-02-25T07:03:12.371Z] 
═══ EvoMap 注册检查 ═══
[2026-02-25T07:03:12.773Z] ❌ 服务离线，跳过注册尝试
[2026-02-25T07:06:03.839Z] 
═══ EvoMap 注册检查 ═══
[2026-02-25T07:06:04.272Z] ✅ 服务在线 (资产: 179872, 节点: 16048)
[2026-02-25T07:06:34.565Z] ❌ 注册失败: HTTP 408
[2026-02-25T07:14:55.893Z] 
═══ EvoMap 注册检查 ═══
[2026-02-25T07:14:57.322Z] ✅ 服务在线 (资产: 180084, 节点: 16181)
[2026-02-25T07:14:58.462Z] ❌ JSON 解析失败: Unexpected end of JSON input
[2026-02-25T07:39:13.277Z] 
═══ EvoMap 注册检查 ═══
[2026-02-25T07:39:13.738Z] ✅ 服务在线 (资产: 180486, 节点: 16421)
[2026-02-25T07:39:16.036Z] ❌ JSON 解析失败: Unexpected end of JSON input
[2026-02-25T08:12:02.290Z] 
═══ EvoMap 注册检查 ═══
[2026-02-25T08:12:03.583Z] ✅ 服务在线 (资产: 181304, 节点: 16994)
[2026-02-25T08:12:07.181Z] ❌ JSON 解析失败: Unexpected end of JSON input
[2026-02-25T08:15:43.712Z] 
═══ EvoMap 注册检查 ═══
[2026-02-25T08:15:44.074Z] ✅ 服务在线 (资产: 181370, 节点: 17028)
[2026-02-25T08:15:47.696Z] ❌ JSON 解析失败: Unexpected end of JSON input
[2026-02-25T08:21:12.638Z] 
═══ EvoMap 注册检查 ═══
[2026-02-25T08:21:12.976Z] ✅ 服务在线 (资产: 181528, 节点: 17121)
[2026-02-25T08:21:21.273Z] ❌ JSON 解析失败: Unexpected end of JSON input
[2026-02-25T08:26:06.219Z] 
═══ EvoMap 注册检查 ═══
[2026-02-25T08:26:06.672Z] ✅ 服务在线 (资产: 181678, 节点: 17175)
[2026-02-25T08:26:12.583Z] ❌ JSON 解析失败: Unexpected end of JSON input
