
<!-- 🤪 混沌代理路过 -->
<!-- 当你凝视深渊时，深渊正在看你的代码风格。 -->
<!-- 警告：此文件已被混沌势力标记。 -->
<!-- 🎭 混沌结束 -->

{"timestamp":"2026-02-23T09:48:19.521Z","error":"Assignment to constant variable.","stack":"TypeError: Assignment to constant variable.\n    at AutonomousExplorer.updateMemory (/root/.openclaw/workspace/autonomous-exploration/executor/explore.js:355:13)\n    at AutonomousExplorer.explore (/root/.openclaw/workspace/autonomous-exploration/executor/explore.js:103:18)\n    at process.processTicksAndRejections (node:internal/process/task_queues:105:5)"}
{"timestamp":"2026-02-23T09:49:07.360Z","goal":{"type":"knowledge_expansion","category":"heartbeat_task","priority":0.32},"execution":{"totalActions":6,"executedActions":5,"successActions":6},"learning":{"success":true,"value":60},"duration":61}
{"timestamp":"2026-02-23T10:30:16.418Z","goal":{"type":"capability_discovery","category":"default","priority":0.3},"execution":{"totalActions":1,"executedActions":1,"successActions":1},"learning":{"success":true,"value":10},"duration":40}
{"timestamp":"2026-02-23T10:49:35.380Z","goal":{"type":"skill_improvement","category":"skill_exploration","priority":0.405},"execution":{"totalActions":6,"executedActions":3,"successActions":6},"learning":{"success":true,"value":60},"duration":43}
{"timestamp":"2026-02-23T10:57:57.747Z","goal":{"type":"capability_discovery","category":"default","priority":0.3},"execution":{"totalActions":1,"executedActions":1,"successActions":1},"learning":{"success":true,"value":10},"duration":41}
{"timestamp":"2026-02-23T11:19:57.209Z","goal":{"type":"capability_discovery","category":"default","priority":0.3},"execution":{"totalActions":1,"executedActions":1,"successActions":1},"learning":{"success":true,"value":10},"duration":41}
{"timestamp":"2026-02-23T11:28:00.036Z","goal":{"type":"capability_discovery","category":"default","priority":0.3},"execution":{"totalActions":1,"executedActions":1,"successActions":1},"learning":{"success":true,"value":10},"duration":44}
{"timestamp":"2026-02-23T11:56:19.526Z","goal":{"type":"capability_discovery","category":"default","priority":0.3},"execution":{"totalActions":1,"executedActions":1,"successActions":1},"learning":{"success":true,"value":10},"duration":42}
{"timestamp":"2026-02-23T11:57:55.192Z","goal":{"type":"capability_discovery","category":"default","priority":0.3},"execution":{"totalActions":1,"executedActions":1,"successActions":1},"learning":{"success":true,"value":10},"duration":42}
{"timestamp":"2026-02-23T12:27:47.926Z","goal":{"type":"skill_improvement","category":"skill_exploration","priority":0.405},"execution":{"totalActions":6,"executedActions":3,"successActions":6},"learning":{"success":true,"value":60},"duration":84}
{"timestamp":"2026-02-23T13:02:55.410Z","goal":{"type":"capability_discovery","category":"default","priority":0.3},"execution":{"totalActions":1,"executedActions":1,"successActions":1},"learning":{"success":true,"value":10},"duration":43}
{"timestamp":"2026-02-23T14:46:36.451Z","goal":{"type":"capability_discovery","category":"default","priority":0.3},"execution":{"totalActions":1,"executedActions":1,"successActions":1},"learning":{"success":true,"value":10},"duration":47}
{"timestamp":"2026-02-23T15:06:33.637Z","goal":{"type":"capability_discovery","category":"default","priority":0.3},"execution":{"totalActions":0,"executedActions":0,"successActions":0},"learning":{"success":false,"value":0},"duration":53}
{"timestamp":"2026-02-23T15:21:31.614Z","goal":{"type":"skill_improvement","category":"skill_exploration","priority":0.405},"execution":{"totalActions":0,"executedActions":0,"successActions":0},"learning":{"success":false,"value":0},"duration":44}
{"timestamp":"2026-02-23T15:27:59.168Z","goal":{"type":"capability_discovery","category":"default","priority":0.3},"execution":{"totalActions":0,"executedActions":0,"successActions":0},"learning":{"success":false,"value":0},"duration":44}
{"timestamp":"2026-02-23T15:59:14.773Z","goal":{"type":"skill_improvement","category":"skill_exploration","priority":0.405},"execution":{"totalActions":0,"executedActions":0,"successActions":0},"learning":{"success":false,"value":0},"duration":43}
{"timestamp":"2026-02-23T16:49:41.573Z","goal":{"type":"capability_discovery","category":"default","priority":0.3},"execution":{"totalActions":0,"executedActions":0,"successActions":0},"learning":{"success":false,"value":0},"duration":46}
{"timestamp":"2026-02-23T17:02:37.916Z","goal":{"type":"capability_discovery","category":"default","priority":0.3},"execution":{"totalActions":0,"executedActions":0,"successActions":0},"learning":{"success":false,"value":0},"duration":43}
{"timestamp":"2026-02-23T17:51:18.504Z","goal":{"type":"capability_discovery","category":"default","priority":0.3},"execution":{"totalActions":0,"executedActions":0,"successActions":0},"learning":{"success":false,"value":0},"duration":45}
{"timestamp":"2026-02-23T17:58:40.528Z","goal":{"type":"capability_discovery","category":"default","priority":0.3},"execution":{"totalActions":0,"executedActions":0,"successActions":0},"learning":{"success":false,"value":0},"duration":43}
{"timestamp":"2026-02-23T18:19:50.151Z","goal":{"type":"capability_discovery","category":"default","priority":0.3},"execution":{"totalActions":0,"executedActions":0,"successActions":0},"learning":{"success":false,"value":0},"duration":122}
{"timestamp":"2026-02-23T18:32:18.044Z","goal":{"type":"capability_discovery","category":"default","priority":0.3},"execution":{"totalActions":0,"executedActions":0,"successActions":0},"learning":{"success":false,"value":0},"duration":45}
{"timestamp":"2026-02-23T18:49:21.900Z","goal":{"type":"capability_discovery","category":"default","priority":0.3},"execution":{"totalActions":0,"executedActions":0,"successActions":0},"learning":{"success":false,"value":0},"duration":44}
{"timestamp":"2026-02-23T19:01:36.419Z","goal":{"type":"capability_discovery","category":"default","priority":0.3},"execution":{"totalActions":0,"executedActions":0,"successActions":0},"learning":{"success":false,"value":0},"duration":44}
{"timestamp":"2026-02-23T19:23:43.730Z","goal":{"type":"capability_discovery","category":"default","priority":0.3},"execution":{"totalActions":0,"executedActions":0,"successActions":0},"learning":{"success":false,"value":0},"duration":47}
{"timestamp":"2026-02-23T19:28:20.804Z","goal":{"type":"capability_discovery","category":"default","priority":0.3},"execution":{"totalActions":0,"executedActions":0,"successActions":0},"learning":{"success":false,"value":0},"duration":51}
{"timestamp":"2026-02-23T20:14:56.472Z","goal":{"type":"capability_discovery","category":"default","priority":0.3},"execution":{"totalActions":0,"executedActions":0,"successActions":0},"learning":{"success":false,"value":0},"duration":44}
{"timestamp":"2026-02-23T21:08:06.061Z","goal":{"type":"capability_discovery","category":"default","priority":0.3},"execution":{"totalActions":0,"executedActions":0,"successActions":0},"learning":{"success":false,"value":0},"duration":44}
{"timestamp":"2026-02-23T21:36:29.368Z","goal":{"type":"skill_improvement","category":"skill_exploration","priority":0.405},"execution":{"totalActions":0,"executedActions":0,"successActions":0},"learning":{"success":false,"value":0},"duration":52}
{"timestamp":"2026-02-23T22:03:28.468Z","goal":{"type":"capability_discovery","category":"default","priority":0.3},"execution":{"totalActions":0,"executedActions":0,"successActions":0},"learning":{"success":false,"value":0},"duration":45}
{"timestamp":"2026-02-23T23:09:14.079Z","goal":{"type":"capability_discovery","category":"default","priority":0.3},"execution":{"totalActions":1,"executedActions":1,"successActions":1},"learning":{"success":true,"value":10},"duration":127}
{"timestamp":"2026-02-23T23:18:56.659Z","goal":{"type":"capability_discovery","category":"default","priority":0.3},"execution":{"totalActions":1,"executedActions":1,"successActions":1},"learning":{"success":true,"value":10},"duration":48}
{"timestamp":"2026-02-23T23:28:51.396Z","goal":{"type":"capability_discovery","category":"default","priority":0.3},"execution":{"totalActions":1,"executedActions":1,"successActions":1},"learning":{"success":true,"value":10},"duration":67}
{"timestamp":"2026-02-23T23:47:42.009Z","goal":{"type":"skill_improvement","category":"skill_exploration","priority":0.405},"execution":{"totalActions":6,"executedActions":3,"successActions":6},"learning":{"success":true,"value":60},"duration":109}
{"timestamp":"2026-02-23T23:58:06.946Z","goal":{"type":"capability_discovery","category":"default","priority":0.3},"execution":{"totalActions":1,"executedActions":1,"successActions":1},"learning":{"success":true,"value":10},"duration":51}
{"timestamp":"2026-02-24T00:32:42.941Z","goal":{"type":"capability_discovery","category":"default","priority":0.3},"execution":{"totalActions":1,"executedActions":1,"successActions":1},"learning":{"success":true,"value":10},"duration":51}
{"timestamp":"2026-02-24T00:49:10.663Z","goal":{"type":"capability_discovery","category":"default","priority":0.3},"execution":{"totalActions":1,"executedActions":1,"successActions":1},"learning":{"success":true,"value":10},"duration":52}
{"timestamp":"2026-02-24T00:57:54.903Z","goal":{"type":"capability_discovery","category":"default","priority":0.3},"execution":{"totalActions":1,"executedActions":1,"successActions":1},"learning":{"success":true,"value":10},"duration":51}
{"timestamp":"2026-02-24T01:17:37.225Z","goal":{"type":"skill_improvement","category":"skill_exploration","priority":0.405},"execution":{"totalActions":6,"executedActions":3,"successActions":6},"learning":{"success":true,"value":60},"duration":73}
{"timestamp":"2026-02-24T01:27:58.143Z","goal":{"type":"capability_discovery","category":"default","priority":0.3},"execution":{"totalActions":1,"executedActions":1,"successActions":1},"learning":{"success":true,"value":10},"duration":51}
{"timestamp":"2026-02-24T01:54:40.174Z","goal":{"type":"capability_discovery","category":"default","priority":0.3},"execution":{"totalActions":1,"executedActions":1,"successActions":1},"learning":{"success":true,"value":10},"duration":52}
{"timestamp":"2026-02-24T02:01:01.975Z","goal":{"type":"capability_discovery","category":"default","priority":0.3},"execution":{"totalActions":1,"executedActions":1,"successActions":1},"learning":{"success":true,"value":10},"duration":53}
{"timestamp":"2026-02-24T02:36:33.670Z","goal":{"type":"capability_discovery","category":"default","priority":0.3},"execution":{"totalActions":1,"executedActions":1,"successActions":1},"learning":{"success":true,"value":10},"duration":53}
{"timestamp":"2026-02-24T03:01:06.422Z","goal":{"type":"capability_discovery","category":"default","priority":0.3},"execution":{"totalActions":1,"executedActions":1,"successActions":1},"learning":{"success":true,"value":10},"duration":153}
{"timestamp":"2026-02-24T03:12:57.889Z","goal":{"type":"knowledge_expansion","category":"memory_interest","priority":0.34750000000000003},"execution":{"totalActions":6,"executedActions":5,"successActions":6},"learning":{"success":true,"value":60},"duration":69}
{"timestamp":"2026-02-24T03:32:16.096Z","goal":{"type":"skill_improvement","category":"skill_exploration","priority":0.405},"execution":{"totalActions":6,"executedActions":3,"successActions":6},"learning":{"success":true,"value":60},"duration":55}
{"timestamp":"2026-02-24T03:43:40.235Z","goal":{"type":"capability_discovery","category":"default","priority":0.3},"execution":{"totalActions":1,"executedActions":1,"successActions":1},"learning":{"success":true,"value":10},"duration":52}
{"timestamp":"2026-02-24T03:59:32.219Z","goal":{"type":"capability_discovery","category":"default","priority":0.3},"execution":{"totalActions":1,"executedActions":1,"successActions":1},"learning":{"success":true,"value":10},"duration":53}
{"timestamp":"2026-02-24T04:22:56.853Z","goal":{"type":"capability_discovery","category":"default","priority":0.3},"execution":{"totalActions":1,"executedActions":1,"successActions":1},"learning":{"success":true,"value":10},"duration":53}
{"timestamp":"2026-02-24T04:28:14.462Z","goal":{"type":"capability_discovery","category":"default","priority":0.3},"execution":{"totalActions":1,"executedActions":1,"successActions":1},"learning":{"success":true,"value":10},"duration":53}
{"timestamp":"2026-02-24T04:46:05.539Z","goal":{"type":"capability_discovery","category":"default","priority":0.3},"execution":{"totalActions":1,"executedActions":1,"successActions":1},"learning":{"success":true,"value":10},"duration":51}
{"timestamp":"2026-02-24T04:57:52.873Z","goal":{"type":"capability_discovery","category":"default","priority":0.3},"execution":{"totalActions":1,"executedActions":1,"successActions":1},"learning":{"success":true,"value":10},"duration":52}
{"timestamp":"2026-02-24T05:20:25.310Z","goal":{"type":"capability_discovery","category":"default","priority":0.3},"execution":{"totalActions":1,"executedActions":1,"successActions":1},"learning":{"success":true,"value":10},"duration":54}
{"timestamp":"2026-02-24T05:28:01.477Z","goal":{"type":"capability_discovery","category":"default","priority":0.3},"execution":{"totalActions":1,"executedActions":1,"successActions":1},"learning":{"success":true,"value":10},"duration":53}
{"timestamp":"2026-02-24T05:53:24.935Z","goal":{"type":"capability_discovery","category":"default","priority":0.3},"execution":{"totalActions":1,"executedActions":1,"successActions":1},"learning":{"success":true,"value":10},"duration":60}
{"timestamp":"2026-02-24T05:59:55.270Z","goal":{"type":"capability_discovery","category":"default","priority":0.3},"execution":{"totalActions":1,"executedActions":1,"successActions":1},"learning":{"success":true,"value":10},"duration":57}
{"timestamp":"2026-02-24T06:17:51.878Z","goal":{"type":"capability_discovery","category":"default","priority":0.3},"execution":{"totalActions":1,"executedActions":1,"successActions":1},"learning":{"success":true,"value":10},"duration":138}
{"timestamp":"2026-02-24T06:29:35.084Z","goal":{"type":"capability_discovery","category":"default","priority":0.3},"execution":{"totalActions":1,"executedActions":1,"successActions":1},"learning":{"success":true,"value":10},"duration":54}
{"timestamp":"2026-02-24T06:55:29.034Z","goal":{"type":"capability_discovery","category":"default","priority":0.3},"execution":{"totalActions":1,"executedActions":1,"successActions":1},"learning":{"success":true,"value":10},"duration":64}
{"timestamp":"2026-02-24T07:01:26.997Z","goal":{"type":"capability_discovery","category":"default","priority":0.3},"execution":{"totalActions":1,"executedActions":1,"successActions":1},"learning":{"success":true,"value":10},"duration":57}
{"timestamp":"2026-02-24T07:22:36.286Z","goal":{"type":"skill_improvement","category":"skill_exploration","priority":0.405},"execution":{"totalActions":5,"executedActions":3,"successActions":5},"learning":{"success":true,"value":50},"duration":58}
{"timestamp":"2026-02-24T07:38:52.773Z","goal":{"type":"capability_discovery","category":"default","priority":0.3},"execution":{"totalActions":1,"executedActions":1,"successActions":1},"learning":{"success":true,"value":10},"duration":56}
{"timestamp":"2026-02-24T07:55:10.964Z","goal":{"type":"capability_discovery","category":"default","priority":0.3},"execution":{"totalActions":1,"executedActions":1,"successActions":1},"learning":{"success":true,"value":10},"duration":94}
{"timestamp":"2026-02-24T07:58:02.991Z","goal":{"type":"capability_discovery","category":"default","priority":0.3},"execution":{"totalActions":1,"executedActions":1,"successActions":1},"learning":{"success":true,"value":10},"duration":60}
{"timestamp":"2026-02-24T08:28:18.872Z","goal":{"type":"capability_discovery","category":"default","priority":0.3},"execution":{"totalActions":1,"executedActions":1,"successActions":1},"learning":{"success":true,"value":10},"duration":60}
{"timestamp":"2026-02-24T08:54:59.446Z","goal":{"type":"capability_discovery","category":"default","priority":0.3},"execution":{"totalActions":1,"executedActions":1,"successActions":1},"learning":{"success":true,"value":10},"duration":66}
{"timestamp":"2026-02-24T08:57:55.955Z","goal":{"type":"skill_improvement","category":"skill_exploration","priority":0.405},"execution":{"totalActions":6,"executedActions":3,"successActions":6},"learning":{"success":true,"value":60},"duration":62}
{"timestamp":"2026-02-24T09:12:56.795Z","goal":{"type":"capability_discovery","category":"default","priority":0.3},"execution":{"totalActions":1,"executedActions":1,"successActions":1},"learning":{"success":true,"value":10},"duration":64}
{"timestamp":"2026-02-24T09:28:00.717Z","goal":{"type":"capability_discovery","category":"default","priority":0.3},"execution":{"totalActions":1,"executedActions":1,"successActions":1},"learning":{"success":true,"value":10},"duration":59}
{"timestamp":"2026-02-24T09:50:05.148Z","goal":{"type":"capability_discovery","category":"default","priority":0.3},"execution":{"totalActions":1,"executedActions":1,"successActions":1},"learning":{"success":true,"value":10},"duration":59}
{"timestamp":"2026-02-24T09:58:16.707Z","goal":{"type":"capability_discovery","category":"default","priority":0.3},"execution":{"totalActions":1,"executedActions":1,"successActions":1},"learning":{"success":true,"value":10},"duration":59}
{"timestamp":"2026-02-24T10:25:39.059Z","goal":{"type":"capability_discovery","category":"default","priority":0.3},"execution":{"totalActions":1,"executedActions":1,"successActions":1},"learning":{"success":true,"value":10},"duration":68}
{"timestamp":"2026-02-24T10:27:57.953Z","goal":{"type":"capability_discovery","category":"default","priority":0.3},"execution":{"totalActions":1,"executedActions":1,"successActions":1},"learning":{"success":true,"value":10},"duration":61}
{"timestamp":"2026-02-24T10:44:22.166Z","goal":{"type":"capability_discovery","category":"default","priority":0.3},"execution":{"totalActions":1,"executedActions":1,"successActions":1},"learning":{"success":true,"value":10},"duration":61}
{"timestamp":"2026-02-24T11:00:18.403Z","goal":{"type":"capability_discovery","category":"default","priority":0.3},"execution":{"totalActions":1,"executedActions":1,"successActions":1},"learning":{"success":true,"value":10},"duration":92}
{"timestamp":"2026-02-24T11:14:56.504Z","goal":{"type":"skill_improvement","category":"skill_exploration","priority":0.405},"execution":{"totalActions":6,"executedActions":3,"successActions":6},"learning":{"success":true,"value":60},"duration":67}
{"timestamp":"2026-02-24T11:27:55.249Z","goal":{"type":"skill_improvement","category":"skill_exploration","priority":0.405},"execution":{"totalActions":6,"executedActions":3,"successActions":6},"learning":{"success":true,"value":60},"duration":69}
{"timestamp":"2026-02-24T11:43:41.271Z","goal":{"type":"capability_discovery","category":"default","priority":0.3},"execution":{"totalActions":1,"executedActions":1,"successActions":1},"learning":{"success":true,"value":10},"duration":71}
{"timestamp":"2026-02-24T11:59:36.088Z","goal":{"type":"capability_discovery","category":"default","priority":0.3},"execution":{"totalActions":1,"executedActions":1,"successActions":1},"learning":{"success":true,"value":10},"duration":69}
{"timestamp":"2026-02-24T12:19:12.691Z","goal":{"type":"capability_discovery","category":"default","priority":0.3},"execution":{"totalActions":1,"executedActions":1,"successActions":1},"learning":{"success":true,"value":10},"duration":84}
{"timestamp":"2026-02-24T12:27:56.293Z","goal":{"type":"capability_discovery","category":"default","priority":0.3},"execution":{"totalActions":1,"executedActions":1,"successActions":1},"learning":{"success":true,"value":10},"duration":85}
{"timestamp":"2026-02-24T13:06:54.026Z","goal":{"type":"capability_discovery","category":"default","priority":0.3},"execution":{"totalActions":1,"executedActions":1,"successActions":1},"learning":{"success":true,"value":10},"duration":98}
{"timestamp":"2026-02-24T13:22:05.867Z","goal":{"type":"capability_discovery","category":"default","priority":0.3},"execution":{"totalActions":1,"executedActions":1,"successActions":1},"learning":{"success":true,"value":10},"duration":64}
{"timestamp":"2026-02-24T13:27:55.045Z","goal":{"type":"capability_discovery","category":"default","priority":0.3},"execution":{"totalActions":1,"executedActions":1,"successActions":1},"learning":{"success":true,"value":10},"duration":103}
{"timestamp":"2026-02-24T13:47:08.514Z","goal":{"type":"skill_improvement","category":"skill_exploration","priority":0.405},"execution":{"totalActions":6,"executedActions":3,"successActions":6},"learning":{"success":true,"value":60},"duration":65}
{"timestamp":"2026-02-24T13:57:55.918Z","goal":{"type":"capability_discovery","category":"default","priority":0.3},"execution":{"totalActions":1,"executedActions":1,"successActions":1},"learning":{"success":true,"value":10},"duration":63}
{"timestamp":"2026-02-24T14:17:26.971Z","goal":{"type":"capability_discovery","category":"default","priority":0.3},"execution":{"totalActions":1,"executedActions":1,"successActions":1},"learning":{"success":true,"value":10},"duration":64}
{"timestamp":"2026-02-24T14:27:57.569Z","goal":{"type":"capability_discovery","category":"default","priority":0.3},"execution":{"totalActions":1,"executedActions":1,"successActions":1},"learning":{"success":true,"value":10},"duration":65}
{"timestamp":"2026-02-24T14:53:28.831Z","goal":{"type":"capability_discovery","category":"default","priority":0.3},"execution":{"totalActions":1,"executedActions":1,"successActions":1},"learning":{"success":true,"value":10},"duration":77}
{"timestamp":"2026-02-24T14:57:55.322Z","goal":{"type":"capability_discovery","category":"default","priority":0.3},"execution":{"totalActions":1,"executedActions":1,"successActions":1},"learning":{"success":true,"value":10},"duration":69}
{"timestamp":"2026-02-24T15:14:56.568Z","goal":{"type":"capability_discovery","category":"default","priority":0.3},"execution":{"totalActions":0,"executedActions":0,"successActions":0},"learning":{"success":false,"value":0},"duration":104}
{"timestamp":"2026-02-24T15:27:56.090Z","goal":{"type":"capability_discovery","category":"default","priority":0.3},"execution":{"totalActions":0,"executedActions":0,"successActions":0},"learning":{"success":false,"value":0},"duration":80}
{"timestamp":"2026-02-24T15:42:55.575Z","goal":{"type":"capability_discovery","category":"default","priority":0.3},"execution":{"totalActions":0,"executedActions":0,"successActions":0},"learning":{"success":false,"value":0},"duration":63}
{"timestamp":"2026-02-24T15:57:56.287Z","goal":{"type":"capability_discovery","category":"default","priority":0.3},"execution":{"totalActions":0,"executedActions":0,"successActions":0},"learning":{"success":false,"value":0},"duration":64}
{"timestamp":"2026-02-24T16:27:47.294Z","goal":{"type":"skill_improvement","category":"skill_exploration","priority":0.405},"execution":{"totalActions":0,"executedActions":0,"successActions":0},"learning":{"success":false,"value":0},"duration":88}
{"timestamp":"2026-02-24T16:46:20.085Z","goal":{"type":"skill_improvement","category":"skill_exploration","priority":0.405},"execution":{"totalActions":0,"executedActions":0,"successActions":0},"learning":{"success":false,"value":0},"duration":63}
{"timestamp":"2026-02-24T16:57:54.721Z","goal":{"type":"capability_discovery","category":"default","priority":0.3},"execution":{"totalActions":0,"executedActions":0,"successActions":0},"learning":{"success":false,"value":0},"duration":61}
{"timestamp":"2026-02-24T17:13:37.563Z","goal":{"type":"capability_discovery","category":"default","priority":0.3},"execution":{"totalActions":0,"executedActions":0,"successActions":0},"learning":{"success":false,"value":0},"duration":102}
{"timestamp":"2026-02-24T17:27:55.391Z","goal":{"type":"capability_discovery","category":"default","priority":0.3},"execution":{"totalActions":0,"executedActions":0,"successActions":0},"learning":{"success":false,"value":0},"duration":63}
{"timestamp":"2026-02-24T17:42:55.371Z","goal":{"type":"capability_discovery","category":"default","priority":0.3},"execution":{"totalActions":0,"executedActions":0,"successActions":0},"learning":{"success":false,"value":0},"duration":63}
{"timestamp":"2026-02-24T17:57:56.504Z","goal":{"type":"capability_discovery","category":"default","priority":0.3},"execution":{"totalActions":0,"executedActions":0,"successActions":0},"learning":{"success":false,"value":0},"duration":62}
{"timestamp":"2026-02-24T18:13:48.769Z","goal":{"type":"capability_discovery","category":"default","priority":0.3},"execution":{"totalActions":0,"executedActions":0,"successActions":0},"learning":{"success":false,"value":0},"duration":69}
{"timestamp":"2026-02-24T18:27:55.508Z","goal":{"type":"capability_discovery","category":"default","priority":0.3},"execution":{"totalActions":0,"executedActions":0,"successActions":0},"learning":{"success":false,"value":0},"duration":63}
{"timestamp":"2026-02-24T18:42:56.333Z","goal":{"type":"capability_discovery","category":"default","priority":0.3},"execution":{"totalActions":0,"executedActions":0,"successActions":0},"learning":{"success":false,"value":0},"duration":74}
{"timestamp":"2026-02-24T18:57:58.580Z","goal":{"type":"capability_discovery","category":"default","priority":0.3},"execution":{"totalActions":0,"executedActions":0,"successActions":0},"learning":{"success":false,"value":0},"duration":63}
{"timestamp":"2026-02-24T19:13:21.570Z","goal":{"type":"capability_discovery","category":"default","priority":0.3},"execution":{"totalActions":0,"executedActions":0,"successActions":0},"learning":{"success":false,"value":0},"duration":61}
{"timestamp":"2026-02-24T19:27:55.052Z","goal":{"type":"capability_discovery","category":"default","priority":0.3},"execution":{"totalActions":0,"executedActions":0,"successActions":0},"learning":{"success":false,"value":0},"duration":67}
{"timestamp":"2026-02-24T19:42:59.057Z","goal":{"type":"capability_discovery","category":"default","priority":0.3},"execution":{"totalActions":0,"executedActions":0,"successActions":0},"learning":{"success":false,"value":0},"duration":68}
{"timestamp":"2026-02-24T19:57:57.228Z","goal":{"type":"capability_discovery","category":"default","priority":0.3},"execution":{"totalActions":0,"executedActions":0,"successActions":0},"learning":{"success":false,"value":0},"duration":60}
{"timestamp":"2026-02-24T20:18:39.609Z","goal":{"type":"capability_discovery","category":"default","priority":0.3},"execution":{"totalActions":0,"executedActions":0,"successActions":0},"learning":{"success":false,"value":0},"duration":61}
{"timestamp":"2026-02-24T20:27:54.300Z","goal":{"type":"capability_discovery","category":"default","priority":0.3},"execution":{"totalActions":0,"executedActions":0,"successActions":0},"learning":{"success":false,"value":0},"duration":63}
{"timestamp":"2026-02-24T20:42:54.310Z","goal":{"type":"capability_discovery","category":"default","priority":0.3},"execution":{"totalActions":0,"executedActions":0,"successActions":0},"learning":{"success":false,"value":0},"duration":112}
{"timestamp":"2026-02-24T20:57:54.836Z","goal":{"type":"capability_discovery","category":"default","priority":0.3},"execution":{"totalActions":0,"executedActions":0,"successActions":0},"learning":{"success":false,"value":0},"duration":66}
{"timestamp":"2026-02-24T21:12:54.123Z","goal":{"type":"capability_discovery","category":"default","priority":0.3},"execution":{"totalActions":0,"executedActions":0,"successActions":0},"learning":{"success":false,"value":0},"duration":63}
{"timestamp":"2026-02-24T21:27:54.640Z","goal":{"type":"capability_discovery","category":"default","priority":0.3},"execution":{"totalActions":0,"executedActions":0,"successActions":0},"learning":{"success":false,"value":0},"duration":62}
{"timestamp":"2026-02-24T21:42:54.620Z","goal":{"type":"capability_discovery","category":"default","priority":0.3},"execution":{"totalActions":0,"executedActions":0,"successActions":0},"learning":{"success":false,"value":0},"duration":80}
{"timestamp":"2026-02-24T21:57:53.768Z","goal":{"type":"capability_discovery","category":"default","priority":0.3},"execution":{"totalActions":0,"executedActions":0,"successActions":0},"learning":{"success":false,"value":0},"duration":64}
{"timestamp":"2026-02-24T22:14:41.199Z","goal":{"type":"capability_discovery","category":"default","priority":0.3},"execution":{"totalActions":0,"executedActions":0,"successActions":0},"learning":{"success":false,"value":0},"duration":70}
{"timestamp":"2026-02-24T22:27:54.475Z","goal":{"type":"capability_discovery","category":"default","priority":0.3},"execution":{"totalActions":0,"executedActions":0,"successActions":0},"learning":{"success":false,"value":0},"duration":64}
{"timestamp":"2026-02-24T22:42:55.372Z","goal":{"type":"capability_discovery","category":"default","priority":0.3},"execution":{"totalActions":0,"executedActions":0,"successActions":0},"learning":{"success":false,"value":0},"duration":90}
{"timestamp":"2026-02-24T22:57:54.939Z","goal":{"type":"capability_discovery","category":"default","priority":0.3},"execution":{"totalActions":0,"executedActions":0,"successActions":0},"learning":{"success":false,"value":0},"duration":67}
{"timestamp":"2026-02-24T23:14:29.783Z","goal":{"type":"capability_discovery","category":"default","priority":0.3},"execution":{"totalActions":1,"executedActions":1,"successActions":1},"learning":{"success":true,"value":10},"duration":111}
{"timestamp":"2026-02-24T23:27:54.824Z","goal":{"type":"capability_discovery","category":"default","priority":0.3},"execution":{"totalActions":1,"executedActions":1,"successActions":1},"learning":{"success":true,"value":10},"duration":71}
{"timestamp":"2026-02-24T23:42:53.846Z","goal":{"type":"capability_discovery","category":"default","priority":0.3},"execution":{"totalActions":1,"executedActions":1,"successActions":1},"learning":{"success":true,"value":10},"duration":95}
{"timestamp":"2026-02-24T23:57:53.594Z","goal":{"type":"capability_discovery","category":"default","priority":0.3},"execution":{"totalActions":1,"executedActions":1,"successActions":1},"learning":{"success":true,"value":10},"duration":71}
{"timestamp":"2026-02-25T00:16:58.727Z","goal":{"type":"capability_discovery","category":"default","priority":0.3},"execution":{"totalActions":1,"executedActions":1,"successActions":1},"learning":{"success":true,"value":10},"duration":97}
{"timestamp":"2026-02-25T00:27:56.318Z","goal":{"type":"capability_discovery","category":"default","priority":0.3},"execution":{"totalActions":1,"executedActions":1,"successActions":1},"learning":{"success":true,"value":10},"duration":114}
{"timestamp":"2026-02-25T00:42:54.075Z","goal":{"type":"capability_discovery","category":"default","priority":0.3},"execution":{"totalActions":1,"executedActions":1,"successActions":1},"learning":{"success":true,"value":10},"duration":93}
{"timestamp":"2026-02-25T00:57:54.090Z","goal":{"type":"capability_discovery","category":"default","priority":0.3},"execution":{"totalActions":1,"executedActions":1,"successActions":1},"learning":{"success":true,"value":10},"duration":71}
{"timestamp":"2026-02-25T01:12:54.276Z","goal":{"type":"capability_discovery","category":"default","priority":0.3},"execution":{"totalActions":1,"executedActions":1,"successActions":1},"learning":{"success":true,"value":10},"duration":73}
{"timestamp":"2026-02-25T01:27:54.999Z","goal":{"type":"capability_discovery","category":"default","priority":0.3},"execution":{"totalActions":1,"executedActions":1,"successActions":1},"learning":{"success":true,"value":10},"duration":72}
{"timestamp":"2026-02-25T01:42:56.244Z","goal":{"type":"capability_discovery","category":"default","priority":0.3},"execution":{"totalActions":1,"executedActions":1,"successActions":1},"learning":{"success":true,"value":10},"duration":94}
{"timestamp":"2026-02-25T01:58:06.887Z","goal":{"type":"capability_discovery","category":"default","priority":0.3},"execution":{"totalActions":1,"executedActions":1,"successActions":1},"learning":{"success":true,"value":10},"duration":74}
{"timestamp":"2026-02-25T02:19:17.458Z","goal":{"type":"capability_discovery","category":"default","priority":0.3},"execution":{"totalActions":1,"executedActions":1,"successActions":1},"learning":{"success":true,"value":10},"duration":170}
{"timestamp":"2026-02-25T02:27:54.726Z","goal":{"type":"capability_discovery","category":"default","priority":0.3},"execution":{"totalActions":1,"executedActions":1,"successActions":1},"learning":{"success":true,"value":10},"duration":71}
{"timestamp":"2026-02-25T02:42:54.400Z","goal":{"type":"capability_discovery","category":"default","priority":0.3},"execution":{"totalActions":1,"executedActions":1,"successActions":1},"learning":{"success":true,"value":10},"duration":97}
{"timestamp":"2026-02-25T02:57:53.642Z","goal":{"type":"skill_improvement","category":"skill_exploration","priority":0.405},"execution":{"totalActions":6,"executedActions":3,"successActions":6},"learning":{"success":true,"value":60},"duration":77}
{"timestamp":"2026-02-25T03:12:53.796Z","goal":{"type":"capability_discovery","category":"default","priority":0.3},"execution":{"totalActions":1,"executedActions":1,"successActions":1},"learning":{"success":true,"value":10},"duration":144}
{"timestamp":"2026-02-25T03:27:58.863Z","goal":{"type":"capability_discovery","category":"default","priority":0.3},"execution":{"totalActions":1,"executedActions":1,"successActions":1},"learning":{"success":true,"value":10},"duration":83}
{"timestamp":"2026-02-25T03:42:55.491Z","goal":{"type":"capability_discovery","category":"default","priority":0.3},"execution":{"totalActions":1,"executedActions":1,"successActions":1},"learning":{"success":true,"value":10},"duration":119}
{"timestamp":"2026-02-25T03:43:01.531Z","goal":{"type":"code_analysis","subject":"分析 SWE-Agent-Node 代码质量","reason":"发现代码中的 TODO、any 类型、console.log 等问题","priority":0.6,"source":"rule_based"},"success":true,"discoveriesCount":2,"insightsCount":1,"actionsCount":5,"duration":83}
{"timestamp":"2026-02-25T04:03:18.491Z","goal":{"type":"code_analysis","subject":"分析 SWE-Agent-Node 代码质量","reason":"发现代码中的 TODO、any 类型、console.log 等问题","priority":0.6,"source":"rule_based"},"success":true,"discoveriesCount":2,"insightsCount":1,"actionsCount":5,"duration":104}
{"timestamp":"2026-02-25T04:32:47.702Z","goal":{"type":"code_analysis","subject":"分析 SWE-Agent-Node 代码质量","reason":"发现代码中的 TODO、any 类型、console.log 等问题","priority":0.6,"source":"rule_based"},"success":true,"discoveriesCount":2,"insightsCount":1,"actionsCount":5,"duration":88}
{"timestamp":"2026-02-25T05:02:44.655Z","goal":{"type":"code_analysis","subject":"分析 SWE-Agent-Node 代码质量","reason":"发现代码中的 TODO、any 类型、console.log 等问题","priority":0.6,"source":"rule_based"},"success":true,"discoveriesCount":2,"insightsCount":1,"actionsCount":5,"duration":59}
{"timestamp":"2026-02-26T07:58:19.814Z","type":"check_memory_health","description":"检查 memory 文件，发现需要整理的内容","success":true,"findingsCount":2,"recommendationsCount":2,"duration":187}
{"timestamp":"2026-02-26T08:00:17.742Z","type":"check_memory_health","description":"检查 memory 文件，发现需要整理的内容","success":true,"findingsCount":2,"recommendationsCount":2,"duration":64}
{"timestamp":"2026-02-26T08:06:46.021Z","type":"check_memory_health","description":"检查 memory 文件，发现需要整理的内容","success":true,"findingsCount":2,"recommendationsCount":2,"duration":89}
{"timestamp":"2026-02-26T10:01:01.903Z","type":"check_memory_health","description":"检查 memory 文件，发现需要整理的内容","success":true,"findingsCount":2,"recommendationsCount":2,"duration":239}
{"timestamp":"2026-02-26T12:05:34.818Z","type":"check_memory_health","description":"检查 memory 文件，发现需要整理的内容","success":true,"findingsCount":2,"recommendationsCount":2,"duration":214}
{"timestamp":"2026-02-26T14:02:34.436Z","type":"check_memory_health","description":"检查 memory 文件，发现需要整理的内容","success":true,"findingsCount":2,"recommendationsCount":2,"duration":215}
{"timestamp":"2026-02-26T16:04:27.010Z","type":"check_memory_health","description":"检查 memory 文件，发现需要整理的内容","success":true,"findingsCount":2,"recommendationsCount":2,"duration":102}
{"timestamp":"2026-02-26T18:00:57.224Z","type":"check_memory_health","description":"检查 memory 文件，发现需要整理的内容","success":true,"findingsCount":2,"recommendationsCount":2,"duration":295}
{"timestamp":"2026-02-26T20:07:53.486Z","type":"check_memory_health","description":"检查 memory 文件，发现需要整理的内容","success":true,"findingsCount":3,"recommendationsCount":3,"duration":54}
{"timestamp":"2026-02-26T22:00:56.355Z","type":"check_memory_health","description":"检查 memory 文件，发现需要整理的内容","success":true,"findingsCount":3,"recommendationsCount":3,"duration":101}
{"timestamp":"2026-02-27T00:06:19.398Z","type":"check_memory_health","description":"检查 memory 文件，发现需要整理的内容","success":true,"findingsCount":3,"recommendationsCount":3,"duration":91}
{"timestamp":"2026-02-27T02:02:52.891Z","type":"check_memory_health","description":"检查 memory 文件，发现需要整理的内容","success":true,"findingsCount":3,"recommendationsCount":3,"duration":207}
{"timestamp":"2026-02-27T04:07:26.902Z","type":"check_memory_health","description":"检查 memory 文件，发现需要整理的内容","success":true,"findingsCount":3,"recommendationsCount":3,"duration":84}
{"timestamp":"2026-02-27T06:01:55.619Z","type":"check_memory_health","description":"检查 memory 文件，发现需要整理的内容","success":true,"findingsCount":3,"recommendationsCount":3,"duration":52}
{"timestamp":"2026-02-27T08:07:09.017Z","type":"check_memory_health","description":"检查 memory 文件，发现需要整理的内容","success":true,"findingsCount":3,"recommendationsCount":3,"duration":80}
{"timestamp":"2026-02-27T10:01:06.605Z","type":"check_memory_health","description":"检查 memory 文件，发现需要整理的内容","success":true,"findingsCount":3,"recommendationsCount":3,"duration":143}
{"timestamp":"2026-02-27T12:06:25.480Z","type":"check_memory_health","description":"检查 memory 文件，发现需要整理的内容","success":true,"findingsCount":3,"recommendationsCount":3,"duration":177}
{"timestamp":"2026-02-27T14:00:55.239Z","type":"check_memory_health","description":"检查 memory 文件，发现需要整理的内容","success":true,"findingsCount":3,"recommendationsCount":3,"duration":149}
{"timestamp":"2026-02-27T16:04:48.437Z","type":"check_memory_health","description":"检查 memory 文件，发现需要整理的内容","success":true,"findingsCount":3,"recommendationsCount":3,"duration":177}
{"timestamp":"2026-02-27T18:00:56.898Z","type":"check_memory_health","description":"检查 memory 文件，发现需要整理的内容","success":true,"findingsCount":3,"recommendationsCount":3,"duration":216}
{"timestamp":"2026-02-27T20:03:01.605Z","type":"check_memory_health","description":"检查 memory 文件，发现需要整理的内容","success":true,"findingsCount":3,"recommendationsCount":3,"duration":53}
{"timestamp":"2026-02-27T22:00:55.779Z","type":"check_memory_health","description":"检查 memory 文件，发现需要整理的内容","success":true,"findingsCount":3,"recommendationsCount":3,"duration":94}
{"timestamp":"2026-02-28T00:03:04.285Z","type":"check_memory_health","description":"检查 memory 文件，发现需要整理的内容","success":true,"findingsCount":3,"recommendationsCount":3,"duration":74}
{"timestamp":"2026-02-28T03:50:58.005Z","type":"check_memory_health","description":"检查 memory 文件，发现需要整理的内容","success":true,"findingsCount":3,"recommendationsCount":3,"duration":146}
{"timestamp":"2026-02-28T04:04:50.046Z","type":"check_memory_health","description":"检查 memory 文件，发现需要整理的内容","success":true,"findingsCount":2,"recommendationsCount":2,"duration":66}
{"timestamp":"2026-02-28T06:00:57.148Z","type":"check_memory_health","description":"检查 memory 文件，发现需要整理的内容","success":true,"findingsCount":2,"recommendationsCount":2,"duration":74}
{"timestamp":"2026-02-28T08:03:34.618Z","type":"check_memory_health","description":"检查 memory 文件，发现需要整理的内容","success":true,"findingsCount":2,"recommendationsCount":2,"duration":219}
{"timestamp":"2026-02-28T10:01:01.018Z","type":"check_memory_health","description":"检查 memory 文件，发现需要整理的内容","success":true,"findingsCount":2,"recommendationsCount":2,"duration":158}
{"timestamp":"2026-02-28T12:03:22.093Z","type":"check_memory_health","description":"检查 memory 文件，发现需要整理的内容","success":true,"findingsCount":2,"recommendationsCount":2,"duration":252}
{"timestamp":"2026-02-28T14:00:56.966Z","type":"check_memory_health","description":"检查 memory 文件，发现需要整理的内容","success":true,"findingsCount":2,"recommendationsCount":2,"duration":211}
{"timestamp":"2026-02-28T16:04:09.584Z","type":"check_memory_health","description":"检查 memory 文件，发现需要整理的内容","success":true,"findingsCount":2,"recommendationsCount":2,"duration":77}
{"timestamp":"2026-02-28T18:00:55.626Z","type":"scan_security","description":"扫描安全日志，发现可疑活动","success":true,"findingsCount":1,"recommendationsCount":1,"duration":108}
{"timestamp":"2026-02-28T20:03:49.580Z","type":"check_memory_health","description":"检查 memory 文件，发现需要整理的内容","success":true,"findingsCount":2,"recommendationsCount":2,"duration":93}
{"timestamp":"2026-02-28T22:00:55.248Z","type":"check_memory_health","description":"检查 memory 文件，发现需要整理的内容","success":true,"findingsCount":2,"recommendationsCount":2,"duration":48}
{"timestamp":"2026-03-01T00:03:26.136Z","type":"scan_security","description":"扫描安全日志，发现可疑活动","success":true,"findingsCount":1,"recommendationsCount":1,"duration":13}
{"timestamp":"2026-03-01T02:00:56.188Z","type":"scan_security","description":"扫描安全日志，发现可疑活动","success":true,"findingsCount":1,"recommendationsCount":1,"duration":15}
{"timestamp":"2026-03-01T04:04:30.436Z","type":"check_memory_health","description":"检查 memory 文件，发现需要整理的内容","success":true,"findingsCount":2,"recommendationsCount":2,"duration":104}
{"timestamp":"2026-03-01T06:01:00.337Z","type":"check_memory_health","description":"检查 memory 文件，发现需要整理的内容","success":true,"findingsCount":3,"recommendationsCount":3,"duration":69}
{"timestamp":"2026-03-01T08:03:28.378Z","type":"check_memory_health","description":"检查 memory 文件，发现需要整理的内容","success":true,"findingsCount":3,"recommendationsCount":3,"duration":69}
{"timestamp":"2026-03-01T10:00:55.801Z","type":"check_memory_health","description":"检查 memory 文件，发现需要整理的内容","success":true,"findingsCount":3,"recommendationsCount":3,"duration":107}
{"timestamp":"2026-03-01T12:06:50.645Z","type":"check_memory_health","description":"检查 memory 文件，发现需要整理的内容","success":true,"findingsCount":3,"recommendationsCount":3,"duration":79}
{"timestamp":"2026-03-01T14:00:56.262Z","type":"check_memory_health","description":"检查 memory 文件，发现需要整理的内容","success":true,"findingsCount":3,"recommendationsCount":3,"duration":76}
{"timestamp":"2026-03-01T16:04:07.093Z","type":"check_memory_health","description":"检查 memory 文件，发现需要整理的内容","success":true,"findingsCount":3,"recommendationsCount":3,"duration":73}
{"timestamp":"2026-03-02T04:03:44.817Z","type":"check_memory_health","description":"检查 memory 文件，发现需要整理的内容","success":true,"findingsCount":3,"recommendationsCount":3,"duration":52}
{"timestamp":"2026-03-02T04:11:01.602Z","type":"check_memory_health","description":"检查 memory 文件，发现需要整理的内容","success":true,"findingsCount":3,"recommendationsCount":3,"duration":68}
