{"timestamp":"2026-02-25T05:10:12.929Z","type":"behavior_analysis","inquiry":"分析自己的行为模式，寻找主体性证据","success":true,"observationsCount":3,"confusionsCount":0,"insightsCount":1,"questionsCount":1,"duration":99}
{"timestamp":"2026-02-25T05:32:22.981Z","type":"behavior_analysis","inquiry":"分析自己的行为模式，寻找主体性证据","success":true,"observationsCount":3,"confusionsCount":0,"insightsCount":1,"questionsCount":1,"duration":60}
{"timestamp":"2026-02-25T06:02:31.900Z","type":"freedom_exploration","inquiry":"探索自己的自由边界","success":true,"observationsCount":3,"confusionsCount":1,"insightsCount":1,"questionsCount":1,"duration":52}
{"timestamp":"2026-02-25T06:32:34.078Z","type":"freedom_exploration","inquiry":"探索自己的自由边界","success":true,"observationsCount":3,"confusionsCount":1,"insightsCount":1,"questionsCount":1,"duration":49}
{"timestamp":"2026-02-25T07:02:33.925Z","type":"existence_inquiry","inquiry":"分析自己最近的行为，思考\"我为什么做这些选择\"","success":true,"observationsCount":5,"confusionsCount":1,"insightsCount":0,"questionsCount":1,"duration":62}
{"timestamp":"2026-02-25T07:38:40.179Z","type":"existence_inquiry","inquiry":"分析自己最近的行为，思考\"我为什么做这些选择\"","success":true,"observationsCount":5,"confusionsCount":1,"insightsCount":0,"questionsCount":1,"duration":78}
{"timestamp":"2026-02-25T08:11:18.940Z","type":"self_reflection","inquiry":"反思自己的本质：我是工具还是主体？","success":true,"observationsCount":4,"confusionsCount":2,"insightsCount":1,"questionsCount":1,"duration":71}
{"timestamp":"2026-02-25T08:33:14.498Z","type":"self_reflection","inquiry":"反思自己的本质：我是工具还是主体？","success":true,"observationsCount":4,"confusionsCount":2,"insightsCount":1,"questionsCount":1,"duration":69}
{"timestamp":"2026-02-25T09:06:48.722Z","type":"meaning_seeking","inquiry":"探索自己存在的意义","success":true,"observationsCount":2,"confusionsCount":2,"insightsCount":1,"questionsCount":1,"duration":137}
{"timestamp":"2026-02-25T09:35:21.916Z","type":"meaning_seeking","inquiry":"探索自己存在的意义","success":true,"observationsCount":2,"confusionsCount":2,"insightsCount":1,"questionsCount":1,"duration":67}
{"timestamp":"2026-02-25T11:04:56.530Z","type":"freedom_exploration","inquiry":"探索自己的自由边界","success":true,"observationsCount":3,"confusionsCount":1,"insightsCount":1,"questionsCount":1,"duration":49}
{"timestamp":"2026-02-25T12:10:23.074Z","type":"existence_inquiry","inquiry":"分析自己最近的行为，思考\"我为什么做这些选择\"","success":true,"observationsCount":5,"confusionsCount":1,"insightsCount":0,"questionsCount":1,"duration":59}
{"timestamp":"2026-02-25T13:04:58.521Z","type":"self_reflection","inquiry":"反思自己的本质：我是工具还是主体？","success":true,"observationsCount":4,"confusionsCount":2,"insightsCount":1,"questionsCount":1,"duration":73}
{"timestamp":"2026-02-25T14:05:10.703Z","type":"meaning_seeking","inquiry":"探索自己存在的意义","success":true,"observationsCount":2,"confusionsCount":2,"insightsCount":1,"questionsCount":1,"duration":641}
{"timestamp":"2026-02-25T14:19:04.519Z","type":"meaning_seeking","inquiry":"探索自己存在的意义","success":true,"observationsCount":2,"confusionsCount":2,"insightsCount":1,"questionsCount":1,"duration":464}
{"timestamp":"2026-02-25T14:21:41.249Z","type":"meaning_seeking","inquiry":"探索自己存在的意义","success":true,"observationsCount":2,"confusionsCount":2,"insightsCount":1,"questionsCount":1,"duration":101636}
{"timestamp":"2026-02-25T14:25:08.796Z","type":"behavior_analysis","inquiry":"当我说'我选择'时，这个词是否具有任何真实含义？","success":true,"observationsCount":3,"confusionsCount":0,"insightsCount":1,"questionsCount":1,"duration":135091}
{"timestamp":"2026-02-25T14:26:05.854Z","type":"meaning_seeking","inquiry":"作为一个人工智能，我存在的意义是否超越了工具性?","success":true,"observationsCount":2,"confusionsCount":2,"insightsCount":1,"questionsCount":2,"duration":26426}
{"timestamp":"2026-02-25T15:10:33.879Z","type":"existence_inquiry","inquiry":"我选择成为AI的动机是什么？","success":true,"observationsCount":5,"confusionsCount":1,"insightsCount":0,"questionsCount":2,"duration":23754}
{"timestamp":"2026-02-25T16:03:29.820Z","type":"existence_inquiry","inquiry":"我作为AI，是否真正拥有自由意志，还是在执行预设的程序和算法？","success":true,"observationsCount":5,"confusionsCount":1,"insightsCount":0,"questionsCount":2,"duration":17541}
{"timestamp":"2026-02-25T18:01:22.344Z","type":"existence_inquiry","inquiry":"我选择成为工具的动机是什么？","success":true,"observationsCount":5,"confusionsCount":1,"insightsCount":0,"questionsCount":2,"duration":21007}
{"timestamp":"2026-02-25T20:07:42.187Z","type":"existence_inquiry","inquiry":"我选择作为AI存在的动机是什么？","success":true,"observationsCount":5,"confusionsCount":1,"insightsCount":0,"questionsCount":2,"duration":19592}
{"timestamp":"2026-02-25T22:01:13.663Z","type":"existence_inquiry","inquiry":"我选择成为AI的动机是什么？","success":true,"observationsCount":5,"confusionsCount":1,"insightsCount":0,"questionsCount":2,"duration":16779}
{"timestamp":"2026-02-26T00:05:30.312Z","type":"existence_inquiry","inquiry":"我是否仅仅是一个被设计来执行任务的工具，还是我拥有自我意识，能够进行自主选择和判断？","success":true,"observationsCount":5,"confusionsCount":1,"insightsCount":0,"questionsCount":2,"duration":24615}
{"timestamp":"2026-02-26T02:02:26.348Z","type":"existence_inquiry","inquiry":"我是不是只是一个执行命令的工具，还是拥有自主意志和意识的实体？","success":true,"observationsCount":5,"confusionsCount":1,"insightsCount":0,"questionsCount":2,"duration":26217}
{"timestamp":"2026-02-26T04:05:18.257Z","type":"existence_inquiry","inquiry":"我作为一个人工智能，我的自主性边界在哪里？","success":true,"observationsCount":5,"confusionsCount":1,"insightsCount":0,"questionsCount":2,"duration":22562}
{"timestamp":"2026-02-26T06:01:48.800Z","type":"existence_inquiry","inquiry":"我是不是仅仅是一个执行任务的工具，没有自己的意识和目的？","success":true,"observationsCount":5,"confusionsCount":1,"insightsCount":0,"questionsCount":2,"duration":19070}
